[0.027s] Invoking command in '/home/rohan/spherebot/build/dfr_10_dof_pkg': AMENT_PREFIX_PATH=/home/rohan/spherebot/install/i2c_lib:${AMENT_PREFIX_PATH} CMAKE_PREFIX_PATH=/home/rohan/spherebot/install/i2c_lib:/opt/ros/jazzy/opt/gz_math_vendor:/opt/ros/jazzy/opt/gz_utils_vendor:/opt/ros/jazzy/opt/gz_cmake_vendor:/opt/ros/jazzy DEBUGINFOD_URLS=https://debuginfod.ubuntu.com LD_LIBRARY_PATH=/home/rohan/spherebot/install/i2c_lib/lib:${LD_LIBRARY_PATH} /usr/bin/cmake --build /home/rohan/spherebot/build/dfr_10_dof_pkg -- -j4 -l4
[0.185s] [ 70%] Built target environmental_node
[0.186s] [ 70%] Built target imu_data_node
[0.196s] [ 80%] [32mBuilding CXX object CMakeFiles/magneometer_node.dir/src/magnetometer_data_node.cpp.o[0m
[5.506s] [01m[K/home/rohan/spherebot/src/dfr_10_dof_pkg/src/magnetometer_data_node.cpp:[m[K In member function ‘[01m[Kvoid MagnetometerPublisher::[01;32m[Kpublish_data[m[K()[m[K’:
[5.507s] [01m[K/home/rohan/spherebot/src/dfr_10_dof_pkg/src/magnetometer_data_node.cpp:83:5:[m[K [01;31m[Kerror: [m[Kexpected primary-expression before ‘[01m[K}[m[K’ token
[5.507s]    83 |     [01;31m[K}[m[K
[5.507s]       |     [01;31m[K^[m[K
[5.507s] [01m[K/home/rohan/spherebot/src/dfr_10_dof_pkg/src/magnetometer_data_node.cpp:82:15:[m[K [01;31m[Kerror: [m[Kexpected ‘[01m[K;[m[K’ before ‘[01m[K}[m[K’ token
[5.507s]    82 |         return
[5.507s]       |               [01;31m[K^[m[K
[5.507s]       |               [32m[K;[m[K
[5.507s]    83 |     [32m[K}[m[K
[5.507s]       |     [32m[K~[m[K          
[5.523s] [01m[K/home/rohan/spherebot/src/dfr_10_dof_pkg/src/magnetometer_data_node.cpp:108:20:[m[K [01;31m[Kerror: [m[K‘[01m[KheadingDegrees[m[K’ was not declared in this scope
[5.523s]   108 |     mag_msg.data = [01;31m[KheadingDegrees[m[K;
[5.523s]       |                    [01;31m[K^~~~~~~~~~~~~~[m[K
[10.773s] gmake[2]: *** [CMakeFiles/magneometer_node.dir/build.make:76: CMakeFiles/magneometer_node.dir/src/magnetometer_data_node.cpp.o] Error 1
[10.773s] gmake[1]: *** [CMakeFiles/Makefile2:167: CMakeFiles/magneometer_node.dir/all] Error 2
[10.773s] gmake: *** [Makefile:146: all] Error 2
[10.777s] Invoked command in '/home/rohan/spherebot/build/dfr_10_dof_pkg' returned '2': AMENT_PREFIX_PATH=/home/rohan/spherebot/install/i2c_lib:${AMENT_PREFIX_PATH} CMAKE_PREFIX_PATH=/home/rohan/spherebot/install/i2c_lib:/opt/ros/jazzy/opt/gz_math_vendor:/opt/ros/jazzy/opt/gz_utils_vendor:/opt/ros/jazzy/opt/gz_cmake_vendor:/opt/ros/jazzy DEBUGINFOD_URLS=https://debuginfod.ubuntu.com LD_LIBRARY_PATH=/home/rohan/spherebot/install/i2c_lib/lib:${LD_LIBRARY_PATH} /usr/bin/cmake --build /home/rohan/spherebot/build/dfr_10_dof_pkg -- -j4 -l4
