[0.024s] Invoking command in '/home/rohan/spherebot/build/gps_read_cpp': AMENT_PREFIX_PATH=/home/rohan/spherebot/install/control_lib:/home/rohan/spherebot/install/i2c_lib:${AMENT_PREFIX_PATH} CMAKE_PREFIX_PATH=/home/rohan/spherebot/install/control_lib:/home/rohan/spherebot/install/i2c_lib:/opt/ros/jazzy/opt/gz_math_vendor:/opt/ros/jazzy/opt/gz_utils_vendor:/opt/ros/jazzy/opt/gz_cmake_vendor:/opt/ros/jazzy DEBUGINFOD_URLS=https://debuginfod.ubuntu.com LD_LIBRARY_PATH=/home/rohan/spherebot/install/control_lib/lib:/home/rohan/spherebot/install/i2c_lib/lib:${LD_LIBRARY_PATH} /usr/bin/cmake --build /home/rohan/spherebot/build/gps_read_cpp -- -j4 -l4
[0.068s] -- Found ament_cmake: 2.5.2 (/opt/ros/jazzy/share/ament_cmake/cmake)
[0.409s] -- Found rclcpp: 28.1.3 (/opt/ros/jazzy/share/rclcpp/cmake)
[0.485s] -- Found rosidl_generator_c: 4.6.3 (/opt/ros/jazzy/share/rosidl_generator_c/cmake)
[0.509s] -- Found rosidl_generator_cpp: 4.6.3 (/opt/ros/jazzy/share/rosidl_generator_cpp/cmake)
[0.525s] -- Using all available rosidl_typesupport_c: rosidl_typesupport_fastrtps_c;rosidl_typesupport_introspection_c
[0.544s] -- Using all available rosidl_typesupport_cpp: rosidl_typesupport_fastrtps_cpp;rosidl_typesupport_introspection_cpp
[0.640s] -- Found rmw_implementation_cmake: 7.3.1 (/opt/ros/jazzy/share/rmw_implementation_cmake/cmake)
[0.644s] -- Found rmw_fastrtps_cpp: 8.4.1 (/opt/ros/jazzy/share/rmw_fastrtps_cpp/cmake)
[0.781s] -- Using RMW implementation 'rmw_fastrtps_cpp' as default
[0.860s] -- Found sensor_msgs: 5.3.5 (/opt/ros/jazzy/share/sensor_msgs/cmake)
[0.989s] -- Found i2c_lib: 0.0.1 (/home/rohan/spherebot/install/i2c_lib/share/i2c_lib/cmake)
[0.991s] -- Found control_lib: 0.0.0 (/home/rohan/spherebot/install/control_lib/share/control_lib/cmake)
[1.160s] -- Configuring done (1.1s)
[1.196s] -- Generating done (0.0s)
[1.206s] -- Build files have been written to: /home/rohan/spherebot/build/gps_read_cpp
[1.291s] [ 66%] [32mBuilding CXX object CMakeFiles/gps_read.dir/src/gps_read.cpp.o[0m
[1.291s] [ 66%] [32mBuilding CXX object CMakeFiles/gps_read.dir/src/TinyGPS++.cpp.o[0m
[6.108s] [01m[K/home/rohan/spherebot/src/gps_read_cpp/src/gps_read.cpp:[m[K In member function ‘[01m[Kvoid GPSread::[01;32m[Kpublish_data[m[K()[m[K’:
[6.108s] [01m[K/home/rohan/spherebot/src/gps_read_cpp/src/gps_read.cpp:52:8:[m[K [01;31m[Kerror: [m[Kconflicting declaration ‘[01m[Kauto msg[m[K’
[6.108s]    52 |   auto [01;31m[Kmsg[m[K = sensor_msgs::msg::NavSatFix();
[6.109s]       |        [01;31m[K^~~[m[K
[6.109s] [01m[K/home/rohan/spherebot/src/gps_read_cpp/src/gps_read.cpp:49:8:[m[K [01;36m[Knote: [m[Kprevious declaration as ‘[01m[Kgeometry_msgs::msg::Point_<std::allocator<void> > msg[m[K’
[6.109s]    49 |   auto [01;36m[Kmsg[m[K = geometry_msgs::msg::Point();
[6.109s]       |        [01;36m[K^~~[m[K
[6.109s] [01m[K/home/rohan/spherebot/src/gps_read_cpp/src/gps_read.cpp:53:7:[m[K [01;31m[Kerror: [m[K‘[01m[Kstruct geometry_msgs::msg::Point_<std::allocator<void> >[m[K’ has no member named ‘[01m[Kheader[m[K’
[6.109s]    53 |   msg.[01;31m[Kheader[m[K.stamp = this->get_clock()->now();
[6.109s]       |       [01;31m[K^~~~~~[m[K
[6.109s] [01m[K/home/rohan/spherebot/src/gps_read_cpp/src/gps_read.cpp:54:7:[m[K [01;31m[Kerror: [m[K‘[01m[Kstruct geometry_msgs::msg::Point_<std::allocator<void> >[m[K’ has no member named ‘[01m[Kheader[m[K’
[6.109s]    54 |   msg.[01;31m[Kheader[m[K.frame_id = "gps_frame";
[6.109s]       |       [01;31m[K^~~~~~[m[K
[6.110s] [01m[K/home/rohan/spherebot/src/gps_read_cpp/src/gps_read.cpp:57:9:[m[K [01;31m[Kerror: [m[K‘[01m[Kstruct geometry_msgs::msg::Point_<std::allocator<void> >[m[K’ has no member named ‘[01m[Kstatus[m[K’
[6.110s]    57 |     msg.[01;31m[Kstatus[m[K.status = sensor_msgs::msg::NavSatStatus::STATUS_FIX;
[6.110s]       |         [01;31m[K^~~~~~[m[K
[6.110s] [01m[K/home/rohan/spherebot/src/gps_read_cpp/src/gps_read.cpp:59:9:[m[K [01;31m[Kerror: [m[K‘[01m[Kstruct geometry_msgs::msg::Point_<std::allocator<void> >[m[K’ has no member named ‘[01m[Kstatus[m[K’
[6.110s]    59 |     msg.[01;31m[Kstatus[m[K.status = sensor_msgs::msg::NavSatStatus::STATUS_NO_FIX;
[6.110s]       |         [01;31m[K^~~~~~[m[K
[6.110s] [01m[K/home/rohan/spherebot/src/gps_read_cpp/src/gps_read.cpp:61:7:[m[K [01;31m[Kerror: [m[K‘[01m[Kstruct geometry_msgs::msg::Point_<std::allocator<void> >[m[K’ has no member named ‘[01m[Kstatus[m[K’
[6.110s]    61 |   msg.[01;31m[Kstatus[m[K.service = sensor_msgs::msg::NavSatStatus::SERVICE_GPS;
[6.110s]       |       [01;31m[K^~~~~~[m[K
[6.110s] [01m[K/home/rohan/spherebot/src/gps_read_cpp/src/gps_read.cpp:70:7:[m[K [01;31m[Kerror: [m[K‘[01m[Kstruct geometry_msgs::msg::Point_<std::allocator<void> >[m[K’ has no member named ‘[01m[Klatitude[m[K’
[6.110s]    70 |   msg.[01;31m[Klatitude[m[K = _lat;
[6.110s]       |       [01;31m[K^~~~~~~~[m[K
[6.111s] [01m[K/home/rohan/spherebot/src/gps_read_cpp/src/gps_read.cpp:71:7:[m[K [01;31m[Kerror: [m[K‘[01m[Kstruct geometry_msgs::msg::Point_<std::allocator<void> >[m[K’ has no member named ‘[01m[Klongitude[m[K’
[6.111s]    71 |   msg.[01;31m[Klongitude[m[K = _long;
[6.111s]       |       [01;31m[K^~~~~~~~~[m[K
[6.111s] [01m[K/home/rohan/spherebot/src/gps_read_cpp/src/gps_read.cpp:72:7:[m[K [01;31m[Kerror: [m[K‘[01m[Kstruct geometry_msgs::msg::Point_<std::allocator<void> >[m[K’ has no member named ‘[01m[Kaltitude[m[K’
[6.111s]    72 |   msg.[01;31m[Kaltitude[m[K = _alt;
[6.111s]       |       [01;31m[K^~~~~~~~[m[K
[6.111s] [01m[K/home/rohan/spherebot/src/gps_read_cpp/src/gps_read.cpp:75:7:[m[K [01;31m[Kerror: [m[K‘[01m[Kstruct geometry_msgs::msg::Point_<std::allocator<void> >[m[K’ has no member named ‘[01m[Kposition_covariance[m[K’
[6.111s]    75 |   msg.[01;31m[Kposition_covariance[m[K[0] = 0.0;
[6.112s]       |       [01;31m[K^~~~~~~~~~~~~~~~~~~[m[K
[6.112s] [01m[K/home/rohan/spherebot/src/gps_read_cpp/src/gps_read.cpp:76:7:[m[K [01;31m[Kerror: [m[K‘[01m[Kstruct geometry_msgs::msg::Point_<std::allocator<void> >[m[K’ has no member named ‘[01m[Kposition_covariance[m[K’
[6.112s]    76 |   msg.[01;31m[Kposition_covariance[m[K[4] = 0.0;
[6.112s]       |       [01;31m[K^~~~~~~~~~~~~~~~~~~[m[K
[6.112s] [01m[K/home/rohan/spherebot/src/gps_read_cpp/src/gps_read.cpp:77:7:[m[K [01;31m[Kerror: [m[K‘[01m[Kstruct geometry_msgs::msg::Point_<std::allocator<void> >[m[K’ has no member named ‘[01m[Kposition_covariance[m[K’
[6.112s]    77 |   msg.[01;31m[Kposition_covariance[m[K[8] = 0.0;
[6.112s]       |       [01;31m[K^~~~~~~~~~~~~~~~~~~[m[K
[6.112s] [01m[K/home/rohan/spherebot/src/gps_read_cpp/src/gps_read.cpp:78:7:[m[K [01;31m[Kerror: [m[K‘[01m[Kstruct geometry_msgs::msg::Point_<std::allocator<void> >[m[K’ has no member named ‘[01m[Kposition_covariance_type[m[K’
[6.112s]    78 |   msg.[01;31m[Kposition_covariance_type[m[K = sensor_msgs::msg::NavSatFix::COVARIANCE_TYPE_UNKNOWN;
[6.112s]       |       [01;31m[K^~~~~~~~~~~~~~~~~~~~~~~~[m[K
[6.112s] [01m[K/home/rohan/spherebot/src/gps_read_cpp/src/gps_read.cpp:81:22:[m[K [01;31m[Kerror: [m[K‘[01m[Kstruct geometry_msgs::msg::Point_<std::allocator<void> >[m[K’ has no member named ‘[01m[Kstatus[m[K’
[6.112s]    81 |   if (!init_ &&  msg.[01;31m[Kstatus[m[K.status == sensor_msgs::msg::NavSatStatus::STATUS_FIX) {
[6.113s]       |                      [01;31m[K^~~~~~[m[K
[6.113s] [01m[K/home/rohan/spherebot/src/gps_read_cpp/src/gps_read.cpp:82:61:[m[K [01;31m[Kerror: [m[Kexpected ‘[01m[K;[m[K’ before ‘[01m[Kinit_[m[K’
[6.113s]    82 |     _geodeticConverter.setReferenceOrigin(_lat, _long, _alt)
[6.113s]       |                                                             [01;31m[K^[m[K
[6.113s]       |                                                             [32m[K;[m[K
[6.113s]    83 |     [32m[Kinit_[m[K = true;
[6.113s]       |     [32m[K~~~~~[m[K                                                    
[6.122s] [01m[K/home/rohan/spherebot/src/gps_read_cpp/src/gps_read.cpp:84:5:[m[K [01;31m[Kerror: [m[K‘[01m[Kcoords_msg[m[K’ was not declared in this scope
[6.122s]    84 |     [01;31m[Kcoords_msg[m[K.x = 0.0;
[6.122s]       |     [01;31m[K^~~~~~~~~~[m[K
[6.134s] [01m[K/home/rohan/spherebot/src/gps_read_cpp/src/gps_read.cpp:91:5:[m[K [01;31m[Kerror: [m[K‘[01m[Kcoords_msg[m[K’ was not declared in this scope; did you mean ‘[01m[Kcoords[m[K’?
[6.134s]    91 |     [01;31m[Kcoords_msg[m[K.x = coords.east;
[6.134s]       |     [01;31m[K^~~~~~~~~~[m[K
[6.134s]       |     [32m[Kcoords[m[K
[6.134s] [01m[K/home/rohan/spherebot/src/gps_read_cpp/src/gps_read.cpp:97:26:[m[K [01;31m[Kerror: [m[Kno matching function for call to ‘[01m[Krclcpp::Publisher<sensor_msgs::msg::NavSatFix_<std::allocator<void> > >::publish(geometry_msgs::msg::Point_<std::allocator<void> >&)[m[K’
[6.134s]    97 |   [01;31m[Kgps_publisher_->publish(msg)[m[K;
[6.135s]       |   [01;31m[K~~~~~~~~~~~~~~~~~~~~~~~^~~~~[m[K
[6.135s] In file included from [01m[K/opt/ros/jazzy/include/rclcpp/rclcpp/topic_statistics/subscription_topic_statistics.hpp:31[m[K,
[6.135s]                  from [01m[K/opt/ros/jazzy/include/rclcpp/rclcpp/subscription.hpp:50[m[K,
[6.135s]                  from [01m[K/opt/ros/jazzy/include/rclcpp/rclcpp/any_executable.hpp:25[m[K,
[6.135s]                  from [01m[K/opt/ros/jazzy/include/rclcpp/rclcpp/memory_strategy.hpp:25[m[K,
[6.135s]                  from [01m[K/opt/ros/jazzy/include/rclcpp/rclcpp/memory_strategies.hpp:18[m[K,
[6.135s]                  from [01m[K/opt/ros/jazzy/include/rclcpp/rclcpp/executor_options.hpp:22[m[K,
[6.136s]                  from [01m[K/opt/ros/jazzy/include/rclcpp/rclcpp/executor.hpp:38[m[K,
[6.136s]                  from [01m[K/opt/ros/jazzy/include/rclcpp/rclcpp/executors/multi_threaded_executor.hpp:25[m[K,
[6.136s]                  from [01m[K/opt/ros/jazzy/include/rclcpp/rclcpp/executors.hpp:21[m[K,
[6.136s]                  from [01m[K/opt/ros/jazzy/include/rclcpp/rclcpp/rclcpp.hpp:172[m[K,
[6.136s]                  from [01m[K/home/rohan/spherebot/src/gps_read_cpp/src/../include/gps_read_cpp/gps_read.h:10[m[K,
[6.136s]                  from [01m[K/home/rohan/spherebot/src/gps_read_cpp/src/gps_read.cpp:1[m[K:
[6.136s] [01m[K/opt/ros/jazzy/include/rclcpp/rclcpp/publisher.hpp:239:3:[m[K [01;36m[Knote: [m[Kcandidate: ‘[01m[Ktemplate<class T> std::enable_if_t<(rosidl_generator_traits::is_message<T>::value && std::is_same<T, typename rclcpp::TypeAdapter<MessageT>::ros_message_type>::value)> rclcpp::Publisher<MessageT, AllocatorT>::[01;32m[Kpublish[m[K(std::unique_ptr<T, typename std::conditional<std::is_same<typename std::allocator_traits<typename std::allocator_traits<_Allocator>::rebind_traits<typename rclcpp::TypeAdapter<MessageT, void, void>::ros_message_type>::allocator_type>::rebind_alloc<typename rclcpp::TypeAdapter<MessageT, void, void>::ros_message_type>, std::allocator<typename rclcpp::TypeAdapter<MessageT>::ros_message_type> >::value, std::default_delete<typename rclcpp::TypeAdapter<MessageT>::ros_message_type>, rclcpp::allocator::AllocatorDeleter<typename std::allocator_traits<_Allocator>::rebind_traits<typename rclcpp::TypeAdapter<MessageT, void, void>::ros_message_type>::allocator_type> >::type>) [35m[K[with MessageT = sensor_msgs::msg::NavSatFix_<std::allocator<void> >; AllocatorT = std::allocator<void>][m[K[m[K’
[6.136s]   239 |   [01;36m[Kpublish[m[K(std::unique_ptr<T, ROSMessageTypeDeleter> msg)
[6.136s]       |   [01;36m[K^~~~~~~[m[K
[6.136s] [01m[K/opt/ros/jazzy/include/rclcpp/rclcpp/publisher.hpp:239:3:[m[K [01;36m[Knote: [m[K  template argument deduction/substitution failed:
[6.136s] [01m[K/home/rohan/spherebot/src/gps_read_cpp/src/gps_read.cpp:97:26:[m[K [01;36m[Knote: [m[K  ‘[01m[Kgeometry_msgs::msg::Point_<std::allocator<void> >[m[K’ is not derived from ‘[01m[Kstd::unique_ptr<T, std::default_delete<sensor_msgs::msg::NavSatFix_<std::allocator<void> > > >[m[K’
[6.137s]    97 |   [01;36m[Kgps_publisher_->publish(msg)[m[K;
[6.137s]       |   [01;36m[K~~~~~~~~~~~~~~~~~~~~~~~^~~~~[m[K
[6.137s] [01m[K/opt/ros/jazzy/include/rclcpp/rclcpp/publisher.hpp:289:3:[m[K [01;36m[Knote: [m[Kcandidate: ‘[01m[Ktemplate<class T> std::enable_if_t<(rosidl_generator_traits::is_message<T>::value && std::is_same<T, typename rclcpp::TypeAdapter<MessageT>::ros_message_type>::value)> rclcpp::Publisher<MessageT, AllocatorT>::[01;32m[Kpublish[m[K(const T&) [35m[K[with MessageT = sensor_msgs::msg::NavSatFix_<std::allocator<void> >; AllocatorT = std::allocator<void>][m[K[m[K’
[6.137s]   289 |   [01;36m[Kpublish[m[K(const T & msg)
[6.137s]       |   [01;36m[K^~~~~~~[m[K
[6.137s] [01m[K/opt/ros/jazzy/include/rclcpp/rclcpp/publisher.hpp:289:3:[m[K [01;36m[Knote: [m[K  template argument deduction/substitution failed:
[6.137s] In file included from [01m[K/usr/include/c++/13/ratio:39[m[K,
[6.137s]                  from [01m[K/usr/include/c++/13/bits/chrono.h:37[m[K,
[6.137s]                  from [01m[K/usr/include/c++/13/chrono:41[m[K,
[6.137s]                  from [01m[K/home/rohan/spherebot/src/gps_read_cpp/src/../include/gps_read_cpp/TinyGPS++.h:31[m[K,
[6.137s]                  from [01m[K/home/rohan/spherebot/src/gps_read_cpp/src/../include/gps_read_cpp/gps_read.h:4[m[K:
[6.137s] /usr/include/c++/13/type_traits: In substitution of ‘[01m[Ktemplate<bool _Cond, class _Tp> using std::enable_if_t = typename std::enable_if::type [35m[K[with bool _Cond = false; _Tp = void][m[K[m[K’:
[6.138s] [01m[K/opt/ros/jazzy/include/rclcpp/rclcpp/publisher.hpp:289:3:[m[K   required by substitution of ‘[01m[Ktemplate<class T> std::enable_if_t<(rosidl_generator_traits::is_message<T>::value && std::is_same<T, sensor_msgs::msg::NavSatFix_<std::allocator<void> > >::value), void> rclcpp::Publisher<sensor_msgs::msg::NavSatFix_<std::allocator<void> > >::[01;32m[Kpublish[m[K(const T&) [35m[K[with T = geometry_msgs::msg::Point_<std::allocator<void> >][m[K[m[K’
[6.138s] [01m[K/home/rohan/spherebot/src/gps_read_cpp/src/gps_read.cpp:97:26:[m[K   required from here
[6.138s] [01m[K/usr/include/c++/13/type_traits:2610:11:[m[K [01;31m[Kerror: [m[Kno type named ‘[01m[Ktype[m[K’ in ‘[01m[Kstruct std::enable_if<false, void>[m[K’
[6.138s]  2610 |     using [01;31m[Kenable_if_t[m[K = typename enable_if<_Cond, _Tp>::type;
[6.138s]       |           [01;31m[K^~~~~~~~~~~[m[K
[6.138s] [01m[K/opt/ros/jazzy/include/rclcpp/rclcpp/publisher.hpp:319:3:[m[K [01;36m[Knote: [m[Kcandidate: ‘[01m[Ktemplate<class T> std::enable_if_t<(typename rclcpp::TypeAdapter<MessageT>::is_specialized::value && std::is_same<T, typename rclcpp::TypeAdapter<MessageT>::custom_type>::value)> rclcpp::Publisher<MessageT, AllocatorT>::[01;32m[Kpublish[m[K(std::unique_ptr<T, typename std::conditional<std::is_same<typename std::allocator_traits<typename std::allocator_traits<_Allocator>::rebind_traits<typename rclcpp::TypeAdapter<MessageT, void, void>::custom_type>::allocator_type>::rebind_alloc<typename rclcpp::TypeAdapter<MessageT, void, void>::custom_type>, std::allocator<typename rclcpp::TypeAdapter<MessageT>::custom_type> >::value, std::default_delete<typename rclcpp::TypeAdapter<MessageT>::custom_type>, rclcpp::allocator::AllocatorDeleter<typename std::allocator_traits<_Allocator>::rebind_traits<typename rclcpp::TypeAdapter<MessageT, void, void>::custom_type>::allocator_type> >::type>) [35m[K[with MessageT = sensor_msgs::msg::NavSatFix_<std::allocator<void> >; AllocatorT = std::allocator<void>][m[K[m[K’
[6.138s]   319 |   [01;36m[Kpublish[m[K(std::unique_ptr<T, PublishedTypeDeleter> msg)
[6.138s]       |   [01;36m[K^~~~~~~[m[K
[6.138s] [01m[K/opt/ros/jazzy/include/rclcpp/rclcpp/publisher.hpp:319:3:[m[K [01;36m[Knote: [m[K  template argument deduction/substitution failed:
[6.138s] [01m[K/home/rohan/spherebot/src/gps_read_cpp/src/gps_read.cpp:97:26:[m[K [01;36m[Knote: [m[K  ‘[01m[Kgeometry_msgs::msg::Point_<std::allocator<void> >[m[K’ is not derived from ‘[01m[Kstd::unique_ptr<T, std::default_delete<sensor_msgs::msg::NavSatFix_<std::allocator<void> > > >[m[K’
[6.139s]    97 |   [01;36m[Kgps_publisher_->publish(msg)[m[K;
[6.139s]       |   [01;36m[K~~~~~~~~~~~~~~~~~~~~~~~^~~~~[m[K
[6.139s] [01m[K/opt/ros/jazzy/include/rclcpp/rclcpp/publisher.hpp:366:3:[m[K [01;36m[Knote: [m[Kcandidate: ‘[01m[Ktemplate<class T> std::enable_if_t<(typename rclcpp::TypeAdapter<MessageT>::is_specialized::value && std::is_same<T, typename rclcpp::TypeAdapter<MessageT>::custom_type>::value)> rclcpp::Publisher<MessageT, AllocatorT>::[01;32m[Kpublish[m[K(const T&) [35m[K[with MessageT = sensor_msgs::msg::NavSatFix_<std::allocator<void> >; AllocatorT = std::allocator<void>][m[K[m[K’
[6.139s]   366 |   [01;36m[Kpublish[m[K(const T & msg)
[6.139s]       |   [01;36m[K^~~~~~~[m[K
[6.140s] [01m[K/opt/ros/jazzy/include/rclcpp/rclcpp/publisher.hpp:366:3:[m[K [01;36m[Knote: [m[K  template argument deduction/substitution failed:
[6.140s] [01m[K/opt/ros/jazzy/include/rclcpp/rclcpp/publisher.hpp:384:3:[m[K [01;36m[Knote: [m[Kcandidate: ‘[01m[Kvoid rclcpp::Publisher<MessageT, AllocatorT>::[01;32m[Kpublish[m[K(const rcl_serialized_message_t&) [35m[K[with MessageT = sensor_msgs::msg::NavSatFix_<std::allocator<void> >; AllocatorT = std::allocator<void>; rcl_serialized_message_t = rcutils_uint8_array_s][m[K[m[K’
[6.140s]   384 |   [01;36m[Kpublish[m[K(const rcl_serialized_message_t & serialized_msg)
[6.140s]       |   [01;36m[K^~~~~~~[m[K
[6.140s] [01m[K/opt/ros/jazzy/include/rclcpp/rclcpp/publisher.hpp:384:44:[m[K [01;36m[Knote: [m[K  no known conversion for argument 1 from ‘[01m[Kgeometry_msgs::msg::Point_<std::allocator<void> >[m[K’ to ‘[01m[Kconst rcl_serialized_message_t&[m[K’ {aka ‘[01m[Kconst rcutils_uint8_array_s&[m[K’}
[6.141s]   384 |   publish([01;36m[Kconst rcl_serialized_message_t & serialized_msg[m[K)
[6.141s]       |           [01;36m[K~~~~~~~~~~~~~~~~~~~~~~~~~~~~~~~~~^~~~~~~~~~~~~~[m[K
[6.141s] [01m[K/opt/ros/jazzy/include/rclcpp/rclcpp/publisher.hpp:390:3:[m[K [01;36m[Knote: [m[Kcandidate: ‘[01m[Kvoid rclcpp::Publisher<MessageT, AllocatorT>::[01;32m[Kpublish[m[K(const rclcpp::SerializedMessage&) [35m[K[with MessageT = sensor_msgs::msg::NavSatFix_<std::allocator<void> >; AllocatorT = std::allocator<void>][m[K[m[K’
[6.141s]   390 |   [01;36m[Kpublish[m[K(const SerializedMessage & serialized_msg)
[6.141s]       |   [01;36m[K^~~~~~~[m[K
[6.142s] [01m[K/opt/ros/jazzy/include/rclcpp/rclcpp/publisher.hpp:390:37:[m[K [01;36m[Knote: [m[K  no known conversion for argument 1 from ‘[01m[Kgeometry_msgs::msg::Point_<std::allocator<void> >[m[K’ to ‘[01m[Kconst rclcpp::SerializedMessage&[m[K’
[6.142s]   390 |   publish([01;36m[Kconst SerializedMessage & serialized_msg[m[K)
[6.142s]       |           [01;36m[K~~~~~~~~~~~~~~~~~~~~~~~~~~^~~~~~~~~~~~~~[m[K
[6.142s] [01m[K/opt/ros/jazzy/include/rclcpp/rclcpp/publisher.hpp:404:3:[m[K [01;36m[Knote: [m[Kcandidate: ‘[01m[Kvoid rclcpp::Publisher<MessageT, AllocatorT>::[01;32m[Kpublish[m[K(rclcpp::LoanedMessage<typename rclcpp::TypeAdapter<MessageT>::ros_message_type, AllocatorT>&&) [35m[K[with MessageT = sensor_msgs::msg::NavSatFix_<std::allocator<void> >; AllocatorT = std::allocator<void>; typename rclcpp::TypeAdapter<MessageT>::ros_message_type = sensor_msgs::msg::NavSatFix_<std::allocator<void> >][m[K[m[K’
[6.142s]   404 |   [01;36m[Kpublish[m[K(rclcpp::LoanedMessage<ROSMessageType, AllocatorT> && loaned_msg)
[6.143s]       |   [01;36m[K^~~~~~~[m[K
[6.143s] [01m[K/opt/ros/jazzy/include/rclcpp/rclcpp/publisher.hpp:404:64:[m[K [01;36m[Knote: [m[K  no known conversion for argument 1 from ‘[01m[Kgeometry_msgs::msg::Point_<std::allocator<void> >[m[K’ to ‘[01m[Krclcpp::LoanedMessage<sensor_msgs::msg::NavSatFix_<std::allocator<void> >, std::allocator<void> >&&[m[K’
[6.143s]   404 |   publish([01;36m[Krclcpp::LoanedMessage<ROSMessageType, AllocatorT> && loaned_msg[m[K)
[6.143s]       |           [01;36m[K~~~~~~~~~~~~~~~~~~~~~~~~~~~~~~~~~~~~~~~~~~~~~~~~~~~~~^~~~~~~~~~[m[K
[6.159s] [01m[K/home/rohan/spherebot/src/gps_read_cpp/src/gps_read.cpp:98:30:[m[K [01;31m[Kerror: [m[K‘[01m[Kcoords_msg[m[K’ was not declared in this scope
[6.159s]    98 |   coords_publisher_->publish([01;31m[Kcoords_msg[m[K);
[6.160s]       |                              [01;31m[K^~~~~~~~~~[m[K
[8.712s] gmake[2]: *** [CMakeFiles/gps_read.dir/build.make:76: CMakeFiles/gps_read.dir/src/gps_read.cpp.o] Error 1
[8.713s] gmake[1]: *** [CMakeFiles/Makefile2:137: CMakeFiles/gps_read.dir/all] Error 2
[8.713s] gmake: *** [Makefile:146: all] Error 2
[8.717s] Invoked command in '/home/rohan/spherebot/build/gps_read_cpp' returned '2': AMENT_PREFIX_PATH=/home/rohan/spherebot/install/control_lib:/home/rohan/spherebot/install/i2c_lib:${AMENT_PREFIX_PATH} CMAKE_PREFIX_PATH=/home/rohan/spherebot/install/control_lib:/home/rohan/spherebot/install/i2c_lib:/opt/ros/jazzy/opt/gz_math_vendor:/opt/ros/jazzy/opt/gz_utils_vendor:/opt/ros/jazzy/opt/gz_cmake_vendor:/opt/ros/jazzy DEBUGINFOD_URLS=https://debuginfod.ubuntu.com LD_LIBRARY_PATH=/home/rohan/spherebot/install/control_lib/lib:/home/rohan/spherebot/install/i2c_lib/lib:${LD_LIBRARY_PATH} /usr/bin/cmake --build /home/rohan/spherebot/build/gps_read_cpp -- -j4 -l4
