[0.021s] Invoking command in '/home/rohan/spherebot/build/gps_read_cpp': AMENT_PREFIX_PATH=/home/rohan/spherebot/install/control_lib:/home/rohan/spherebot/install/i2c_lib:${AMENT_PREFIX_PATH} CMAKE_PREFIX_PATH=/home/rohan/spherebot/install/control_lib:/home/rohan/spherebot/install/i2c_lib:/opt/ros/jazzy/opt/gz_math_vendor:/opt/ros/jazzy/opt/gz_utils_vendor:/opt/ros/jazzy/opt/gz_cmake_vendor:/opt/ros/jazzy DEBUGINFOD_URLS=https://debuginfod.ubuntu.com LD_LIBRARY_PATH=/home/rohan/spherebot/install/control_lib/lib:/home/rohan/spherebot/install/i2c_lib/lib:${LD_LIBRARY_PATH} /usr/bin/cmake --build /home/rohan/spherebot/build/gps_read_cpp -- -j4 -l4
[0.069s] -- Found ament_cmake: 2.5.2 (/opt/ros/jazzy/share/ament_cmake/cmake)
[0.414s] -- Found rclcpp: 28.1.3 (/opt/ros/jazzy/share/rclcpp/cmake)
[0.475s] -- Found rosidl_generator_c: 4.6.3 (/opt/ros/jazzy/share/rosidl_generator_c/cmake)
[0.506s] -- Found rosidl_generator_cpp: 4.6.3 (/opt/ros/jazzy/share/rosidl_generator_cpp/cmake)
[0.536s] -- Using all available rosidl_typesupport_c: rosidl_typesupport_fastrtps_c;rosidl_typesupport_introspection_c
[0.556s] -- Using all available rosidl_typesupport_cpp: rosidl_typesupport_fastrtps_cpp;rosidl_typesupport_introspection_cpp
[0.644s] -- Found rmw_implementation_cmake: 7.3.1 (/opt/ros/jazzy/share/rmw_implementation_cmake/cmake)
[0.649s] -- Found rmw_fastrtps_cpp: 8.4.1 (/opt/ros/jazzy/share/rmw_fastrtps_cpp/cmake)
[0.781s] -- Using RMW implementation 'rmw_fastrtps_cpp' as default
[0.921s] -- Found sensor_msgs: 5.3.5 (/opt/ros/jazzy/share/sensor_msgs/cmake)
[0.995s] -- Found control_lib: 0.0.0 (/home/rohan/spherebot/install/control_lib/share/control_lib/cmake)
[1.182s] -- Configuring done (1.1s)
[1.231s] [31mCMake Error at /home/rohan/spherebot/install/control_lib/share/control_lib/cmake/export_control_libExport.cmake:61 (set_target_properties):
[1.231s]   The link interface of target "control_lib::control_interfaces" contains:
[1.231s] 
[1.232s]     i2c_lib::i2c_interface
[1.232s] 
[1.232s]   but the target was not found.  Possible reasons include:
[1.232s] 
[1.232s]     * There is a typo in the target name.
[1.232s]     * A find_package call is missing for an IMPORTED target.
[1.232s]     * An ALIAS target is missing.
[1.232s] 
[1.232s] Call Stack (most recent call first):
[1.232s]   /home/rohan/spherebot/install/control_lib/share/control_lib/cmake/ament_cmake_export_targets-extras.cmake:9 (include)
[1.233s]   /home/rohan/spherebot/install/control_lib/share/control_lib/cmake/control_libConfig.cmake:41 (include)
[1.233s]   CMakeLists.txt:12 (find_package)
[1.233s] 
[1.233s] [0m
[1.233s] -- Generating done (0.0s)
[1.242s] [0mCMake Generate step failed.  Build files cannot be regenerated correctly.[0m
[1.256s] gmake: *** [Makefile:294: cmake_check_build_system] Error 1
[1.259s] Invoked command in '/home/rohan/spherebot/build/gps_read_cpp' returned '2': AMENT_PREFIX_PATH=/home/rohan/spherebot/install/control_lib:/home/rohan/spherebot/install/i2c_lib:${AMENT_PREFIX_PATH} CMAKE_PREFIX_PATH=/home/rohan/spherebot/install/control_lib:/home/rohan/spherebot/install/i2c_lib:/opt/ros/jazzy/opt/gz_math_vendor:/opt/ros/jazzy/opt/gz_utils_vendor:/opt/ros/jazzy/opt/gz_cmake_vendor:/opt/ros/jazzy DEBUGINFOD_URLS=https://debuginfod.ubuntu.com LD_LIBRARY_PATH=/home/rohan/spherebot/install/control_lib/lib:/home/rohan/spherebot/install/i2c_lib/lib:${LD_LIBRARY_PATH} /usr/bin/cmake --build /home/rohan/spherebot/build/gps_read_cpp -- -j4 -l4
