[0.158s] DEBUG:colcon:Command line arguments: ['/usr/bin/colcon', 'build', '--packages-select', 'gps_read_cpp']
[0.158s] DEBUG:colcon:Parsed command line arguments: Namespace(log_base=None, log_level=None, verb_name='build', build_base='build', install_base='install', merge_install=False, symlink_install=False, test_result_base=None, continue_on_error=False, executor='parallel', parallel_workers=4, event_handlers=None, ignore_user_meta=False, metas=['./colcon.meta'], base_paths=['.'], packages_ignore=None, packages_ignore_regex=None, paths=None, packages_up_to=None, packages_up_to_regex=None, packages_above=None, packages_above_and_dependencies=None, packages_above_depth=None, packages_select_by_dep=None, packages_skip_by_dep=None, packages_skip_up_to=None, packages_select_build_failed=False, packages_skip_build_finished=False, packages_select_test_failures=False, packages_skip_test_passed=False, packages_select=['gps_read_cpp'], packages_skip=None, packages_select_regex=None, packages_skip_regex=None, packages_start=None, packages_end=None, allow_overriding=[], cmake_args=None, cmake_target=None, cmake_target_skip_unavailable=False, cmake_clean_cache=False, cmake_clean_first=False, cmake_force_configure=False, ament_cmake_args=None, catkin_cmake_args=None, catkin_skip_building_tests=False, mixin_files=None, mixin=None, verb_parser=<colcon_mixin.mixin.mixin_argument.MixinArgumentDecorator object at 0xffffabaef050>, verb_extension=<colcon_core.verb.build.BuildVerb object at 0xffffabca5dc0>, main=<bound method BuildVerb.main of <colcon_core.verb.build.BuildVerb object at 0xffffabca5dc0>>, mixin_verb=('build',))
[0.250s] Level 1:colcon.colcon_core.package_discovery:discover_packages(colcon_meta) check parameters
[0.250s] Level 1:colcon.colcon_core.package_discovery:discover_packages(recursive) check parameters
[0.250s] Level 1:colcon.colcon_core.package_discovery:discover_packages(ignore) check parameters
[0.250s] Level 1:colcon.colcon_core.package_discovery:discover_packages(path) check parameters
[0.250s] Level 1:colcon.colcon_core.package_discovery:discover_packages(colcon_meta) discover
[0.251s] Level 1:colcon.colcon_core.package_discovery:discover_packages(recursive) discover
[0.251s] INFO:colcon.colcon_core.package_discovery:Crawling recursively for packages in '/home/rohan/spherebot'
[0.251s] Level 1:colcon.colcon_core.package_identification:_identify(.) by extensions ['ignore', 'ignore_ament_install']
[0.251s] Level 1:colcon.colcon_core.package_identification:_identify(.) by extension 'ignore'
[0.251s] Level 1:colcon.colcon_core.package_identification:_identify(.) by extension 'ignore_ament_install'
[0.251s] Level 1:colcon.colcon_core.package_identification:_identify(.) by extensions ['colcon_pkg']
[0.251s] Level 1:colcon.colcon_core.package_identification:_identify(.) by extension 'colcon_pkg'
[0.251s] Level 1:colcon.colcon_core.package_identification:_identify(.) by extensions ['colcon_meta']
[0.251s] Level 1:colcon.colcon_core.package_identification:_identify(.) by extension 'colcon_meta'
[0.251s] Level 1:colcon.colcon_core.package_identification:_identify(.) by extensions ['ros']
[0.251s] Level 1:colcon.colcon_core.package_identification:_identify(.) by extension 'ros'
[0.288s] Level 1:colcon.colcon_core.package_identification:_identify(.) by extensions ['cmake', 'python']
[0.289s] Level 1:colcon.colcon_core.package_identification:_identify(.) by extension 'cmake'
[0.292s] Level 1:colcon.colcon_core.package_identification:_identify(.) by extension 'python'
[0.293s] Level 1:colcon.colcon_core.package_identification:_identify(.) by extensions ['python_setup_py']
[0.293s] Level 1:colcon.colcon_core.package_identification:_identify(.) by extension 'python_setup_py'
[0.293s] Level 1:colcon.colcon_core.package_identification:_identify(build) by extensions ['ignore', 'ignore_ament_install']
[0.293s] Level 1:colcon.colcon_core.package_identification:_identify(build) by extension 'ignore'
[0.293s] Level 1:colcon.colcon_core.package_identification:_identify(build) ignored
[0.293s] Level 1:colcon.colcon_core.package_identification:_identify(install) by extensions ['ignore', 'ignore_ament_install']
[0.293s] Level 1:colcon.colcon_core.package_identification:_identify(install) by extension 'ignore'
[0.293s] Level 1:colcon.colcon_core.package_identification:_identify(install) ignored
[0.294s] Level 1:colcon.colcon_core.package_identification:_identify(log) by extensions ['ignore', 'ignore_ament_install']
[0.294s] Level 1:colcon.colcon_core.package_identification:_identify(log) by extension 'ignore'
[0.294s] Level 1:colcon.colcon_core.package_identification:_identify(log) ignored
[0.294s] Level 1:colcon.colcon_core.package_identification:_identify(src) by extensions ['ignore', 'ignore_ament_install']
[0.294s] Level 1:colcon.colcon_core.package_identification:_identify(src) by extension 'ignore'
[0.294s] Level 1:colcon.colcon_core.package_identification:_identify(src) by extension 'ignore_ament_install'
[0.294s] Level 1:colcon.colcon_core.package_identification:_identify(src) by extensions ['colcon_pkg']
[0.294s] Level 1:colcon.colcon_core.package_identification:_identify(src) by extension 'colcon_pkg'
[0.294s] Level 1:colcon.colcon_core.package_identification:_identify(src) by extensions ['colcon_meta']
[0.294s] Level 1:colcon.colcon_core.package_identification:_identify(src) by extension 'colcon_meta'
[0.294s] Level 1:colcon.colcon_core.package_identification:_identify(src) by extensions ['ros']
[0.294s] Level 1:colcon.colcon_core.package_identification:_identify(src) by extension 'ros'
[0.294s] Level 1:colcon.colcon_core.package_identification:_identify(src) by extensions ['cmake', 'python']
[0.294s] Level 1:colcon.colcon_core.package_identification:_identify(src) by extension 'cmake'
[0.294s] Level 1:colcon.colcon_core.package_identification:_identify(src) by extension 'python'
[0.294s] Level 1:colcon.colcon_core.package_identification:_identify(src) by extensions ['python_setup_py']
[0.294s] Level 1:colcon.colcon_core.package_identification:_identify(src) by extension 'python_setup_py'
[0.295s] Level 1:colcon.colcon_core.package_identification:_identify(src/autonomous_control_lqg) by extensions ['ignore', 'ignore_ament_install']
[0.295s] Level 1:colcon.colcon_core.package_identification:_identify(src/autonomous_control_lqg) by extension 'ignore'
[0.295s] Level 1:colcon.colcon_core.package_identification:_identify(src/autonomous_control_lqg) by extension 'ignore_ament_install'
[0.295s] Level 1:colcon.colcon_core.package_identification:_identify(src/autonomous_control_lqg) by extensions ['colcon_pkg']
[0.295s] Level 1:colcon.colcon_core.package_identification:_identify(src/autonomous_control_lqg) by extension 'colcon_pkg'
[0.295s] Level 1:colcon.colcon_core.package_identification:_identify(src/autonomous_control_lqg) by extensions ['colcon_meta']
[0.295s] Level 1:colcon.colcon_core.package_identification:_identify(src/autonomous_control_lqg) by extension 'colcon_meta'
[0.295s] Level 1:colcon.colcon_core.package_identification:_identify(src/autonomous_control_lqg) by extensions ['ros']
[0.295s] Level 1:colcon.colcon_core.package_identification:_identify(src/autonomous_control_lqg) by extension 'ros'
[0.299s] DEBUG:colcon.colcon_core.package_identification:Package 'src/autonomous_control_lqg' with type 'ros.ament_cmake' and name 'autonomous_control_lqg'
[0.300s] Level 1:colcon.colcon_core.package_identification:_identify(src/autonomous_control_pid) by extensions ['ignore', 'ignore_ament_install']
[0.300s] Level 1:colcon.colcon_core.package_identification:_identify(src/autonomous_control_pid) by extension 'ignore'
[0.300s] Level 1:colcon.colcon_core.package_identification:_identify(src/autonomous_control_pid) by extension 'ignore_ament_install'
[0.300s] Level 1:colcon.colcon_core.package_identification:_identify(src/autonomous_control_pid) by extensions ['colcon_pkg']
[0.300s] Level 1:colcon.colcon_core.package_identification:_identify(src/autonomous_control_pid) by extension 'colcon_pkg'
[0.300s] Level 1:colcon.colcon_core.package_identification:_identify(src/autonomous_control_pid) by extensions ['colcon_meta']
[0.300s] Level 1:colcon.colcon_core.package_identification:_identify(src/autonomous_control_pid) by extension 'colcon_meta'
[0.300s] Level 1:colcon.colcon_core.package_identification:_identify(src/autonomous_control_pid) by extensions ['ros']
[0.300s] Level 1:colcon.colcon_core.package_identification:_identify(src/autonomous_control_pid) by extension 'ros'
[0.301s] DEBUG:colcon.colcon_core.package_identification:Package 'src/autonomous_control_pid' with type 'ros.ament_cmake' and name 'autonomous_control_pid'
[0.301s] Level 1:colcon.colcon_core.package_identification:_identify(src/control_lib) by extensions ['ignore', 'ignore_ament_install']
[0.301s] Level 1:colcon.colcon_core.package_identification:_identify(src/control_lib) by extension 'ignore'
[0.301s] Level 1:colcon.colcon_core.package_identification:_identify(src/control_lib) by extension 'ignore_ament_install'
[0.302s] Level 1:colcon.colcon_core.package_identification:_identify(src/control_lib) by extensions ['colcon_pkg']
[0.302s] Level 1:colcon.colcon_core.package_identification:_identify(src/control_lib) by extension 'colcon_pkg'
[0.302s] Level 1:colcon.colcon_core.package_identification:_identify(src/control_lib) by extensions ['colcon_meta']
[0.302s] Level 1:colcon.colcon_core.package_identification:_identify(src/control_lib) by extension 'colcon_meta'
[0.302s] Level 1:colcon.colcon_core.package_identification:_identify(src/control_lib) by extensions ['ros']
[0.302s] Level 1:colcon.colcon_core.package_identification:_identify(src/control_lib) by extension 'ros'
[0.303s] DEBUG:colcon.colcon_core.package_identification:Package 'src/control_lib' with type 'ros.ament_cmake' and name 'control_lib'
[0.303s] Level 1:colcon.colcon_core.package_identification:_identify(src/custom_interfaces) by extensions ['ignore', 'ignore_ament_install']
[0.303s] Level 1:colcon.colcon_core.package_identification:_identify(src/custom_interfaces) by extension 'ignore'
[0.303s] Level 1:colcon.colcon_core.package_identification:_identify(src/custom_interfaces) by extension 'ignore_ament_install'
[0.303s] Level 1:colcon.colcon_core.package_identification:_identify(src/custom_interfaces) by extensions ['colcon_pkg']
[0.303s] Level 1:colcon.colcon_core.package_identification:_identify(src/custom_interfaces) by extension 'colcon_pkg'
[0.303s] Level 1:colcon.colcon_core.package_identification:_identify(src/custom_interfaces) by extensions ['colcon_meta']
[0.303s] Level 1:colcon.colcon_core.package_identification:_identify(src/custom_interfaces) by extension 'colcon_meta'
[0.303s] Level 1:colcon.colcon_core.package_identification:_identify(src/custom_interfaces) by extensions ['ros']
[0.303s] Level 1:colcon.colcon_core.package_identification:_identify(src/custom_interfaces) by extension 'ros'
[0.304s] DEBUG:colcon.colcon_core.package_identification:Package 'src/custom_interfaces' with type 'ros.ament_cmake' and name 'custom_interfaces'
[0.304s] Level 1:colcon.colcon_core.package_identification:_identify(src/data_logger_pkg) by extensions ['ignore', 'ignore_ament_install']
[0.304s] Level 1:colcon.colcon_core.package_identification:_identify(src/data_logger_pkg) by extension 'ignore'
[0.304s] Level 1:colcon.colcon_core.package_identification:_identify(src/data_logger_pkg) by extension 'ignore_ament_install'
[0.304s] Level 1:colcon.colcon_core.package_identification:_identify(src/data_logger_pkg) by extensions ['colcon_pkg']
[0.304s] Level 1:colcon.colcon_core.package_identification:_identify(src/data_logger_pkg) by extension 'colcon_pkg'
[0.304s] Level 1:colcon.colcon_core.package_identification:_identify(src/data_logger_pkg) by extensions ['colcon_meta']
[0.304s] Level 1:colcon.colcon_core.package_identification:_identify(src/data_logger_pkg) by extension 'colcon_meta'
[0.304s] Level 1:colcon.colcon_core.package_identification:_identify(src/data_logger_pkg) by extensions ['ros']
[0.304s] Level 1:colcon.colcon_core.package_identification:_identify(src/data_logger_pkg) by extension 'ros'
[0.305s] DEBUG:colcon.colcon_core.package_identification:Package 'src/data_logger_pkg' with type 'ros.ament_python' and name 'data_logger_pkg'
[0.305s] Level 1:colcon.colcon_core.package_identification:_identify(src/dfr_10_dof_pkg) by extensions ['ignore', 'ignore_ament_install']
[0.305s] Level 1:colcon.colcon_core.package_identification:_identify(src/dfr_10_dof_pkg) by extension 'ignore'
[0.305s] Level 1:colcon.colcon_core.package_identification:_identify(src/dfr_10_dof_pkg) by extension 'ignore_ament_install'
[0.305s] Level 1:colcon.colcon_core.package_identification:_identify(src/dfr_10_dof_pkg) by extensions ['colcon_pkg']
[0.305s] Level 1:colcon.colcon_core.package_identification:_identify(src/dfr_10_dof_pkg) by extension 'colcon_pkg'
[0.305s] Level 1:colcon.colcon_core.package_identification:_identify(src/dfr_10_dof_pkg) by extensions ['colcon_meta']
[0.305s] Level 1:colcon.colcon_core.package_identification:_identify(src/dfr_10_dof_pkg) by extension 'colcon_meta'
[0.305s] Level 1:colcon.colcon_core.package_identification:_identify(src/dfr_10_dof_pkg) by extensions ['ros']
[0.305s] Level 1:colcon.colcon_core.package_identification:_identify(src/dfr_10_dof_pkg) by extension 'ros'
[0.306s] DEBUG:colcon.colcon_core.package_identification:Package 'src/dfr_10_dof_pkg' with type 'ros.ament_cmake' and name 'dfr_10_dof_pkg'
[0.306s] Level 1:colcon.colcon_core.package_identification:_identify(src/gps_read_cpp) by extensions ['ignore', 'ignore_ament_install']
[0.306s] Level 1:colcon.colcon_core.package_identification:_identify(src/gps_read_cpp) by extension 'ignore'
[0.306s] Level 1:colcon.colcon_core.package_identification:_identify(src/gps_read_cpp) by extension 'ignore_ament_install'
[0.307s] Level 1:colcon.colcon_core.package_identification:_identify(src/gps_read_cpp) by extensions ['colcon_pkg']
[0.307s] Level 1:colcon.colcon_core.package_identification:_identify(src/gps_read_cpp) by extension 'colcon_pkg'
[0.307s] Level 1:colcon.colcon_core.package_identification:_identify(src/gps_read_cpp) by extensions ['colcon_meta']
[0.307s] Level 1:colcon.colcon_core.package_identification:_identify(src/gps_read_cpp) by extension 'colcon_meta'
[0.307s] Level 1:colcon.colcon_core.package_identification:_identify(src/gps_read_cpp) by extensions ['ros']
[0.307s] Level 1:colcon.colcon_core.package_identification:_identify(src/gps_read_cpp) by extension 'ros'
[0.307s] DEBUG:colcon.colcon_core.package_identification:Package 'src/gps_read_cpp' with type 'ros.ament_cmake' and name 'gps_read_cpp'
[0.308s] Level 1:colcon.colcon_core.package_identification:_identify(src/i2c_lib) by extensions ['ignore', 'ignore_ament_install']
[0.308s] Level 1:colcon.colcon_core.package_identification:_identify(src/i2c_lib) by extension 'ignore'
[0.308s] Level 1:colcon.colcon_core.package_identification:_identify(src/i2c_lib) by extension 'ignore_ament_install'
[0.308s] Level 1:colcon.colcon_core.package_identification:_identify(src/i2c_lib) by extensions ['colcon_pkg']
[0.308s] Level 1:colcon.colcon_core.package_identification:_identify(src/i2c_lib) by extension 'colcon_pkg'
[0.308s] Level 1:colcon.colcon_core.package_identification:_identify(src/i2c_lib) by extensions ['colcon_meta']
[0.308s] Level 1:colcon.colcon_core.package_identification:_identify(src/i2c_lib) by extension 'colcon_meta'
[0.308s] Level 1:colcon.colcon_core.package_identification:_identify(src/i2c_lib) by extensions ['ros']
[0.308s] Level 1:colcon.colcon_core.package_identification:_identify(src/i2c_lib) by extension 'ros'
[0.308s] DEBUG:colcon.colcon_core.package_identification:Package 'src/i2c_lib' with type 'ros.ament_cmake' and name 'i2c_lib'
[0.309s] Level 1:colcon.colcon_core.package_identification:_identify(src/joystick_reader) by extensions ['ignore', 'ignore_ament_install']
[0.309s] Level 1:colcon.colcon_core.package_identification:_identify(src/joystick_reader) by extension 'ignore'
[0.309s] Level 1:colcon.colcon_core.package_identification:_identify(src/joystick_reader) by extension 'ignore_ament_install'
[0.309s] Level 1:colcon.colcon_core.package_identification:_identify(src/joystick_reader) by extensions ['colcon_pkg']
[0.309s] Level 1:colcon.colcon_core.package_identification:_identify(src/joystick_reader) by extension 'colcon_pkg'
[0.309s] Level 1:colcon.colcon_core.package_identification:_identify(src/joystick_reader) by extensions ['colcon_meta']
[0.309s] Level 1:colcon.colcon_core.package_identification:_identify(src/joystick_reader) by extension 'colcon_meta'
[0.309s] Level 1:colcon.colcon_core.package_identification:_identify(src/joystick_reader) by extensions ['ros']
[0.309s] Level 1:colcon.colcon_core.package_identification:_identify(src/joystick_reader) by extension 'ros'
[0.309s] DEBUG:colcon.colcon_core.package_identification:Package 'src/joystick_reader' with type 'ros.ament_cmake' and name 'joystick_reader'
[0.310s] Level 1:colcon.colcon_core.package_identification:_identify(src/motor_control) by extensions ['ignore', 'ignore_ament_install']
[0.310s] Level 1:colcon.colcon_core.package_identification:_identify(src/motor_control) by extension 'ignore'
[0.310s] Level 1:colcon.colcon_core.package_identification:_identify(src/motor_control) by extension 'ignore_ament_install'
[0.310s] Level 1:colcon.colcon_core.package_identification:_identify(src/motor_control) by extensions ['colcon_pkg']
[0.310s] Level 1:colcon.colcon_core.package_identification:_identify(src/motor_control) by extension 'colcon_pkg'
[0.310s] Level 1:colcon.colcon_core.package_identification:_identify(src/motor_control) by extensions ['colcon_meta']
[0.310s] Level 1:colcon.colcon_core.package_identification:_identify(src/motor_control) by extension 'colcon_meta'
[0.310s] Level 1:colcon.colcon_core.package_identification:_identify(src/motor_control) by extensions ['ros']
[0.310s] Level 1:colcon.colcon_core.package_identification:_identify(src/motor_control) by extension 'ros'
[0.311s] DEBUG:colcon.colcon_core.package_identification:Package 'src/motor_control' with type 'ros.ament_cmake' and name 'motor_control'
[0.311s] Level 1:colcon.colcon_core.package_identification:_identify(src/remote_control_cpp) by extensions ['ignore', 'ignore_ament_install']
[0.311s] Level 1:colcon.colcon_core.package_identification:_identify(src/remote_control_cpp) by extension 'ignore'
[0.311s] Level 1:colcon.colcon_core.package_identification:_identify(src/remote_control_cpp) by extension 'ignore_ament_install'
[0.311s] Level 1:colcon.colcon_core.package_identification:_identify(src/remote_control_cpp) by extensions ['colcon_pkg']
[0.311s] Level 1:colcon.colcon_core.package_identification:_identify(src/remote_control_cpp) by extension 'colcon_pkg'
[0.311s] Level 1:colcon.colcon_core.package_identification:_identify(src/remote_control_cpp) by extensions ['colcon_meta']
[0.311s] Level 1:colcon.colcon_core.package_identification:_identify(src/remote_control_cpp) by extension 'colcon_meta'
[0.311s] Level 1:colcon.colcon_core.package_identification:_identify(src/remote_control_cpp) by extensions ['ros']
[0.311s] Level 1:colcon.colcon_core.package_identification:_identify(src/remote_control_cpp) by extension 'ros'
[0.312s] DEBUG:colcon.colcon_core.package_identification:Package 'src/remote_control_cpp' with type 'ros.ament_cmake' and name 'remote_control_cpp'
[0.312s] Level 1:colcon.colcon_core.package_discovery:discover_packages(recursive) using defaults
[0.312s] Level 1:colcon.colcon_core.package_discovery:discover_packages(ignore) discover
[0.312s] Level 1:colcon.colcon_core.package_discovery:discover_packages(ignore) using defaults
[0.313s] Level 1:colcon.colcon_core.package_discovery:discover_packages(path) discover
[0.313s] Level 1:colcon.colcon_core.package_discovery:discover_packages(path) using defaults
[0.337s] INFO:colcon.colcon_core.package_selection:Skipping not selected package 'autonomous_control_lqg' in 'src/autonomous_control_lqg'
[0.337s] INFO:colcon.colcon_core.package_selection:Skipping not selected package 'custom_interfaces' in 'src/custom_interfaces'
[0.337s] INFO:colcon.colcon_core.package_selection:Skipping not selected package 'data_logger_pkg' in 'src/data_logger_pkg'
[0.337s] INFO:colcon.colcon_core.package_selection:Skipping not selected package 'i2c_lib' in 'src/i2c_lib'
[0.337s] INFO:colcon.colcon_core.package_selection:Skipping not selected package 'joystick_reader' in 'src/joystick_reader'
[0.337s] INFO:colcon.colcon_core.package_selection:Skipping not selected package 'control_lib' in 'src/control_lib'
[0.337s] INFO:colcon.colcon_core.package_selection:Skipping not selected package 'autonomous_control_pid' in 'src/autonomous_control_pid'
[0.337s] INFO:colcon.colcon_core.package_selection:Skipping not selected package 'dfr_10_dof_pkg' in 'src/dfr_10_dof_pkg'
[0.337s] INFO:colcon.colcon_core.package_selection:Skipping not selected package 'motor_control' in 'src/motor_control'
[0.337s] INFO:colcon.colcon_core.package_selection:Skipping not selected package 'remote_control_cpp' in 'src/remote_control_cpp'
[0.338s] Level 1:colcon.colcon_core.package_discovery:discover_packages(prefix_path) check parameters
[0.338s] Level 1:colcon.colcon_core.package_discovery:discover_packages(prefix_path) discover
[0.342s] DEBUG:colcon.colcon_installed_package_information.package_discovery:Found 324 installed packages in /opt/ros/jazzy
[0.344s] Level 1:colcon.colcon_core.package_discovery:discover_packages(prefix_path) using defaults
[0.408s] Level 5:colcon.colcon_core.verb:set package 'gps_read_cpp' build argument 'cmake_args' from command line to 'None'
[0.408s] Level 5:colcon.colcon_core.verb:set package 'gps_read_cpp' build argument 'cmake_target' from command line to 'None'
[0.408s] Level 5:colcon.colcon_core.verb:set package 'gps_read_cpp' build argument 'cmake_target_skip_unavailable' from command line to 'False'
[0.408s] Level 5:colcon.colcon_core.verb:set package 'gps_read_cpp' build argument 'cmake_clean_cache' from command line to 'False'
[0.408s] Level 5:colcon.colcon_core.verb:set package 'gps_read_cpp' build argument 'cmake_clean_first' from command line to 'False'
[0.408s] Level 5:colcon.colcon_core.verb:set package 'gps_read_cpp' build argument 'cmake_force_configure' from command line to 'False'
[0.408s] Level 5:colcon.colcon_core.verb:set package 'gps_read_cpp' build argument 'ament_cmake_args' from command line to 'None'
[0.409s] Level 5:colcon.colcon_core.verb:set package 'gps_read_cpp' build argument 'catkin_cmake_args' from command line to 'None'
[0.409s] Level 5:colcon.colcon_core.verb:set package 'gps_read_cpp' build argument 'catkin_skip_building_tests' from command line to 'False'
[0.409s] DEBUG:colcon.colcon_core.verb:Building package 'gps_read_cpp' with the following arguments: {'ament_cmake_args': None, 'build_base': '/home/rohan/spherebot/build/gps_read_cpp', 'catkin_cmake_args': None, 'catkin_skip_building_tests': False, 'cmake_args': None, 'cmake_clean_cache': False, 'cmake_clean_first': False, 'cmake_force_configure': False, 'cmake_target': None, 'cmake_target_skip_unavailable': False, 'install_base': '/home/rohan/spherebot/install/gps_read_cpp', 'merge_install': False, 'path': '/home/rohan/spherebot/src/gps_read_cpp', 'symlink_install': False, 'test_result_base': None}
[0.409s] INFO:colcon.colcon_core.executor:Executing jobs using 'parallel' executor
[0.410s] DEBUG:colcon.colcon_parallel_executor.executor.parallel:run_until_complete
[0.411s] INFO:colcon.colcon_ros.task.ament_cmake.build:Building ROS package in '/home/rohan/spherebot/src/gps_read_cpp' with build type 'ament_cmake'
[0.411s] INFO:colcon.colcon_cmake.task.cmake.build:Building CMake package in '/home/rohan/spherebot/src/gps_read_cpp'
[0.413s] INFO:colcon.colcon_core.plugin_system:Skipping extension 'colcon_core.shell.bat': Not used on non-Windows systems
[0.413s] INFO:colcon.colcon_core.shell:Skip shell extension 'powershell' for command environment: Not usable outside of PowerShell
[0.414s] DEBUG:colcon.colcon_core.shell:Skip shell extension 'dsv' for command environment
[0.434s] DEBUG:colcon.colcon_core.event_handler.log_command:Invoking command in '/home/rohan/spherebot/build/gps_read_cpp': AMENT_PREFIX_PATH=/home/rohan/spherebot/install/control_lib:/home/rohan/spherebot/install/i2c_lib:${AMENT_PREFIX_PATH} CMAKE_PREFIX_PATH=/home/rohan/spherebot/install/control_lib:/home/rohan/spherebot/install/i2c_lib:/opt/ros/jazzy/opt/gz_math_vendor:/opt/ros/jazzy/opt/gz_utils_vendor:/opt/ros/jazzy/opt/gz_cmake_vendor:/opt/ros/jazzy DEBUGINFOD_URLS=https://debuginfod.ubuntu.com LD_LIBRARY_PATH=/home/rohan/spherebot/install/control_lib/lib:/home/rohan/spherebot/install/i2c_lib/lib:${LD_LIBRARY_PATH} /usr/bin/cmake --build /home/rohan/spherebot/build/gps_read_cpp -- -j4 -l4
[0.575s] DEBUG:colcon.colcon_core.event_handler.log_command:Invoked command in '/home/rohan/spherebot/build/gps_read_cpp' returned '0': AMENT_PREFIX_PATH=/home/rohan/spherebot/install/control_lib:/home/rohan/spherebot/install/i2c_lib:${AMENT_PREFIX_PATH} CMAKE_PREFIX_PATH=/home/rohan/spherebot/install/control_lib:/home/rohan/spherebot/install/i2c_lib:/opt/ros/jazzy/opt/gz_math_vendor:/opt/ros/jazzy/opt/gz_utils_vendor:/opt/ros/jazzy/opt/gz_cmake_vendor:/opt/ros/jazzy DEBUGINFOD_URLS=https://debuginfod.ubuntu.com LD_LIBRARY_PATH=/home/rohan/spherebot/install/control_lib/lib:/home/rohan/spherebot/install/i2c_lib/lib:${LD_LIBRARY_PATH} /usr/bin/cmake --build /home/rohan/spherebot/build/gps_read_cpp -- -j4 -l4
[0.633s] DEBUG:colcon.colcon_core.event_handler.log_command:Invoking command in '/home/rohan/spherebot/build/gps_read_cpp': AMENT_PREFIX_PATH=/home/rohan/spherebot/install/control_lib:/home/rohan/spherebot/install/i2c_lib:${AMENT_PREFIX_PATH} CMAKE_PREFIX_PATH=/home/rohan/spherebot/install/control_lib:/home/rohan/spherebot/install/i2c_lib:/opt/ros/jazzy/opt/gz_math_vendor:/opt/ros/jazzy/opt/gz_utils_vendor:/opt/ros/jazzy/opt/gz_cmake_vendor:/opt/ros/jazzy DEBUGINFOD_URLS=https://debuginfod.ubuntu.com LD_LIBRARY_PATH=/home/rohan/spherebot/install/control_lib/lib:/home/rohan/spherebot/install/i2c_lib/lib:${LD_LIBRARY_PATH} /usr/bin/cmake --install /home/rohan/spherebot/build/gps_read_cpp
[0.655s] Level 1:colcon.colcon_core.environment:create_environment_scripts_only(gps_read_cpp)
[0.657s] DEBUG:colcon.colcon_core.event_handler.log_command:Invoked command in '/home/rohan/spherebot/build/gps_read_cpp' returned '0': AMENT_PREFIX_PATH=/home/rohan/spherebot/install/control_lib:/home/rohan/spherebot/install/i2c_lib:${AMENT_PREFIX_PATH} CMAKE_PREFIX_PATH=/home/rohan/spherebot/install/control_lib:/home/rohan/spherebot/install/i2c_lib:/opt/ros/jazzy/opt/gz_math_vendor:/opt/ros/jazzy/opt/gz_utils_vendor:/opt/ros/jazzy/opt/gz_cmake_vendor:/opt/ros/jazzy DEBUGINFOD_URLS=https://debuginfod.ubuntu.com LD_LIBRARY_PATH=/home/rohan/spherebot/install/control_lib/lib:/home/rohan/spherebot/install/i2c_lib/lib:${LD_LIBRARY_PATH} /usr/bin/cmake --install /home/rohan/spherebot/build/gps_read_cpp
[0.660s] Level 1:colcon.colcon_core.environment:checking '/home/rohan/spherebot/install/gps_read_cpp' for CMake module files
[0.661s] Level 1:colcon.colcon_core.environment:checking '/home/rohan/spherebot/install/gps_read_cpp' for CMake config files
[0.661s] Level 1:colcon.colcon_core.shell:create_environment_hook('gps_read_cpp', 'cmake_prefix_path')
[0.662s] INFO:colcon.colcon_core.shell:Creating environment hook '/home/rohan/spherebot/install/gps_read_cpp/share/gps_read_cpp/hook/cmake_prefix_path.ps1'
[0.662s] INFO:colcon.colcon_core.shell:Creating environment descriptor '/home/rohan/spherebot/install/gps_read_cpp/share/gps_read_cpp/hook/cmake_prefix_path.dsv'
[0.663s] INFO:colcon.colcon_core.shell:Creating environment hook '/home/rohan/spherebot/install/gps_read_cpp/share/gps_read_cpp/hook/cmake_prefix_path.sh'
[0.665s] Level 1:colcon.colcon_core.environment:checking '/home/rohan/spherebot/install/gps_read_cpp/lib'
[0.665s] Level 1:colcon.colcon_core.environment:checking '/home/rohan/spherebot/install/gps_read_cpp/bin'
[0.665s] Level 1:colcon.colcon_core.environment:checking '/home/rohan/spherebot/install/gps_read_cpp/lib/pkgconfig/gps_read_cpp.pc'
[0.666s] Level 1:colcon.colcon_core.environment:checking '/home/rohan/spherebot/install/gps_read_cpp/lib/python3.12/site-packages'
[0.666s] Level 1:colcon.colcon_core.environment:checking '/home/rohan/spherebot/install/gps_read_cpp/bin'
[0.666s] INFO:colcon.colcon_core.shell:Creating package script '/home/rohan/spherebot/install/gps_read_cpp/share/gps_read_cpp/package.ps1'
[0.667s] INFO:colcon.colcon_core.shell:Creating package descriptor '/home/rohan/spherebot/install/gps_read_cpp/share/gps_read_cpp/package.dsv'
[0.668s] INFO:colcon.colcon_core.shell:Creating package script '/home/rohan/spherebot/install/gps_read_cpp/share/gps_read_cpp/package.sh'
[0.669s] INFO:colcon.colcon_core.shell:Creating package script '/home/rohan/spherebot/install/gps_read_cpp/share/gps_read_cpp/package.bash'
[0.670s] INFO:colcon.colcon_core.shell:Creating package script '/home/rohan/spherebot/install/gps_read_cpp/share/gps_read_cpp/package.zsh'
[0.671s] Level 1:colcon.colcon_core.environment:create_file_with_runtime_dependencies(/home/rohan/spherebot/install/gps_read_cpp/share/colcon-core/packages/gps_read_cpp)
[0.713s] Level 1:colcon.colcon_core.environment:create_environment_scripts_only(gps_read_cpp)
[0.713s] Level 1:colcon.colcon_core.environment:checking '/home/rohan/spherebot/install/gps_read_cpp' for CMake module files
[0.714s] Level 1:colcon.colcon_core.environment:checking '/home/rohan/spherebot/install/gps_read_cpp' for CMake config files
[0.714s] Level 1:colcon.colcon_core.shell:create_environment_hook('gps_read_cpp', 'cmake_prefix_path')
[0.715s] INFO:colcon.colcon_core.shell:Creating environment hook '/home/rohan/spherebot/install/gps_read_cpp/share/gps_read_cpp/hook/cmake_prefix_path.ps1'
[0.715s] INFO:colcon.colcon_core.shell:Creating environment descriptor '/home/rohan/spherebot/install/gps_read_cpp/share/gps_read_cpp/hook/cmake_prefix_path.dsv'
[0.716s] INFO:colcon.colcon_core.shell:Creating environment hook '/home/rohan/spherebot/install/gps_read_cpp/share/gps_read_cpp/hook/cmake_prefix_path.sh'
[0.717s] Level 1:colcon.colcon_core.environment:checking '/home/rohan/spherebot/install/gps_read_cpp/lib'
[0.717s] Level 1:colcon.colcon_core.environment:checking '/home/rohan/spherebot/install/gps_read_cpp/bin'
[0.717s] Level 1:colcon.colcon_core.environment:checking '/home/rohan/spherebot/install/gps_read_cpp/lib/pkgconfig/gps_read_cpp.pc'
[0.718s] Level 1:colcon.colcon_core.environment:checking '/home/rohan/spherebot/install/gps_read_cpp/lib/python3.12/site-packages'
[0.718s] Level 1:colcon.colcon_core.environment:checking '/home/rohan/spherebot/install/gps_read_cpp/bin'
[0.719s] INFO:colcon.colcon_core.shell:Creating package script '/home/rohan/spherebot/install/gps_read_cpp/share/gps_read_cpp/package.ps1'
[0.719s] INFO:colcon.colcon_core.shell:Creating package descriptor '/home/rohan/spherebot/install/gps_read_cpp/share/gps_read_cpp/package.dsv'
[0.720s] INFO:colcon.colcon_core.shell:Creating package script '/home/rohan/spherebot/install/gps_read_cpp/share/gps_read_cpp/package.sh'
[0.721s] INFO:colcon.colcon_core.shell:Creating package script '/home/rohan/spherebot/install/gps_read_cpp/share/gps_read_cpp/package.bash'
[0.721s] INFO:colcon.colcon_core.shell:Creating package script '/home/rohan/spherebot/install/gps_read_cpp/share/gps_read_cpp/package.zsh'
[0.722s] Level 1:colcon.colcon_core.environment:create_file_with_runtime_dependencies(/home/rohan/spherebot/install/gps_read_cpp/share/colcon-core/packages/gps_read_cpp)
[0.723s] DEBUG:colcon.colcon_parallel_executor.executor.parallel:closing loop
[0.724s] DEBUG:colcon.colcon_parallel_executor.executor.parallel:loop closed
[0.724s] DEBUG:colcon.colcon_parallel_executor.executor.parallel:run_until_complete finished with '0'
[0.724s] DEBUG:colcon.colcon_core.event_reactor:joining thread
[0.733s] INFO:colcon.colcon_core.plugin_system:Skipping extension 'colcon_notification.desktop_notification.terminal_notifier': Not used on non-Darwin systems
[0.733s] INFO:colcon.colcon_core.plugin_system:Skipping extension 'colcon_notification.desktop_notification.win32': Not used on non-Windows systems
[0.733s] INFO:colcon.colcon_notification.desktop_notification:Sending desktop notification using 'notify2'
[0.734s] DEBUG:colcon.colcon_notification.desktop_notification.notify2:Failed to initialize notify2: org.freedesktop.DBus.Error.ServiceUnknown: The name org.freedesktop.Notifications was not provided by any .service files
[0.735s] DEBUG:colcon.colcon_core.event_reactor:joined thread
[0.735s] INFO:colcon.colcon_core.shell:Creating prefix script '/home/rohan/spherebot/install/local_setup.ps1'
[0.736s] INFO:colcon.colcon_core.shell:Creating prefix util module '/home/rohan/spherebot/install/_local_setup_util_ps1.py'
[0.738s] INFO:colcon.colcon_core.shell:Creating prefix chain script '/home/rohan/spherebot/install/setup.ps1'
[0.739s] INFO:colcon.colcon_core.shell:Creating prefix script '/home/rohan/spherebot/install/local_setup.sh'
[0.740s] INFO:colcon.colcon_core.shell:Creating prefix util module '/home/rohan/spherebot/install/_local_setup_util_sh.py'
[0.742s] INFO:colcon.colcon_core.shell:Creating prefix chain script '/home/rohan/spherebot/install/setup.sh'
[0.744s] INFO:colcon.colcon_core.shell:Creating prefix script '/home/rohan/spherebot/install/local_setup.bash'
[0.745s] INFO:colcon.colcon_core.shell:Creating prefix chain script '/home/rohan/spherebot/install/setup.bash'
[0.746s] INFO:colcon.colcon_core.shell:Creating prefix script '/home/rohan/spherebot/install/local_setup.zsh'
[0.748s] INFO:colcon.colcon_core.shell:Creating prefix chain script '/home/rohan/spherebot/install/setup.zsh'
