[0.022s] Invoking command in '/home/rohan/spherebot/build/dfr_10_dof_pkg': AMENT_PREFIX_PATH=/home/rohan/spherebot/install/control_lib:/home/rohan/spherebot/install/i2c_lib:${AMENT_PREFIX_PATH} CMAKE_PREFIX_PATH=/home/rohan/spherebot/install/control_lib:/home/rohan/spherebot/install/i2c_lib:/opt/ros/jazzy/opt/gz_math_vendor:/opt/ros/jazzy/opt/gz_utils_vendor:/opt/ros/jazzy/opt/gz_cmake_vendor:/opt/ros/jazzy DEBUGINFOD_URLS=https://debuginfod.ubuntu.com LD_LIBRARY_PATH=/home/rohan/spherebot/install/control_lib/lib:/home/rohan/spherebot/install/i2c_lib/lib:${LD_LIBRARY_PATH} /usr/bin/cmake --build /home/rohan/spherebot/build/dfr_10_dof_pkg -- -j4 -l4
[0.153s] [ 20%] [32mBuilding CXX object CMakeFiles/environmental_node.dir/src/environmental_data_node.cpp.o[0m
[0.157s] [ 50%] Built target imu_data_node
[0.165s] [ 60%] [32mBuilding CXX object CMakeFiles/magneometer_node.dir/src/magnetometer_data_node.cpp.o[0m
[9.117s] [ 70%] [32m[1mLinking CXX executable environmental_node[0m
[9.501s] [ 80%] Built target environmental_node
[15.012s] [ 90%] [32m[1mLinking CXX executable magneometer_node[0m
[15.765s] [100%] Built target magneometer_node
[15.786s] Invoked command in '/home/rohan/spherebot/build/dfr_10_dof_pkg' returned '0': AMENT_PREFIX_PATH=/home/rohan/spherebot/install/control_lib:/home/rohan/spherebot/install/i2c_lib:${AMENT_PREFIX_PATH} CMAKE_PREFIX_PATH=/home/rohan/spherebot/install/control_lib:/home/rohan/spherebot/install/i2c_lib:/opt/ros/jazzy/opt/gz_math_vendor:/opt/ros/jazzy/opt/gz_utils_vendor:/opt/ros/jazzy/opt/gz_cmake_vendor:/opt/ros/jazzy DEBUGINFOD_URLS=https://debuginfod.ubuntu.com LD_LIBRARY_PATH=/home/rohan/spherebot/install/control_lib/lib:/home/rohan/spherebot/install/i2c_lib/lib:${LD_LIBRARY_PATH} /usr/bin/cmake --build /home/rohan/spherebot/build/dfr_10_dof_pkg -- -j4 -l4
[15.861s] Invoking command in '/home/rohan/spherebot/build/dfr_10_dof_pkg': AMENT_PREFIX_PATH=/home/rohan/spherebot/install/control_lib:/home/rohan/spherebot/install/i2c_lib:${AMENT_PREFIX_PATH} CMAKE_PREFIX_PATH=/home/rohan/spherebot/install/control_lib:/home/rohan/spherebot/install/i2c_lib:/opt/ros/jazzy/opt/gz_math_vendor:/opt/ros/jazzy/opt/gz_utils_vendor:/opt/ros/jazzy/opt/gz_cmake_vendor:/opt/ros/jazzy DEBUGINFOD_URLS=https://debuginfod.ubuntu.com LD_LIBRARY_PATH=/home/rohan/spherebot/install/control_lib/lib:/home/rohan/spherebot/install/i2c_lib/lib:${LD_LIBRARY_PATH} /usr/bin/cmake --install /home/rohan/spherebot/build/dfr_10_dof_pkg
[15.875s] -- Install configuration: ""
[15.876s] -- Up-to-date: /home/rohan/spherebot/install/dfr_10_dof_pkg/lib/dfr_10_dof_pkg/imu_data_node
[15.876s] -- Installing: /home/rohan/spherebot/install/dfr_10_dof_pkg/lib/dfr_10_dof_pkg/magneometer_node
[15.889s] -- Set non-toolchain portion of runtime path of "/home/rohan/spherebot/install/dfr_10_dof_pkg/lib/dfr_10_dof_pkg/magneometer_node" to ""
[15.891s] -- Installing: /home/rohan/spherebot/install/dfr_10_dof_pkg/lib/dfr_10_dof_pkg/environmental_node
[15.895s] -- Set non-toolchain portion of runtime path of "/home/rohan/spherebot/install/dfr_10_dof_pkg/lib/dfr_10_dof_pkg/environmental_node" to ""
[15.895s] -- Up-to-date: /home/rohan/spherebot/install/dfr_10_dof_pkg/share/ament_index/resource_index/package_run_dependencies/dfr_10_dof_pkg
[15.895s] -- Up-to-date: /home/rohan/spherebot/install/dfr_10_dof_pkg/share/ament_index/resource_index/parent_prefix_path/dfr_10_dof_pkg
[15.896s] -- Up-to-date: /home/rohan/spherebot/install/dfr_10_dof_pkg/share/dfr_10_dof_pkg/environment/ament_prefix_path.sh
[15.896s] -- Up-to-date: /home/rohan/spherebot/install/dfr_10_dof_pkg/share/dfr_10_dof_pkg/environment/ament_prefix_path.dsv
[15.896s] -- Up-to-date: /home/rohan/spherebot/install/dfr_10_dof_pkg/share/dfr_10_dof_pkg/environment/path.sh
[15.896s] -- Up-to-date: /home/rohan/spherebot/install/dfr_10_dof_pkg/share/dfr_10_dof_pkg/environment/path.dsv
[15.896s] -- Up-to-date: /home/rohan/spherebot/install/dfr_10_dof_pkg/share/dfr_10_dof_pkg/local_setup.bash
[15.896s] -- Up-to-date: /home/rohan/spherebot/install/dfr_10_dof_pkg/share/dfr_10_dof_pkg/local_setup.sh
[15.896s] -- Up-to-date: /home/rohan/spherebot/install/dfr_10_dof_pkg/share/dfr_10_dof_pkg/local_setup.zsh
[15.896s] -- Up-to-date: /home/rohan/spherebot/install/dfr_10_dof_pkg/share/dfr_10_dof_pkg/local_setup.dsv
[15.896s] -- Installing: /home/rohan/spherebot/install/dfr_10_dof_pkg/share/dfr_10_dof_pkg/package.dsv
[15.897s] -- Up-to-date: /home/rohan/spherebot/install/dfr_10_dof_pkg/share/ament_index/resource_index/packages/dfr_10_dof_pkg
[15.897s] -- Up-to-date: /home/rohan/spherebot/install/dfr_10_dof_pkg/share/dfr_10_dof_pkg/cmake/dfr_10_dof_pkgConfig.cmake
[15.897s] -- Up-to-date: /home/rohan/spherebot/install/dfr_10_dof_pkg/share/dfr_10_dof_pkg/cmake/dfr_10_dof_pkgConfig-version.cmake
[15.897s] -- Up-to-date: /home/rohan/spherebot/install/dfr_10_dof_pkg/share/dfr_10_dof_pkg/package.xml
[15.900s] Invoked command in '/home/rohan/spherebot/build/dfr_10_dof_pkg' returned '0': AMENT_PREFIX_PATH=/home/rohan/spherebot/install/control_lib:/home/rohan/spherebot/install/i2c_lib:${AMENT_PREFIX_PATH} CMAKE_PREFIX_PATH=/home/rohan/spherebot/install/control_lib:/home/rohan/spherebot/install/i2c_lib:/opt/ros/jazzy/opt/gz_math_vendor:/opt/ros/jazzy/opt/gz_utils_vendor:/opt/ros/jazzy/opt/gz_cmake_vendor:/opt/ros/jazzy DEBUGINFOD_URLS=https://debuginfod.ubuntu.com LD_LIBRARY_PATH=/home/rohan/spherebot/install/control_lib/lib:/home/rohan/spherebot/install/i2c_lib/lib:${LD_LIBRARY_PATH} /usr/bin/cmake --install /home/rohan/spherebot/build/dfr_10_dof_pkg
