[0.034s] Invoking command in '/home/rohan/spherebot/build/dfr_10_dof_pkg': AMENT_PREFIX_PATH=/home/rohan/spherebot/install/i2c_lib:${AMENT_PREFIX_PATH} CMAKE_PREFIX_PATH=/home/rohan/spherebot/install/i2c_lib:/opt/ros/jazzy/opt/gz_math_vendor:/opt/ros/jazzy/opt/gz_utils_vendor:/opt/ros/jazzy/opt/gz_cmake_vendor:/opt/ros/jazzy DEBUGINFOD_URLS=https://debuginfod.ubuntu.com LD_LIBRARY_PATH=/home/rohan/spherebot/install/i2c_lib/lib:${LD_LIBRARY_PATH} /usr/bin/cmake --build /home/rohan/spherebot/build/dfr_10_dof_pkg -- -j4 -l4
[0.510s] [ 40%] [32mBuilding CXX object CMakeFiles/magneometer_node.dir/src/magnetometer_data_node.cpp.o[0m
[0.511s] [ 70%] Built target environmental_node
[0.511s] [ 80%] Built target imu_data_node
[6.450s] In file included from [01m[K/home/rohan/spherebot/src/dfr_10_dof_pkg/src/magnetometer_data_node.cpp:1[m[K:
[6.450s] [01m[K/home/rohan/spherebot/src/dfr_10_dof_pkg/src/../include/dfr_10_dof_pkg/magnetometer_data_node.hpp:34:9:[m[K [01;31m[Kerror: [m[Kexpected ‘[01m[K;[m[K’ before ‘[01m[Kfloat[m[K’
[6.450s]    34 |         [01;31m[Kfloat[m[K hard_iron_bias_y =  -2.1566405156685073
[6.450s]       |         [01;31m[K^~~~~[m[K
[6.480s] [01m[K/home/rohan/spherebot/src/dfr_10_dof_pkg/src/magnetometer_data_node.cpp:47:20:[m[K [01;31m[Kerror: [m[Kno declaration matches ‘[01m[Kstd::vector<float> MagnetometerPublisher::[01;32m[KgetCalibratedValues[m[K(float, float, float)[m[K’
[6.480s]    47 | std::vector<float> [01;31m[KMagnetometerPublisher[m[K::getCalibratedValues(float Mx, float My, float Mz)
[6.480s]       |                    [01;31m[K^~~~~~~~~~~~~~~~~~~~~[m[K
[6.480s] [01m[K/home/rohan/spherebot/src/dfr_10_dof_pkg/src/magnetometer_data_node.cpp:47:20:[m[K [01;36m[Knote: [m[Kno functions named ‘[01m[Kstd::vector<float> MagnetometerPublisher::[01;32m[KgetCalibratedValues[m[K(float, float, float)[m[K’
[6.480s] [01m[K/home/rohan/spherebot/src/dfr_10_dof_pkg/src/../include/dfr_10_dof_pkg/magnetometer_data_node.hpp:15:7:[m[K [01;36m[Knote: [m[K‘[01m[Kclass MagnetometerPublisher[m[K’ defined here
[6.480s]    15 | class [01;36m[KMagnetometerPublisher[m[K : public rclcpp::Node
[6.480s]       |       [01;36m[K^~~~~~~~~~~~~~~~~~~~~[m[K
[6.481s] [01m[K/home/rohan/spherebot/src/dfr_10_dof_pkg/src/magnetometer_data_node.cpp:[m[K In member function ‘[01m[Kvoid MagnetometerPublisher::[01;32m[Kpublish_data[m[K()[m[K’:
[6.481s] [01m[K/home/rohan/spherebot/src/dfr_10_dof_pkg/src/magnetometer_data_node.cpp:83:5:[m[K [01;31m[Kerror: [m[Kexpected primary-expression before ‘[01m[K}[m[K’ token
[6.481s]    83 |     [01;31m[K}[m[K
[6.481s]       |     [01;31m[K^[m[K
[6.481s] [01m[K/home/rohan/spherebot/src/dfr_10_dof_pkg/src/magnetometer_data_node.cpp:82:15:[m[K [01;31m[Kerror: [m[Kexpected ‘[01m[K;[m[K’ before ‘[01m[K}[m[K’ token
[6.482s]    82 |         return
[6.482s]       |               [01;31m[K^[m[K
[6.482s]       |               [32m[K;[m[K
[6.482s]    83 |     [32m[K}[m[K
[6.482s]       |     [32m[K~[m[K          
[6.494s] [01m[K/home/rohan/spherebot/src/dfr_10_dof_pkg/src/magnetometer_data_node.cpp:86:55:[m[K [01;31m[Kerror: [m[K‘[01m[Kconv_factor[m[K’ was not declared in this scope
[6.494s]    86 |     float Mx_uT = static_cast<float>(magData.XAxis) * [01;31m[Kconv_factor[m[K;
[6.494s]       |                                                       [01;31m[K^~~~~~~~~~~[m[K
[6.509s] [01m[K/home/rohan/spherebot/src/dfr_10_dof_pkg/src/magnetometer_data_node.cpp:90:43:[m[K [01;31m[Kerror: [m[K‘[01m[KgetCalibratedValues[m[K’ was not declared in this scope; did you mean ‘[01m[KcalibratedValues[m[K’?
[6.509s]    90 |     std::vector<float> calibratedValues = [01;31m[KgetCalibratedValues[m[K(Mx_uT, My_uT, Mz_uT);
[6.509s]       |                                           [01;31m[K^~~~~~~~~~~~~~~~~~~[m[K
[6.510s]       |                                           [32m[KcalibratedValues[m[K
[6.510s] [01m[K/home/rohan/spherebot/src/dfr_10_dof_pkg/src/magnetometer_data_node.cpp:95:28:[m[K [01;31m[Kerror: [m[Kexpected ‘[01m[K)[m[K’ before ‘[01m[K_AccelY[m[K’
[6.510s]    95 |         calibratedValues[2]
[6.510s]       |                            [01;31m[K^[m[K
[6.510s]       |                            [32m[K)[m[K
[6.510s]    96 |         [32m[K_AccelY[m[K,
[6.510s]       |         [32m[K~~~~~~~[m[K             
[6.510s] [01m[K/home/rohan/spherebot/src/dfr_10_dof_pkg/src/magnetometer_data_node.cpp:92:51:[m[K [01;36m[Knote: [m[Kto match this ‘[01m[K([m[K’
[6.510s]    92 |     compensatedHeading_ = tilt_compensated_heading[01;36m[K([m[K
[6.510s]       |                                                   [01;36m[K^[m[K
[6.528s] [01m[K/home/rohan/spherebot/src/dfr_10_dof_pkg/src/magnetometer_data_node.cpp:92:27:[m[K [01;31m[Kerror: [m[K‘[01m[Ktilt_compensated_heading[m[K’ was not declared in this scope; did you mean ‘[01m[KcompensatedHeading_[m[K’?
[6.528s]    92 |     compensatedHeading_ = [01;31m[Ktilt_compensated_heading[m[K(
[6.528s]       |                           [01;31m[K^~~~~~~~~~~~~~~~~~~~~~~~[m[K
[6.528s]       |                           [32m[KcompensatedHeading_[m[K
[6.544s] [01m[K/home/rohan/spherebot/src/dfr_10_dof_pkg/src/magnetometer_data_node.cpp:108:20:[m[K [01;31m[Kerror: [m[K‘[01m[KheadingDegrees[m[K’ was not declared in this scope
[6.544s]   108 |     mag_msg.data = [01;31m[KheadingDegrees[m[K;
[6.544s]       |                    [01;31m[K^~~~~~~~~~~~~~[m[K
[6.545s] [01m[K/home/rohan/spherebot/src/dfr_10_dof_pkg/src/magnetometer_data_node.cpp:[m[K At global scope:
[6.545s] [01m[K/home/rohan/spherebot/src/dfr_10_dof_pkg/src/magnetometer_data_node.cpp:114:7:[m[K [01;31m[Kerror: [m[Kno declaration matches ‘[01m[Kfloat MagnetometerPublisher::[01;32m[Ktilt_compensated_heading[m[K(float, float, float, float, float, float)[m[K’
[6.545s]   114 | float [01;31m[KMagnetometerPublisher[m[K::tilt_compensated_heading(float Mx, float My, float Mz, float ax, float ay, float az)
[6.545s]       |       [01;31m[K^~~~~~~~~~~~~~~~~~~~~[m[K
[6.545s] [01m[K/home/rohan/spherebot/src/dfr_10_dof_pkg/src/magnetometer_data_node.cpp:114:7:[m[K [01;36m[Knote: [m[Kno functions named ‘[01m[Kfloat MagnetometerPublisher::[01;32m[Ktilt_compensated_heading[m[K(float, float, float, float, float, float)[m[K’
[6.545s] [01m[K/home/rohan/spherebot/src/dfr_10_dof_pkg/src/../include/dfr_10_dof_pkg/magnetometer_data_node.hpp:15:7:[m[K [01;36m[Knote: [m[K‘[01m[Kclass MagnetometerPublisher[m[K’ defined here
[6.545s]    15 | class [01;36m[KMagnetometerPublisher[m[K : public rclcpp::Node
[6.545s]       |       [01;36m[K^~~~~~~~~~~~~~~~~~~~~[m[K
[11.712s] gmake[2]: *** [CMakeFiles/magneometer_node.dir/build.make:76: CMakeFiles/magneometer_node.dir/src/magnetometer_data_node.cpp.o] Error 1
[11.712s] gmake[1]: *** [CMakeFiles/Makefile2:167: CMakeFiles/magneometer_node.dir/all] Error 2
[11.712s] gmake: *** [Makefile:146: all] Error 2
[11.717s] Invoked command in '/home/rohan/spherebot/build/dfr_10_dof_pkg' returned '2': AMENT_PREFIX_PATH=/home/rohan/spherebot/install/i2c_lib:${AMENT_PREFIX_PATH} CMAKE_PREFIX_PATH=/home/rohan/spherebot/install/i2c_lib:/opt/ros/jazzy/opt/gz_math_vendor:/opt/ros/jazzy/opt/gz_utils_vendor:/opt/ros/jazzy/opt/gz_cmake_vendor:/opt/ros/jazzy DEBUGINFOD_URLS=https://debuginfod.ubuntu.com LD_LIBRARY_PATH=/home/rohan/spherebot/install/i2c_lib/lib:${LD_LIBRARY_PATH} /usr/bin/cmake --build /home/rohan/spherebot/build/dfr_10_dof_pkg -- -j4 -l4
