[0.023s] Invoking command in '/home/rohan/spherebot/build/autonomous_control_pid': AMENT_PREFIX_PATH=/home/rohan/spherebot/install/control_lib:/home/rohan/spherebot/install/i2c_lib:${AMENT_PREFIX_PATH} CMAKE_PREFIX_PATH=/home/rohan/spherebot/install/control_lib:/home/rohan/spherebot/install/i2c_lib:/opt/ros/jazzy/opt/gz_math_vendor:/opt/ros/jazzy/opt/gz_utils_vendor:/opt/ros/jazzy/opt/gz_cmake_vendor:/opt/ros/jazzy DEBUGINFOD_URLS=https://debuginfod.ubuntu.com LD_LIBRARY_PATH=/home/rohan/spherebot/install/control_lib/lib:/home/rohan/spherebot/install/i2c_lib/lib:${LD_LIBRARY_PATH} /usr/bin/cmake --build /home/rohan/spherebot/build/autonomous_control_pid -- -j4 -l4
[0.138s] [ 50%] [32mBuilding CXX object CMakeFiles/autonomous_control_pid_node.dir/src/autonomous_control_pid_node.cpp.o[0m
[31.647s] [100%] [32m[1mLinking CXX executable autonomous_control_pid_node[0m
[33.955s] [100%] Built target autonomous_control_pid_node
[33.976s] Invoked command in '/home/rohan/spherebot/build/autonomous_control_pid' returned '0': AMENT_PREFIX_PATH=/home/rohan/spherebot/install/control_lib:/home/rohan/spherebot/install/i2c_lib:${AMENT_PREFIX_PATH} CMAKE_PREFIX_PATH=/home/rohan/spherebot/install/control_lib:/home/rohan/spherebot/install/i2c_lib:/opt/ros/jazzy/opt/gz_math_vendor:/opt/ros/jazzy/opt/gz_utils_vendor:/opt/ros/jazzy/opt/gz_cmake_vendor:/opt/ros/jazzy DEBUGINFOD_URLS=https://debuginfod.ubuntu.com LD_LIBRARY_PATH=/home/rohan/spherebot/install/control_lib/lib:/home/rohan/spherebot/install/i2c_lib/lib:${LD_LIBRARY_PATH} /usr/bin/cmake --build /home/rohan/spherebot/build/autonomous_control_pid -- -j4 -l4
[34.030s] Invoking command in '/home/rohan/spherebot/build/autonomous_control_pid': AMENT_PREFIX_PATH=/home/rohan/spherebot/install/control_lib:/home/rohan/spherebot/install/i2c_lib:${AMENT_PREFIX_PATH} CMAKE_PREFIX_PATH=/home/rohan/spherebot/install/control_lib:/home/rohan/spherebot/install/i2c_lib:/opt/ros/jazzy/opt/gz_math_vendor:/opt/ros/jazzy/opt/gz_utils_vendor:/opt/ros/jazzy/opt/gz_cmake_vendor:/opt/ros/jazzy DEBUGINFOD_URLS=https://debuginfod.ubuntu.com LD_LIBRARY_PATH=/home/rohan/spherebot/install/control_lib/lib:/home/rohan/spherebot/install/i2c_lib/lib:${LD_LIBRARY_PATH} /usr/bin/cmake --install /home/rohan/spherebot/build/autonomous_control_pid
[34.045s] -- Install configuration: ""
[34.045s] -- Installing: /home/rohan/spherebot/install/autonomous_control_pid/lib/autonomous_control_pid/autonomous_control_pid_node
[34.092s] -- Set non-toolchain portion of runtime path of "/home/rohan/spherebot/install/autonomous_control_pid/lib/autonomous_control_pid/autonomous_control_pid_node" to ""
[34.092s] -- Up-to-date: /home/rohan/spherebot/install/autonomous_control_pid/share/autonomous_control_pid//launch
[34.092s] -- Up-to-date: /home/rohan/spherebot/install/autonomous_control_pid/share/autonomous_control_pid//launch/autonomous_control_PID_launch.py
[34.093s] -- Up-to-date: /home/rohan/spherebot/install/autonomous_control_pid/share/ament_index/resource_index/package_run_dependencies/autonomous_control_pid
[34.093s] -- Up-to-date: /home/rohan/spherebot/install/autonomous_control_pid/share/ament_index/resource_index/parent_prefix_path/autonomous_control_pid
[34.093s] -- Up-to-date: /home/rohan/spherebot/install/autonomous_control_pid/share/autonomous_control_pid/environment/ament_prefix_path.sh
[34.093s] -- Up-to-date: /home/rohan/spherebot/install/autonomous_control_pid/share/autonomous_control_pid/environment/ament_prefix_path.dsv
[34.093s] -- Up-to-date: /home/rohan/spherebot/install/autonomous_control_pid/share/autonomous_control_pid/environment/path.sh
[34.093s] -- Up-to-date: /home/rohan/spherebot/install/autonomous_control_pid/share/autonomous_control_pid/environment/path.dsv
[34.093s] -- Up-to-date: /home/rohan/spherebot/install/autonomous_control_pid/share/autonomous_control_pid/local_setup.bash
[34.093s] -- Up-to-date: /home/rohan/spherebot/install/autonomous_control_pid/share/autonomous_control_pid/local_setup.sh
[34.093s] -- Up-to-date: /home/rohan/spherebot/install/autonomous_control_pid/share/autonomous_control_pid/local_setup.zsh
[34.094s] -- Up-to-date: /home/rohan/spherebot/install/autonomous_control_pid/share/autonomous_control_pid/local_setup.dsv
[34.094s] -- Installing: /home/rohan/spherebot/install/autonomous_control_pid/share/autonomous_control_pid/package.dsv
[34.094s] -- Up-to-date: /home/rohan/spherebot/install/autonomous_control_pid/share/ament_index/resource_index/packages/autonomous_control_pid
[34.094s] -- Up-to-date: /home/rohan/spherebot/install/autonomous_control_pid/share/autonomous_control_pid/cmake/autonomous_control_pidConfig.cmake
[34.094s] -- Up-to-date: /home/rohan/spherebot/install/autonomous_control_pid/share/autonomous_control_pid/cmake/autonomous_control_pidConfig-version.cmake
[34.094s] -- Up-to-date: /home/rohan/spherebot/install/autonomous_control_pid/share/autonomous_control_pid/package.xml
[34.096s] Invoked command in '/home/rohan/spherebot/build/autonomous_control_pid' returned '0': AMENT_PREFIX_PATH=/home/rohan/spherebot/install/control_lib:/home/rohan/spherebot/install/i2c_lib:${AMENT_PREFIX_PATH} CMAKE_PREFIX_PATH=/home/rohan/spherebot/install/control_lib:/home/rohan/spherebot/install/i2c_lib:/opt/ros/jazzy/opt/gz_math_vendor:/opt/ros/jazzy/opt/gz_utils_vendor:/opt/ros/jazzy/opt/gz_cmake_vendor:/opt/ros/jazzy DEBUGINFOD_URLS=https://debuginfod.ubuntu.com LD_LIBRARY_PATH=/home/rohan/spherebot/install/control_lib/lib:/home/rohan/spherebot/install/i2c_lib/lib:${LD_LIBRARY_PATH} /usr/bin/cmake --install /home/rohan/spherebot/build/autonomous_control_pid
