[0.021s] Invoking command in '/home/rohan/spherebot/build/control_lib': AMENT_PREFIX_PATH=/home/rohan/spherebot/install/i2c_lib:${AMENT_PREFIX_PATH} CMAKE_PREFIX_PATH=/home/rohan/spherebot/install/i2c_lib:/opt/ros/jazzy/opt/gz_math_vendor:/opt/ros/jazzy/opt/gz_utils_vendor:/opt/ros/jazzy/opt/gz_cmake_vendor:/opt/ros/jazzy DEBUGINFOD_URLS=https://debuginfod.ubuntu.com LD_LIBRARY_PATH=/home/rohan/spherebot/install/i2c_lib/lib:${LD_LIBRARY_PATH} /usr/bin/cmake --build /home/rohan/spherebot/build/control_lib -- -j4 -l4
[0.068s] -- Found ament_cmake: 2.5.2 (/opt/ros/jazzy/share/ament_cmake/cmake)
[0.417s] -- Found rclcpp: 28.1.3 (/opt/ros/jazzy/share/rclcpp/cmake)
[0.495s] -- Found rosidl_generator_c: 4.6.3 (/opt/ros/jazzy/share/rosidl_generator_c/cmake)
[0.513s] -- Found rosidl_generator_cpp: 4.6.3 (/opt/ros/jazzy/share/rosidl_generator_cpp/cmake)
[0.529s] -- Using all available rosidl_typesupport_c: rosidl_typesupport_fastrtps_c;rosidl_typesupport_introspection_c
[0.548s] -- Using all available rosidl_typesupport_cpp: rosidl_typesupport_fastrtps_cpp;rosidl_typesupport_introspection_cpp
[0.664s] -- Found rmw_implementation_cmake: 7.3.1 (/opt/ros/jazzy/share/rmw_implementation_cmake/cmake)
[0.668s] -- Found rmw_fastrtps_cpp: 8.4.1 (/opt/ros/jazzy/share/rmw_fastrtps_cpp/cmake)
[0.783s] -- Using RMW implementation 'rmw_fastrtps_cpp' as default
[0.864s] -- Found sensor_msgs: 5.3.5 (/opt/ros/jazzy/share/sensor_msgs/cmake)
[0.992s] -- Found i2c_lib: 0.0.1 (/home/rohan/spherebot/install/i2c_lib/share/i2c_lib/cmake)
[1.174s] -- Configuring done (1.1s)
[1.208s] -- Generating done (0.0s)
[1.223s] -- Build files have been written to: /home/rohan/spherebot/build/control_lib
[1.307s] [ 42%] [32mBuilding CXX object CMakeFiles/control_interfaces.dir/src/auxilary_arduino.cpp.o[0m
[1.311s] [ 42%] [32mBuilding CXX object CMakeFiles/control_interfaces.dir/src/LowpassFilter.cpp.o[0m
[1.312s] [ 42%] [32mBuilding CXX object CMakeFiles/control_interfaces.dir/src/kinematic_transforms.cpp.o[0m
[1.313s] [ 57%] [32mBuilding CXX object CMakeFiles/control_interfaces.dir/src/stanleyControl.cpp.o[0m
[1.360s] [01m[K/home/rohan/spherebot/src/control_lib/src/LowpassFilter.cpp:1:10:[m[K [01;31m[Kfatal error: [m[K./include/control_lib/LowPassFilter.hpp: No such file or directory
[1.360s]     1 | #include [01;31m[K"./include/control_lib/LowPassFilter.hpp"[m[K
[1.360s]       |          [01;31m[K^~~~~~~~~~~~~~~~~~~~~~~~~~~~~~~~~~~~~~~~~[m[K
[1.360s] compilation terminated.
[1.368s] gmake[2]: *** [CMakeFiles/control_interfaces.dir/build.make:146: CMakeFiles/control_interfaces.dir/src/LowpassFilter.cpp.o] Error 1
[1.370s] gmake[2]: *** Waiting for unfinished jobs....
[1.662s] In file included from [01m[K/home/rohan/spherebot/src/control_lib/src/kinematic_transforms.cpp:1[m[K:
[1.662s] [01m[K/home/rohan/spherebot/src/control_lib/src/../include/control_lib/kinematic_transforms.hpp:16:84:[m[K [01;31m[Kerror: [m[K‘[01m[Kmap[m[K’ in namespace ‘[01m[Kstd[m[K’ does not name a template type
[1.662s]    16 | float calculate_u_ref(float alpha, float theta, float dtheta, float rc, const std::[01;31m[Kmap[m[K<std::string, float>& params); // Computes reference u based on rc
[1.662s]       |                                                                                    [01;31m[K^~~[m[K
[1.665s] [01m[K/home/rohan/spherebot/src/control_lib/src/../include/control_lib/kinematic_transforms.hpp:3:1:[m[K [01;36m[Knote: [m[K‘[01m[Kstd::map[m[K’ is defined in header ‘[01m[K<map>[m[K’; did you forget to ‘[01m[K#include <map>[m[K’?
[1.666s]     2 | #include <utility> // For pair
[1.667s]   +++ |+[32m[K#include <map>[m[K
[1.668s]     3 | 
[1.669s] [01m[K/home/rohan/spherebot/src/control_lib/src/../include/control_lib/kinematic_transforms.hpp:16:87:[m[K [01;31m[Kerror: [m[Kexpected ‘[01m[K,[m[K’ or ‘[01m[K...[m[K’ before ‘[01m[K<[m[K’ token
[1.670s]    16 | float calculate_u_ref(float alpha, float theta, float dtheta, float rc, const std::map[01;31m[K<[m[Kstd::string, float>& params); // Computes reference u based on rc
[1.671s]       |                                                                                       [01;31m[K^[m[K
[1.672s] [01m[K/home/rohan/spherebot/src/control_lib/src/kinematic_transforms.cpp:[m[K In function ‘[01m[Kstd::pair<float, float>[01;32m[K computeJointVariables[m[K(float, float)[m[K’:
[1.673s] [01m[K/home/rohan/spherebot/src/control_lib/src/kinematic_transforms.cpp:3:67:[m[K [01;36m[Knote: [m[Kparameter passing for argument of type ‘[01m[Kstd::pair<float, float>[m[K’ when C++17 is enabled changed to match C++14 ]8;;https://gcc.gnu.org/gcc-10/changes.html#empty_basein GCC 10.1]8;;
[1.674s]     3 | std::pair<float, float> computeJointVariables(float alpha, float u[01;36m[K)[m[K {
[1.674s]       |                                                                   [01;36m[K^[m[K
[1.675s] [01m[K/home/rohan/spherebot/src/control_lib/src/kinematic_transforms.cpp:[m[K At global scope:
[1.676s] [01m[K/home/rohan/spherebot/src/control_lib/src/kinematic_transforms.cpp:36:84:[m[K [01;31m[Kerror: [m[K‘[01m[Kmap[m[K’ in namespace ‘[01m[Kstd[m[K’ does not name a template type
[1.676s]    36 | float calculate_u_ref(float alpha, float theta, float dtheta, float rc, const std::[01;31m[Kmap[m[K<std::string, float>& params) {
[1.676s]       |                                                                                    [01;31m[K^~~[m[K
[1.676s] [01m[K/home/rohan/spherebot/src/control_lib/src/kinematic_transforms.cpp:2:1:[m[K [01;36m[Knote: [m[K‘[01m[Kstd::map[m[K’ is defined in header ‘[01m[K<map>[m[K’; did you forget to ‘[01m[K#include <map>[m[K’?
[1.676s]     1 | #include "../include/control_lib/kinematic_transforms.hpp"
[1.676s]   +++ |+[32m[K#include <map>[m[K
[1.677s]     2 | 
[1.677s] [01m[K/home/rohan/spherebot/src/control_lib/src/kinematic_transforms.cpp:36:87:[m[K [01;31m[Kerror: [m[Kexpected ‘[01m[K,[m[K’ or ‘[01m[K...[m[K’ before ‘[01m[K<[m[K’ token
[1.679s]    36 | float calculate_u_ref(float alpha, float theta, float dtheta, float rc, const std::map[01;31m[K<[m[Kstd::string, float>& params) {
[1.680s]       |                                                                                       [01;31m[K^[m[K
[1.681s] [01m[K/home/rohan/spherebot/src/control_lib/src/kinematic_transforms.cpp:[m[K In function ‘[01m[Kfloat[01;32m[K calculate_u_ref[m[K(float, float, float, float, int)[m[K’:
[1.682s] [01m[K/home/rohan/spherebot/src/control_lib/src/kinematic_transforms.cpp:38:15:[m[K [01;31m[Kerror: [m[K‘[01m[Kparams[m[K’ was not declared in this scope
[1.683s]    38 |     float g = [01;31m[Kparams[m[K.at("g");
[1.684s]       |               [01;31m[K^~~~~~[m[K
[1.779s] gmake[2]: *** [CMakeFiles/control_interfaces.dir/build.make:118: CMakeFiles/control_interfaces.dir/src/kinematic_transforms.cpp.o] Error 1
[2.250s] In file included from [01m[K/home/rohan/spherebot/src/control_lib/src/auxilary_arduino.cpp:1[m[K:
[2.250s] [01m[K/home/rohan/spherebot/src/control_lib/src/../include/control_lib/auxilary_arduino.hpp:18:44:[m[K [01;31m[Kerror: [m[K‘[01m[KAuxilaryArduino_I2C_ADDR[m[K’ was not declared in this scope
[2.250s]    18 |         AuxilaryArduino(uint8_t I2C_ADDR = [01;31m[KAuxilaryArduino_I2C_ADDR[m[K);
[2.250s]       |                                            [01;31m[K^~~~~~~~~~~~~~~~~~~~~~~~[m[K
[2.337s] gmake[2]: *** [CMakeFiles/control_interfaces.dir/build.make:104: CMakeFiles/control_interfaces.dir/src/auxilary_arduino.cpp.o] Error 1
[2.424s] gmake[1]: *** [CMakeFiles/Makefile2:137: CMakeFiles/control_interfaces.dir/all] Error 2
[2.424s] gmake: *** [Makefile:146: all] Error 2
[2.429s] Invoked command in '/home/rohan/spherebot/build/control_lib' returned '2': AMENT_PREFIX_PATH=/home/rohan/spherebot/install/i2c_lib:${AMENT_PREFIX_PATH} CMAKE_PREFIX_PATH=/home/rohan/spherebot/install/i2c_lib:/opt/ros/jazzy/opt/gz_math_vendor:/opt/ros/jazzy/opt/gz_utils_vendor:/opt/ros/jazzy/opt/gz_cmake_vendor:/opt/ros/jazzy DEBUGINFOD_URLS=https://debuginfod.ubuntu.com LD_LIBRARY_PATH=/home/rohan/spherebot/install/i2c_lib/lib:${LD_LIBRARY_PATH} /usr/bin/cmake --build /home/rohan/spherebot/build/control_lib -- -j4 -l4
