[0.022s] Invoking command in '/home/rohan/spherebot/build/gps_read_cpp': AMENT_PREFIX_PATH=/home/rohan/spherebot/install/control_lib:/home/rohan/spherebot/install/i2c_lib:${AMENT_PREFIX_PATH} CMAKE_PREFIX_PATH=/home/rohan/spherebot/install/control_lib:/home/rohan/spherebot/install/i2c_lib:/opt/ros/jazzy/opt/gz_math_vendor:/opt/ros/jazzy/opt/gz_utils_vendor:/opt/ros/jazzy/opt/gz_cmake_vendor:/opt/ros/jazzy DEBUGINFOD_URLS=https://debuginfod.ubuntu.com LD_LIBRARY_PATH=/home/rohan/spherebot/install/control_lib/lib:/home/rohan/spherebot/install/i2c_lib/lib:${LD_LIBRARY_PATH} /usr/bin/cmake --build /home/rohan/spherebot/build/gps_read_cpp -- -j4 -l4
[0.142s] [100%] Built target gps_read
[0.164s] Invoked command in '/home/rohan/spherebot/build/gps_read_cpp' returned '0': AMENT_PREFIX_PATH=/home/rohan/spherebot/install/control_lib:/home/rohan/spherebot/install/i2c_lib:${AMENT_PREFIX_PATH} CMAKE_PREFIX_PATH=/home/rohan/spherebot/install/control_lib:/home/rohan/spherebot/install/i2c_lib:/opt/ros/jazzy/opt/gz_math_vendor:/opt/ros/jazzy/opt/gz_utils_vendor:/opt/ros/jazzy/opt/gz_cmake_vendor:/opt/ros/jazzy DEBUGINFOD_URLS=https://debuginfod.ubuntu.com LD_LIBRARY_PATH=/home/rohan/spherebot/install/control_lib/lib:/home/rohan/spherebot/install/i2c_lib/lib:${LD_LIBRARY_PATH} /usr/bin/cmake --build /home/rohan/spherebot/build/gps_read_cpp -- -j4 -l4
[0.222s] Invoking command in '/home/rohan/spherebot/build/gps_read_cpp': AMENT_PREFIX_PATH=/home/rohan/spherebot/install/control_lib:/home/rohan/spherebot/install/i2c_lib:${AMENT_PREFIX_PATH} CMAKE_PREFIX_PATH=/home/rohan/spherebot/install/control_lib:/home/rohan/spherebot/install/i2c_lib:/opt/ros/jazzy/opt/gz_math_vendor:/opt/ros/jazzy/opt/gz_utils_vendor:/opt/ros/jazzy/opt/gz_cmake_vendor:/opt/ros/jazzy DEBUGINFOD_URLS=https://debuginfod.ubuntu.com LD_LIBRARY_PATH=/home/rohan/spherebot/install/control_lib/lib:/home/rohan/spherebot/install/i2c_lib/lib:${LD_LIBRARY_PATH} /usr/bin/cmake --install /home/rohan/spherebot/build/gps_read_cpp
[0.238s] -- Install configuration: ""
[0.238s] -- Up-to-date: /home/rohan/spherebot/install/gps_read_cpp/lib/gps_read_cpp/gps_read
[0.238s] -- Up-to-date: /home/rohan/spherebot/install/gps_read_cpp/lib/gps_read_cpp/gps_read
[0.239s] -- Up-to-date: /home/rohan/spherebot/install/gps_read_cpp/share/ament_index/resource_index/package_run_dependencies/gps_read_cpp
[0.239s] -- Up-to-date: /home/rohan/spherebot/install/gps_read_cpp/share/ament_index/resource_index/parent_prefix_path/gps_read_cpp
[0.239s] -- Up-to-date: /home/rohan/spherebot/install/gps_read_cpp/share/gps_read_cpp/environment/ament_prefix_path.sh
[0.239s] -- Up-to-date: /home/rohan/spherebot/install/gps_read_cpp/share/gps_read_cpp/environment/ament_prefix_path.dsv
[0.239s] -- Up-to-date: /home/rohan/spherebot/install/gps_read_cpp/share/gps_read_cpp/environment/path.sh
[0.239s] -- Up-to-date: /home/rohan/spherebot/install/gps_read_cpp/share/gps_read_cpp/environment/path.dsv
[0.239s] -- Up-to-date: /home/rohan/spherebot/install/gps_read_cpp/share/gps_read_cpp/local_setup.bash
[0.239s] -- Up-to-date: /home/rohan/spherebot/install/gps_read_cpp/share/gps_read_cpp/local_setup.sh
[0.240s] -- Up-to-date: /home/rohan/spherebot/install/gps_read_cpp/share/gps_read_cpp/local_setup.zsh
[0.240s] -- Up-to-date: /home/rohan/spherebot/install/gps_read_cpp/share/gps_read_cpp/local_setup.dsv
[0.240s] -- Installing: /home/rohan/spherebot/install/gps_read_cpp/share/gps_read_cpp/package.dsv
[0.240s] -- Up-to-date: /home/rohan/spherebot/install/gps_read_cpp/share/ament_index/resource_index/packages/gps_read_cpp
[0.240s] -- Up-to-date: /home/rohan/spherebot/install/gps_read_cpp/share/gps_read_cpp/cmake/gps_read_cppConfig.cmake
[0.240s] -- Up-to-date: /home/rohan/spherebot/install/gps_read_cpp/share/gps_read_cpp/cmake/gps_read_cppConfig-version.cmake
[0.240s] -- Up-to-date: /home/rohan/spherebot/install/gps_read_cpp/share/gps_read_cpp/package.xml
[0.245s] Invoked command in '/home/rohan/spherebot/build/gps_read_cpp' returned '0': AMENT_PREFIX_PATH=/home/rohan/spherebot/install/control_lib:/home/rohan/spherebot/install/i2c_lib:${AMENT_PREFIX_PATH} CMAKE_PREFIX_PATH=/home/rohan/spherebot/install/control_lib:/home/rohan/spherebot/install/i2c_lib:/opt/ros/jazzy/opt/gz_math_vendor:/opt/ros/jazzy/opt/gz_utils_vendor:/opt/ros/jazzy/opt/gz_cmake_vendor:/opt/ros/jazzy DEBUGINFOD_URLS=https://debuginfod.ubuntu.com LD_LIBRARY_PATH=/home/rohan/spherebot/install/control_lib/lib:/home/rohan/spherebot/install/i2c_lib/lib:${LD_LIBRARY_PATH} /usr/bin/cmake --install /home/rohan/spherebot/build/gps_read_cpp
