[0.020s] Invoking command in '/home/rohan/spherebot/build/remote_control_cpp': AMENT_PREFIX_PATH=/home/rohan/spherebot/install/control_lib:/home/rohan/spherebot/install/i2c_lib:${AMENT_PREFIX_PATH} CMAKE_PREFIX_PATH=/home/rohan/spherebot/install/control_lib:/home/rohan/spherebot/install/i2c_lib:/opt/ros/jazzy/opt/gz_math_vendor:/opt/ros/jazzy/opt/gz_utils_vendor:/opt/ros/jazzy/opt/gz_cmake_vendor:/opt/ros/jazzy DEBUGINFOD_URLS=https://debuginfod.ubuntu.com LD_LIBRARY_PATH=/home/rohan/spherebot/install/control_lib/lib:/home/rohan/spherebot/install/i2c_lib/lib:${LD_LIBRARY_PATH} /usr/bin/cmake --build /home/rohan/spherebot/build/remote_control_cpp -- -j4 -l4
[0.137s] [ 50%] [32mBuilding CXX object CMakeFiles/remote_control_node.dir/src/remote_control_node.cpp.o[0m
[4.266s] [01m[K/home/rohan/spherebot/src/remote_control_cpp/src/remote_control_node.cpp:[m[K In member function ‘[01m[Kvoid RemoteControlNode::[01;32m[Kinit_csv_file[m[K()[m[K’:
[4.266s] [01m[K/home/rohan/spherebot/src/remote_control_cpp/src/remote_control_node.cpp:107:22:[m[K [01;31m[Kerror: [m[K‘[01m[Kpath[m[K’ is not a member of ‘[01m[Kstd::filesystem[m[K’; did you mean ‘[01m[Krcpputils::fs::path[m[K’?
[4.266s]   107 |     std::filesystem::[01;31m[Kpath[m[K dir_path = "../data_logging";
[4.266s]       |                      [01;31m[K^~~~[m[K
[4.267s] In file included from [01m[K/opt/ros/jazzy/include/rclcpp/rclcpp/logger.hpp:26[m[K,
[4.267s]                  from [01m[K/opt/ros/jazzy/include/rclcpp/rclcpp/copy_all_parameter_values.hpp:26[m[K,
[4.267s]                  from [01m[K/opt/ros/jazzy/include/rclcpp/rclcpp/rclcpp.hpp:171[m[K,
[4.267s]                  from [01m[K/home/rohan/spherebot/src/remote_control_cpp/src/../include/remote_control_cpp/remote_control_node.hpp:8[m[K,
[4.267s]                  from [01m[K/home/rohan/spherebot/src/remote_control_cpp/src/remote_control_node.cpp:1[m[K:
[4.267s] [01m[K/opt/ros/jazzy/include/rcpputils/rcpputils/filesystem_helper.hpp:75:7:[m[K [01;36m[Knote: [m[K‘[01m[Krcpputils::fs::path[m[K’ declared here
[4.267s]    75 | class [01;36m[Kpath[m[K
[4.267s]       |       [01;36m[K^~~~[m[K
[4.267s] [01m[K/home/rohan/spherebot/src/remote_control_cpp/src/remote_control_node.cpp:108:27:[m[K [01;31m[Kerror: [m[K‘[01m[Kexists[m[K’ is not a member of ‘[01m[Kstd::filesystem[m[K’; did you mean ‘[01m[Krcpputils::fs::exists[m[K’?
[4.267s]   108 |     if (!std::filesystem::[01;31m[Kexists[m[K(dir_path))
[4.267s]       |                           [01;31m[K^~~~~~[m[K
[4.268s] [01m[K/opt/ros/jazzy/include/rcpputils/rcpputils/filesystem_helper.hpp:260:23:[m[K [01;36m[Knote: [m[K‘[01m[Krcpputils::fs::exists[m[K’ declared here
[4.268s]   260 | RCPPUTILS_PUBLIC bool [01;36m[Kexists[m[K(const path & path_to_check);
[4.268s]       |                       [01;36m[K^~~~~~[m[K
[4.279s] [01m[K/home/rohan/spherebot/src/remote_control_cpp/src/remote_control_node.cpp:108:34:[m[K [01;31m[Kerror: [m[K‘[01m[Kdir_path[m[K’ was not declared in this scope; did you mean ‘[01m[Kfile_path[m[K’?
[4.279s]   108 |     if (!std::filesystem::exists([01;31m[Kdir_path[m[K))
[4.279s]       |                                  [01;31m[K^~~~~~~~[m[K
[4.279s]       |                                  [32m[Kfile_path[m[K
[4.312s] [01m[K/home/rohan/spherebot/src/remote_control_cpp/src/remote_control_node.cpp:111:9:[m[K [01;31m[Kerror: [m[K‘[01m[Kcsv_available_[m[K’ was not declared in this scope
[4.313s]   111 |         [01;31m[Kcsv_available_[m[K = false;
[4.313s]       |         [01;31m[K^~~~~~~~~~~~~~[m[K
[4.347s] [01m[K/home/rohan/spherebot/src/remote_control_cpp/src/remote_control_node.cpp:120:9:[m[K [01;31m[Kerror: [m[K‘[01m[Kcsv_available_[m[K’ was not declared in this scope
[4.347s]   120 |         [01;31m[Kcsv_available_[m[K = false;
[4.347s]       |         [01;31m[K^~~~~~~~~~~~~~[m[K
[4.380s] [01m[K/home/rohan/spherebot/src/remote_control_cpp/src/remote_control_node.cpp:126:9:[m[K [01;31m[Kerror: [m[K‘[01m[Kcsv_available_[m[K’ was not declared in this scope
[4.380s]   126 |         [01;31m[Kcsv_available_[m[K = true;
[4.380s]       |         [01;31m[K^~~~~~~~~~~~~~[m[K
[4.404s] [01m[K/home/rohan/spherebot/src/remote_control_cpp/src/remote_control_node.cpp:[m[K In member function ‘[01m[Kvoid RemoteControlNode::[01;32m[KtimerCallback[m[K()[m[K’:
[4.404s] [01m[K/home/rohan/spherebot/src/remote_control_cpp/src/remote_control_node.cpp:213:13:[m[K [01;31m[Kerror: [m[K‘[01m[Kcsv_available_[m[K’ was not declared in this scope
[4.404s]   213 |             [01;31m[Kcsv_available_[m[K = false; // Prevent further attempts if file becomes inaccessible
[4.404s]       |             [01;31m[K^~~~~~~~~~~~~~[m[K
[10.290s] [01m[K/home/rohan/spherebot/src/remote_control_cpp/src/remote_control_node.cpp:167:99:[m[K [01;36m[Knote: [m[Kparameter passing for argument of type ‘[01m[Kstd::pair<float, float>[m[K’ when C++17 is enabled changed to match C++14 ]8;;https://gcc.gnu.org/gcc-10/changes.html#empty_basein GCC 10.1]8;;
[10.290s]   167 |     std::pair<float, float> jointVariableVelocity = computeJointVariables(alpha_dot_ref, u_dot_ref[01;36m[K)[m[K;
[10.290s]       |                                                                                                   [01;36m[K^[m[K
[10.374s] gmake[2]: *** [CMakeFiles/remote_control_node.dir/build.make:76: CMakeFiles/remote_control_node.dir/src/remote_control_node.cpp.o] Error 1
[10.375s] gmake[1]: *** [CMakeFiles/Makefile2:137: CMakeFiles/remote_control_node.dir/all] Error 2
[10.375s] gmake: *** [Makefile:146: all] Error 2
[10.378s] Invoked command in '/home/rohan/spherebot/build/remote_control_cpp' returned '2': AMENT_PREFIX_PATH=/home/rohan/spherebot/install/control_lib:/home/rohan/spherebot/install/i2c_lib:${AMENT_PREFIX_PATH} CMAKE_PREFIX_PATH=/home/rohan/spherebot/install/control_lib:/home/rohan/spherebot/install/i2c_lib:/opt/ros/jazzy/opt/gz_math_vendor:/opt/ros/jazzy/opt/gz_utils_vendor:/opt/ros/jazzy/opt/gz_cmake_vendor:/opt/ros/jazzy DEBUGINFOD_URLS=https://debuginfod.ubuntu.com LD_LIBRARY_PATH=/home/rohan/spherebot/install/control_lib/lib:/home/rohan/spherebot/install/i2c_lib/lib:${LD_LIBRARY_PATH} /usr/bin/cmake --build /home/rohan/spherebot/build/remote_control_cpp -- -j4 -l4
