[ 50%] [32mBuilding CXX object CMakeFiles/remote_control_node.dir/src/remote_control_node.cpp.o[0m
[01m[K/home/rohan/spherebot/src/remote_control_cpp/src/remote_control_node.cpp:[m[K In member function ‘[01m[Kvoid RemoteControlNode::[01;32m[KtimerCallback[m[K()[m[K’:
[01m[K/home/rohan/spherebot/src/remote_control_cpp/src/remote_control_node.cpp:136:99:[m[K [01;36m[Knote: [m[Kparameter passing for argument of type ‘[01m[Kstd::pair<float, float>[m[K’ when C++17 is enabled changed to match C++14 ]8;;https://gcc.gnu.org/gcc-10/changes.html#empty_basein GCC 10.1]8;;
  136 |     std::pair<float, float> jointVariableVelocity = computeJointVariables(alpha_dot_ref, u_dot_ref[01;36m[K)[m[K;
      |                                                                                                   [01;36m[K^[m[K
[100%] [32m[1mLinking CXX executable remote_control_node[0m
[100%] Built target remote_control_node
-- Install configuration: ""
-- Installing: /home/rohan/spherebot/install/remote_control_cpp/lib/remote_control_cpp/remote_control_node
-- Set non-toolchain portion of runtime path of "/home/rohan/spherebot/install/remote_control_cpp/lib/remote_control_cpp/remote_control_node" to ""
-- Installing: /home/rohan/spherebot/install/remote_control_cpp/share/remote_control_cpp//launch
-- Installing: /home/rohan/spherebot/install/remote_control_cpp/share/remote_control_cpp//launch/remote_control_launch.py
-- Installing: /home/rohan/spherebot/install/remote_control_cpp/share/ament_index/resource_index/package_run_dependencies/remote_control_cpp
-- Installing: /home/rohan/spherebot/install/remote_control_cpp/share/ament_index/resource_index/parent_prefix_path/remote_control_cpp
-- Installing: /home/rohan/spherebot/install/remote_control_cpp/share/remote_control_cpp/environment/ament_prefix_path.sh
-- Installing: /home/rohan/spherebot/install/remote_control_cpp/share/remote_control_cpp/environment/ament_prefix_path.dsv
-- Installing: /home/rohan/spherebot/install/remote_control_cpp/share/remote_control_cpp/environment/path.sh
-- Installing: /home/rohan/spherebot/install/remote_control_cpp/share/remote_control_cpp/environment/path.dsv
-- Installing: /home/rohan/spherebot/install/remote_control_cpp/share/remote_control_cpp/local_setup.bash
-- Installing: /home/rohan/spherebot/install/remote_control_cpp/share/remote_control_cpp/local_setup.sh
-- Installing: /home/rohan/spherebot/install/remote_control_cpp/share/remote_control_cpp/local_setup.zsh
-- Installing: /home/rohan/spherebot/install/remote_control_cpp/share/remote_control_cpp/local_setup.dsv
-- Installing: /home/rohan/spherebot/install/remote_control_cpp/share/remote_control_cpp/package.dsv
-- Installing: /home/rohan/spherebot/install/remote_control_cpp/share/ament_index/resource_index/packages/remote_control_cpp
-- Installing: /home/rohan/spherebot/install/remote_control_cpp/share/remote_control_cpp/cmake/remote_control_cppConfig.cmake
-- Installing: /home/rohan/spherebot/install/remote_control_cpp/share/remote_control_cpp/cmake/remote_control_cppConfig-version.cmake
-- Installing: /home/rohan/spherebot/install/remote_control_cpp/share/remote_control_cpp/package.xml
