-- The C compiler identification is GNU 13.2.0
-- The CXX compiler identification is GNU 13.2.0
-- Detecting C compiler ABI info
-- Detecting C compiler ABI info - done
-- Check for working C compiler: /usr/bin/cc - skipped
-- Detecting C compile features
-- Detecting C compile features - done
-- Detecting CXX compiler ABI info
-- Detecting CXX compiler ABI info - done
-- Check for working CXX compiler: /usr/bin/c++ - skipped
-- Detecting CXX compile features
-- Detecting CXX compile features - done
-- Found ament_cmake: 2.5.2 (/opt/ros/jazzy/share/ament_cmake/cmake)
-- Found Python3: /usr/bin/python3 (found version "3.12.3") found components: Interpreter 
-- Found rclcpp: 28.1.3 (/opt/ros/jazzy/share/rclcpp/cmake)
-- Found rosidl_generator_c: 4.6.3 (/opt/ros/jazzy/share/rosidl_generator_c/cmake)
-- Found rosidl_generator_cpp: 4.6.3 (/opt/ros/jazzy/share/rosidl_generator_cpp/cmake)
-- Using all available rosidl_typesupport_c: rosidl_typesupport_fastrtps_c;rosidl_typesupport_introspection_c
-- Using all available rosidl_typesupport_cpp: rosidl_typesupport_fastrtps_cpp;rosidl_typesupport_introspection_cpp
-- Found rmw_implementation_cmake: 7.3.1 (/opt/ros/jazzy/share/rmw_implementation_cmake/cmake)
-- Found rmw_fastrtps_cpp: 8.4.1 (/opt/ros/jazzy/share/rmw_fastrtps_cpp/cmake)
-- Found OpenSSL: /usr/lib/aarch64-linux-gnu/libcrypto.so (found version "3.0.13")  
-- Found FastRTPS: /opt/ros/jazzy/include (Required is at least version "2.13") 
-- Using RMW implementation 'rmw_fastrtps_cpp' as default
-- Found sensor_msgs: 5.3.5 (/opt/ros/jazzy/share/sensor_msgs/cmake)
-- Configuring done (1.9s)
-- Generating done (0.0s)
-- Build files have been written to: /home/rohan/spherebot/build/gps_read_cpp
[ 66%] [32mBuilding CXX object CMakeFiles/gps_read.dir/src/gps_read.cpp.o[0m
[ 66%] [32mBuilding CXX object CMakeFiles/gps_read.dir/src/TinyGPS++.cpp.o[0m
[100%] [32m[1mLinking CXX executable gps_read[0m
[100%] Built target gps_read
-- Install configuration: ""
-- Installing: /home/rohan/spherebot/install/gps_read_cpp/lib/gps_read_cpp/gps_read
-- Set non-toolchain portion of runtime path of "/home/rohan/spherebot/install/gps_read_cpp/lib/gps_read_cpp/gps_read" to ""
-- Up-to-date: /home/rohan/spherebot/install/gps_read_cpp/lib/gps_read_cpp/gps_read
-- Installing: /home/rohan/spherebot/install/gps_read_cpp/share/ament_index/resource_index/package_run_dependencies/gps_read_cpp
-- Installing: /home/rohan/spherebot/install/gps_read_cpp/share/ament_index/resource_index/parent_prefix_path/gps_read_cpp
-- Installing: /home/rohan/spherebot/install/gps_read_cpp/share/gps_read_cpp/environment/ament_prefix_path.sh
-- Installing: /home/rohan/spherebot/install/gps_read_cpp/share/gps_read_cpp/environment/ament_prefix_path.dsv
-- Installing: /home/rohan/spherebot/install/gps_read_cpp/share/gps_read_cpp/environment/path.sh
-- Installing: /home/rohan/spherebot/install/gps_read_cpp/share/gps_read_cpp/environment/path.dsv
-- Installing: /home/rohan/spherebot/install/gps_read_cpp/share/gps_read_cpp/local_setup.bash
-- Installing: /home/rohan/spherebot/install/gps_read_cpp/share/gps_read_cpp/local_setup.sh
-- Installing: /home/rohan/spherebot/install/gps_read_cpp/share/gps_read_cpp/local_setup.zsh
-- Installing: /home/rohan/spherebot/install/gps_read_cpp/share/gps_read_cpp/local_setup.dsv
-- Installing: /home/rohan/spherebot/install/gps_read_cpp/share/gps_read_cpp/package.dsv
-- Installing: /home/rohan/spherebot/install/gps_read_cpp/share/ament_index/resource_index/packages/gps_read_cpp
-- Installing: /home/rohan/spherebot/install/gps_read_cpp/share/gps_read_cpp/cmake/gps_read_cppConfig.cmake
-- Installing: /home/rohan/spherebot/install/gps_read_cpp/share/gps_read_cpp/cmake/gps_read_cppConfig-version.cmake
-- Installing: /home/rohan/spherebot/install/gps_read_cpp/share/gps_read_cpp/package.xml
