[0.015s] Invoking command in '/home/rohan/spherebot/build/gps_read_cpp': CMAKE_PREFIX_PATH=${CMAKE_PREFIX_PATH}:/opt/ros/jazzy DEBUGINFOD_URLS=https://debuginfod.ubuntu.com /usr/bin/cmake /home/rohan/spherebot/src/gps_read_cpp -DCMAKE_INSTALL_PREFIX=/home/rohan/spherebot/install/gps_read_cpp
[0.122s] -- The C compiler identification is GNU 13.2.0
[0.224s] -- The CXX compiler identification is GNU 13.2.0
[0.250s] -- Detecting C compiler ABI info
[0.416s] -- Detecting C compiler ABI info - done
[0.432s] -- Check for working C compiler: /usr/bin/cc - skipped
[0.432s] -- Detecting C compile features
[0.433s] -- Detecting C compile features - done
[0.449s] -- Detecting CXX compiler ABI info
[0.630s] -- Detecting CXX compiler ABI info - done
[0.647s] -- Check for working CXX compiler: /usr/bin/c++ - skipped
[0.647s] -- Detecting CXX compile features
[0.648s] -- Detecting CXX compile features - done
[0.651s] -- Found ament_cmake: 2.5.2 (/opt/ros/jazzy/share/ament_cmake/cmake)
[0.870s] -- Found Python3: /usr/bin/python3 (found version "3.12.3") found components: Interpreter 
[1.078s] -- Found rclcpp: 28.1.3 (/opt/ros/jazzy/share/rclcpp/cmake)
[1.136s] -- Found rosidl_generator_c: 4.6.3 (/opt/ros/jazzy/share/rosidl_generator_c/cmake)
[1.156s] -- Found rosidl_generator_cpp: 4.6.3 (/opt/ros/jazzy/share/rosidl_generator_cpp/cmake)
[1.178s] -- Using all available rosidl_typesupport_c: rosidl_typesupport_fastrtps_c;rosidl_typesupport_introspection_c
[1.206s] -- Using all available rosidl_typesupport_cpp: rosidl_typesupport_fastrtps_cpp;rosidl_typesupport_introspection_cpp
[1.364s] -- Found rmw_implementation_cmake: 7.3.1 (/opt/ros/jazzy/share/rmw_implementation_cmake/cmake)
[1.368s] -- Found rmw_fastrtps_cpp: 8.4.1 (/opt/ros/jazzy/share/rmw_fastrtps_cpp/cmake)
[1.504s] -- Found OpenSSL: /usr/lib/aarch64-linux-gnu/libcrypto.so (found version "3.0.13")  
[1.531s] -- Found FastRTPS: /opt/ros/jazzy/include (Required is at least version "2.13") 
[1.567s] -- Using RMW implementation 'rmw_fastrtps_cpp' as default
[1.665s] -- Found sensor_msgs: 5.3.5 (/opt/ros/jazzy/share/sensor_msgs/cmake)
[1.892s] -- Configuring done (1.9s)
[1.909s] -- Generating done (0.0s)
[1.912s] -- Build files have been written to: /home/rohan/spherebot/build/gps_read_cpp
[1.930s] Invoked command in '/home/rohan/spherebot/build/gps_read_cpp' returned '0': CMAKE_PREFIX_PATH=${CMAKE_PREFIX_PATH}:/opt/ros/jazzy DEBUGINFOD_URLS=https://debuginfod.ubuntu.com /usr/bin/cmake /home/rohan/spherebot/src/gps_read_cpp -DCMAKE_INSTALL_PREFIX=/home/rohan/spherebot/install/gps_read_cpp
[1.933s] Invoking command in '/home/rohan/spherebot/build/gps_read_cpp': CMAKE_PREFIX_PATH=${CMAKE_PREFIX_PATH}:/opt/ros/jazzy DEBUGINFOD_URLS=https://debuginfod.ubuntu.com /usr/bin/cmake --build /home/rohan/spherebot/build/gps_read_cpp -- -j4 -l4
[2.023s] [ 66%] [32mBuilding CXX object CMakeFiles/gps_read.dir/src/gps_read.cpp.o[0m
[2.024s] [ 66%] [32mBuilding CXX object CMakeFiles/gps_read.dir/src/TinyGPS++.cpp.o[0m
[10.145s] [100%] [32m[1mLinking CXX executable gps_read[0m
[10.558s] [100%] Built target gps_read
[10.579s] Invoked command in '/home/rohan/spherebot/build/gps_read_cpp' returned '0': CMAKE_PREFIX_PATH=${CMAKE_PREFIX_PATH}:/opt/ros/jazzy DEBUGINFOD_URLS=https://debuginfod.ubuntu.com /usr/bin/cmake --build /home/rohan/spherebot/build/gps_read_cpp -- -j4 -l4
[10.638s] Invoking command in '/home/rohan/spherebot/build/gps_read_cpp': CMAKE_PREFIX_PATH=${CMAKE_PREFIX_PATH}:/opt/ros/jazzy DEBUGINFOD_URLS=https://debuginfod.ubuntu.com /usr/bin/cmake --install /home/rohan/spherebot/build/gps_read_cpp
[10.652s] -- Install configuration: ""
[10.653s] -- Installing: /home/rohan/spherebot/install/gps_read_cpp/lib/gps_read_cpp/gps_read
[10.655s] -- Set non-toolchain portion of runtime path of "/home/rohan/spherebot/install/gps_read_cpp/lib/gps_read_cpp/gps_read" to ""
[10.655s] -- Up-to-date: /home/rohan/spherebot/install/gps_read_cpp/lib/gps_read_cpp/gps_read
[10.656s] -- Installing: /home/rohan/spherebot/install/gps_read_cpp/share/ament_index/resource_index/package_run_dependencies/gps_read_cpp
[10.656s] -- Installing: /home/rohan/spherebot/install/gps_read_cpp/share/ament_index/resource_index/parent_prefix_path/gps_read_cpp
[10.656s] -- Installing: /home/rohan/spherebot/install/gps_read_cpp/share/gps_read_cpp/environment/ament_prefix_path.sh
[10.657s] -- Installing: /home/rohan/spherebot/install/gps_read_cpp/share/gps_read_cpp/environment/ament_prefix_path.dsv
[10.657s] -- Installing: /home/rohan/spherebot/install/gps_read_cpp/share/gps_read_cpp/environment/path.sh
[10.657s] -- Installing: /home/rohan/spherebot/install/gps_read_cpp/share/gps_read_cpp/environment/path.dsv
[10.657s] -- Installing: /home/rohan/spherebot/install/gps_read_cpp/share/gps_read_cpp/local_setup.bash
[10.657s] -- Installing: /home/rohan/spherebot/install/gps_read_cpp/share/gps_read_cpp/local_setup.sh
[10.657s] -- Installing: /home/rohan/spherebot/install/gps_read_cpp/share/gps_read_cpp/local_setup.zsh
[10.658s] -- Installing: /home/rohan/spherebot/install/gps_read_cpp/share/gps_read_cpp/local_setup.dsv
[10.658s] -- Installing: /home/rohan/spherebot/install/gps_read_cpp/share/gps_read_cpp/package.dsv
[10.658s] -- Installing: /home/rohan/spherebot/install/gps_read_cpp/share/ament_index/resource_index/packages/gps_read_cpp
[10.658s] -- Installing: /home/rohan/spherebot/install/gps_read_cpp/share/gps_read_cpp/cmake/gps_read_cppConfig.cmake
[10.658s] -- Installing: /home/rohan/spherebot/install/gps_read_cpp/share/gps_read_cpp/cmake/gps_read_cppConfig-version.cmake
[10.658s] -- Installing: /home/rohan/spherebot/install/gps_read_cpp/share/gps_read_cpp/package.xml
[10.662s] Invoked command in '/home/rohan/spherebot/build/gps_read_cpp' returned '0': CMAKE_PREFIX_PATH=${CMAKE_PREFIX_PATH}:/opt/ros/jazzy DEBUGINFOD_URLS=https://debuginfod.ubuntu.com /usr/bin/cmake --install /home/rohan/spherebot/build/gps_read_cpp
