[0.020s] Invoking command in '/home/rohan/spherebot/build/control_lib': AMENT_PREFIX_PATH=/home/rohan/spherebot/install/i2c_lib:${AMENT_PREFIX_PATH} CMAKE_PREFIX_PATH=/home/rohan/spherebot/install/i2c_lib:/opt/ros/jazzy/opt/gz_math_vendor:/opt/ros/jazzy/opt/gz_utils_vendor:/opt/ros/jazzy/opt/gz_cmake_vendor:/opt/ros/jazzy DEBUGINFOD_URLS=https://debuginfod.ubuntu.com LD_LIBRARY_PATH=/home/rohan/spherebot/install/i2c_lib/lib:${LD_LIBRARY_PATH} /usr/bin/cmake --build /home/rohan/spherebot/build/control_lib -- -j4 -l4
[0.125s] [ 28%] [32mBuilding CXX object CMakeFiles/control_interfaces.dir/src/LowpassFilter.cpp.o[0m
[0.126s] [ 28%] [32mBuilding CXX object CMakeFiles/control_interfaces.dir/src/kinematic_transforms.cpp.o[0m
[0.126s] [ 42%] [32mBuilding CXX object CMakeFiles/control_interfaces.dir/src/auxilary_arduino.cpp.o[0m
[0.168s] [01m[K/home/rohan/spherebot/src/control_lib/src/LowpassFilter.cpp:1:10:[m[K [01;31m[Kfatal error: [m[K../include/control_lib/LowPassFilter.hpp: No such file or directory
[0.168s]     1 | #include [01;31m[K"../include/control_lib/LowPassFilter.hpp"[m[K
[0.169s]       |          [01;31m[K^~~~~~~~~~~~~~~~~~~~~~~~~~~~~~~~~~~~~~~~~~[m[K
[0.171s] compilation terminated.
[0.172s] gmake[2]: *** [CMakeFiles/control_interfaces.dir/build.make:146: CMakeFiles/control_interfaces.dir/src/LowpassFilter.cpp.o] Error 1
[0.172s] gmake[2]: *** Waiting for unfinished jobs....
[0.472s] In file included from [01m[K/home/rohan/spherebot/src/control_lib/src/kinematic_transforms.cpp:1[m[K:
[0.473s] [01m[K/home/rohan/spherebot/src/control_lib/src/../include/control_lib/kinematic_transforms.hpp:16:84:[m[K [01;31m[Kerror: [m[K‘[01m[Kmap[m[K’ in namespace ‘[01m[Kstd[m[K’ does not name a template type
[0.473s]    16 | float calculate_u_ref(float alpha, float theta, float dtheta, float rc, const std::[01;31m[Kmap[m[K<std::string, float>& params); // Computes reference u based on rc
[0.473s]       |                                                                                    [01;31m[K^~~[m[K
[0.473s] [01m[K/home/rohan/spherebot/src/control_lib/src/../include/control_lib/kinematic_transforms.hpp:3:1:[m[K [01;36m[Knote: [m[K‘[01m[Kstd::map[m[K’ is defined in header ‘[01m[K<map>[m[K’; did you forget to ‘[01m[K#include <map>[m[K’?
[0.473s]     2 | #include <utility> // For pair
[0.473s]   +++ |+[32m[K#include <map>[m[K
[0.473s]     3 | 
[0.473s] [01m[K/home/rohan/spherebot/src/control_lib/src/../include/control_lib/kinematic_transforms.hpp:16:87:[m[K [01;31m[Kerror: [m[Kexpected ‘[01m[K,[m[K’ or ‘[01m[K...[m[K’ before ‘[01m[K<[m[K’ token
[0.473s]    16 | float calculate_u_ref(float alpha, float theta, float dtheta, float rc, const std::map[01;31m[K<[m[Kstd::string, float>& params); // Computes reference u based on rc
[0.473s]       |                                                                                       [01;31m[K^[m[K
[0.475s] [01m[K/home/rohan/spherebot/src/control_lib/src/kinematic_transforms.cpp:[m[K In function ‘[01m[Kstd::pair<float, float>[01;32m[K computeJointVariables[m[K(float, float)[m[K’:
[0.475s] [01m[K/home/rohan/spherebot/src/control_lib/src/kinematic_transforms.cpp:3:67:[m[K [01;36m[Knote: [m[Kparameter passing for argument of type ‘[01m[Kstd::pair<float, float>[m[K’ when C++17 is enabled changed to match C++14 ]8;;https://gcc.gnu.org/gcc-10/changes.html#empty_basein GCC 10.1]8;;
[0.475s]     3 | std::pair<float, float> computeJointVariables(float alpha, float u[01;36m[K)[m[K {
[0.475s]       |                                                                   [01;36m[K^[m[K
[0.476s] [01m[K/home/rohan/spherebot/src/control_lib/src/kinematic_transforms.cpp:[m[K At global scope:
[0.476s] [01m[K/home/rohan/spherebot/src/control_lib/src/kinematic_transforms.cpp:36:84:[m[K [01;31m[Kerror: [m[K‘[01m[Kmap[m[K’ in namespace ‘[01m[Kstd[m[K’ does not name a template type
[0.476s]    36 | float calculate_u_ref(float alpha, float theta, float dtheta, float rc, const std::[01;31m[Kmap[m[K<std::string, float>& params) {
[0.476s]       |                                                                                    [01;31m[K^~~[m[K
[0.476s] [01m[K/home/rohan/spherebot/src/control_lib/src/kinematic_transforms.cpp:2:1:[m[K [01;36m[Knote: [m[K‘[01m[Kstd::map[m[K’ is defined in header ‘[01m[K<map>[m[K’; did you forget to ‘[01m[K#include <map>[m[K’?
[0.476s]     1 | #include "../include/control_lib/kinematic_transforms.hpp"
[0.476s]   +++ |+[32m[K#include <map>[m[K
[0.476s]     2 | 
[0.477s] [01m[K/home/rohan/spherebot/src/control_lib/src/kinematic_transforms.cpp:36:87:[m[K [01;31m[Kerror: [m[Kexpected ‘[01m[K,[m[K’ or ‘[01m[K...[m[K’ before ‘[01m[K<[m[K’ token
[0.477s]    36 | float calculate_u_ref(float alpha, float theta, float dtheta, float rc, const std::map[01;31m[K<[m[Kstd::string, float>& params) {
[0.477s]       |                                                                                       [01;31m[K^[m[K
[0.479s] [01m[K/home/rohan/spherebot/src/control_lib/src/kinematic_transforms.cpp:[m[K In function ‘[01m[Kfloat[01;32m[K calculate_u_ref[m[K(float, float, float, float, int)[m[K’:
[0.479s] [01m[K/home/rohan/spherebot/src/control_lib/src/kinematic_transforms.cpp:38:15:[m[K [01;31m[Kerror: [m[K‘[01m[Kparams[m[K’ was not declared in this scope
[0.480s]    38 |     float g = [01;31m[Kparams[m[K.at("g");
[0.480s]       |               [01;31m[K^~~~~~[m[K
[0.556s] gmake[2]: *** [CMakeFiles/control_interfaces.dir/build.make:118: CMakeFiles/control_interfaces.dir/src/kinematic_transforms.cpp.o] Error 1
[0.999s] In file included from [01m[K/home/rohan/spherebot/src/control_lib/src/auxilary_arduino.cpp:1[m[K:
[0.999s] [01m[K/home/rohan/spherebot/src/control_lib/src/../include/control_lib/auxilary_arduino.hpp:18:44:[m[K [01;31m[Kerror: [m[K‘[01m[KAuxilaryArduino_I2C_ADDR[m[K’ was not declared in this scope
[0.999s]    18 |         AuxilaryArduino(uint8_t I2C_ADDR = [01;31m[KAuxilaryArduino_I2C_ADDR[m[K);
[0.999s]       |                                            [01;31m[K^~~~~~~~~~~~~~~~~~~~~~~~[m[K
[1.083s] gmake[2]: *** [CMakeFiles/control_interfaces.dir/build.make:104: CMakeFiles/control_interfaces.dir/src/auxilary_arduino.cpp.o] Error 1
[1.083s] gmake[1]: *** [CMakeFiles/Makefile2:137: CMakeFiles/control_interfaces.dir/all] Error 2
[1.084s] gmake: *** [Makefile:146: all] Error 2
[1.088s] Invoked command in '/home/rohan/spherebot/build/control_lib' returned '2': AMENT_PREFIX_PATH=/home/rohan/spherebot/install/i2c_lib:${AMENT_PREFIX_PATH} CMAKE_PREFIX_PATH=/home/rohan/spherebot/install/i2c_lib:/opt/ros/jazzy/opt/gz_math_vendor:/opt/ros/jazzy/opt/gz_utils_vendor:/opt/ros/jazzy/opt/gz_cmake_vendor:/opt/ros/jazzy DEBUGINFOD_URLS=https://debuginfod.ubuntu.com LD_LIBRARY_PATH=/home/rohan/spherebot/install/i2c_lib/lib:${LD_LIBRARY_PATH} /usr/bin/cmake --build /home/rohan/spherebot/build/control_lib -- -j4 -l4
