running egg_info
writing ../../build/data_logger_pkg/data_logger_pkg.egg-info/PKG-INFO
writing dependency_links to ../../build/data_logger_pkg/data_logger_pkg.egg-info/dependency_links.txt
writing entry points to ../../build/data_logger_pkg/data_logger_pkg.egg-info/entry_points.txt
writing requirements to ../../build/data_logger_pkg/data_logger_pkg.egg-info/requires.txt
writing top-level names to ../../build/data_logger_pkg/data_logger_pkg.egg-info/top_level.txt
reading manifest file '../../build/data_logger_pkg/data_logger_pkg.egg-info/SOURCES.txt'
adding license file 'LICENSE'
writing manifest file '../../build/data_logger_pkg/data_logger_pkg.egg-info/SOURCES.txt'
running build
running build_py
copying data_logger_pkg/data_logger_node.py -> /home/rohan/spherebot/build/data_logger_pkg/build/lib/data_logger_pkg
running install
running install_lib
copying /home/rohan/spherebot/build/data_logger_pkg/build/lib/data_logger_pkg/data_logger_node.py -> /home/rohan/spherebot/install/data_logger_pkg/lib/python3.12/site-packages/data_logger_pkg
byte-compiling /home/rohan/spherebot/install/data_logger_pkg/lib/python3.12/site-packages/data_logger_pkg/data_logger_node.py to data_logger_node.cpython-312.pyc
running install_data
running install_egg_info
removing '/home/rohan/spherebot/install/data_logger_pkg/lib/python3.12/site-packages/data_logger_pkg-0.0.0-py3.12.egg-info' (and everything under it)
Copying ../../build/data_logger_pkg/data_logger_pkg.egg-info to /home/rohan/spherebot/install/data_logger_pkg/lib/python3.12/site-packages/data_logger_pkg-0.0.0-py3.12.egg-info
running install_scripts
Installing data_logger_node script to /home/rohan/spherebot/install/data_logger_pkg/lib/data_logger_pkg
writing list of installed files to '/home/rohan/spherebot/build/data_logger_pkg/install.log'
