[1.237s] Invoking command in '/home/rohan/spherebot/src/data_logger_pkg': DEBUGINFOD_URLS=https://debuginfod.ubuntu.com PYTHONPATH=/home/rohan/spherebot/build/data_logger_pkg/prefix_override:/usr/lib/python3/dist-packages/colcon_core/task/python/colcon_distutils_commands:/home/rohan/spherebot/install/data_logger_pkg/lib/python3.12/site-packages:${PYTHONPATH} /usr/bin/python3 -W ignore:setup.py install is deprecated setup.py egg_info --egg-base ../../build/data_logger_pkg build --build-base /home/rohan/spherebot/build/data_logger_pkg/build install --record /home/rohan/spherebot/build/data_logger_pkg/install.log --single-version-externally-managed install_data
[1.611s] running egg_info
[1.640s] writing ../../build/data_logger_pkg/data_logger_pkg.egg-info/PKG-INFO
[1.640s] writing dependency_links to ../../build/data_logger_pkg/data_logger_pkg.egg-info/dependency_links.txt
[1.641s] writing entry points to ../../build/data_logger_pkg/data_logger_pkg.egg-info/entry_points.txt
[1.642s] writing requirements to ../../build/data_logger_pkg/data_logger_pkg.egg-info/requires.txt
[1.643s] writing top-level names to ../../build/data_logger_pkg/data_logger_pkg.egg-info/top_level.txt
[1.699s] reading manifest file '../../build/data_logger_pkg/data_logger_pkg.egg-info/SOURCES.txt'
[1.699s] adding license file 'LICENSE'
[1.700s] writing manifest file '../../build/data_logger_pkg/data_logger_pkg.egg-info/SOURCES.txt'
[1.700s] running build
[1.700s] running build_py
[1.701s] copying data_logger_pkg/data_logger_node.py -> /home/rohan/spherebot/build/data_logger_pkg/build/lib/data_logger_pkg
[1.707s] running install
[1.711s] running install_lib
[1.740s] copying /home/rohan/spherebot/build/data_logger_pkg/build/lib/data_logger_pkg/data_logger_node.py -> /home/rohan/spherebot/install/data_logger_pkg/lib/python3.12/site-packages/data_logger_pkg
[1.741s] byte-compiling /home/rohan/spherebot/install/data_logger_pkg/lib/python3.12/site-packages/data_logger_pkg/data_logger_node.py to data_logger_node.cpython-312.pyc
[1.745s] running install_data
[1.745s] running install_egg_info
[1.787s] removing '/home/rohan/spherebot/install/data_logger_pkg/lib/python3.12/site-packages/data_logger_pkg-0.0.0-py3.12.egg-info' (and everything under it)
[1.790s] Copying ../../build/data_logger_pkg/data_logger_pkg.egg-info to /home/rohan/spherebot/install/data_logger_pkg/lib/python3.12/site-packages/data_logger_pkg-0.0.0-py3.12.egg-info
[1.791s] running install_scripts
[2.028s] Installing data_logger_node script to /home/rohan/spherebot/install/data_logger_pkg/lib/data_logger_pkg
[2.029s] writing list of installed files to '/home/rohan/spherebot/build/data_logger_pkg/install.log'
[2.124s] Invoked command in '/home/rohan/spherebot/src/data_logger_pkg' returned '0': DEBUGINFOD_URLS=https://debuginfod.ubuntu.com PYTHONPATH=/home/rohan/spherebot/build/data_logger_pkg/prefix_override:/usr/lib/python3/dist-packages/colcon_core/task/python/colcon_distutils_commands:/home/rohan/spherebot/install/data_logger_pkg/lib/python3.12/site-packages:${PYTHONPATH} /usr/bin/python3 -W ignore:setup.py install is deprecated setup.py egg_info --egg-base ../../build/data_logger_pkg build --build-base /home/rohan/spherebot/build/data_logger_pkg/build install --record /home/rohan/spherebot/build/data_logger_pkg/install.log --single-version-externally-managed install_data
