[0.021s] Invoking command in '/home/rohan/spherebot/build/remote_control_cpp': CMAKE_PREFIX_PATH=/home/rohan/spherebot/install/control_lib:/home/rohan/spherebot/install/i2c_lib:/home/rohan/spherebot/install/remote_control_cpp:/home/rohan/spherebot/install/joystick_reader:/home/rohan/spherebot/install/gps_read_cpp:/opt/ros/jazzy/opt/gz_math_vendor:/opt/ros/jazzy/opt/gz_utils_vendor:/opt/ros/jazzy/opt/gz_cmake_vendor:/opt/ros/jazzy DEBUGINFOD_URLS=https://debuginfod.ubuntu.com /usr/bin/cmake --build /home/rohan/spherebot/build/remote_control_cpp -- -j4 -l4
[0.129s] [ 50%] [32mBuilding CXX object CMakeFiles/remote_control_node.dir/src/remote_control_node.cpp.o[0m
[4.288s] [01m[K/home/rohan/spherebot/src/remote_control_cpp/src/remote_control_node.cpp:[m[K In constructor ‘[01m[KRemoteControlNode::[01;32m[KRemoteControlNode[m[K()[m[K’:
[4.288s] [01m[K/home/rohan/spherebot/src/remote_control_cpp/src/remote_control_node.cpp:31:5:[m[K [01;31m[Kerror: [m[Kno match for ‘[01m[Koperator=[m[K’ (operand types are ‘[01m[Krclcpp::Subscription<sensor_msgs::msg::Joy_<std::allocator<void> > >::SharedPtr[m[K’ {aka ‘[01m[Kstd::shared_ptr<rclcpp::Subscription<sensor_msgs::msg::Joy_<std::allocator<void> > > >[m[K’} and ‘[01m[Kstd::shared_ptr<rclcpp::Subscription<sensor_msgs::msg::NavSatFix_<std::allocator<void> >, std::allocator<void>, sensor_msgs::msg::NavSatFix_<std::allocator<void> >, sensor_msgs::msg::NavSatFix_<std::allocator<void> >, rclcpp::message_memory_strategy::MessageMemoryStrategy<sensor_msgs::msg::NavSatFix_<std::allocator<void> >, std::allocator<void> > > >[m[K’)
[4.288s]    31 |     [01;31m[K)[m[K;
[4.288s]       |     [01;31m[K^[m[K
[4.288s] In file included from [01m[K/usr/include/c++/13/memory:80[m[K,
[4.289s]                  from [01m[K/opt/ros/jazzy/include/rclcpp/rclcpp/rclcpp.hpp:169[m[K,
[4.289s]                  from [01m[K/home/rohan/spherebot/src/remote_control_cpp/src/../include/remote_control_cpp/remote_control_node.hpp:8[m[K,
[4.289s]                  from [01m[K/home/rohan/spherebot/src/remote_control_cpp/src/remote_control_node.cpp:1[m[K:
[4.289s] [01m[K/usr/include/c++/13/bits/shared_ptr.h:418:9:[m[K [01;36m[Knote: [m[Kcandidate: ‘[01m[Ktemplate<class _Yp> std::shared_ptr<_Tp>::_Assignable<const std::shared_ptr<_Yp>&> std::shared_ptr<_Tp>::[01;32m[Koperator=[m[K(const std::shared_ptr<_Yp>&) [35m[K[with _Tp = rclcpp::Subscription<sensor_msgs::msg::Joy_<std::allocator<void> > >][m[K[m[K’
[4.289s]   418 |         [01;36m[Koperator[m[K=(const shared_ptr<_Yp>& __r) noexcept
[4.289s]       |         [01;36m[K^~~~~~~~[m[K
[4.289s] [01m[K/usr/include/c++/13/bits/shared_ptr.h:418:9:[m[K [01;36m[Knote: [m[K  template argument deduction/substitution failed:
[4.289s] /usr/include/c++/13/bits/shared_ptr.h: In substitution of ‘[01m[Ktemplate<class _Tp> template<class _Arg> using std::shared_ptr<_Tp>::_Assignable = typename std::enable_if<std::is_assignable<std::__shared_ptr<_Tp>&, _Arg>::value, std::shared_ptr<_Tp>&>::type [35m[K[with _Arg = const std::shared_ptr<rclcpp::Subscription<sensor_msgs::msg::NavSatFix_<std::allocator<void> >, std::allocator<void>, sensor_msgs::msg::NavSatFix_<std::allocator<void> >, sensor_msgs::msg::NavSatFix_<std::allocator<void> >, rclcpp::message_memory_strategy::MessageMemoryStrategy<sensor_msgs::msg::NavSatFix_<std::allocator<void> >, std::allocator<void> > > >&; _Tp = rclcpp::Subscription<sensor_msgs::msg::Joy_<std::allocator<void> > >][m[K[m[K’:
[4.289s] [01m[K/usr/include/c++/13/bits/shared_ptr.h:418:2:[m[K   required by substitution of ‘[01m[Ktemplate<class _Yp> std::shared_ptr<rclcpp::Subscription<sensor_msgs::msg::Joy_<std::allocator<void> > > >::_Assignable<const std::shared_ptr<_Tp>&> std::shared_ptr<rclcpp::Subscription<sensor_msgs::msg::Joy_<std::allocator<void> > > >::[01;32m[Koperator=[m[K(const std::shared_ptr<_Tp>&) [35m[K[with _Yp = rclcpp::Subscription<sensor_msgs::msg::NavSatFix_<std::allocator<void> >, std::allocator<void>, sensor_msgs::msg::NavSatFix_<std::allocator<void> >, sensor_msgs::msg::NavSatFix_<std::allocator<void> >, rclcpp::message_memory_strategy::MessageMemoryStrategy<sensor_msgs::msg::NavSatFix_<std::allocator<void> >, std::allocator<void> > >][m[K[m[K’
[4.289s] [01m[K/home/rohan/spherebot/src/remote_control_cpp/src/remote_control_node.cpp:31:5:[m[K   required from here
[4.289s] [01m[K/usr/include/c++/13/bits/shared_ptr.h:183:15:[m[K [01;31m[Kerror: [m[Kno type named ‘[01m[Ktype[m[K’ in ‘[01m[Kstruct std::enable_if<false, std::shared_ptr<rclcpp::Subscription<sensor_msgs::msg::Joy_<std::allocator<void> > > >&>[m[K’
[4.290s]   183 |         using [01;31m[K_Assignable[m[K = typename enable_if<
[4.290s]       |               [01;31m[K^~~~~~~~~~~[m[K
[4.291s] [01m[K/usr/include/c++/13/bits/shared_ptr.h:429:9:[m[K [01;36m[Knote: [m[Kcandidate: ‘[01m[Ktemplate<class _Yp> std::shared_ptr<_Tp>::_Assignable<std::auto_ptr<_Up> > std::shared_ptr<_Tp>::[01;32m[Koperator=[m[K(std::auto_ptr<_Up>&&) [35m[K[with _Tp = rclcpp::Subscription<sensor_msgs::msg::Joy_<std::allocator<void> > >][m[K[m[K’
[4.291s]   429 |         [01;36m[Koperator[m[K=(auto_ptr<_Yp>&& __r)
[4.292s]       |         [01;36m[K^~~~~~~~[m[K
[4.292s] [01m[K/usr/include/c++/13/bits/shared_ptr.h:429:9:[m[K [01;36m[Knote: [m[K  template argument deduction/substitution failed:
[4.292s] [01m[K/home/rohan/spherebot/src/remote_control_cpp/src/remote_control_node.cpp:31:5:[m[K [01;36m[Knote: [m[K  ‘[01m[Kstd::shared_ptr<rclcpp::Subscription<sensor_msgs::msg::NavSatFix_<std::allocator<void> >, std::allocator<void>, sensor_msgs::msg::NavSatFix_<std::allocator<void> >, sensor_msgs::msg::NavSatFix_<std::allocator<void> >, rclcpp::message_memory_strategy::MessageMemoryStrategy<sensor_msgs::msg::NavSatFix_<std::allocator<void> >, std::allocator<void> > > >[m[K’ is not derived from ‘[01m[Kstd::auto_ptr<_Up>[m[K’
[4.292s]    31 |     [01;36m[K)[m[K;
[4.292s]       |     [01;36m[K^[m[K
[4.292s] [01m[K/usr/include/c++/13/bits/shared_ptr.h:446:9:[m[K [01;36m[Knote: [m[Kcandidate: ‘[01m[Ktemplate<class _Yp> std::shared_ptr<_Tp>::_Assignable<std::shared_ptr<_Yp> > std::shared_ptr<_Tp>::[01;32m[Koperator=[m[K(std::shared_ptr<_Yp>&&) [35m[K[with _Tp = rclcpp::Subscription<sensor_msgs::msg::Joy_<std::allocator<void> > >][m[K[m[K’
[4.292s]   446 |         [01;36m[Koperator[m[K=(shared_ptr<_Yp>&& __r) noexcept
[4.292s]       |         [01;36m[K^~~~~~~~[m[K
[4.292s] [01m[K/usr/include/c++/13/bits/shared_ptr.h:446:9:[m[K [01;36m[Knote: [m[K  template argument deduction/substitution failed:
[4.292s] /usr/include/c++/13/bits/shared_ptr.h: In substitution of ‘[01m[Ktemplate<class _Tp> template<class _Arg> using std::shared_ptr<_Tp>::_Assignable = typename std::enable_if<std::is_assignable<std::__shared_ptr<_Tp>&, _Arg>::value, std::shared_ptr<_Tp>&>::type [35m[K[with _Arg = std::shared_ptr<rclcpp::Subscription<sensor_msgs::msg::NavSatFix_<std::allocator<void> >, std::allocator<void>, sensor_msgs::msg::NavSatFix_<std::allocator<void> >, sensor_msgs::msg::NavSatFix_<std::allocator<void> >, rclcpp::message_memory_strategy::MessageMemoryStrategy<sensor_msgs::msg::NavSatFix_<std::allocator<void> >, std::allocator<void> > > >; _Tp = rclcpp::Subscription<sensor_msgs::msg::Joy_<std::allocator<void> > >][m[K[m[K’:
[4.292s] [01m[K/usr/include/c++/13/bits/shared_ptr.h:446:2:[m[K   required by substitution of ‘[01m[Ktemplate<class _Yp> std::shared_ptr<rclcpp::Subscription<sensor_msgs::msg::Joy_<std::allocator<void> > > >::_Assignable<std::shared_ptr<_Tp> > std::shared_ptr<rclcpp::Subscription<sensor_msgs::msg::Joy_<std::allocator<void> > > >::[01;32m[Koperator=[m[K(std::shared_ptr<_Tp>&&) [35m[K[with _Yp = rclcpp::Subscription<sensor_msgs::msg::NavSatFix_<std::allocator<void> >, std::allocator<void>, sensor_msgs::msg::NavSatFix_<std::allocator<void> >, sensor_msgs::msg::NavSatFix_<std::allocator<void> >, rclcpp::message_memory_strategy::MessageMemoryStrategy<sensor_msgs::msg::NavSatFix_<std::allocator<void> >, std::allocator<void> > >][m[K[m[K’
[4.292s] [01m[K/home/rohan/spherebot/src/remote_control_cpp/src/remote_control_node.cpp:31:5:[m[K   required from here
[4.293s] [01m[K/usr/include/c++/13/bits/shared_ptr.h:183:15:[m[K [01;31m[Kerror: [m[Kno type named ‘[01m[Ktype[m[K’ in ‘[01m[Kstruct std::enable_if<false, std::shared_ptr<rclcpp::Subscription<sensor_msgs::msg::Joy_<std::allocator<void> > > >&>[m[K’
[4.293s]   183 |         using [01;31m[K_Assignable[m[K = typename enable_if<
[4.293s]       |               [01;31m[K^~~~~~~~~~~[m[K
[4.293s] [01m[K/usr/include/c++/13/bits/shared_ptr.h:454:9:[m[K [01;36m[Knote: [m[Kcandidate: ‘[01m[Ktemplate<class _Yp, class _Del> std::shared_ptr<_Tp>::_Assignable<std::unique_ptr<_Up, _Ep> > std::shared_ptr<_Tp>::[01;32m[Koperator=[m[K(std::unique_ptr<_Up, _Ep>&&) [35m[K[with _Del = _Yp; _Tp = rclcpp::Subscription<sensor_msgs::msg::Joy_<std::allocator<void> > >][m[K[m[K’
[4.293s]   454 |         [01;36m[Koperator[m[K=(unique_ptr<_Yp, _Del>&& __r)
[4.293s]       |         [01;36m[K^~~~~~~~[m[K
[4.293s] [01m[K/usr/include/c++/13/bits/shared_ptr.h:454:9:[m[K [01;36m[Knote: [m[K  template argument deduction/substitution failed:
[4.293s] [01m[K/home/rohan/spherebot/src/remote_control_cpp/src/remote_control_node.cpp:31:5:[m[K [01;36m[Knote: [m[K  ‘[01m[Kstd::shared_ptr<rclcpp::Subscription<sensor_msgs::msg::NavSatFix_<std::allocator<void> >, std::allocator<void>, sensor_msgs::msg::NavSatFix_<std::allocator<void> >, sensor_msgs::msg::NavSatFix_<std::allocator<void> >, rclcpp::message_memory_strategy::MessageMemoryStrategy<sensor_msgs::msg::NavSatFix_<std::allocator<void> >, std::allocator<void> > > >[m[K’ is not derived from ‘[01m[Kstd::unique_ptr<_Tp, _Dp>[m[K’
[4.293s]    31 |     [01;36m[K)[m[K;
[4.293s]       |     [01;36m[K^[m[K
[4.293s] [01m[K/usr/include/c++/13/bits/shared_ptr.h:414:19:[m[K [01;36m[Knote: [m[Kcandidate: ‘[01m[Kstd::shared_ptr<_Tp>& std::shared_ptr<_Tp>::[01;32m[Koperator=[m[K(const std::shared_ptr<_Tp>&) [35m[K[with _Tp = rclcpp::Subscription<sensor_msgs::msg::Joy_<std::allocator<void> > >][m[K[m[K’
[4.294s]   414 |       shared_ptr& [01;36m[Koperator[m[K=(const shared_ptr&) noexcept = default;
[4.294s]       |                   [01;36m[K^~~~~~~~[m[K
[4.294s] [01m[K/usr/include/c++/13/bits/shared_ptr.h:414:29:[m[K [01;36m[Knote: [m[K  no known conversion for argument 1 from ‘[01m[Kstd::shared_ptr<rclcpp::Subscription<sensor_msgs::msg::NavSatFix_<std::allocator<void> >, std::allocator<void>, sensor_msgs::msg::NavSatFix_<std::allocator<void> >, sensor_msgs::msg::NavSatFix_<std::allocator<void> >, rclcpp::message_memory_strategy::MessageMemoryStrategy<sensor_msgs::msg::NavSatFix_<std::allocator<void> >, std::allocator<void> > > >[m[K’ to ‘[01m[Kconst std::shared_ptr<rclcpp::Subscription<sensor_msgs::msg::Joy_<std::allocator<void> > > >&[m[K’
[4.294s]   414 |       shared_ptr& operator=([01;36m[Kconst shared_ptr&[m[K) noexcept = default;
[4.294s]       |                             [01;36m[K^~~~~~~~~~~~~~~~~[m[K
[4.294s] [01m[K/usr/include/c++/13/bits/shared_ptr.h:438:7:[m[K [01;36m[Knote: [m[Kcandidate: ‘[01m[Kstd::shared_ptr<_Tp>& std::shared_ptr<_Tp>::[01;32m[Koperator=[m[K(std::shared_ptr<_Tp>&&) [35m[K[with _Tp = rclcpp::Subscription<sensor_msgs::msg::Joy_<std::allocator<void> > >][m[K[m[K’
[4.294s]   438 |       [01;36m[Koperator[m[K=(shared_ptr&& __r) noexcept
[4.294s]       |       [01;36m[K^~~~~~~~[m[K
[4.294s] [01m[K/usr/include/c++/13/bits/shared_ptr.h:438:30:[m[K [01;36m[Knote: [m[K  no known conversion for argument 1 from ‘[01m[Kstd::shared_ptr<rclcpp::Subscription<sensor_msgs::msg::NavSatFix_<std::allocator<void> >, std::allocator<void>, sensor_msgs::msg::NavSatFix_<std::allocator<void> >, sensor_msgs::msg::NavSatFix_<std::allocator<void> >, rclcpp::message_memory_strategy::MessageMemoryStrategy<sensor_msgs::msg::NavSatFix_<std::allocator<void> >, std::allocator<void> > > >[m[K’ to ‘[01m[Kstd::shared_ptr<rclcpp::Subscription<sensor_msgs::msg::Joy_<std::allocator<void> > > >&&[m[K’
[4.294s]   438 |       operator=([01;36m[Kshared_ptr&& __r[m[K) noexcept
[4.294s]       |                 [01;36m[K~~~~~~~~~~~~~^~~[m[K
[4.307s] [01m[K/home/rohan/spherebot/src/remote_control_cpp/src/remote_control_node.cpp:[m[K At global scope:
[4.307s] [01m[K/home/rohan/spherebot/src/remote_control_cpp/src/remote_control_node.cpp:109:6:[m[K [01;31m[Kerror: [m[Kno declaration matches ‘[01m[Kvoid RemoteControlNode::[01;32m[KgpsCallBack[m[K()[m[K’
[4.307s]   109 | void [01;31m[KRemoteControlNode[m[K::gpsCallBack()
[4.307s]       |      [01;31m[K^~~~~~~~~~~~~~~~~[m[K
[4.308s] [01m[K/home/rohan/spherebot/src/remote_control_cpp/src/../include/remote_control_cpp/remote_control_node.hpp:25:10:[m[K [01;36m[Knote: [m[Kcandidate is: ‘[01m[Kvoid RemoteControlNode::[01;32m[KgpsCallBack[m[K(sensor_msgs::msg::NavSatFix_<std::allocator<void> >::SharedPtr)[m[K’
[4.308s]    25 |     void [01;36m[KgpsCallBack[m[K(const sensor_msgs::msg::NavSatFix::SharedPtr msg);
[4.308s]       |          [01;36m[K^~~~~~~~~~~[m[K
[4.308s] [01m[K/home/rohan/spherebot/src/remote_control_cpp/src/../include/remote_control_cpp/remote_control_node.hpp:17:7:[m[K [01;36m[Knote: [m[K‘[01m[Kclass RemoteControlNode[m[K’ defined here
[4.308s]    17 | class [01;36m[KRemoteControlNode[m[K : public rclcpp::Node
[4.308s]       |       [01;36m[K^~~~~~~~~~~~~~~~~[m[K
[8.959s] [01m[K/home/rohan/spherebot/src/remote_control_cpp/src/remote_control_node.cpp:[m[K In member function ‘[01m[Kvoid RemoteControlNode::[01;32m[KtimerCallback[m[K()[m[K’:
[8.959s] [01m[K/home/rohan/spherebot/src/remote_control_cpp/src/remote_control_node.cpp:139:99:[m[K [01;36m[Knote: [m[Kparameter passing for argument of type ‘[01m[Kstd::pair<float, float>[m[K’ when C++17 is enabled changed to match C++14 ]8;;https://gcc.gnu.org/gcc-10/changes.html#empty_basein GCC 10.1]8;;
[8.959s]   139 |     std::pair<float, float> jointVariableVelocity = computeJointVariables(alpha_dot_ref, u_dot_ref[01;36m[K)[m[K;
[8.959s]       |                                                                                                   [01;36m[K^[m[K
[9.030s] gmake[2]: *** [CMakeFiles/remote_control_node.dir/build.make:76: CMakeFiles/remote_control_node.dir/src/remote_control_node.cpp.o] Error 1
[9.030s] gmake[1]: *** [CMakeFiles/Makefile2:137: CMakeFiles/remote_control_node.dir/all] Error 2
[9.030s] gmake: *** [Makefile:146: all] Error 2
[9.034s] Invoked command in '/home/rohan/spherebot/build/remote_control_cpp' returned '2': CMAKE_PREFIX_PATH=/home/rohan/spherebot/install/control_lib:/home/rohan/spherebot/install/i2c_lib:/home/rohan/spherebot/install/remote_control_cpp:/home/rohan/spherebot/install/joystick_reader:/home/rohan/spherebot/install/gps_read_cpp:/opt/ros/jazzy/opt/gz_math_vendor:/opt/ros/jazzy/opt/gz_utils_vendor:/opt/ros/jazzy/opt/gz_cmake_vendor:/opt/ros/jazzy DEBUGINFOD_URLS=https://debuginfod.ubuntu.com /usr/bin/cmake --build /home/rohan/spherebot/build/remote_control_cpp -- -j4 -l4
