[0.021s] Invoking command in '/home/rohan/spherebot/build/motor_control': AMENT_PREFIX_PATH=/home/rohan/spherebot/install/control_lib:/home/rohan/spherebot/install/i2c_lib:${AMENT_PREFIX_PATH} CMAKE_PREFIX_PATH=/home/rohan/spherebot/install/control_lib:/home/rohan/spherebot/install/i2c_lib:/opt/ros/jazzy/opt/gz_math_vendor:/opt/ros/jazzy/opt/gz_utils_vendor:/opt/ros/jazzy/opt/gz_cmake_vendor:/opt/ros/jazzy DEBUGINFOD_URLS=https://debuginfod.ubuntu.com LD_LIBRARY_PATH=/home/rohan/spherebot/install/control_lib/lib:/home/rohan/spherebot/install/i2c_lib/lib:${LD_LIBRARY_PATH} /usr/bin/cmake --build /home/rohan/spherebot/build/motor_control -- -j4 -l4
[0.122s] [100%] Built target motor_control_node
[0.142s] Invoked command in '/home/rohan/spherebot/build/motor_control' returned '0': AMENT_PREFIX_PATH=/home/rohan/spherebot/install/control_lib:/home/rohan/spherebot/install/i2c_lib:${AMENT_PREFIX_PATH} CMAKE_PREFIX_PATH=/home/rohan/spherebot/install/control_lib:/home/rohan/spherebot/install/i2c_lib:/opt/ros/jazzy/opt/gz_math_vendor:/opt/ros/jazzy/opt/gz_utils_vendor:/opt/ros/jazzy/opt/gz_cmake_vendor:/opt/ros/jazzy DEBUGINFOD_URLS=https://debuginfod.ubuntu.com LD_LIBRARY_PATH=/home/rohan/spherebot/install/control_lib/lib:/home/rohan/spherebot/install/i2c_lib/lib:${LD_LIBRARY_PATH} /usr/bin/cmake --build /home/rohan/spherebot/build/motor_control -- -j4 -l4
[0.200s] Invoking command in '/home/rohan/spherebot/build/motor_control': AMENT_PREFIX_PATH=/home/rohan/spherebot/install/control_lib:/home/rohan/spherebot/install/i2c_lib:${AMENT_PREFIX_PATH} CMAKE_PREFIX_PATH=/home/rohan/spherebot/install/control_lib:/home/rohan/spherebot/install/i2c_lib:/opt/ros/jazzy/opt/gz_math_vendor:/opt/ros/jazzy/opt/gz_utils_vendor:/opt/ros/jazzy/opt/gz_cmake_vendor:/opt/ros/jazzy DEBUGINFOD_URLS=https://debuginfod.ubuntu.com LD_LIBRARY_PATH=/home/rohan/spherebot/install/control_lib/lib:/home/rohan/spherebot/install/i2c_lib/lib:${LD_LIBRARY_PATH} /usr/bin/cmake --install /home/rohan/spherebot/build/motor_control
[0.213s] -- Install configuration: ""
[0.214s] -- Up-to-date: /home/rohan/spherebot/install/motor_control/lib/motor_control/motor_control_node
[0.214s] -- Up-to-date: /home/rohan/spherebot/install/motor_control/share/ament_index/resource_index/package_run_dependencies/motor_control
[0.214s] -- Up-to-date: /home/rohan/spherebot/install/motor_control/share/ament_index/resource_index/parent_prefix_path/motor_control
[0.214s] -- Up-to-date: /home/rohan/spherebot/install/motor_control/share/motor_control/environment/ament_prefix_path.sh
[0.214s] -- Up-to-date: /home/rohan/spherebot/install/motor_control/share/motor_control/environment/ament_prefix_path.dsv
[0.214s] -- Up-to-date: /home/rohan/spherebot/install/motor_control/share/motor_control/environment/path.sh
[0.214s] -- Up-to-date: /home/rohan/spherebot/install/motor_control/share/motor_control/environment/path.dsv
[0.214s] -- Up-to-date: /home/rohan/spherebot/install/motor_control/share/motor_control/local_setup.bash
[0.215s] -- Up-to-date: /home/rohan/spherebot/install/motor_control/share/motor_control/local_setup.sh
[0.215s] -- Up-to-date: /home/rohan/spherebot/install/motor_control/share/motor_control/local_setup.zsh
[0.215s] -- Up-to-date: /home/rohan/spherebot/install/motor_control/share/motor_control/local_setup.dsv
[0.215s] -- Installing: /home/rohan/spherebot/install/motor_control/share/motor_control/package.dsv
[0.215s] -- Up-to-date: /home/rohan/spherebot/install/motor_control/share/ament_index/resource_index/packages/motor_control
[0.215s] -- Up-to-date: /home/rohan/spherebot/install/motor_control/share/motor_control/cmake/motor_controlConfig.cmake
[0.215s] -- Up-to-date: /home/rohan/spherebot/install/motor_control/share/motor_control/cmake/motor_controlConfig-version.cmake
[0.215s] -- Up-to-date: /home/rohan/spherebot/install/motor_control/share/motor_control/package.xml
[0.218s] Invoked command in '/home/rohan/spherebot/build/motor_control' returned '0': AMENT_PREFIX_PATH=/home/rohan/spherebot/install/control_lib:/home/rohan/spherebot/install/i2c_lib:${AMENT_PREFIX_PATH} CMAKE_PREFIX_PATH=/home/rohan/spherebot/install/control_lib:/home/rohan/spherebot/install/i2c_lib:/opt/ros/jazzy/opt/gz_math_vendor:/opt/ros/jazzy/opt/gz_utils_vendor:/opt/ros/jazzy/opt/gz_cmake_vendor:/opt/ros/jazzy DEBUGINFOD_URLS=https://debuginfod.ubuntu.com LD_LIBRARY_PATH=/home/rohan/spherebot/install/control_lib/lib:/home/rohan/spherebot/install/i2c_lib/lib:${LD_LIBRARY_PATH} /usr/bin/cmake --install /home/rohan/spherebot/build/motor_control
