[ 33%] [32mBuilding CXX object CMakeFiles/motor_control_node.dir/src/motor_control_node.cpp.o[0m
[ 66%] [32m[1mLinking CXX executable motor_control_node[0m
[100%] Built target motor_control_node
-- Install configuration: ""
-- Installing: /home/rohan/spherebot/install/motor_control/lib/motor_control/motor_control_node
-- Set non-toolchain portion of runtime path of "/home/rohan/spherebot/install/motor_control/lib/motor_control/motor_control_node" to ""
-- Installing: /home/rohan/spherebot/install/motor_control/share/ament_index/resource_index/package_run_dependencies/motor_control
-- Installing: /home/rohan/spherebot/install/motor_control/share/ament_index/resource_index/parent_prefix_path/motor_control
-- Installing: /home/rohan/spherebot/install/motor_control/share/motor_control/environment/ament_prefix_path.sh
-- Installing: /home/rohan/spherebot/install/motor_control/share/motor_control/environment/ament_prefix_path.dsv
-- Installing: /home/rohan/spherebot/install/motor_control/share/motor_control/environment/path.sh
-- Installing: /home/rohan/spherebot/install/motor_control/share/motor_control/environment/path.dsv
-- Installing: /home/rohan/spherebot/install/motor_control/share/motor_control/local_setup.bash
-- Installing: /home/rohan/spherebot/install/motor_control/share/motor_control/local_setup.sh
-- Installing: /home/rohan/spherebot/install/motor_control/share/motor_control/local_setup.zsh
-- Installing: /home/rohan/spherebot/install/motor_control/share/motor_control/local_setup.dsv
-- Installing: /home/rohan/spherebot/install/motor_control/share/motor_control/package.dsv
-- Installing: /home/rohan/spherebot/install/motor_control/share/ament_index/resource_index/packages/motor_control
-- Installing: /home/rohan/spherebot/install/motor_control/share/motor_control/cmake/motor_controlConfig.cmake
-- Installing: /home/rohan/spherebot/install/motor_control/share/motor_control/cmake/motor_controlConfig-version.cmake
-- Installing: /home/rohan/spherebot/install/motor_control/share/motor_control/package.xml
