[0.037s] Invoking command in '/home/rohan/spherebot/build/remote_control_cpp': AMENT_PREFIX_PATH=/home/rohan/spherebot/install/control_lib:/home/rohan/spherebot/install/i2c_lib:${AMENT_PREFIX_PATH} CMAKE_PREFIX_PATH=/home/rohan/spherebot/install/control_lib:/home/rohan/spherebot/install/i2c_lib:/opt/ros/jazzy/opt/gz_math_vendor:/opt/ros/jazzy/opt/gz_utils_vendor:/opt/ros/jazzy/opt/gz_cmake_vendor:/opt/ros/jazzy DEBUGINFOD_URLS=https://debuginfod.ubuntu.com LD_LIBRARY_PATH=/home/rohan/spherebot/install/control_lib/lib:/home/rohan/spherebot/install/i2c_lib/lib:${LD_LIBRARY_PATH} /usr/bin/cmake --build /home/rohan/spherebot/build/remote_control_cpp -- -j4 -l4
[0.149s] [ 50%] [32mBuilding CXX object CMakeFiles/remote_control_node.dir/src/remote_control_node.cpp.o[0m
[4.576s] [01m[K/home/rohan/spherebot/src/remote_control_cpp/src/remote_control_node.cpp:[m[K In member function ‘[01m[Kvoid RemoteControlNode::[01;32m[KtimerCallback[m[K()[m[K’:
[4.576s] [01m[K/home/rohan/spherebot/src/remote_control_cpp/src/remote_control_node.cpp:168:42:[m[K [01;31m[Kerror: [m[Kexpected ‘[01m[K;[m[K’ before ‘[01m[K}[m[K’ token
[4.576s]   168 |         jointVariableVelocity.first = 0.0
[4.576s]       |                                          [01;31m[K^[m[K
[4.576s]       |                                          [32m[K;[m[K
[4.576s]   169 |     [32m[K}[m[K
[4.576s]       |     [32m[K~[m[K                                     
[4.576s] [01m[K/home/rohan/spherebot/src/remote_control_cpp/src/remote_control_node.cpp:172:43:[m[K [01;31m[Kerror: [m[Kexpected ‘[01m[K;[m[K’ before ‘[01m[K}[m[K’ token
[4.576s]   172 |         jointVariableVelocity.second = 0.0
[4.576s]       |                                           [01;31m[K^[m[K
[4.577s]       |                                           [32m[K;[m[K
[4.577s]   173 |     [32m[K}[m[K
[4.577s]       |     [32m[K~[m[K                                      
[10.860s] [01m[K/home/rohan/spherebot/src/remote_control_cpp/src/remote_control_node.cpp:164:99:[m[K [01;36m[Knote: [m[Kparameter passing for argument of type ‘[01m[Kstd::pair<float, float>[m[K’ when C++17 is enabled changed to match C++14 ]8;;https://gcc.gnu.org/gcc-10/changes.html#empty_basein GCC 10.1]8;;
[10.861s]   164 |     std::pair<float, float> jointVariableVelocity = computeJointVariables(alpha_dot_ref, u_dot_ref[01;36m[K)[m[K;
[10.861s]       |                                                                                                   [01;36m[K^[m[K
[10.948s] gmake[2]: *** [CMakeFiles/remote_control_node.dir/build.make:76: CMakeFiles/remote_control_node.dir/src/remote_control_node.cpp.o] Error 1
[10.948s] gmake[1]: *** [CMakeFiles/Makefile2:137: CMakeFiles/remote_control_node.dir/all] Error 2
[10.948s] gmake: *** [Makefile:146: all] Error 2
[10.951s] Invoked command in '/home/rohan/spherebot/build/remote_control_cpp' returned '2': AMENT_PREFIX_PATH=/home/rohan/spherebot/install/control_lib:/home/rohan/spherebot/install/i2c_lib:${AMENT_PREFIX_PATH} CMAKE_PREFIX_PATH=/home/rohan/spherebot/install/control_lib:/home/rohan/spherebot/install/i2c_lib:/opt/ros/jazzy/opt/gz_math_vendor:/opt/ros/jazzy/opt/gz_utils_vendor:/opt/ros/jazzy/opt/gz_cmake_vendor:/opt/ros/jazzy DEBUGINFOD_URLS=https://debuginfod.ubuntu.com LD_LIBRARY_PATH=/home/rohan/spherebot/install/control_lib/lib:/home/rohan/spherebot/install/i2c_lib/lib:${LD_LIBRARY_PATH} /usr/bin/cmake --build /home/rohan/spherebot/build/remote_control_cpp -- -j4 -l4
