-- The C compiler identification is GNU 13.2.0
-- The CXX compiler identification is GNU 13.2.0
-- Detecting C compiler ABI info
-- Detecting C compiler ABI info - done
-- Check for working C compiler: /usr/bin/cc - skipped
-- Detecting C compile features
-- Detecting C compile features - done
-- Detecting CXX compiler ABI info
-- Detecting CXX compiler ABI info - done
-- Check for working CXX compiler: /usr/bin/c++ - skipped
-- Detecting CXX compile features
-- Detecting CXX compile features - done
-- Found ament_cmake: 2.5.2 (/opt/ros/jazzy/share/ament_cmake/cmake)
-- Found Python3: /usr/bin/python3 (found version "3.12.3") found components: Interpreter 
-- Found rclcpp: 28.1.3 (/opt/ros/jazzy/share/rclcpp/cmake)
-- Found rosidl_generator_c: 4.6.3 (/opt/ros/jazzy/share/rosidl_generator_c/cmake)
-- Found rosidl_generator_cpp: 4.6.3 (/opt/ros/jazzy/share/rosidl_generator_cpp/cmake)
-- Using all available rosidl_typesupport_c: rosidl_typesupport_fastrtps_c;rosidl_typesupport_introspection_c
-- Using all available rosidl_typesupport_cpp: rosidl_typesupport_fastrtps_cpp;rosidl_typesupport_introspection_cpp
-- Found rmw_implementation_cmake: 7.3.1 (/opt/ros/jazzy/share/rmw_implementation_cmake/cmake)
-- Found rmw_fastrtps_cpp: 8.4.1 (/opt/ros/jazzy/share/rmw_fastrtps_cpp/cmake)
-- Found OpenSSL: /usr/lib/aarch64-linux-gnu/libcrypto.so (found version "3.0.13")  
-- Found FastRTPS: /opt/ros/jazzy/include (Required is at least version "2.13") 
-- Using RMW implementation 'rmw_fastrtps_cpp' as default
-- Found sensor_msgs: 5.3.5 (/opt/ros/jazzy/share/sensor_msgs/cmake)
-- Found i2c_lib: 0.0.1 (/home/rohan/spherebot/install/i2c_lib/share/i2c_lib/cmake)
-- Configuring done (1.8s)
-- Generating done (0.0s)
-- Build files have been written to: /home/rohan/spherebot/build/control_lib
[ 33%] [32mBuilding CXX object CMakeFiles/control_interfaces.dir/src/auxilary_arduino.cpp.o[0m
[ 33%] [32mBuilding CXX object CMakeFiles/control_interfaces.dir/src/geodeticConverter.cpp.o[0m
[ 50%] [32mBuilding CXX object CMakeFiles/control_interfaces.dir/src/stanleyControl.cpp.o[0m
[ 66%] [32mBuilding CXX object CMakeFiles/control_interfaces.dir/src/motorControl.cpp.o[0m
[ 83%] [32mBuilding CXX object CMakeFiles/control_interfaces.dir/src/kinematic_transforms.cpp.o[0m
[100%] [32m[1mLinking CXX static library libcontrol_interfaces.a[0m
[100%] Built target control_interfaces
-- Install configuration: ""
-- Installing: /home/rohan/spherebot/install/control_lib/lib/libcontrol_interfaces.a
-- Installing: /home/rohan/spherebot/install/control_lib/include/
-- Installing: /home/rohan/spherebot/install/control_lib/include//control_lib
-- Installing: /home/rohan/spherebot/install/control_lib/include//control_lib/stanleyControl.hpp
-- Installing: /home/rohan/spherebot/install/control_lib/include//control_lib/kinematic_transforms.hpp
-- Installing: /home/rohan/spherebot/install/control_lib/include//control_lib/geodeticConverter.hpp
-- Installing: /home/rohan/spherebot/install/control_lib/include//control_lib/auxilary_arduino.hpp
-- Installing: /home/rohan/spherebot/install/control_lib/include//control_lib/motorControl.hpp
-- Installing: /home/rohan/spherebot/install/control_lib/share/control_lib/environment/library_path.sh
-- Installing: /home/rohan/spherebot/install/control_lib/share/control_lib/environment/library_path.dsv
-- Installing: /home/rohan/spherebot/install/control_lib/share/ament_index/resource_index/package_run_dependencies/control_lib
-- Installing: /home/rohan/spherebot/install/control_lib/share/ament_index/resource_index/parent_prefix_path/control_lib
-- Installing: /home/rohan/spherebot/install/control_lib/share/control_lib/environment/ament_prefix_path.sh
-- Installing: /home/rohan/spherebot/install/control_lib/share/control_lib/environment/ament_prefix_path.dsv
-- Installing: /home/rohan/spherebot/install/control_lib/share/control_lib/environment/path.sh
-- Installing: /home/rohan/spherebot/install/control_lib/share/control_lib/environment/path.dsv
-- Installing: /home/rohan/spherebot/install/control_lib/share/control_lib/local_setup.bash
-- Installing: /home/rohan/spherebot/install/control_lib/share/control_lib/local_setup.sh
-- Installing: /home/rohan/spherebot/install/control_lib/share/control_lib/local_setup.zsh
-- Installing: /home/rohan/spherebot/install/control_lib/share/control_lib/local_setup.dsv
-- Installing: /home/rohan/spherebot/install/control_lib/share/control_lib/package.dsv
-- Installing: /home/rohan/spherebot/install/control_lib/share/ament_index/resource_index/packages/control_lib
-- Installing: /home/rohan/spherebot/install/control_lib/share/control_lib/cmake/export_control_libExport.cmake
-- Installing: /home/rohan/spherebot/install/control_lib/share/control_lib/cmake/export_control_libExport-noconfig.cmake
-- Installing: /home/rohan/spherebot/install/control_lib/share/control_lib/cmake/ament_cmake_export_targets-extras.cmake
-- Installing: /home/rohan/spherebot/install/control_lib/share/control_lib/cmake/ament_cmake_export_libraries-extras.cmake
-- Installing: /home/rohan/spherebot/install/control_lib/share/control_lib/cmake/control_libConfig.cmake
-- Installing: /home/rohan/spherebot/install/control_lib/share/control_lib/cmake/control_libConfig-version.cmake
-- Installing: /home/rohan/spherebot/install/control_lib/share/control_lib/package.xml
