[0.017s] Invoking command in '/home/rohan/spherebot/build/control_lib': CMAKE_PREFIX_PATH=/home/rohan/spherebot/install/i2c_lib:/home/rohan/spherebot/install/remote_control_cpp:/home/rohan/spherebot/install/joystick_reader:/home/rohan/spherebot/install/control_lib:/home/rohan/spherebot/install/gps_read_cpp:/opt/ros/jazzy/opt/gz_math_vendor:/opt/ros/jazzy/opt/gz_utils_vendor:/opt/ros/jazzy/opt/gz_cmake_vendor:/opt/ros/jazzy DEBUGINFOD_URLS=https://debuginfod.ubuntu.com /usr/bin/cmake /home/rohan/spherebot/src/control_lib -DCMAKE_INSTALL_PREFIX=/home/rohan/spherebot/install/control_lib
[0.123s] -- The C compiler identification is GNU 13.2.0
[0.229s] -- The CXX compiler identification is GNU 13.2.0
[0.255s] -- Detecting C compiler ABI info
[0.417s] -- Detecting C compiler ABI info - done
[0.433s] -- Check for working C compiler: /usr/bin/cc - skipped
[0.433s] -- Detecting C compile features
[0.434s] -- Detecting C compile features - done
[0.448s] -- Detecting CXX compiler ABI info
[0.629s] -- Detecting CXX compiler ABI info - done
[0.646s] -- Check for working CXX compiler: /usr/bin/c++ - skipped
[0.646s] -- Detecting CXX compile features
[0.647s] -- Detecting CXX compile features - done
[0.651s] -- Found ament_cmake: 2.5.2 (/opt/ros/jazzy/share/ament_cmake/cmake)
[0.873s] -- Found Python3: /usr/bin/python3 (found version "3.12.3") found components: Interpreter 
[1.028s] -- Found rclcpp: 28.1.3 (/opt/ros/jazzy/share/rclcpp/cmake)
[1.077s] -- Found rosidl_generator_c: 4.6.3 (/opt/ros/jazzy/share/rosidl_generator_c/cmake)
[1.095s] -- Found rosidl_generator_cpp: 4.6.3 (/opt/ros/jazzy/share/rosidl_generator_cpp/cmake)
[1.118s] -- Using all available rosidl_typesupport_c: rosidl_typesupport_fastrtps_c;rosidl_typesupport_introspection_c
[1.142s] -- Using all available rosidl_typesupport_cpp: rosidl_typesupport_fastrtps_cpp;rosidl_typesupport_introspection_cpp
[1.303s] -- Found rmw_implementation_cmake: 7.3.1 (/opt/ros/jazzy/share/rmw_implementation_cmake/cmake)
[1.307s] -- Found rmw_fastrtps_cpp: 8.4.1 (/opt/ros/jazzy/share/rmw_fastrtps_cpp/cmake)
[1.434s] -- Found OpenSSL: /usr/lib/aarch64-linux-gnu/libcrypto.so (found version "3.0.13")  
[1.461s] -- Found FastRTPS: /opt/ros/jazzy/include (Required is at least version "2.13") 
[1.496s] -- Using RMW implementation 'rmw_fastrtps_cpp' as default
[1.590s] -- Found sensor_msgs: 5.3.5 (/opt/ros/jazzy/share/sensor_msgs/cmake)
[1.664s] -- Found i2c_lib: 0.0.1 (/home/rohan/spherebot/install/i2c_lib/share/i2c_lib/cmake)
[1.830s] -- Configuring done (1.8s)
[1.847s] -- Generating done (0.0s)
[1.850s] -- Build files have been written to: /home/rohan/spherebot/build/control_lib
[1.868s] Invoked command in '/home/rohan/spherebot/build/control_lib' returned '0': CMAKE_PREFIX_PATH=/home/rohan/spherebot/install/i2c_lib:/home/rohan/spherebot/install/remote_control_cpp:/home/rohan/spherebot/install/joystick_reader:/home/rohan/spherebot/install/control_lib:/home/rohan/spherebot/install/gps_read_cpp:/opt/ros/jazzy/opt/gz_math_vendor:/opt/ros/jazzy/opt/gz_utils_vendor:/opt/ros/jazzy/opt/gz_cmake_vendor:/opt/ros/jazzy DEBUGINFOD_URLS=https://debuginfod.ubuntu.com /usr/bin/cmake /home/rohan/spherebot/src/control_lib -DCMAKE_INSTALL_PREFIX=/home/rohan/spherebot/install/control_lib
[1.870s] Invoking command in '/home/rohan/spherebot/build/control_lib': CMAKE_PREFIX_PATH=/home/rohan/spherebot/install/i2c_lib:/home/rohan/spherebot/install/remote_control_cpp:/home/rohan/spherebot/install/joystick_reader:/home/rohan/spherebot/install/control_lib:/home/rohan/spherebot/install/gps_read_cpp:/opt/ros/jazzy/opt/gz_math_vendor:/opt/ros/jazzy/opt/gz_utils_vendor:/opt/ros/jazzy/opt/gz_cmake_vendor:/opt/ros/jazzy DEBUGINFOD_URLS=https://debuginfod.ubuntu.com /usr/bin/cmake --build /home/rohan/spherebot/build/control_lib -- -j4 -l4
[1.972s] [ 33%] [32mBuilding CXX object CMakeFiles/control_interfaces.dir/src/auxilary_arduino.cpp.o[0m
[1.972s] [ 33%] [32mBuilding CXX object CMakeFiles/control_interfaces.dir/src/geodeticConverter.cpp.o[0m
[1.972s] [ 50%] [32mBuilding CXX object CMakeFiles/control_interfaces.dir/src/stanleyControl.cpp.o[0m
[1.974s] [ 66%] [32mBuilding CXX object CMakeFiles/control_interfaces.dir/src/motorControl.cpp.o[0m
[2.657s] [ 83%] [32mBuilding CXX object CMakeFiles/control_interfaces.dir/src/kinematic_transforms.cpp.o[0m
[3.103s] [01m[K/home/rohan/spherebot/src/control_lib/src/kinematic_transforms.cpp:[m[K In function ‘[01m[Kstd::pair<float, float>[01;32m[K computeJointVariables[m[K(float, float)[m[K’:
[3.104s] [01m[K/home/rohan/spherebot/src/control_lib/src/kinematic_transforms.cpp:3:67:[m[K [01;36m[Knote: [m[Kparameter passing for argument of type ‘[01m[Kstd::pair<float, float>[m[K’ when C++17 is enabled changed to match C++14 ]8;;https://gcc.gnu.org/gcc-10/changes.html#empty_basein GCC 10.1]8;;
[3.106s]     3 | std::pair<float, float> computeJointVariables(float alpha, float u[01;36m[K)[m[K {
[3.110s]       |                                                                   [01;36m[K^[m[K
[3.393s] [01m[K/home/rohan/spherebot/src/control_lib/src/motorControl.cpp:[m[K In member function ‘[01m[Kstd::pair<float, float> MOTOR_CONTROL::[01;32m[Kget_u_alpha[m[K()[m[K’:
[3.393s] [01m[K/home/rohan/spherebot/src/control_lib/src/motorControl.cpp:44:52:[m[K [01;36m[Knote: [m[Kparameter passing for argument of type ‘[01m[Kstd::pair<float, float>[m[K’ when C++17 is enabled changed to match C++14 ]8;;https://gcc.gnu.org/gcc-10/changes.html#empty_basein GCC 10.1]8;;
[3.393s]    44 | std::pair<float, float> MOTOR_CONTROL::get_u_alpha([01;36m[K)[m[K {
[3.394s]       |                                                    [01;36m[K^[m[K
[3.547s] [100%] [32m[1mLinking CXX static library libcontrol_interfaces.a[0m
[3.613s] [100%] Built target control_interfaces
[3.634s] Invoked command in '/home/rohan/spherebot/build/control_lib' returned '0': CMAKE_PREFIX_PATH=/home/rohan/spherebot/install/i2c_lib:/home/rohan/spherebot/install/remote_control_cpp:/home/rohan/spherebot/install/joystick_reader:/home/rohan/spherebot/install/control_lib:/home/rohan/spherebot/install/gps_read_cpp:/opt/ros/jazzy/opt/gz_math_vendor:/opt/ros/jazzy/opt/gz_utils_vendor:/opt/ros/jazzy/opt/gz_cmake_vendor:/opt/ros/jazzy DEBUGINFOD_URLS=https://debuginfod.ubuntu.com /usr/bin/cmake --build /home/rohan/spherebot/build/control_lib -- -j4 -l4
[3.704s] Invoking command in '/home/rohan/spherebot/build/control_lib': CMAKE_PREFIX_PATH=/home/rohan/spherebot/install/i2c_lib:/home/rohan/spherebot/install/remote_control_cpp:/home/rohan/spherebot/install/joystick_reader:/home/rohan/spherebot/install/control_lib:/home/rohan/spherebot/install/gps_read_cpp:/opt/ros/jazzy/opt/gz_math_vendor:/opt/ros/jazzy/opt/gz_utils_vendor:/opt/ros/jazzy/opt/gz_cmake_vendor:/opt/ros/jazzy DEBUGINFOD_URLS=https://debuginfod.ubuntu.com /usr/bin/cmake --install /home/rohan/spherebot/build/control_lib
[3.718s] -- Install configuration: ""
[3.719s] -- Installing: /home/rohan/spherebot/install/control_lib/lib/libcontrol_interfaces.a
[3.719s] -- Installing: /home/rohan/spherebot/install/control_lib/include/
[3.720s] -- Installing: /home/rohan/spherebot/install/control_lib/include//control_lib
[3.720s] -- Installing: /home/rohan/spherebot/install/control_lib/include//control_lib/stanleyControl.hpp
[3.720s] -- Installing: /home/rohan/spherebot/install/control_lib/include//control_lib/kinematic_transforms.hpp
[3.720s] -- Installing: /home/rohan/spherebot/install/control_lib/include//control_lib/geodeticConverter.hpp
[3.720s] -- Installing: /home/rohan/spherebot/install/control_lib/include//control_lib/auxilary_arduino.hpp
[3.720s] -- Installing: /home/rohan/spherebot/install/control_lib/include//control_lib/motorControl.hpp
[3.720s] -- Installing: /home/rohan/spherebot/install/control_lib/share/control_lib/environment/library_path.sh
[3.720s] -- Installing: /home/rohan/spherebot/install/control_lib/share/control_lib/environment/library_path.dsv
[3.721s] -- Installing: /home/rohan/spherebot/install/control_lib/share/ament_index/resource_index/package_run_dependencies/control_lib
[3.721s] -- Installing: /home/rohan/spherebot/install/control_lib/share/ament_index/resource_index/parent_prefix_path/control_lib
[3.721s] -- Installing: /home/rohan/spherebot/install/control_lib/share/control_lib/environment/ament_prefix_path.sh
[3.721s] -- Installing: /home/rohan/spherebot/install/control_lib/share/control_lib/environment/ament_prefix_path.dsv
[3.721s] -- Installing: /home/rohan/spherebot/install/control_lib/share/control_lib/environment/path.sh
[3.721s] -- Installing: /home/rohan/spherebot/install/control_lib/share/control_lib/environment/path.dsv
[3.721s] -- Installing: /home/rohan/spherebot/install/control_lib/share/control_lib/local_setup.bash
[3.722s] -- Installing: /home/rohan/spherebot/install/control_lib/share/control_lib/local_setup.sh
[3.722s] -- Installing: /home/rohan/spherebot/install/control_lib/share/control_lib/local_setup.zsh
[3.722s] -- Installing: /home/rohan/spherebot/install/control_lib/share/control_lib/local_setup.dsv
[3.722s] -- Installing: /home/rohan/spherebot/install/control_lib/share/control_lib/package.dsv
[3.722s] -- Installing: /home/rohan/spherebot/install/control_lib/share/ament_index/resource_index/packages/control_lib
[3.723s] -- Installing: /home/rohan/spherebot/install/control_lib/share/control_lib/cmake/export_control_libExport.cmake
[3.723s] -- Installing: /home/rohan/spherebot/install/control_lib/share/control_lib/cmake/export_control_libExport-noconfig.cmake
[3.723s] -- Installing: /home/rohan/spherebot/install/control_lib/share/control_lib/cmake/ament_cmake_export_targets-extras.cmake
[3.723s] -- Installing: /home/rohan/spherebot/install/control_lib/share/control_lib/cmake/ament_cmake_export_libraries-extras.cmake
[3.723s] -- Installing: /home/rohan/spherebot/install/control_lib/share/control_lib/cmake/control_libConfig.cmake
[3.723s] -- Installing: /home/rohan/spherebot/install/control_lib/share/control_lib/cmake/control_libConfig-version.cmake
[3.723s] -- Installing: /home/rohan/spherebot/install/control_lib/share/control_lib/package.xml
[3.727s] Invoked command in '/home/rohan/spherebot/build/control_lib' returned '0': CMAKE_PREFIX_PATH=/home/rohan/spherebot/install/i2c_lib:/home/rohan/spherebot/install/remote_control_cpp:/home/rohan/spherebot/install/joystick_reader:/home/rohan/spherebot/install/control_lib:/home/rohan/spherebot/install/gps_read_cpp:/opt/ros/jazzy/opt/gz_math_vendor:/opt/ros/jazzy/opt/gz_utils_vendor:/opt/ros/jazzy/opt/gz_cmake_vendor:/opt/ros/jazzy DEBUGINFOD_URLS=https://debuginfod.ubuntu.com /usr/bin/cmake --install /home/rohan/spherebot/build/control_lib
