[0.144s] DEBUG:colcon:Command line arguments: ['/usr/bin/colcon', 'build', '--packages-select', 'autonomous_control_pid']
[0.144s] DEBUG:colcon:Parsed command line arguments: Namespace(log_base=None, log_level=None, verb_name='build', build_base='build', install_base='install', merge_install=False, symlink_install=False, test_result_base=None, continue_on_error=False, executor='parallel', parallel_workers=4, event_handlers=None, ignore_user_meta=False, metas=['./colcon.meta'], base_paths=['.'], packages_ignore=None, packages_ignore_regex=None, paths=None, packages_up_to=None, packages_up_to_regex=None, packages_above=None, packages_above_and_dependencies=None, packages_above_depth=None, packages_select_by_dep=None, packages_skip_by_dep=None, packages_skip_up_to=None, packages_select_build_failed=False, packages_skip_build_finished=False, packages_select_test_failures=False, packages_skip_test_passed=False, packages_select=['autonomous_control_pid'], packages_skip=None, packages_select_regex=None, packages_skip_regex=None, packages_start=None, packages_end=None, allow_overriding=[], cmake_args=None, cmake_target=None, cmake_target_skip_unavailable=False, cmake_clean_cache=False, cmake_clean_first=False, cmake_force_configure=False, ament_cmake_args=None, catkin_cmake_args=None, catkin_skip_building_tests=False, mixin_files=None, mixin=None, verb_parser=<colcon_mixin.mixin.mixin_argument.MixinArgumentDecorator object at 0xffff85c32b40>, verb_extension=<colcon_core.verb.build.BuildVerb object at 0xffff85dadc40>, main=<bound method BuildVerb.main of <colcon_core.verb.build.BuildVerb object at 0xffff85dadc40>>, mixin_verb=('build',))
[0.273s] Level 1:colcon.colcon_core.package_discovery:discover_packages(colcon_meta) check parameters
[0.274s] Level 1:colcon.colcon_core.package_discovery:discover_packages(recursive) check parameters
[0.274s] Level 1:colcon.colcon_core.package_discovery:discover_packages(ignore) check parameters
[0.274s] Level 1:colcon.colcon_core.package_discovery:discover_packages(path) check parameters
[0.274s] Level 1:colcon.colcon_core.package_discovery:discover_packages(colcon_meta) discover
[0.274s] Level 1:colcon.colcon_core.package_discovery:discover_packages(recursive) discover
[0.274s] INFO:colcon.colcon_core.package_discovery:Crawling recursively for packages in '/home/rohan/spherebot'
[0.274s] Level 1:colcon.colcon_core.package_identification:_identify(.) by extensions ['ignore', 'ignore_ament_install']
[0.274s] Level 1:colcon.colcon_core.package_identification:_identify(.) by extension 'ignore'
[0.274s] Level 1:colcon.colcon_core.package_identification:_identify(.) by extension 'ignore_ament_install'
[0.275s] Level 1:colcon.colcon_core.package_identification:_identify(.) by extensions ['colcon_pkg']
[0.275s] Level 1:colcon.colcon_core.package_identification:_identify(.) by extension 'colcon_pkg'
[0.275s] Level 1:colcon.colcon_core.package_identification:_identify(.) by extensions ['colcon_meta']
[0.275s] Level 1:colcon.colcon_core.package_identification:_identify(.) by extension 'colcon_meta'
[0.275s] Level 1:colcon.colcon_core.package_identification:_identify(.) by extensions ['ros']
[0.275s] Level 1:colcon.colcon_core.package_identification:_identify(.) by extension 'ros'
[0.316s] Level 1:colcon.colcon_core.package_identification:_identify(.) by extensions ['cmake', 'python']
[0.316s] Level 1:colcon.colcon_core.package_identification:_identify(.) by extension 'cmake'
[0.316s] Level 1:colcon.colcon_core.package_identification:_identify(.) by extension 'python'
[0.316s] Level 1:colcon.colcon_core.package_identification:_identify(.) by extensions ['python_setup_py']
[0.316s] Level 1:colcon.colcon_core.package_identification:_identify(.) by extension 'python_setup_py'
[0.316s] Level 1:colcon.colcon_core.package_identification:_identify(build) by extensions ['ignore', 'ignore_ament_install']
[0.316s] Level 1:colcon.colcon_core.package_identification:_identify(build) by extension 'ignore'
[0.316s] Level 1:colcon.colcon_core.package_identification:_identify(build) ignored
[0.317s] Level 1:colcon.colcon_core.package_identification:_identify(install) by extensions ['ignore', 'ignore_ament_install']
[0.317s] Level 1:colcon.colcon_core.package_identification:_identify(install) by extension 'ignore'
[0.317s] Level 1:colcon.colcon_core.package_identification:_identify(install) ignored
[0.317s] Level 1:colcon.colcon_core.package_identification:_identify(log) by extensions ['ignore', 'ignore_ament_install']
[0.317s] Level 1:colcon.colcon_core.package_identification:_identify(log) by extension 'ignore'
[0.317s] Level 1:colcon.colcon_core.package_identification:_identify(log) ignored
[0.317s] Level 1:colcon.colcon_core.package_identification:_identify(src) by extensions ['ignore', 'ignore_ament_install']
[0.318s] Level 1:colcon.colcon_core.package_identification:_identify(src) by extension 'ignore'
[0.318s] Level 1:colcon.colcon_core.package_identification:_identify(src) by extension 'ignore_ament_install'
[0.318s] Level 1:colcon.colcon_core.package_identification:_identify(src) by extensions ['colcon_pkg']
[0.318s] Level 1:colcon.colcon_core.package_identification:_identify(src) by extension 'colcon_pkg'
[0.318s] Level 1:colcon.colcon_core.package_identification:_identify(src) by extensions ['colcon_meta']
[0.318s] Level 1:colcon.colcon_core.package_identification:_identify(src) by extension 'colcon_meta'
[0.318s] Level 1:colcon.colcon_core.package_identification:_identify(src) by extensions ['ros']
[0.318s] Level 1:colcon.colcon_core.package_identification:_identify(src) by extension 'ros'
[0.318s] Level 1:colcon.colcon_core.package_identification:_identify(src) by extensions ['cmake', 'python']
[0.318s] Level 1:colcon.colcon_core.package_identification:_identify(src) by extension 'cmake'
[0.318s] Level 1:colcon.colcon_core.package_identification:_identify(src) by extension 'python'
[0.318s] Level 1:colcon.colcon_core.package_identification:_identify(src) by extensions ['python_setup_py']
[0.318s] Level 1:colcon.colcon_core.package_identification:_identify(src) by extension 'python_setup_py'
[0.318s] Level 1:colcon.colcon_core.package_identification:_identify(src/autonomous_control_lqg) by extensions ['ignore', 'ignore_ament_install']
[0.318s] Level 1:colcon.colcon_core.package_identification:_identify(src/autonomous_control_lqg) by extension 'ignore'
[0.318s] Level 1:colcon.colcon_core.package_identification:_identify(src/autonomous_control_lqg) by extension 'ignore_ament_install'
[0.319s] Level 1:colcon.colcon_core.package_identification:_identify(src/autonomous_control_lqg) by extensions ['colcon_pkg']
[0.319s] Level 1:colcon.colcon_core.package_identification:_identify(src/autonomous_control_lqg) by extension 'colcon_pkg'
[0.319s] Level 1:colcon.colcon_core.package_identification:_identify(src/autonomous_control_lqg) by extensions ['colcon_meta']
[0.319s] Level 1:colcon.colcon_core.package_identification:_identify(src/autonomous_control_lqg) by extension 'colcon_meta'
[0.319s] Level 1:colcon.colcon_core.package_identification:_identify(src/autonomous_control_lqg) by extensions ['ros']
[0.319s] Level 1:colcon.colcon_core.package_identification:_identify(src/autonomous_control_lqg) by extension 'ros'
[0.324s] DEBUG:colcon.colcon_core.package_identification:Package 'src/autonomous_control_lqg' with type 'ros.ament_cmake' and name 'autonomous_control_lqg'
[0.325s] Level 1:colcon.colcon_core.package_identification:_identify(src/autonomous_control_pid) by extensions ['ignore', 'ignore_ament_install']
[0.325s] Level 1:colcon.colcon_core.package_identification:_identify(src/autonomous_control_pid) by extension 'ignore'
[0.325s] Level 1:colcon.colcon_core.package_identification:_identify(src/autonomous_control_pid) by extension 'ignore_ament_install'
[0.325s] Level 1:colcon.colcon_core.package_identification:_identify(src/autonomous_control_pid) by extensions ['colcon_pkg']
[0.325s] Level 1:colcon.colcon_core.package_identification:_identify(src/autonomous_control_pid) by extension 'colcon_pkg'
[0.325s] Level 1:colcon.colcon_core.package_identification:_identify(src/autonomous_control_pid) by extensions ['colcon_meta']
[0.325s] Level 1:colcon.colcon_core.package_identification:_identify(src/autonomous_control_pid) by extension 'colcon_meta'
[0.325s] Level 1:colcon.colcon_core.package_identification:_identify(src/autonomous_control_pid) by extensions ['ros']
[0.325s] Level 1:colcon.colcon_core.package_identification:_identify(src/autonomous_control_pid) by extension 'ros'
[0.327s] DEBUG:colcon.colcon_core.package_identification:Package 'src/autonomous_control_pid' with type 'ros.ament_cmake' and name 'autonomous_control_pid'
[0.327s] Level 1:colcon.colcon_core.package_identification:_identify(src/control_lib) by extensions ['ignore', 'ignore_ament_install']
[0.327s] Level 1:colcon.colcon_core.package_identification:_identify(src/control_lib) by extension 'ignore'
[0.327s] Level 1:colcon.colcon_core.package_identification:_identify(src/control_lib) by extension 'ignore_ament_install'
[0.328s] Level 1:colcon.colcon_core.package_identification:_identify(src/control_lib) by extensions ['colcon_pkg']
[0.328s] Level 1:colcon.colcon_core.package_identification:_identify(src/control_lib) by extension 'colcon_pkg'
[0.328s] Level 1:colcon.colcon_core.package_identification:_identify(src/control_lib) by extensions ['colcon_meta']
[0.328s] Level 1:colcon.colcon_core.package_identification:_identify(src/control_lib) by extension 'colcon_meta'
[0.328s] Level 1:colcon.colcon_core.package_identification:_identify(src/control_lib) by extensions ['ros']
[0.328s] Level 1:colcon.colcon_core.package_identification:_identify(src/control_lib) by extension 'ros'
[0.329s] DEBUG:colcon.colcon_core.package_identification:Package 'src/control_lib' with type 'ros.ament_cmake' and name 'control_lib'
[0.329s] Level 1:colcon.colcon_core.package_identification:_identify(src/custom_interfaces) by extensions ['ignore', 'ignore_ament_install']
[0.329s] Level 1:colcon.colcon_core.package_identification:_identify(src/custom_interfaces) by extension 'ignore'
[0.329s] Level 1:colcon.colcon_core.package_identification:_identify(src/custom_interfaces) by extension 'ignore_ament_install'
[0.329s] Level 1:colcon.colcon_core.package_identification:_identify(src/custom_interfaces) by extensions ['colcon_pkg']
[0.329s] Level 1:colcon.colcon_core.package_identification:_identify(src/custom_interfaces) by extension 'colcon_pkg'
[0.329s] Level 1:colcon.colcon_core.package_identification:_identify(src/custom_interfaces) by extensions ['colcon_meta']
[0.329s] Level 1:colcon.colcon_core.package_identification:_identify(src/custom_interfaces) by extension 'colcon_meta'
[0.330s] Level 1:colcon.colcon_core.package_identification:_identify(src/custom_interfaces) by extensions ['ros']
[0.330s] Level 1:colcon.colcon_core.package_identification:_identify(src/custom_interfaces) by extension 'ros'
[0.331s] DEBUG:colcon.colcon_core.package_identification:Package 'src/custom_interfaces' with type 'ros.ament_cmake' and name 'custom_interfaces'
[0.331s] Level 1:colcon.colcon_core.package_identification:_identify(src/data_logger_pkg) by extensions ['ignore', 'ignore_ament_install']
[0.331s] Level 1:colcon.colcon_core.package_identification:_identify(src/data_logger_pkg) by extension 'ignore'
[0.331s] Level 1:colcon.colcon_core.package_identification:_identify(src/data_logger_pkg) by extension 'ignore_ament_install'
[0.331s] Level 1:colcon.colcon_core.package_identification:_identify(src/data_logger_pkg) by extensions ['colcon_pkg']
[0.331s] Level 1:colcon.colcon_core.package_identification:_identify(src/data_logger_pkg) by extension 'colcon_pkg'
[0.331s] Level 1:colcon.colcon_core.package_identification:_identify(src/data_logger_pkg) by extensions ['colcon_meta']
[0.331s] Level 1:colcon.colcon_core.package_identification:_identify(src/data_logger_pkg) by extension 'colcon_meta'
[0.331s] Level 1:colcon.colcon_core.package_identification:_identify(src/data_logger_pkg) by extensions ['ros']
[0.331s] Level 1:colcon.colcon_core.package_identification:_identify(src/data_logger_pkg) by extension 'ros'
[0.332s] DEBUG:colcon.colcon_core.package_identification:Package 'src/data_logger_pkg' with type 'ros.ament_python' and name 'data_logger_pkg'
[0.332s] Level 1:colcon.colcon_core.package_identification:_identify(src/dfr_10_dof_pkg) by extensions ['ignore', 'ignore_ament_install']
[0.332s] Level 1:colcon.colcon_core.package_identification:_identify(src/dfr_10_dof_pkg) by extension 'ignore'
[0.333s] Level 1:colcon.colcon_core.package_identification:_identify(src/dfr_10_dof_pkg) by extension 'ignore_ament_install'
[0.333s] Level 1:colcon.colcon_core.package_identification:_identify(src/dfr_10_dof_pkg) by extensions ['colcon_pkg']
[0.333s] Level 1:colcon.colcon_core.package_identification:_identify(src/dfr_10_dof_pkg) by extension 'colcon_pkg'
[0.333s] Level 1:colcon.colcon_core.package_identification:_identify(src/dfr_10_dof_pkg) by extensions ['colcon_meta']
[0.333s] Level 1:colcon.colcon_core.package_identification:_identify(src/dfr_10_dof_pkg) by extension 'colcon_meta'
[0.333s] Level 1:colcon.colcon_core.package_identification:_identify(src/dfr_10_dof_pkg) by extensions ['ros']
[0.333s] Level 1:colcon.colcon_core.package_identification:_identify(src/dfr_10_dof_pkg) by extension 'ros'
[0.334s] DEBUG:colcon.colcon_core.package_identification:Package 'src/dfr_10_dof_pkg' with type 'ros.ament_cmake' and name 'dfr_10_dof_pkg'
[0.335s] Level 1:colcon.colcon_core.package_identification:_identify(src/gps_read_cpp) by extensions ['ignore', 'ignore_ament_install']
[0.335s] Level 1:colcon.colcon_core.package_identification:_identify(src/gps_read_cpp) by extension 'ignore'
[0.335s] Level 1:colcon.colcon_core.package_identification:_identify(src/gps_read_cpp) by extension 'ignore_ament_install'
[0.335s] Level 1:colcon.colcon_core.package_identification:_identify(src/gps_read_cpp) by extensions ['colcon_pkg']
[0.335s] Level 1:colcon.colcon_core.package_identification:_identify(src/gps_read_cpp) by extension 'colcon_pkg'
[0.335s] Level 1:colcon.colcon_core.package_identification:_identify(src/gps_read_cpp) by extensions ['colcon_meta']
[0.335s] Level 1:colcon.colcon_core.package_identification:_identify(src/gps_read_cpp) by extension 'colcon_meta'
[0.335s] Level 1:colcon.colcon_core.package_identification:_identify(src/gps_read_cpp) by extensions ['ros']
[0.335s] Level 1:colcon.colcon_core.package_identification:_identify(src/gps_read_cpp) by extension 'ros'
[0.336s] DEBUG:colcon.colcon_core.package_identification:Package 'src/gps_read_cpp' with type 'ros.ament_cmake' and name 'gps_read_cpp'
[0.337s] Level 1:colcon.colcon_core.package_identification:_identify(src/i2c_lib) by extensions ['ignore', 'ignore_ament_install']
[0.337s] Level 1:colcon.colcon_core.package_identification:_identify(src/i2c_lib) by extension 'ignore'
[0.337s] Level 1:colcon.colcon_core.package_identification:_identify(src/i2c_lib) by extension 'ignore_ament_install'
[0.337s] Level 1:colcon.colcon_core.package_identification:_identify(src/i2c_lib) by extensions ['colcon_pkg']
[0.337s] Level 1:colcon.colcon_core.package_identification:_identify(src/i2c_lib) by extension 'colcon_pkg'
[0.337s] Level 1:colcon.colcon_core.package_identification:_identify(src/i2c_lib) by extensions ['colcon_meta']
[0.337s] Level 1:colcon.colcon_core.package_identification:_identify(src/i2c_lib) by extension 'colcon_meta'
[0.337s] Level 1:colcon.colcon_core.package_identification:_identify(src/i2c_lib) by extensions ['ros']
[0.337s] Level 1:colcon.colcon_core.package_identification:_identify(src/i2c_lib) by extension 'ros'
[0.338s] DEBUG:colcon.colcon_core.package_identification:Package 'src/i2c_lib' with type 'ros.ament_cmake' and name 'i2c_lib'
[0.338s] Level 1:colcon.colcon_core.package_identification:_identify(src/joystick_reader) by extensions ['ignore', 'ignore_ament_install']
[0.338s] Level 1:colcon.colcon_core.package_identification:_identify(src/joystick_reader) by extension 'ignore'
[0.339s] Level 1:colcon.colcon_core.package_identification:_identify(src/joystick_reader) by extension 'ignore_ament_install'
[0.339s] Level 1:colcon.colcon_core.package_identification:_identify(src/joystick_reader) by extensions ['colcon_pkg']
[0.339s] Level 1:colcon.colcon_core.package_identification:_identify(src/joystick_reader) by extension 'colcon_pkg'
[0.339s] Level 1:colcon.colcon_core.package_identification:_identify(src/joystick_reader) by extensions ['colcon_meta']
[0.339s] Level 1:colcon.colcon_core.package_identification:_identify(src/joystick_reader) by extension 'colcon_meta'
[0.339s] Level 1:colcon.colcon_core.package_identification:_identify(src/joystick_reader) by extensions ['ros']
[0.339s] Level 1:colcon.colcon_core.package_identification:_identify(src/joystick_reader) by extension 'ros'
[0.340s] DEBUG:colcon.colcon_core.package_identification:Package 'src/joystick_reader' with type 'ros.ament_cmake' and name 'joystick_reader'
[0.340s] Level 1:colcon.colcon_core.package_identification:_identify(src/motor_control) by extensions ['ignore', 'ignore_ament_install']
[0.340s] Level 1:colcon.colcon_core.package_identification:_identify(src/motor_control) by extension 'ignore'
[0.340s] Level 1:colcon.colcon_core.package_identification:_identify(src/motor_control) by extension 'ignore_ament_install'
[0.340s] Level 1:colcon.colcon_core.package_identification:_identify(src/motor_control) by extensions ['colcon_pkg']
[0.340s] Level 1:colcon.colcon_core.package_identification:_identify(src/motor_control) by extension 'colcon_pkg'
[0.340s] Level 1:colcon.colcon_core.package_identification:_identify(src/motor_control) by extensions ['colcon_meta']
[0.340s] Level 1:colcon.colcon_core.package_identification:_identify(src/motor_control) by extension 'colcon_meta'
[0.340s] Level 1:colcon.colcon_core.package_identification:_identify(src/motor_control) by extensions ['ros']
[0.340s] Level 1:colcon.colcon_core.package_identification:_identify(src/motor_control) by extension 'ros'
[0.342s] DEBUG:colcon.colcon_core.package_identification:Package 'src/motor_control' with type 'ros.ament_cmake' and name 'motor_control'
[0.342s] Level 1:colcon.colcon_core.package_identification:_identify(src/remote_control_cpp) by extensions ['ignore', 'ignore_ament_install']
[0.342s] Level 1:colcon.colcon_core.package_identification:_identify(src/remote_control_cpp) by extension 'ignore'
[0.343s] Level 1:colcon.colcon_core.package_identification:_identify(src/remote_control_cpp) by extension 'ignore_ament_install'
[0.343s] Level 1:colcon.colcon_core.package_identification:_identify(src/remote_control_cpp) by extensions ['colcon_pkg']
[0.343s] Level 1:colcon.colcon_core.package_identification:_identify(src/remote_control_cpp) by extension 'colcon_pkg'
[0.343s] Level 1:colcon.colcon_core.package_identification:_identify(src/remote_control_cpp) by extensions ['colcon_meta']
[0.343s] Level 1:colcon.colcon_core.package_identification:_identify(src/remote_control_cpp) by extension 'colcon_meta'
[0.343s] Level 1:colcon.colcon_core.package_identification:_identify(src/remote_control_cpp) by extensions ['ros']
[0.343s] Level 1:colcon.colcon_core.package_identification:_identify(src/remote_control_cpp) by extension 'ros'
[0.344s] DEBUG:colcon.colcon_core.package_identification:Package 'src/remote_control_cpp' with type 'ros.ament_cmake' and name 'remote_control_cpp'
[0.344s] Level 1:colcon.colcon_core.package_discovery:discover_packages(recursive) using defaults
[0.344s] Level 1:colcon.colcon_core.package_discovery:discover_packages(ignore) discover
[0.344s] Level 1:colcon.colcon_core.package_discovery:discover_packages(ignore) using defaults
[0.344s] Level 1:colcon.colcon_core.package_discovery:discover_packages(path) discover
[0.344s] Level 1:colcon.colcon_core.package_discovery:discover_packages(path) using defaults
[0.391s] INFO:colcon.colcon_core.package_selection:Skipping not selected package 'autonomous_control_lqg' in 'src/autonomous_control_lqg'
[0.391s] INFO:colcon.colcon_core.package_selection:Skipping not selected package 'custom_interfaces' in 'src/custom_interfaces'
[0.392s] INFO:colcon.colcon_core.package_selection:Skipping not selected package 'data_logger_pkg' in 'src/data_logger_pkg'
[0.392s] INFO:colcon.colcon_core.package_selection:Skipping not selected package 'i2c_lib' in 'src/i2c_lib'
[0.392s] INFO:colcon.colcon_core.package_selection:Skipping not selected package 'joystick_reader' in 'src/joystick_reader'
[0.392s] INFO:colcon.colcon_core.package_selection:Skipping not selected package 'control_lib' in 'src/control_lib'
[0.392s] INFO:colcon.colcon_core.package_selection:Skipping not selected package 'dfr_10_dof_pkg' in 'src/dfr_10_dof_pkg'
[0.392s] INFO:colcon.colcon_core.package_selection:Skipping not selected package 'gps_read_cpp' in 'src/gps_read_cpp'
[0.392s] INFO:colcon.colcon_core.package_selection:Skipping not selected package 'motor_control' in 'src/motor_control'
[0.392s] INFO:colcon.colcon_core.package_selection:Skipping not selected package 'remote_control_cpp' in 'src/remote_control_cpp'
[0.393s] Level 1:colcon.colcon_core.package_discovery:discover_packages(prefix_path) check parameters
[0.393s] Level 1:colcon.colcon_core.package_discovery:discover_packages(prefix_path) discover
[0.401s] DEBUG:colcon.colcon_installed_package_information.package_discovery:Found 324 installed packages in /opt/ros/jazzy
[0.404s] Level 1:colcon.colcon_core.package_discovery:discover_packages(prefix_path) using defaults
[0.472s] Level 5:colcon.colcon_core.verb:set package 'autonomous_control_pid' build argument 'cmake_args' from command line to 'None'
[0.473s] Level 5:colcon.colcon_core.verb:set package 'autonomous_control_pid' build argument 'cmake_target' from command line to 'None'
[0.473s] Level 5:colcon.colcon_core.verb:set package 'autonomous_control_pid' build argument 'cmake_target_skip_unavailable' from command line to 'False'
[0.473s] Level 5:colcon.colcon_core.verb:set package 'autonomous_control_pid' build argument 'cmake_clean_cache' from command line to 'False'
[0.473s] Level 5:colcon.colcon_core.verb:set package 'autonomous_control_pid' build argument 'cmake_clean_first' from command line to 'False'
[0.473s] Level 5:colcon.colcon_core.verb:set package 'autonomous_control_pid' build argument 'cmake_force_configure' from command line to 'False'
[0.473s] Level 5:colcon.colcon_core.verb:set package 'autonomous_control_pid' build argument 'ament_cmake_args' from command line to 'None'
[0.473s] Level 5:colcon.colcon_core.verb:set package 'autonomous_control_pid' build argument 'catkin_cmake_args' from command line to 'None'
[0.473s] Level 5:colcon.colcon_core.verb:set package 'autonomous_control_pid' build argument 'catkin_skip_building_tests' from command line to 'False'
[0.473s] DEBUG:colcon.colcon_core.verb:Building package 'autonomous_control_pid' with the following arguments: {'ament_cmake_args': None, 'build_base': '/home/rohan/spherebot/build/autonomous_control_pid', 'catkin_cmake_args': None, 'catkin_skip_building_tests': False, 'cmake_args': None, 'cmake_clean_cache': False, 'cmake_clean_first': False, 'cmake_force_configure': False, 'cmake_target': None, 'cmake_target_skip_unavailable': False, 'install_base': '/home/rohan/spherebot/install/autonomous_control_pid', 'merge_install': False, 'path': '/home/rohan/spherebot/src/autonomous_control_pid', 'symlink_install': False, 'test_result_base': None}
[0.473s] INFO:colcon.colcon_core.executor:Executing jobs using 'parallel' executor
[0.474s] DEBUG:colcon.colcon_parallel_executor.executor.parallel:run_until_complete
[0.475s] INFO:colcon.colcon_ros.task.ament_cmake.build:Building ROS package in '/home/rohan/spherebot/src/autonomous_control_pid' with build type 'ament_cmake'
[0.475s] INFO:colcon.colcon_cmake.task.cmake.build:Building CMake package in '/home/rohan/spherebot/src/autonomous_control_pid'
[0.486s] INFO:colcon.colcon_core.plugin_system:Skipping extension 'colcon_core.shell.bat': Not used on non-Windows systems
[0.487s] INFO:colcon.colcon_core.shell:Skip shell extension 'powershell' for command environment: Not usable outside of PowerShell
[0.487s] DEBUG:colcon.colcon_core.shell:Skip shell extension 'dsv' for command environment
[0.515s] DEBUG:colcon.colcon_core.event_handler.log_command:Invoking command in '/home/rohan/spherebot/build/autonomous_control_pid': AMENT_PREFIX_PATH=/home/rohan/spherebot/install/control_lib:/home/rohan/spherebot/install/i2c_lib:${AMENT_PREFIX_PATH} CMAKE_PREFIX_PATH=/home/rohan/spherebot/install/control_lib:/home/rohan/spherebot/install/i2c_lib:/opt/ros/jazzy/opt/gz_math_vendor:/opt/ros/jazzy/opt/gz_utils_vendor:/opt/ros/jazzy/opt/gz_cmake_vendor:/opt/ros/jazzy DEBUGINFOD_URLS=https://debuginfod.ubuntu.com LD_LIBRARY_PATH=/home/rohan/spherebot/install/control_lib/lib:/home/rohan/spherebot/install/i2c_lib/lib:${LD_LIBRARY_PATH} /usr/bin/cmake --build /home/rohan/spherebot/build/autonomous_control_pid -- -j4 -l4
[36.382s] DEBUG:colcon.colcon_core.event_handler.log_command:Invoked command in '/home/rohan/spherebot/build/autonomous_control_pid' returned '0': AMENT_PREFIX_PATH=/home/rohan/spherebot/install/control_lib:/home/rohan/spherebot/install/i2c_lib:${AMENT_PREFIX_PATH} CMAKE_PREFIX_PATH=/home/rohan/spherebot/install/control_lib:/home/rohan/spherebot/install/i2c_lib:/opt/ros/jazzy/opt/gz_math_vendor:/opt/ros/jazzy/opt/gz_utils_vendor:/opt/ros/jazzy/opt/gz_cmake_vendor:/opt/ros/jazzy DEBUGINFOD_URLS=https://debuginfod.ubuntu.com LD_LIBRARY_PATH=/home/rohan/spherebot/install/control_lib/lib:/home/rohan/spherebot/install/i2c_lib/lib:${LD_LIBRARY_PATH} /usr/bin/cmake --build /home/rohan/spherebot/build/autonomous_control_pid -- -j4 -l4
[36.437s] DEBUG:colcon.colcon_core.event_handler.log_command:Invoking command in '/home/rohan/spherebot/build/autonomous_control_pid': AMENT_PREFIX_PATH=/home/rohan/spherebot/install/control_lib:/home/rohan/spherebot/install/i2c_lib:${AMENT_PREFIX_PATH} CMAKE_PREFIX_PATH=/home/rohan/spherebot/install/control_lib:/home/rohan/spherebot/install/i2c_lib:/opt/ros/jazzy/opt/gz_math_vendor:/opt/ros/jazzy/opt/gz_utils_vendor:/opt/ros/jazzy/opt/gz_cmake_vendor:/opt/ros/jazzy DEBUGINFOD_URLS=https://debuginfod.ubuntu.com LD_LIBRARY_PATH=/home/rohan/spherebot/install/control_lib/lib:/home/rohan/spherebot/install/i2c_lib/lib:${LD_LIBRARY_PATH} /usr/bin/cmake --install /home/rohan/spherebot/build/autonomous_control_pid
[36.504s] Level 1:colcon.colcon_core.environment:create_environment_scripts_only(autonomous_control_pid)
[36.504s] DEBUG:colcon.colcon_core.event_handler.log_command:Invoked command in '/home/rohan/spherebot/build/autonomous_control_pid' returned '0': AMENT_PREFIX_PATH=/home/rohan/spherebot/install/control_lib:/home/rohan/spherebot/install/i2c_lib:${AMENT_PREFIX_PATH} CMAKE_PREFIX_PATH=/home/rohan/spherebot/install/control_lib:/home/rohan/spherebot/install/i2c_lib:/opt/ros/jazzy/opt/gz_math_vendor:/opt/ros/jazzy/opt/gz_utils_vendor:/opt/ros/jazzy/opt/gz_cmake_vendor:/opt/ros/jazzy DEBUGINFOD_URLS=https://debuginfod.ubuntu.com LD_LIBRARY_PATH=/home/rohan/spherebot/install/control_lib/lib:/home/rohan/spherebot/install/i2c_lib/lib:${LD_LIBRARY_PATH} /usr/bin/cmake --install /home/rohan/spherebot/build/autonomous_control_pid
[36.515s] Level 1:colcon.colcon_core.environment:checking '/home/rohan/spherebot/install/autonomous_control_pid' for CMake module files
[36.516s] Level 1:colcon.colcon_core.environment:checking '/home/rohan/spherebot/install/autonomous_control_pid' for CMake config files
[36.516s] Level 1:colcon.colcon_core.shell:create_environment_hook('autonomous_control_pid', 'cmake_prefix_path')
[36.517s] INFO:colcon.colcon_core.shell:Creating environment hook '/home/rohan/spherebot/install/autonomous_control_pid/share/autonomous_control_pid/hook/cmake_prefix_path.ps1'
[36.518s] INFO:colcon.colcon_core.shell:Creating environment descriptor '/home/rohan/spherebot/install/autonomous_control_pid/share/autonomous_control_pid/hook/cmake_prefix_path.dsv'
[36.520s] INFO:colcon.colcon_core.shell:Creating environment hook '/home/rohan/spherebot/install/autonomous_control_pid/share/autonomous_control_pid/hook/cmake_prefix_path.sh'
[36.522s] Level 1:colcon.colcon_core.environment:checking '/home/rohan/spherebot/install/autonomous_control_pid/lib'
[36.522s] Level 1:colcon.colcon_core.environment:checking '/home/rohan/spherebot/install/autonomous_control_pid/bin'
[36.522s] Level 1:colcon.colcon_core.environment:checking '/home/rohan/spherebot/install/autonomous_control_pid/lib/pkgconfig/autonomous_control_pid.pc'
[36.523s] Level 1:colcon.colcon_core.environment:checking '/home/rohan/spherebot/install/autonomous_control_pid/lib/python3.12/site-packages'
[36.523s] Level 1:colcon.colcon_core.environment:checking '/home/rohan/spherebot/install/autonomous_control_pid/bin'
[36.524s] INFO:colcon.colcon_core.shell:Creating package script '/home/rohan/spherebot/install/autonomous_control_pid/share/autonomous_control_pid/package.ps1'
[36.525s] INFO:colcon.colcon_core.shell:Creating package descriptor '/home/rohan/spherebot/install/autonomous_control_pid/share/autonomous_control_pid/package.dsv'
[36.526s] INFO:colcon.colcon_core.shell:Creating package script '/home/rohan/spherebot/install/autonomous_control_pid/share/autonomous_control_pid/package.sh'
[36.528s] INFO:colcon.colcon_core.shell:Creating package script '/home/rohan/spherebot/install/autonomous_control_pid/share/autonomous_control_pid/package.bash'
[36.531s] INFO:colcon.colcon_core.shell:Creating package script '/home/rohan/spherebot/install/autonomous_control_pid/share/autonomous_control_pid/package.zsh'
[36.533s] Level 1:colcon.colcon_core.environment:create_file_with_runtime_dependencies(/home/rohan/spherebot/install/autonomous_control_pid/share/colcon-core/packages/autonomous_control_pid)
[36.572s] Level 1:colcon.colcon_core.environment:create_environment_scripts_only(autonomous_control_pid)
[36.573s] Level 1:colcon.colcon_core.environment:checking '/home/rohan/spherebot/install/autonomous_control_pid' for CMake module files
[36.573s] Level 1:colcon.colcon_core.environment:checking '/home/rohan/spherebot/install/autonomous_control_pid' for CMake config files
[36.574s] Level 1:colcon.colcon_core.shell:create_environment_hook('autonomous_control_pid', 'cmake_prefix_path')
[36.574s] INFO:colcon.colcon_core.shell:Creating environment hook '/home/rohan/spherebot/install/autonomous_control_pid/share/autonomous_control_pid/hook/cmake_prefix_path.ps1'
[36.575s] INFO:colcon.colcon_core.shell:Creating environment descriptor '/home/rohan/spherebot/install/autonomous_control_pid/share/autonomous_control_pid/hook/cmake_prefix_path.dsv'
[36.576s] INFO:colcon.colcon_core.shell:Creating environment hook '/home/rohan/spherebot/install/autonomous_control_pid/share/autonomous_control_pid/hook/cmake_prefix_path.sh'
[36.577s] Level 1:colcon.colcon_core.environment:checking '/home/rohan/spherebot/install/autonomous_control_pid/lib'
[36.577s] Level 1:colcon.colcon_core.environment:checking '/home/rohan/spherebot/install/autonomous_control_pid/bin'
[36.577s] Level 1:colcon.colcon_core.environment:checking '/home/rohan/spherebot/install/autonomous_control_pid/lib/pkgconfig/autonomous_control_pid.pc'
[36.578s] Level 1:colcon.colcon_core.environment:checking '/home/rohan/spherebot/install/autonomous_control_pid/lib/python3.12/site-packages'
[36.578s] Level 1:colcon.colcon_core.environment:checking '/home/rohan/spherebot/install/autonomous_control_pid/bin'
[36.578s] INFO:colcon.colcon_core.shell:Creating package script '/home/rohan/spherebot/install/autonomous_control_pid/share/autonomous_control_pid/package.ps1'
[36.579s] INFO:colcon.colcon_core.shell:Creating package descriptor '/home/rohan/spherebot/install/autonomous_control_pid/share/autonomous_control_pid/package.dsv'
[36.580s] INFO:colcon.colcon_core.shell:Creating package script '/home/rohan/spherebot/install/autonomous_control_pid/share/autonomous_control_pid/package.sh'
[36.581s] INFO:colcon.colcon_core.shell:Creating package script '/home/rohan/spherebot/install/autonomous_control_pid/share/autonomous_control_pid/package.bash'
[36.581s] INFO:colcon.colcon_core.shell:Creating package script '/home/rohan/spherebot/install/autonomous_control_pid/share/autonomous_control_pid/package.zsh'
[36.582s] Level 1:colcon.colcon_core.environment:create_file_with_runtime_dependencies(/home/rohan/spherebot/install/autonomous_control_pid/share/colcon-core/packages/autonomous_control_pid)
[36.583s] DEBUG:colcon.colcon_parallel_executor.executor.parallel:closing loop
[36.584s] DEBUG:colcon.colcon_parallel_executor.executor.parallel:loop closed
[36.584s] DEBUG:colcon.colcon_parallel_executor.executor.parallel:run_until_complete finished with '0'
[36.584s] DEBUG:colcon.colcon_core.event_reactor:joining thread
[36.594s] INFO:colcon.colcon_core.plugin_system:Skipping extension 'colcon_notification.desktop_notification.terminal_notifier': Not used on non-Darwin systems
[36.594s] INFO:colcon.colcon_core.plugin_system:Skipping extension 'colcon_notification.desktop_notification.win32': Not used on non-Windows systems
[36.594s] INFO:colcon.colcon_notification.desktop_notification:Sending desktop notification using 'notify2'
[36.612s] DEBUG:colcon.colcon_core.event_reactor:joined thread
[36.613s] INFO:colcon.colcon_core.shell:Creating prefix script '/home/rohan/spherebot/install/local_setup.ps1'
[36.616s] INFO:colcon.colcon_core.shell:Creating prefix util module '/home/rohan/spherebot/install/_local_setup_util_ps1.py'
[36.625s] INFO:colcon.colcon_core.shell:Creating prefix chain script '/home/rohan/spherebot/install/setup.ps1'
[36.634s] INFO:colcon.colcon_core.shell:Creating prefix script '/home/rohan/spherebot/install/local_setup.sh'
[36.637s] INFO:colcon.colcon_core.shell:Creating prefix util module '/home/rohan/spherebot/install/_local_setup_util_sh.py'
[36.638s] INFO:colcon.colcon_core.shell:Creating prefix chain script '/home/rohan/spherebot/install/setup.sh'
[36.647s] INFO:colcon.colcon_core.shell:Creating prefix script '/home/rohan/spherebot/install/local_setup.bash'
[36.651s] INFO:colcon.colcon_core.shell:Creating prefix chain script '/home/rohan/spherebot/install/setup.bash'
[36.656s] INFO:colcon.colcon_core.shell:Creating prefix script '/home/rohan/spherebot/install/local_setup.zsh'
[36.659s] INFO:colcon.colcon_core.shell:Creating prefix chain script '/home/rohan/spherebot/install/setup.zsh'
