[0.031s] Invoking command in '/home/rohan/spherebot/build/motor_control': AMENT_PREFIX_PATH=/home/rohan/spherebot/install/control_lib:/home/rohan/spherebot/install/i2c_lib:${AMENT_PREFIX_PATH} CMAKE_PREFIX_PATH=/home/rohan/spherebot/install/control_lib:/home/rohan/spherebot/install/i2c_lib:/opt/ros/jazzy/opt/gz_math_vendor:/opt/ros/jazzy/opt/gz_utils_vendor:/opt/ros/jazzy/opt/gz_cmake_vendor:/opt/ros/jazzy DEBUGINFOD_URLS=https://debuginfod.ubuntu.com LD_LIBRARY_PATH=/home/rohan/spherebot/install/control_lib/lib:/home/rohan/spherebot/install/i2c_lib/lib:${LD_LIBRARY_PATH} /usr/bin/cmake /home/rohan/spherebot/src/motor_control -DCMAKE_INSTALL_PREFIX=/home/rohan/spherebot/install/motor_control
[0.682s] -- The C compiler identification is GNU 13.2.0
[1.142s] -- The CXX compiler identification is GNU 13.2.0
[1.190s] -- Detecting C compiler ABI info
[1.379s] -- Detecting C compiler ABI info - done
[1.395s] -- Check for working C compiler: /usr/bin/cc - skipped
[1.395s] -- Detecting C compile features
[1.397s] -- Detecting C compile features - done
[1.415s] -- Detecting CXX compiler ABI info
[1.591s] -- Detecting CXX compiler ABI info - done
[1.608s] -- Check for working CXX compiler: /usr/bin/c++ - skipped
[1.608s] -- Detecting CXX compile features
[1.609s] -- Detecting CXX compile features - done
[1.647s] -- Found ament_cmake: 2.5.2 (/opt/ros/jazzy/share/ament_cmake/cmake)
[1.884s] -- Found Python3: /usr/bin/python3 (found version "3.12.3") found components: Interpreter 
[2.092s] -- Found rclcpp: 28.1.3 (/opt/ros/jazzy/share/rclcpp/cmake)
[2.183s] -- Found rosidl_generator_c: 4.6.3 (/opt/ros/jazzy/share/rosidl_generator_c/cmake)
[2.211s] -- Found rosidl_generator_cpp: 4.6.3 (/opt/ros/jazzy/share/rosidl_generator_cpp/cmake)
[2.253s] -- Using all available rosidl_typesupport_c: rosidl_typesupport_fastrtps_c;rosidl_typesupport_introspection_c
[2.293s] -- Using all available rosidl_typesupport_cpp: rosidl_typesupport_fastrtps_cpp;rosidl_typesupport_introspection_cpp
[2.452s] -- Found rmw_implementation_cmake: 7.3.1 (/opt/ros/jazzy/share/rmw_implementation_cmake/cmake)
[2.461s] -- Found rmw_fastrtps_cpp: 8.4.1 (/opt/ros/jazzy/share/rmw_fastrtps_cpp/cmake)
[2.647s] -- Found OpenSSL: /usr/lib/aarch64-linux-gnu/libcrypto.so (found version "3.0.13")  
[2.677s] -- Found FastRTPS: /opt/ros/jazzy/include (Required is at least version "2.13") 
[2.713s] -- Using RMW implementation 'rmw_fastrtps_cpp' as default
[2.855s] -- Found trajectory_msgs: 5.3.5 (/opt/ros/jazzy/share/trajectory_msgs/cmake)
[2.973s] [31mCMake Error at CMakeLists.txt:12 (find_package):
[2.973s]   By not providing "Findcontrol_msgs.cmake" in CMAKE_MODULE_PATH this project
[2.973s]   has asked CMake to find a package configuration file provided by
[2.973s]   "control_msgs", but CMake did not find one.
[2.973s] 
[2.974s]   Could not find a package configuration file provided by "control_msgs" with
[2.974s]   any of the following names:
[2.974s] 
[2.974s]     control_msgsConfig.cmake
[2.974s]     control_msgs-config.cmake
[2.974s] 
[2.974s]   Add the installation prefix of "control_msgs" to CMAKE_PREFIX_PATH or set
[2.974s]   "control_msgs_DIR" to a directory containing one of the above files.  If
[2.974s]   "control_msgs" provides a separate development package or SDK, be sure it
[2.974s]   has been installed.
[2.974s] 
[2.975s] [0m
[2.975s] -- Configuring incomplete, errors occurred!
[2.993s] Invoked command in '/home/rohan/spherebot/build/motor_control' returned '1': AMENT_PREFIX_PATH=/home/rohan/spherebot/install/control_lib:/home/rohan/spherebot/install/i2c_lib:${AMENT_PREFIX_PATH} CMAKE_PREFIX_PATH=/home/rohan/spherebot/install/control_lib:/home/rohan/spherebot/install/i2c_lib:/opt/ros/jazzy/opt/gz_math_vendor:/opt/ros/jazzy/opt/gz_utils_vendor:/opt/ros/jazzy/opt/gz_cmake_vendor:/opt/ros/jazzy DEBUGINFOD_URLS=https://debuginfod.ubuntu.com LD_LIBRARY_PATH=/home/rohan/spherebot/install/control_lib/lib:/home/rohan/spherebot/install/i2c_lib/lib:${LD_LIBRARY_PATH} /usr/bin/cmake /home/rohan/spherebot/src/motor_control -DCMAKE_INSTALL_PREFIX=/home/rohan/spherebot/install/motor_control
