[ 50%] [32mBuilding CXX object CMakeFiles/remote_control_node.dir/src/remote_control_node.cpp.o[0m
[100%] [32m[1mLinking CXX executable remote_control_node[0m
[100%] Built target remote_control_node
-- Install configuration: ""
-- Installing: /home/rohan/spherebot/install/remote_control_cpp/lib/remote_control_cpp/remote_control_node
-- Set non-toolchain portion of runtime path of "/home/rohan/spherebot/install/remote_control_cpp/lib/remote_control_cpp/remote_control_node" to ""
-- Up-to-date: /home/rohan/spherebot/install/remote_control_cpp/share/remote_control_cpp//launch
-- Up-to-date: /home/rohan/spherebot/install/remote_control_cpp/share/remote_control_cpp//launch/remote_control_launch.py
-- Installing: /home/rohan/spherebot/install/remote_control_cpp/share/ament_index/resource_index/package_run_dependencies/remote_control_cpp
-- Up-to-date: /home/rohan/spherebot/install/remote_control_cpp/share/ament_index/resource_index/parent_prefix_path/remote_control_cpp
-- Up-to-date: /home/rohan/spherebot/install/remote_control_cpp/share/remote_control_cpp/environment/ament_prefix_path.sh
-- Up-to-date: /home/rohan/spherebot/install/remote_control_cpp/share/remote_control_cpp/environment/ament_prefix_path.dsv
-- Up-to-date: /home/rohan/spherebot/install/remote_control_cpp/share/remote_control_cpp/environment/path.sh
-- Up-to-date: /home/rohan/spherebot/install/remote_control_cpp/share/remote_control_cpp/environment/path.dsv
-- Up-to-date: /home/rohan/spherebot/install/remote_control_cpp/share/remote_control_cpp/local_setup.bash
-- Up-to-date: /home/rohan/spherebot/install/remote_control_cpp/share/remote_control_cpp/local_setup.sh
-- Up-to-date: /home/rohan/spherebot/install/remote_control_cpp/share/remote_control_cpp/local_setup.zsh
-- Up-to-date: /home/rohan/spherebot/install/remote_control_cpp/share/remote_control_cpp/local_setup.dsv
-- Installing: /home/rohan/spherebot/install/remote_control_cpp/share/remote_control_cpp/package.dsv
-- Up-to-date: /home/rohan/spherebot/install/remote_control_cpp/share/ament_index/resource_index/packages/remote_control_cpp
-- Up-to-date: /home/rohan/spherebot/install/remote_control_cpp/share/remote_control_cpp/cmake/remote_control_cppConfig.cmake
-- Up-to-date: /home/rohan/spherebot/install/remote_control_cpp/share/remote_control_cpp/cmake/remote_control_cppConfig-version.cmake
-- Installing: /home/rohan/spherebot/install/remote_control_cpp/share/remote_control_cpp/package.xml
