[ 12%] [32mBuilding CXX object CMakeFiles/control_interfaces.dir/src/kinematic_transforms.cpp.o[0m
[01m[K/home/rohan/spherebot/src/control_lib/src/kinematic_transforms.cpp:[m[K In function ‘[01m[Kstd::pair<float, float>[01;32m[K computeJointVariables[m[K(float, float)[m[K’:
[01m[K/home/rohan/spherebot/src/control_lib/src/kinematic_transforms.cpp:3:67:[m[K [01;36m[Knote: [m[Kparameter passing for argument of type ‘[01m[Kstd::pair<float, float>[m[K’ when C++17 is enabled changed to match C++14 ]8;;https://gcc.gnu.org/gcc-10/changes.html#empty_basein GCC 10.1]8;;
    3 | std::pair<float, float> computeJointVariables(float alpha, float u[01;36m[K)[m[K {
      |                                                                   [01;36m[K^[m[K
[ 25%] [32m[1mLinking CXX static library libcontrol_interfaces.a[0m
[100%] Built target control_interfaces
-- Install configuration: ""
-- Installing: /home/rohan/spherebot/install/control_lib/lib/libcontrol_interfaces.a
-- Up-to-date: /home/rohan/spherebot/install/control_lib/include/
-- Up-to-date: /home/rohan/spherebot/install/control_lib/include//control_lib
-- Up-to-date: /home/rohan/spherebot/install/control_lib/include//control_lib/stanleyControl.hpp
-- Installing: /home/rohan/spherebot/install/control_lib/include//control_lib/kinematic_transforms.hpp
-- Up-to-date: /home/rohan/spherebot/install/control_lib/include//control_lib/PathDataLoader.hpp
-- Up-to-date: /home/rohan/spherebot/install/control_lib/include//control_lib/geodeticConverter.hpp
-- Up-to-date: /home/rohan/spherebot/install/control_lib/include//control_lib/auxilary_arduino.hpp
-- Up-to-date: /home/rohan/spherebot/install/control_lib/include//control_lib/LowPassFilter.hpp
-- Up-to-date: /home/rohan/spherebot/install/control_lib/include//control_lib/PID_controller.hpp
-- Up-to-date: /home/rohan/spherebot/install/control_lib/share/control_lib/environment/library_path.sh
-- Up-to-date: /home/rohan/spherebot/install/control_lib/share/control_lib/environment/library_path.dsv
-- Up-to-date: /home/rohan/spherebot/install/control_lib/share/ament_index/resource_index/package_run_dependencies/control_lib
-- Up-to-date: /home/rohan/spherebot/install/control_lib/share/ament_index/resource_index/parent_prefix_path/control_lib
-- Up-to-date: /home/rohan/spherebot/install/control_lib/share/control_lib/environment/ament_prefix_path.sh
-- Up-to-date: /home/rohan/spherebot/install/control_lib/share/control_lib/environment/ament_prefix_path.dsv
-- Up-to-date: /home/rohan/spherebot/install/control_lib/share/control_lib/environment/path.sh
-- Up-to-date: /home/rohan/spherebot/install/control_lib/share/control_lib/environment/path.dsv
-- Up-to-date: /home/rohan/spherebot/install/control_lib/share/control_lib/local_setup.bash
-- Up-to-date: /home/rohan/spherebot/install/control_lib/share/control_lib/local_setup.sh
-- Up-to-date: /home/rohan/spherebot/install/control_lib/share/control_lib/local_setup.zsh
-- Up-to-date: /home/rohan/spherebot/install/control_lib/share/control_lib/local_setup.dsv
-- Installing: /home/rohan/spherebot/install/control_lib/share/control_lib/package.dsv
-- Up-to-date: /home/rohan/spherebot/install/control_lib/share/ament_index/resource_index/packages/control_lib
-- Up-to-date: /home/rohan/spherebot/install/control_lib/share/control_lib/cmake/export_control_libExport.cmake
-- Up-to-date: /home/rohan/spherebot/install/control_lib/share/control_lib/cmake/export_control_libExport-noconfig.cmake
-- Up-to-date: /home/rohan/spherebot/install/control_lib/share/control_lib/cmake/ament_cmake_export_targets-extras.cmake
-- Up-to-date: /home/rohan/spherebot/install/control_lib/share/control_lib/cmake/ament_cmake_export_libraries-extras.cmake
-- Up-to-date: /home/rohan/spherebot/install/control_lib/share/control_lib/cmake/control_libConfig.cmake
-- Up-to-date: /home/rohan/spherebot/install/control_lib/share/control_lib/cmake/control_libConfig-version.cmake
-- Up-to-date: /home/rohan/spherebot/install/control_lib/share/control_lib/package.xml
