[0.017s] Invoking command in '/home/rohan/spherebot/build/control_lib': AMENT_PREFIX_PATH=/home/rohan/spherebot/install/i2c_lib:${AMENT_PREFIX_PATH} CMAKE_PREFIX_PATH=/home/rohan/spherebot/install/i2c_lib:/opt/ros/jazzy/opt/gz_math_vendor:/opt/ros/jazzy/opt/gz_utils_vendor:/opt/ros/jazzy/opt/gz_cmake_vendor:/opt/ros/jazzy DEBUGINFOD_URLS=https://debuginfod.ubuntu.com LD_LIBRARY_PATH=/home/rohan/spherebot/install/i2c_lib/lib:${LD_LIBRARY_PATH} /usr/bin/cmake --build /home/rohan/spherebot/build/control_lib -- -j4 -l4
[0.124s] [ 12%] [32mBuilding CXX object CMakeFiles/control_interfaces.dir/src/kinematic_transforms.cpp.o[0m
[0.582s] [01m[K/home/rohan/spherebot/src/control_lib/src/kinematic_transforms.cpp:[m[K In function ‘[01m[Kstd::pair<float, float>[01;32m[K computeJointVariables[m[K(float, float)[m[K’:
[0.582s] [01m[K/home/rohan/spherebot/src/control_lib/src/kinematic_transforms.cpp:3:67:[m[K [01;36m[Knote: [m[Kparameter passing for argument of type ‘[01m[Kstd::pair<float, float>[m[K’ when C++17 is enabled changed to match C++14 ]8;;https://gcc.gnu.org/gcc-10/changes.html#empty_basein GCC 10.1]8;;
[0.582s]     3 | std::pair<float, float> computeJointVariables(float alpha, float u[01;36m[K)[m[K {
[0.583s]       |                                                                   [01;36m[K^[m[K
[0.774s] [ 25%] [32m[1mLinking CXX static library libcontrol_interfaces.a[0m
[0.936s] [100%] Built target control_interfaces
[0.957s] Invoked command in '/home/rohan/spherebot/build/control_lib' returned '0': AMENT_PREFIX_PATH=/home/rohan/spherebot/install/i2c_lib:${AMENT_PREFIX_PATH} CMAKE_PREFIX_PATH=/home/rohan/spherebot/install/i2c_lib:/opt/ros/jazzy/opt/gz_math_vendor:/opt/ros/jazzy/opt/gz_utils_vendor:/opt/ros/jazzy/opt/gz_cmake_vendor:/opt/ros/jazzy DEBUGINFOD_URLS=https://debuginfod.ubuntu.com LD_LIBRARY_PATH=/home/rohan/spherebot/install/i2c_lib/lib:${LD_LIBRARY_PATH} /usr/bin/cmake --build /home/rohan/spherebot/build/control_lib -- -j4 -l4
[1.028s] Invoking command in '/home/rohan/spherebot/build/control_lib': AMENT_PREFIX_PATH=/home/rohan/spherebot/install/i2c_lib:${AMENT_PREFIX_PATH} CMAKE_PREFIX_PATH=/home/rohan/spherebot/install/i2c_lib:/opt/ros/jazzy/opt/gz_math_vendor:/opt/ros/jazzy/opt/gz_utils_vendor:/opt/ros/jazzy/opt/gz_cmake_vendor:/opt/ros/jazzy DEBUGINFOD_URLS=https://debuginfod.ubuntu.com LD_LIBRARY_PATH=/home/rohan/spherebot/install/i2c_lib/lib:${LD_LIBRARY_PATH} /usr/bin/cmake --install /home/rohan/spherebot/build/control_lib
[1.041s] -- Install configuration: ""
[1.042s] -- Installing: /home/rohan/spherebot/install/control_lib/lib/libcontrol_interfaces.a
[1.046s] -- Up-to-date: /home/rohan/spherebot/install/control_lib/include/
[1.046s] -- Up-to-date: /home/rohan/spherebot/install/control_lib/include//control_lib
[1.047s] -- Up-to-date: /home/rohan/spherebot/install/control_lib/include//control_lib/stanleyControl.hpp
[1.047s] -- Installing: /home/rohan/spherebot/install/control_lib/include//control_lib/kinematic_transforms.hpp
[1.047s] -- Up-to-date: /home/rohan/spherebot/install/control_lib/include//control_lib/PathDataLoader.hpp
[1.047s] -- Up-to-date: /home/rohan/spherebot/install/control_lib/include//control_lib/geodeticConverter.hpp
[1.047s] -- Up-to-date: /home/rohan/spherebot/install/control_lib/include//control_lib/auxilary_arduino.hpp
[1.047s] -- Up-to-date: /home/rohan/spherebot/install/control_lib/include//control_lib/LowPassFilter.hpp
[1.047s] -- Up-to-date: /home/rohan/spherebot/install/control_lib/include//control_lib/PID_controller.hpp
[1.047s] -- Up-to-date: /home/rohan/spherebot/install/control_lib/share/control_lib/environment/library_path.sh
[1.047s] -- Up-to-date: /home/rohan/spherebot/install/control_lib/share/control_lib/environment/library_path.dsv
[1.047s] -- Up-to-date: /home/rohan/spherebot/install/control_lib/share/ament_index/resource_index/package_run_dependencies/control_lib
[1.048s] -- Up-to-date: /home/rohan/spherebot/install/control_lib/share/ament_index/resource_index/parent_prefix_path/control_lib
[1.048s] -- Up-to-date: /home/rohan/spherebot/install/control_lib/share/control_lib/environment/ament_prefix_path.sh
[1.048s] -- Up-to-date: /home/rohan/spherebot/install/control_lib/share/control_lib/environment/ament_prefix_path.dsv
[1.048s] -- Up-to-date: /home/rohan/spherebot/install/control_lib/share/control_lib/environment/path.sh
[1.048s] -- Up-to-date: /home/rohan/spherebot/install/control_lib/share/control_lib/environment/path.dsv
[1.048s] -- Up-to-date: /home/rohan/spherebot/install/control_lib/share/control_lib/local_setup.bash
[1.048s] -- Up-to-date: /home/rohan/spherebot/install/control_lib/share/control_lib/local_setup.sh
[1.048s] -- Up-to-date: /home/rohan/spherebot/install/control_lib/share/control_lib/local_setup.zsh
[1.048s] -- Up-to-date: /home/rohan/spherebot/install/control_lib/share/control_lib/local_setup.dsv
[1.049s] -- Installing: /home/rohan/spherebot/install/control_lib/share/control_lib/package.dsv
[1.049s] -- Up-to-date: /home/rohan/spherebot/install/control_lib/share/ament_index/resource_index/packages/control_lib
[1.049s] -- Up-to-date: /home/rohan/spherebot/install/control_lib/share/control_lib/cmake/export_control_libExport.cmake
[1.049s] -- Up-to-date: /home/rohan/spherebot/install/control_lib/share/control_lib/cmake/export_control_libExport-noconfig.cmake
[1.049s] -- Up-to-date: /home/rohan/spherebot/install/control_lib/share/control_lib/cmake/ament_cmake_export_targets-extras.cmake
[1.049s] -- Up-to-date: /home/rohan/spherebot/install/control_lib/share/control_lib/cmake/ament_cmake_export_libraries-extras.cmake
[1.049s] -- Up-to-date: /home/rohan/spherebot/install/control_lib/share/control_lib/cmake/control_libConfig.cmake
[1.049s] -- Up-to-date: /home/rohan/spherebot/install/control_lib/share/control_lib/cmake/control_libConfig-version.cmake
[1.049s] -- Up-to-date: /home/rohan/spherebot/install/control_lib/share/control_lib/package.xml
[1.052s] Invoked command in '/home/rohan/spherebot/build/control_lib' returned '0': AMENT_PREFIX_PATH=/home/rohan/spherebot/install/i2c_lib:${AMENT_PREFIX_PATH} CMAKE_PREFIX_PATH=/home/rohan/spherebot/install/i2c_lib:/opt/ros/jazzy/opt/gz_math_vendor:/opt/ros/jazzy/opt/gz_utils_vendor:/opt/ros/jazzy/opt/gz_cmake_vendor:/opt/ros/jazzy DEBUGINFOD_URLS=https://debuginfod.ubuntu.com LD_LIBRARY_PATH=/home/rohan/spherebot/install/i2c_lib/lib:${LD_LIBRARY_PATH} /usr/bin/cmake --install /home/rohan/spherebot/build/control_lib
