[0.019s] Invoking command in '/home/rohan/spherebot/build/dfr_10_dof_pkg': AMENT_PREFIX_PATH=/home/rohan/spherebot/install/i2c_lib:${AMENT_PREFIX_PATH} CMAKE_PREFIX_PATH=/home/rohan/spherebot/install/i2c_lib:/opt/ros/jazzy/opt/gz_math_vendor:/opt/ros/jazzy/opt/gz_utils_vendor:/opt/ros/jazzy/opt/gz_cmake_vendor:/opt/ros/jazzy DEBUGINFOD_URLS=https://debuginfod.ubuntu.com LD_LIBRARY_PATH=/home/rohan/spherebot/install/i2c_lib/lib:${LD_LIBRARY_PATH} /usr/bin/cmake --build /home/rohan/spherebot/build/dfr_10_dof_pkg -- -j4 -l4
[0.163s] [ 60%] Built target environmental_node
[0.164s] [ 70%] Built target imu_data_node
[0.187s] [ 80%] [32mBuilding CXX object CMakeFiles/magneometer_node.dir/src/magnetometer_data_node.cpp.o[0m
[5.104s] [01m[K/home/rohan/spherebot/src/dfr_10_dof_pkg/src/magnetometer_data_node.cpp:[m[K In member function ‘[01m[Kvoid MagnetometerPublisher::[01;32m[Kpublish_data[m[K()[m[K’:
[5.104s] [01m[K/home/rohan/spherebot/src/dfr_10_dof_pkg/src/magnetometer_data_node.cpp:60:11:[m[K [01;35m[Kwarning: [m[Kunused variable ‘[01m[KheadingDegrees[m[K’ [[01;35m[K]8;;https://gcc.gnu.org/onlinedocs/gcc/Warning-Options.html#index-Wunused-variable-Wunused-variable]8;;[m[K]
[5.104s]    60 |     float [01;35m[KheadingDegrees[m[K = magnetometer.getHeadingDegrees();
[5.105s]       |           [01;35m[K^~~~~~~~~~~~~~[m[K
[17.944s] [ 90%] [32m[1mLinking CXX executable magneometer_node[0m
[18.882s] [100%] Built target magneometer_node
[18.903s] Invoked command in '/home/rohan/spherebot/build/dfr_10_dof_pkg' returned '0': AMENT_PREFIX_PATH=/home/rohan/spherebot/install/i2c_lib:${AMENT_PREFIX_PATH} CMAKE_PREFIX_PATH=/home/rohan/spherebot/install/i2c_lib:/opt/ros/jazzy/opt/gz_math_vendor:/opt/ros/jazzy/opt/gz_utils_vendor:/opt/ros/jazzy/opt/gz_cmake_vendor:/opt/ros/jazzy DEBUGINFOD_URLS=https://debuginfod.ubuntu.com LD_LIBRARY_PATH=/home/rohan/spherebot/install/i2c_lib/lib:${LD_LIBRARY_PATH} /usr/bin/cmake --build /home/rohan/spherebot/build/dfr_10_dof_pkg -- -j4 -l4
[18.980s] Invoking command in '/home/rohan/spherebot/build/dfr_10_dof_pkg': AMENT_PREFIX_PATH=/home/rohan/spherebot/install/i2c_lib:${AMENT_PREFIX_PATH} CMAKE_PREFIX_PATH=/home/rohan/spherebot/install/i2c_lib:/opt/ros/jazzy/opt/gz_math_vendor:/opt/ros/jazzy/opt/gz_utils_vendor:/opt/ros/jazzy/opt/gz_cmake_vendor:/opt/ros/jazzy DEBUGINFOD_URLS=https://debuginfod.ubuntu.com LD_LIBRARY_PATH=/home/rohan/spherebot/install/i2c_lib/lib:${LD_LIBRARY_PATH} /usr/bin/cmake --install /home/rohan/spherebot/build/dfr_10_dof_pkg
[18.995s] -- Install configuration: ""
[18.995s] -- Up-to-date: /home/rohan/spherebot/install/dfr_10_dof_pkg/lib/dfr_10_dof_pkg/imu_data_node
[18.996s] -- Installing: /home/rohan/spherebot/install/dfr_10_dof_pkg/lib/dfr_10_dof_pkg/magneometer_node
[19.011s] -- Set non-toolchain portion of runtime path of "/home/rohan/spherebot/install/dfr_10_dof_pkg/lib/dfr_10_dof_pkg/magneometer_node" to ""
[19.012s] -- Up-to-date: /home/rohan/spherebot/install/dfr_10_dof_pkg/lib/dfr_10_dof_pkg/environmental_node
[19.012s] -- Up-to-date: /home/rohan/spherebot/install/dfr_10_dof_pkg/share/ament_index/resource_index/package_run_dependencies/dfr_10_dof_pkg
[19.012s] -- Up-to-date: /home/rohan/spherebot/install/dfr_10_dof_pkg/share/ament_index/resource_index/parent_prefix_path/dfr_10_dof_pkg
[19.012s] -- Up-to-date: /home/rohan/spherebot/install/dfr_10_dof_pkg/share/dfr_10_dof_pkg/environment/ament_prefix_path.sh
[19.012s] -- Up-to-date: /home/rohan/spherebot/install/dfr_10_dof_pkg/share/dfr_10_dof_pkg/environment/ament_prefix_path.dsv
[19.012s] -- Up-to-date: /home/rohan/spherebot/install/dfr_10_dof_pkg/share/dfr_10_dof_pkg/environment/path.sh
[19.012s] -- Up-to-date: /home/rohan/spherebot/install/dfr_10_dof_pkg/share/dfr_10_dof_pkg/environment/path.dsv
[19.013s] -- Up-to-date: /home/rohan/spherebot/install/dfr_10_dof_pkg/share/dfr_10_dof_pkg/local_setup.bash
[19.013s] -- Up-to-date: /home/rohan/spherebot/install/dfr_10_dof_pkg/share/dfr_10_dof_pkg/local_setup.sh
[19.013s] -- Up-to-date: /home/rohan/spherebot/install/dfr_10_dof_pkg/share/dfr_10_dof_pkg/local_setup.zsh
[19.013s] -- Up-to-date: /home/rohan/spherebot/install/dfr_10_dof_pkg/share/dfr_10_dof_pkg/local_setup.dsv
[19.013s] -- Installing: /home/rohan/spherebot/install/dfr_10_dof_pkg/share/dfr_10_dof_pkg/package.dsv
[19.013s] -- Up-to-date: /home/rohan/spherebot/install/dfr_10_dof_pkg/share/ament_index/resource_index/packages/dfr_10_dof_pkg
[19.013s] -- Up-to-date: /home/rohan/spherebot/install/dfr_10_dof_pkg/share/dfr_10_dof_pkg/cmake/dfr_10_dof_pkgConfig.cmake
[19.013s] -- Up-to-date: /home/rohan/spherebot/install/dfr_10_dof_pkg/share/dfr_10_dof_pkg/cmake/dfr_10_dof_pkgConfig-version.cmake
[19.013s] -- Up-to-date: /home/rohan/spherebot/install/dfr_10_dof_pkg/share/dfr_10_dof_pkg/package.xml
[19.016s] Invoked command in '/home/rohan/spherebot/build/dfr_10_dof_pkg' returned '0': AMENT_PREFIX_PATH=/home/rohan/spherebot/install/i2c_lib:${AMENT_PREFIX_PATH} CMAKE_PREFIX_PATH=/home/rohan/spherebot/install/i2c_lib:/opt/ros/jazzy/opt/gz_math_vendor:/opt/ros/jazzy/opt/gz_utils_vendor:/opt/ros/jazzy/opt/gz_cmake_vendor:/opt/ros/jazzy DEBUGINFOD_URLS=https://debuginfod.ubuntu.com LD_LIBRARY_PATH=/home/rohan/spherebot/install/i2c_lib/lib:${LD_LIBRARY_PATH} /usr/bin/cmake --install /home/rohan/spherebot/build/dfr_10_dof_pkg
