[0.022s] Invoking command in '/home/rohan/spherebot/build/remote_control_cpp': CMAKE_PREFIX_PATH=/home/rohan/spherebot/install/control_lib:/home/rohan/spherebot/install/i2c_lib:/home/rohan/spherebot/install/remote_control_cpp:/home/rohan/spherebot/install/motor_control:/home/rohan/spherebot/install/joystick_reader:/home/rohan/spherebot/install/gps_read_cpp:/home/rohan/spherebot/install/dfr_10_dof_pkg:/opt/ros/jazzy/opt/gz_math_vendor:/opt/ros/jazzy/opt/gz_utils_vendor:/opt/ros/jazzy/opt/gz_cmake_vendor:/home/rohan/spherebot/install/data_logger_pkg:/opt/ros/jazzy DEBUGINFOD_URLS=https://debuginfod.ubuntu.com /usr/bin/cmake --build /home/rohan/spherebot/build/remote_control_cpp -- -j4 -l4
[0.137s] [ 50%] [32mBuilding CXX object CMakeFiles/remote_control_node.dir/src/remote_control_node.cpp.o[0m
[22.748s] [100%] [32m[1mLinking CXX executable remote_control_node[0m
[24.293s] [100%] Built target remote_control_node
[24.314s] Invoked command in '/home/rohan/spherebot/build/remote_control_cpp' returned '0': CMAKE_PREFIX_PATH=/home/rohan/spherebot/install/control_lib:/home/rohan/spherebot/install/i2c_lib:/home/rohan/spherebot/install/remote_control_cpp:/home/rohan/spherebot/install/motor_control:/home/rohan/spherebot/install/joystick_reader:/home/rohan/spherebot/install/gps_read_cpp:/home/rohan/spherebot/install/dfr_10_dof_pkg:/opt/ros/jazzy/opt/gz_math_vendor:/opt/ros/jazzy/opt/gz_utils_vendor:/opt/ros/jazzy/opt/gz_cmake_vendor:/home/rohan/spherebot/install/data_logger_pkg:/opt/ros/jazzy DEBUGINFOD_URLS=https://debuginfod.ubuntu.com /usr/bin/cmake --build /home/rohan/spherebot/build/remote_control_cpp -- -j4 -l4
[24.370s] Invoking command in '/home/rohan/spherebot/build/remote_control_cpp': CMAKE_PREFIX_PATH=/home/rohan/spherebot/install/control_lib:/home/rohan/spherebot/install/i2c_lib:/home/rohan/spherebot/install/remote_control_cpp:/home/rohan/spherebot/install/motor_control:/home/rohan/spherebot/install/joystick_reader:/home/rohan/spherebot/install/gps_read_cpp:/home/rohan/spherebot/install/dfr_10_dof_pkg:/opt/ros/jazzy/opt/gz_math_vendor:/opt/ros/jazzy/opt/gz_utils_vendor:/opt/ros/jazzy/opt/gz_cmake_vendor:/home/rohan/spherebot/install/data_logger_pkg:/opt/ros/jazzy DEBUGINFOD_URLS=https://debuginfod.ubuntu.com /usr/bin/cmake --install /home/rohan/spherebot/build/remote_control_cpp
[24.384s] -- Install configuration: ""
[24.384s] -- Installing: /home/rohan/spherebot/install/remote_control_cpp/lib/remote_control_cpp/remote_control_node
[24.411s] -- Set non-toolchain portion of runtime path of "/home/rohan/spherebot/install/remote_control_cpp/lib/remote_control_cpp/remote_control_node" to ""
[24.411s] -- Up-to-date: /home/rohan/spherebot/install/remote_control_cpp/share/remote_control_cpp//launch
[24.411s] -- Installing: /home/rohan/spherebot/install/remote_control_cpp/share/remote_control_cpp//launch/remote_control_launch.py
[24.412s] -- Up-to-date: /home/rohan/spherebot/install/remote_control_cpp/share/ament_index/resource_index/package_run_dependencies/remote_control_cpp
[24.412s] -- Up-to-date: /home/rohan/spherebot/install/remote_control_cpp/share/ament_index/resource_index/parent_prefix_path/remote_control_cpp
[24.412s] -- Up-to-date: /home/rohan/spherebot/install/remote_control_cpp/share/remote_control_cpp/environment/ament_prefix_path.sh
[24.412s] -- Up-to-date: /home/rohan/spherebot/install/remote_control_cpp/share/remote_control_cpp/environment/ament_prefix_path.dsv
[24.412s] -- Up-to-date: /home/rohan/spherebot/install/remote_control_cpp/share/remote_control_cpp/environment/path.sh
[24.412s] -- Up-to-date: /home/rohan/spherebot/install/remote_control_cpp/share/remote_control_cpp/environment/path.dsv
[24.412s] -- Up-to-date: /home/rohan/spherebot/install/remote_control_cpp/share/remote_control_cpp/local_setup.bash
[24.412s] -- Up-to-date: /home/rohan/spherebot/install/remote_control_cpp/share/remote_control_cpp/local_setup.sh
[24.413s] -- Up-to-date: /home/rohan/spherebot/install/remote_control_cpp/share/remote_control_cpp/local_setup.zsh
[24.413s] -- Up-to-date: /home/rohan/spherebot/install/remote_control_cpp/share/remote_control_cpp/local_setup.dsv
[24.413s] -- Installing: /home/rohan/spherebot/install/remote_control_cpp/share/remote_control_cpp/package.dsv
[24.413s] -- Up-to-date: /home/rohan/spherebot/install/remote_control_cpp/share/ament_index/resource_index/packages/remote_control_cpp
[24.413s] -- Up-to-date: /home/rohan/spherebot/install/remote_control_cpp/share/remote_control_cpp/cmake/remote_control_cppConfig.cmake
[24.413s] -- Up-to-date: /home/rohan/spherebot/install/remote_control_cpp/share/remote_control_cpp/cmake/remote_control_cppConfig-version.cmake
[24.413s] -- Up-to-date: /home/rohan/spherebot/install/remote_control_cpp/share/remote_control_cpp/package.xml
[24.415s] Invoked command in '/home/rohan/spherebot/build/remote_control_cpp' returned '0': CMAKE_PREFIX_PATH=/home/rohan/spherebot/install/control_lib:/home/rohan/spherebot/install/i2c_lib:/home/rohan/spherebot/install/remote_control_cpp:/home/rohan/spherebot/install/motor_control:/home/rohan/spherebot/install/joystick_reader:/home/rohan/spherebot/install/gps_read_cpp:/home/rohan/spherebot/install/dfr_10_dof_pkg:/opt/ros/jazzy/opt/gz_math_vendor:/opt/ros/jazzy/opt/gz_utils_vendor:/opt/ros/jazzy/opt/gz_cmake_vendor:/home/rohan/spherebot/install/data_logger_pkg:/opt/ros/jazzy DEBUGINFOD_URLS=https://debuginfod.ubuntu.com /usr/bin/cmake --install /home/rohan/spherebot/build/remote_control_cpp
