[0.020s] Invoking command in '/home/rohan/spherebot/build/dfr_10_dof_pkg': AMENT_PREFIX_PATH=/home/rohan/spherebot/install/i2c_lib:${AMENT_PREFIX_PATH} CMAKE_PREFIX_PATH=/home/rohan/spherebot/install/i2c_lib:/opt/ros/jazzy/opt/gz_math_vendor:/opt/ros/jazzy/opt/gz_utils_vendor:/opt/ros/jazzy/opt/gz_cmake_vendor:/opt/ros/jazzy DEBUGINFOD_URLS=https://debuginfod.ubuntu.com LD_LIBRARY_PATH=/home/rohan/spherebot/install/i2c_lib/lib:${LD_LIBRARY_PATH} /usr/bin/cmake --build /home/rohan/spherebot/build/dfr_10_dof_pkg -- -j4 -l4
[0.159s] [ 30%] Built target environmental_node
[0.167s] [ 70%] Built target imu_data_node
[0.185s] [ 80%] [32mBuilding CXX object CMakeFiles/magneometer_node.dir/src/magnetometer_data_node.cpp.o[0m
[5.375s] [01m[K/home/rohan/spherebot/src/dfr_10_dof_pkg/src/magnetometer_data_node.cpp:[m[K In member function ‘[01m[Kfloat MagnetometerPublisher::[01;32m[KcalculateAdjustedHeading[m[K(int16_t, int16_t, int16_t, float, float, float)[m[K’:
[5.376s] [01m[K/home/rohan/spherebot/src/dfr_10_dof_pkg/src/magnetometer_data_node.cpp:120:15:[m[K [01;35m[Kwarning: [m[Kunused variable ‘[01m[Kmag_z_comp[m[K’ [[01;35m[K]8;;https://gcc.gnu.org/onlinedocs/gcc/Warning-Options.html#index-Wunused-variable-Wunused-variable]8;;[m[K]
[5.376s]   120 |         float [01;35m[Kmag_z_comp[m[K = -last_mag_x * cos_roll * sin_pitch +
[5.376s]       |               [01;35m[K^~~~~~~~~~[m[K
[10.600s] [ 90%] [32m[1mLinking CXX executable magneometer_node[0m
[11.018s] [100%] Built target magneometer_node
[11.038s] Invoked command in '/home/rohan/spherebot/build/dfr_10_dof_pkg' returned '0': AMENT_PREFIX_PATH=/home/rohan/spherebot/install/i2c_lib:${AMENT_PREFIX_PATH} CMAKE_PREFIX_PATH=/home/rohan/spherebot/install/i2c_lib:/opt/ros/jazzy/opt/gz_math_vendor:/opt/ros/jazzy/opt/gz_utils_vendor:/opt/ros/jazzy/opt/gz_cmake_vendor:/opt/ros/jazzy DEBUGINFOD_URLS=https://debuginfod.ubuntu.com LD_LIBRARY_PATH=/home/rohan/spherebot/install/i2c_lib/lib:${LD_LIBRARY_PATH} /usr/bin/cmake --build /home/rohan/spherebot/build/dfr_10_dof_pkg -- -j4 -l4
[11.114s] Invoking command in '/home/rohan/spherebot/build/dfr_10_dof_pkg': AMENT_PREFIX_PATH=/home/rohan/spherebot/install/i2c_lib:${AMENT_PREFIX_PATH} CMAKE_PREFIX_PATH=/home/rohan/spherebot/install/i2c_lib:/opt/ros/jazzy/opt/gz_math_vendor:/opt/ros/jazzy/opt/gz_utils_vendor:/opt/ros/jazzy/opt/gz_cmake_vendor:/opt/ros/jazzy DEBUGINFOD_URLS=https://debuginfod.ubuntu.com LD_LIBRARY_PATH=/home/rohan/spherebot/install/i2c_lib/lib:${LD_LIBRARY_PATH} /usr/bin/cmake --install /home/rohan/spherebot/build/dfr_10_dof_pkg
[11.132s] -- Install configuration: ""
[11.132s] -- Up-to-date: /home/rohan/spherebot/install/dfr_10_dof_pkg/lib/dfr_10_dof_pkg/imu_data_node
[11.133s] -- Installing: /home/rohan/spherebot/install/dfr_10_dof_pkg/lib/dfr_10_dof_pkg/magneometer_node
[11.137s] -- Set non-toolchain portion of runtime path of "/home/rohan/spherebot/install/dfr_10_dof_pkg/lib/dfr_10_dof_pkg/magneometer_node" to ""
[11.137s] -- Up-to-date: /home/rohan/spherebot/install/dfr_10_dof_pkg/lib/dfr_10_dof_pkg/environmental_node
[11.138s] -- Up-to-date: /home/rohan/spherebot/install/dfr_10_dof_pkg/share/ament_index/resource_index/package_run_dependencies/dfr_10_dof_pkg
[11.138s] -- Up-to-date: /home/rohan/spherebot/install/dfr_10_dof_pkg/share/ament_index/resource_index/parent_prefix_path/dfr_10_dof_pkg
[11.138s] -- Up-to-date: /home/rohan/spherebot/install/dfr_10_dof_pkg/share/dfr_10_dof_pkg/environment/ament_prefix_path.sh
[11.138s] -- Up-to-date: /home/rohan/spherebot/install/dfr_10_dof_pkg/share/dfr_10_dof_pkg/environment/ament_prefix_path.dsv
[11.138s] -- Up-to-date: /home/rohan/spherebot/install/dfr_10_dof_pkg/share/dfr_10_dof_pkg/environment/path.sh
[11.138s] -- Up-to-date: /home/rohan/spherebot/install/dfr_10_dof_pkg/share/dfr_10_dof_pkg/environment/path.dsv
[11.138s] -- Up-to-date: /home/rohan/spherebot/install/dfr_10_dof_pkg/share/dfr_10_dof_pkg/local_setup.bash
[11.138s] -- Up-to-date: /home/rohan/spherebot/install/dfr_10_dof_pkg/share/dfr_10_dof_pkg/local_setup.sh
[11.139s] -- Up-to-date: /home/rohan/spherebot/install/dfr_10_dof_pkg/share/dfr_10_dof_pkg/local_setup.zsh
[11.139s] -- Up-to-date: /home/rohan/spherebot/install/dfr_10_dof_pkg/share/dfr_10_dof_pkg/local_setup.dsv
[11.139s] -- Installing: /home/rohan/spherebot/install/dfr_10_dof_pkg/share/dfr_10_dof_pkg/package.dsv
[11.139s] -- Up-to-date: /home/rohan/spherebot/install/dfr_10_dof_pkg/share/ament_index/resource_index/packages/dfr_10_dof_pkg
[11.139s] -- Up-to-date: /home/rohan/spherebot/install/dfr_10_dof_pkg/share/dfr_10_dof_pkg/cmake/dfr_10_dof_pkgConfig.cmake
[11.139s] -- Up-to-date: /home/rohan/spherebot/install/dfr_10_dof_pkg/share/dfr_10_dof_pkg/cmake/dfr_10_dof_pkgConfig-version.cmake
[11.139s] -- Up-to-date: /home/rohan/spherebot/install/dfr_10_dof_pkg/share/dfr_10_dof_pkg/package.xml
[11.142s] Invoked command in '/home/rohan/spherebot/build/dfr_10_dof_pkg' returned '0': AMENT_PREFIX_PATH=/home/rohan/spherebot/install/i2c_lib:${AMENT_PREFIX_PATH} CMAKE_PREFIX_PATH=/home/rohan/spherebot/install/i2c_lib:/opt/ros/jazzy/opt/gz_math_vendor:/opt/ros/jazzy/opt/gz_utils_vendor:/opt/ros/jazzy/opt/gz_cmake_vendor:/opt/ros/jazzy DEBUGINFOD_URLS=https://debuginfod.ubuntu.com LD_LIBRARY_PATH=/home/rohan/spherebot/install/i2c_lib/lib:${LD_LIBRARY_PATH} /usr/bin/cmake --install /home/rohan/spherebot/build/dfr_10_dof_pkg
