[0.018s] Invoking command in '/home/rohan/spherebot/build/i2c_lib': CMAKE_PREFIX_PATH=${CMAKE_PREFIX_PATH}:/opt/ros/jazzy DEBUGINFOD_URLS=https://debuginfod.ubuntu.com /usr/bin/cmake /home/rohan/spherebot/src/i2c_lib -DCMAKE_INSTALL_PREFIX=/home/rohan/spherebot/install/i2c_lib
[0.486s] -- The C compiler identification is GNU 13.2.0
[0.600s] -- The CXX compiler identification is GNU 13.2.0
[0.631s] -- Detecting C compiler ABI info
[0.820s] -- Detecting C compiler ABI info - done
[0.836s] -- Check for working C compiler: /usr/bin/cc - skipped
[0.837s] -- Detecting C compile features
[0.839s] -- Detecting C compile features - done
[0.854s] -- Detecting CXX compiler ABI info
[1.031s] -- Detecting CXX compiler ABI info - done
[1.049s] -- Check for working CXX compiler: /usr/bin/c++ - skipped
[1.049s] -- Detecting CXX compile features
[1.050s] -- Detecting CXX compile features - done
[1.058s] -- Found ament_cmake: 2.5.2 (/opt/ros/jazzy/share/ament_cmake/cmake)
[1.281s] -- Found Python3: /usr/bin/python3 (found version "3.12.3") found components: Interpreter 
[1.440s] -- Found rclcpp: 28.1.3 (/opt/ros/jazzy/share/rclcpp/cmake)
[1.492s] -- Found rosidl_generator_c: 4.6.3 (/opt/ros/jazzy/share/rosidl_generator_c/cmake)
[1.512s] -- Found rosidl_generator_cpp: 4.6.3 (/opt/ros/jazzy/share/rosidl_generator_cpp/cmake)
[1.536s] -- Using all available rosidl_typesupport_c: rosidl_typesupport_fastrtps_c;rosidl_typesupport_introspection_c
[1.562s] -- Using all available rosidl_typesupport_cpp: rosidl_typesupport_fastrtps_cpp;rosidl_typesupport_introspection_cpp
[1.667s] -- Found rmw_implementation_cmake: 7.3.1 (/opt/ros/jazzy/share/rmw_implementation_cmake/cmake)
[1.671s] -- Found rmw_fastrtps_cpp: 8.4.1 (/opt/ros/jazzy/share/rmw_fastrtps_cpp/cmake)
[1.803s] -- Found OpenSSL: /usr/lib/aarch64-linux-gnu/libcrypto.so (found version "3.0.13")  
[1.829s] -- Found FastRTPS: /opt/ros/jazzy/include (Required is at least version "2.13") 
[1.865s] -- Using RMW implementation 'rmw_fastrtps_cpp' as default
[2.115s] -- Configuring done (2.1s)
[2.131s] -- Generating done (0.0s)
[2.134s] -- Build files have been written to: /home/rohan/spherebot/build/i2c_lib
[2.152s] Invoked command in '/home/rohan/spherebot/build/i2c_lib' returned '0': CMAKE_PREFIX_PATH=${CMAKE_PREFIX_PATH}:/opt/ros/jazzy DEBUGINFOD_URLS=https://debuginfod.ubuntu.com /usr/bin/cmake /home/rohan/spherebot/src/i2c_lib -DCMAKE_INSTALL_PREFIX=/home/rohan/spherebot/install/i2c_lib
[2.154s] Invoking command in '/home/rohan/spherebot/build/i2c_lib': CMAKE_PREFIX_PATH=${CMAKE_PREFIX_PATH}:/opt/ros/jazzy DEBUGINFOD_URLS=https://debuginfod.ubuntu.com /usr/bin/cmake --build /home/rohan/spherebot/build/i2c_lib -- -j4 -l4
[2.243s] [ 50%] [32mBuilding CXX object CMakeFiles/i2c_interface.dir/src/i2c_interface.cpp.o[0m
[2.942s] [100%] [32m[1mLinking CXX static library libi2c_interface.a[0m
[2.999s] [100%] Built target i2c_interface
[3.019s] Invoked command in '/home/rohan/spherebot/build/i2c_lib' returned '0': CMAKE_PREFIX_PATH=${CMAKE_PREFIX_PATH}:/opt/ros/jazzy DEBUGINFOD_URLS=https://debuginfod.ubuntu.com /usr/bin/cmake --build /home/rohan/spherebot/build/i2c_lib -- -j4 -l4
[3.075s] Invoking command in '/home/rohan/spherebot/build/i2c_lib': CMAKE_PREFIX_PATH=${CMAKE_PREFIX_PATH}:/opt/ros/jazzy DEBUGINFOD_URLS=https://debuginfod.ubuntu.com /usr/bin/cmake --install /home/rohan/spherebot/build/i2c_lib
[3.089s] -- Install configuration: ""
[3.089s] -- Installing: /home/rohan/spherebot/install/i2c_lib/lib/libi2c_interface.a
[3.089s] -- Installing: /home/rohan/spherebot/install/i2c_lib/include/
[3.089s] -- Installing: /home/rohan/spherebot/install/i2c_lib/include//i2c_lib
[3.090s] -- Installing: /home/rohan/spherebot/install/i2c_lib/include//i2c_lib/i2c_interface.hpp
[3.090s] -- Installing: /home/rohan/spherebot/install/i2c_lib/share/i2c_lib/environment/library_path.sh
[3.090s] -- Installing: /home/rohan/spherebot/install/i2c_lib/share/i2c_lib/environment/library_path.dsv
[3.090s] -- Installing: /home/rohan/spherebot/install/i2c_lib/share/ament_index/resource_index/package_run_dependencies/i2c_lib
[3.091s] -- Installing: /home/rohan/spherebot/install/i2c_lib/share/ament_index/resource_index/parent_prefix_path/i2c_lib
[3.091s] -- Installing: /home/rohan/spherebot/install/i2c_lib/share/i2c_lib/environment/ament_prefix_path.sh
[3.091s] -- Installing: /home/rohan/spherebot/install/i2c_lib/share/i2c_lib/environment/ament_prefix_path.dsv
[3.091s] -- Installing: /home/rohan/spherebot/install/i2c_lib/share/i2c_lib/environment/path.sh
[3.091s] -- Installing: /home/rohan/spherebot/install/i2c_lib/share/i2c_lib/environment/path.dsv
[3.091s] -- Installing: /home/rohan/spherebot/install/i2c_lib/share/i2c_lib/local_setup.bash
[3.092s] -- Installing: /home/rohan/spherebot/install/i2c_lib/share/i2c_lib/local_setup.sh
[3.092s] -- Installing: /home/rohan/spherebot/install/i2c_lib/share/i2c_lib/local_setup.zsh
[3.092s] -- Installing: /home/rohan/spherebot/install/i2c_lib/share/i2c_lib/local_setup.dsv
[3.092s] -- Installing: /home/rohan/spherebot/install/i2c_lib/share/i2c_lib/package.dsv
[3.092s] -- Installing: /home/rohan/spherebot/install/i2c_lib/share/ament_index/resource_index/packages/i2c_lib
[3.093s] -- Installing: /home/rohan/spherebot/install/i2c_lib/share/i2c_lib/cmake/export_i2c_libExport.cmake
[3.093s] -- Installing: /home/rohan/spherebot/install/i2c_lib/share/i2c_lib/cmake/export_i2c_libExport-noconfig.cmake
[3.093s] -- Installing: /home/rohan/spherebot/install/i2c_lib/share/i2c_lib/cmake/ament_cmake_export_targets-extras.cmake
[3.093s] -- Installing: /home/rohan/spherebot/install/i2c_lib/share/i2c_lib/cmake/ament_cmake_export_dependencies-extras.cmake
[3.093s] -- Installing: /home/rohan/spherebot/install/i2c_lib/share/i2c_lib/cmake/ament_cmake_export_libraries-extras.cmake
[3.093s] -- Installing: /home/rohan/spherebot/install/i2c_lib/share/i2c_lib/cmake/i2c_libConfig.cmake
[3.094s] -- Installing: /home/rohan/spherebot/install/i2c_lib/share/i2c_lib/cmake/i2c_libConfig-version.cmake
[3.094s] -- Installing: /home/rohan/spherebot/install/i2c_lib/share/i2c_lib/package.xml
[3.097s] Invoked command in '/home/rohan/spherebot/build/i2c_lib' returned '0': CMAKE_PREFIX_PATH=${CMAKE_PREFIX_PATH}:/opt/ros/jazzy DEBUGINFOD_URLS=https://debuginfod.ubuntu.com /usr/bin/cmake --install /home/rohan/spherebot/build/i2c_lib
