[ 14%] [32mBuilding CXX object CMakeFiles/control_interfaces.dir/src/auxilary_arduino.cpp.o[0m
[ 28%] [32m[1mLinking CXX static library libcontrol_interfaces.a[0m
[100%] Built target control_interfaces
-- Install configuration: ""
-- Installing: /home/rohan/spherebot/install/control_lib/lib/libcontrol_interfaces.a
-- Up-to-date: /home/rohan/spherebot/install/control_lib/include/
-- Up-to-date: /home/rohan/spherebot/install/control_lib/include//control_lib
-- Installing: /home/rohan/spherebot/install/control_lib/include//control_lib/stanleyControl.hpp
-- Installing: /home/rohan/spherebot/install/control_lib/include//control_lib/kinematic_transforms.hpp
-- Up-to-date: /home/rohan/spherebot/install/control_lib/include//control_lib/geodeticConverter.hpp
-- Installing: /home/rohan/spherebot/install/control_lib/include//control_lib/LowpassFilter.hpp
-- Installing: /home/rohan/spherebot/install/control_lib/include//control_lib/auxilary_arduino.hpp
-- Up-to-date: /home/rohan/spherebot/install/control_lib/include//control_lib/PID_controller.hpp
-- Up-to-date: /home/rohan/spherebot/install/control_lib/share/control_lib/environment/library_path.sh
-- Up-to-date: /home/rohan/spherebot/install/control_lib/share/control_lib/environment/library_path.dsv
-- Up-to-date: /home/rohan/spherebot/install/control_lib/share/ament_index/resource_index/package_run_dependencies/control_lib
-- Up-to-date: /home/rohan/spherebot/install/control_lib/share/ament_index/resource_index/parent_prefix_path/control_lib
-- Up-to-date: /home/rohan/spherebot/install/control_lib/share/control_lib/environment/ament_prefix_path.sh
-- Up-to-date: /home/rohan/spherebot/install/control_lib/share/control_lib/environment/ament_prefix_path.dsv
-- Up-to-date: /home/rohan/spherebot/install/control_lib/share/control_lib/environment/path.sh
-- Up-to-date: /home/rohan/spherebot/install/control_lib/share/control_lib/environment/path.dsv
-- Up-to-date: /home/rohan/spherebot/install/control_lib/share/control_lib/local_setup.bash
-- Up-to-date: /home/rohan/spherebot/install/control_lib/share/control_lib/local_setup.sh
-- Up-to-date: /home/rohan/spherebot/install/control_lib/share/control_lib/local_setup.zsh
-- Up-to-date: /home/rohan/spherebot/install/control_lib/share/control_lib/local_setup.dsv
-- Installing: /home/rohan/spherebot/install/control_lib/share/control_lib/package.dsv
-- Up-to-date: /home/rohan/spherebot/install/control_lib/share/ament_index/resource_index/packages/control_lib
-- Up-to-date: /home/rohan/spherebot/install/control_lib/share/control_lib/cmake/export_control_libExport.cmake
-- Up-to-date: /home/rohan/spherebot/install/control_lib/share/control_lib/cmake/export_control_libExport-noconfig.cmake
-- Up-to-date: /home/rohan/spherebot/install/control_lib/share/control_lib/cmake/ament_cmake_export_targets-extras.cmake
-- Up-to-date: /home/rohan/spherebot/install/control_lib/share/control_lib/cmake/ament_cmake_export_libraries-extras.cmake
-- Up-to-date: /home/rohan/spherebot/install/control_lib/share/control_lib/cmake/control_libConfig.cmake
-- Up-to-date: /home/rohan/spherebot/install/control_lib/share/control_lib/cmake/control_libConfig-version.cmake
-- Up-to-date: /home/rohan/spherebot/install/control_lib/share/control_lib/package.xml
