[0.022s] Invoking command in '/home/rohan/spherebot/build/autonomous_control_pid': CMAKE_PREFIX_PATH=/home/rohan/spherebot/install/control_lib:/home/rohan/spherebot/install/i2c_lib:/home/rohan/spherebot/install/remote_control_cpp:/home/rohan/spherebot/install/motor_control:/home/rohan/spherebot/install/joystick_reader:/home/rohan/spherebot/install/gps_read_cpp:/home/rohan/spherebot/install/dfr_10_dof_pkg:/opt/ros/jazzy/opt/gz_math_vendor:/opt/ros/jazzy/opt/gz_utils_vendor:/opt/ros/jazzy/opt/gz_cmake_vendor:/home/rohan/spherebot/install/data_logger_pkg:/opt/ros/jazzy DEBUGINFOD_URLS=https://debuginfod.ubuntu.com /usr/bin/cmake --build /home/rohan/spherebot/build/autonomous_control_pid -- -j4 -l4
[0.138s] [ 50%] [32mBuilding CXX object CMakeFiles/autonomous_control_pid_node.dir/src/autonomous_control_pid_node.cpp.o[0m
[31.279s] [100%] [32m[1mLinking CXX executable autonomous_control_pid_node[0m
[33.502s] [100%] Built target autonomous_control_pid_node
[33.524s] Invoked command in '/home/rohan/spherebot/build/autonomous_control_pid' returned '0': CMAKE_PREFIX_PATH=/home/rohan/spherebot/install/control_lib:/home/rohan/spherebot/install/i2c_lib:/home/rohan/spherebot/install/remote_control_cpp:/home/rohan/spherebot/install/motor_control:/home/rohan/spherebot/install/joystick_reader:/home/rohan/spherebot/install/gps_read_cpp:/home/rohan/spherebot/install/dfr_10_dof_pkg:/opt/ros/jazzy/opt/gz_math_vendor:/opt/ros/jazzy/opt/gz_utils_vendor:/opt/ros/jazzy/opt/gz_cmake_vendor:/home/rohan/spherebot/install/data_logger_pkg:/opt/ros/jazzy DEBUGINFOD_URLS=https://debuginfod.ubuntu.com /usr/bin/cmake --build /home/rohan/spherebot/build/autonomous_control_pid -- -j4 -l4
[33.579s] Invoking command in '/home/rohan/spherebot/build/autonomous_control_pid': CMAKE_PREFIX_PATH=/home/rohan/spherebot/install/control_lib:/home/rohan/spherebot/install/i2c_lib:/home/rohan/spherebot/install/remote_control_cpp:/home/rohan/spherebot/install/motor_control:/home/rohan/spherebot/install/joystick_reader:/home/rohan/spherebot/install/gps_read_cpp:/home/rohan/spherebot/install/dfr_10_dof_pkg:/opt/ros/jazzy/opt/gz_math_vendor:/opt/ros/jazzy/opt/gz_utils_vendor:/opt/ros/jazzy/opt/gz_cmake_vendor:/home/rohan/spherebot/install/data_logger_pkg:/opt/ros/jazzy DEBUGINFOD_URLS=https://debuginfod.ubuntu.com /usr/bin/cmake --install /home/rohan/spherebot/build/autonomous_control_pid
[33.594s] -- Install configuration: ""
[33.594s] -- Installing: /home/rohan/spherebot/install/autonomous_control_pid/lib/autonomous_control_pid/autonomous_control_pid_node
[33.625s] -- Set non-toolchain portion of runtime path of "/home/rohan/spherebot/install/autonomous_control_pid/lib/autonomous_control_pid/autonomous_control_pid_node" to ""
[33.625s] -- Installing: /home/rohan/spherebot/install/autonomous_control_pid/share/autonomous_control_pid//launch
[33.625s] -- Installing: /home/rohan/spherebot/install/autonomous_control_pid/share/autonomous_control_pid//launch/autonomous_control_PID_launch.py
[33.625s] -- Installing: /home/rohan/spherebot/install/autonomous_control_pid/share/ament_index/resource_index/package_run_dependencies/autonomous_control_pid
[33.625s] -- Installing: /home/rohan/spherebot/install/autonomous_control_pid/share/ament_index/resource_index/parent_prefix_path/autonomous_control_pid
[33.626s] -- Installing: /home/rohan/spherebot/install/autonomous_control_pid/share/autonomous_control_pid/environment/ament_prefix_path.sh
[33.626s] -- Installing: /home/rohan/spherebot/install/autonomous_control_pid/share/autonomous_control_pid/environment/ament_prefix_path.dsv
[33.626s] -- Installing: /home/rohan/spherebot/install/autonomous_control_pid/share/autonomous_control_pid/environment/path.sh
[33.626s] -- Installing: /home/rohan/spherebot/install/autonomous_control_pid/share/autonomous_control_pid/environment/path.dsv
[33.626s] -- Installing: /home/rohan/spherebot/install/autonomous_control_pid/share/autonomous_control_pid/local_setup.bash
[33.626s] -- Installing: /home/rohan/spherebot/install/autonomous_control_pid/share/autonomous_control_pid/local_setup.sh
[33.627s] -- Installing: /home/rohan/spherebot/install/autonomous_control_pid/share/autonomous_control_pid/local_setup.zsh
[33.627s] -- Installing: /home/rohan/spherebot/install/autonomous_control_pid/share/autonomous_control_pid/local_setup.dsv
[33.627s] -- Installing: /home/rohan/spherebot/install/autonomous_control_pid/share/autonomous_control_pid/package.dsv
[33.627s] -- Installing: /home/rohan/spherebot/install/autonomous_control_pid/share/ament_index/resource_index/packages/autonomous_control_pid
[33.627s] -- Installing: /home/rohan/spherebot/install/autonomous_control_pid/share/autonomous_control_pid/cmake/autonomous_control_pidConfig.cmake
[33.628s] -- Installing: /home/rohan/spherebot/install/autonomous_control_pid/share/autonomous_control_pid/cmake/autonomous_control_pidConfig-version.cmake
[33.628s] -- Installing: /home/rohan/spherebot/install/autonomous_control_pid/share/autonomous_control_pid/package.xml
[33.631s] Invoked command in '/home/rohan/spherebot/build/autonomous_control_pid' returned '0': CMAKE_PREFIX_PATH=/home/rohan/spherebot/install/control_lib:/home/rohan/spherebot/install/i2c_lib:/home/rohan/spherebot/install/remote_control_cpp:/home/rohan/spherebot/install/motor_control:/home/rohan/spherebot/install/joystick_reader:/home/rohan/spherebot/install/gps_read_cpp:/home/rohan/spherebot/install/dfr_10_dof_pkg:/opt/ros/jazzy/opt/gz_math_vendor:/opt/ros/jazzy/opt/gz_utils_vendor:/opt/ros/jazzy/opt/gz_cmake_vendor:/home/rohan/spherebot/install/data_logger_pkg:/opt/ros/jazzy DEBUGINFOD_URLS=https://debuginfod.ubuntu.com /usr/bin/cmake --install /home/rohan/spherebot/build/autonomous_control_pid
