[100%] Built target autonomous_control_pid_node
-- Install configuration: ""
-- Up-to-date: /home/rohan/spherebot/install/autonomous_control_pid/lib/autonomous_control_pid/autonomous_control_pid_node
-- Up-to-date: /home/rohan/spherebot/install/autonomous_control_pid/share/autonomous_control_pid//launch
-- Installing: /home/rohan/spherebot/install/autonomous_control_pid/share/autonomous_control_pid//launch/autonomous_control_PID_launch.py
-- Up-to-date: /home/rohan/spherebot/install/autonomous_control_pid/share/ament_index/resource_index/package_run_dependencies/autonomous_control_pid
-- Up-to-date: /home/rohan/spherebot/install/autonomous_control_pid/share/ament_index/resource_index/parent_prefix_path/autonomous_control_pid
-- Up-to-date: /home/rohan/spherebot/install/autonomous_control_pid/share/autonomous_control_pid/environment/ament_prefix_path.sh
-- Up-to-date: /home/rohan/spherebot/install/autonomous_control_pid/share/autonomous_control_pid/environment/ament_prefix_path.dsv
-- Up-to-date: /home/rohan/spherebot/install/autonomous_control_pid/share/autonomous_control_pid/environment/path.sh
-- Up-to-date: /home/rohan/spherebot/install/autonomous_control_pid/share/autonomous_control_pid/environment/path.dsv
-- Up-to-date: /home/rohan/spherebot/install/autonomous_control_pid/share/autonomous_control_pid/local_setup.bash
-- Up-to-date: /home/rohan/spherebot/install/autonomous_control_pid/share/autonomous_control_pid/local_setup.sh
-- Up-to-date: /home/rohan/spherebot/install/autonomous_control_pid/share/autonomous_control_pid/local_setup.zsh
-- Up-to-date: /home/rohan/spherebot/install/autonomous_control_pid/share/autonomous_control_pid/local_setup.dsv
-- Installing: /home/rohan/spherebot/install/autonomous_control_pid/share/autonomous_control_pid/package.dsv
-- Up-to-date: /home/rohan/spherebot/install/autonomous_control_pid/share/ament_index/resource_index/packages/autonomous_control_pid
-- Up-to-date: /home/rohan/spherebot/install/autonomous_control_pid/share/autonomous_control_pid/cmake/autonomous_control_pidConfig.cmake
-- Up-to-date: /home/rohan/spherebot/install/autonomous_control_pid/share/autonomous_control_pid/cmake/autonomous_control_pidConfig-version.cmake
-- Up-to-date: /home/rohan/spherebot/install/autonomous_control_pid/share/autonomous_control_pid/package.xml
