[0.024s] Invoking command in '/home/rohan/spherebot/build/remote_control_cpp': AMENT_PREFIX_PATH=/home/rohan/spherebot/install/control_lib:/home/rohan/spherebot/install/i2c_lib:${AMENT_PREFIX_PATH} CMAKE_PREFIX_PATH=/home/rohan/spherebot/install/control_lib:/home/rohan/spherebot/install/i2c_lib:/opt/ros/jazzy/opt/gz_math_vendor:/opt/ros/jazzy/opt/gz_utils_vendor:/opt/ros/jazzy/opt/gz_cmake_vendor:/opt/ros/jazzy DEBUGINFOD_URLS=https://debuginfod.ubuntu.com LD_LIBRARY_PATH=/home/rohan/spherebot/install/control_lib/lib:/home/rohan/spherebot/install/i2c_lib/lib:${LD_LIBRARY_PATH} /usr/bin/cmake --build /home/rohan/spherebot/build/remote_control_cpp -- -j4 -l4
[0.137s] [100%] Built target remote_control_node
[0.159s] Invoked command in '/home/rohan/spherebot/build/remote_control_cpp' returned '0': AMENT_PREFIX_PATH=/home/rohan/spherebot/install/control_lib:/home/rohan/spherebot/install/i2c_lib:${AMENT_PREFIX_PATH} CMAKE_PREFIX_PATH=/home/rohan/spherebot/install/control_lib:/home/rohan/spherebot/install/i2c_lib:/opt/ros/jazzy/opt/gz_math_vendor:/opt/ros/jazzy/opt/gz_utils_vendor:/opt/ros/jazzy/opt/gz_cmake_vendor:/opt/ros/jazzy DEBUGINFOD_URLS=https://debuginfod.ubuntu.com LD_LIBRARY_PATH=/home/rohan/spherebot/install/control_lib/lib:/home/rohan/spherebot/install/i2c_lib/lib:${LD_LIBRARY_PATH} /usr/bin/cmake --build /home/rohan/spherebot/build/remote_control_cpp -- -j4 -l4
[0.218s] Invoking command in '/home/rohan/spherebot/build/remote_control_cpp': AMENT_PREFIX_PATH=/home/rohan/spherebot/install/control_lib:/home/rohan/spherebot/install/i2c_lib:${AMENT_PREFIX_PATH} CMAKE_PREFIX_PATH=/home/rohan/spherebot/install/control_lib:/home/rohan/spherebot/install/i2c_lib:/opt/ros/jazzy/opt/gz_math_vendor:/opt/ros/jazzy/opt/gz_utils_vendor:/opt/ros/jazzy/opt/gz_cmake_vendor:/opt/ros/jazzy DEBUGINFOD_URLS=https://debuginfod.ubuntu.com LD_LIBRARY_PATH=/home/rohan/spherebot/install/control_lib/lib:/home/rohan/spherebot/install/i2c_lib/lib:${LD_LIBRARY_PATH} /usr/bin/cmake --install /home/rohan/spherebot/build/remote_control_cpp
[0.232s] -- Install configuration: ""
[0.232s] -- Up-to-date: /home/rohan/spherebot/install/remote_control_cpp/lib/remote_control_cpp/remote_control_node
[0.232s] -- Up-to-date: /home/rohan/spherebot/install/remote_control_cpp/share/remote_control_cpp//launch
[0.233s] -- Installing: /home/rohan/spherebot/install/remote_control_cpp/share/remote_control_cpp//launch/remote_control_launch.py
[0.233s] -- Up-to-date: /home/rohan/spherebot/install/remote_control_cpp/share/ament_index/resource_index/package_run_dependencies/remote_control_cpp
[0.233s] -- Up-to-date: /home/rohan/spherebot/install/remote_control_cpp/share/ament_index/resource_index/parent_prefix_path/remote_control_cpp
[0.233s] -- Up-to-date: /home/rohan/spherebot/install/remote_control_cpp/share/remote_control_cpp/environment/ament_prefix_path.sh
[0.233s] -- Up-to-date: /home/rohan/spherebot/install/remote_control_cpp/share/remote_control_cpp/environment/ament_prefix_path.dsv
[0.233s] -- Up-to-date: /home/rohan/spherebot/install/remote_control_cpp/share/remote_control_cpp/environment/path.sh
[0.234s] -- Up-to-date: /home/rohan/spherebot/install/remote_control_cpp/share/remote_control_cpp/environment/path.dsv
[0.234s] -- Up-to-date: /home/rohan/spherebot/install/remote_control_cpp/share/remote_control_cpp/local_setup.bash
[0.234s] -- Up-to-date: /home/rohan/spherebot/install/remote_control_cpp/share/remote_control_cpp/local_setup.sh
[0.234s] -- Up-to-date: /home/rohan/spherebot/install/remote_control_cpp/share/remote_control_cpp/local_setup.zsh
[0.234s] -- Up-to-date: /home/rohan/spherebot/install/remote_control_cpp/share/remote_control_cpp/local_setup.dsv
[0.234s] -- Installing: /home/rohan/spherebot/install/remote_control_cpp/share/remote_control_cpp/package.dsv
[0.234s] -- Up-to-date: /home/rohan/spherebot/install/remote_control_cpp/share/ament_index/resource_index/packages/remote_control_cpp
[0.234s] -- Up-to-date: /home/rohan/spherebot/install/remote_control_cpp/share/remote_control_cpp/cmake/remote_control_cppConfig.cmake
[0.234s] -- Up-to-date: /home/rohan/spherebot/install/remote_control_cpp/share/remote_control_cpp/cmake/remote_control_cppConfig-version.cmake
[0.234s] -- Up-to-date: /home/rohan/spherebot/install/remote_control_cpp/share/remote_control_cpp/package.xml
[0.237s] Invoked command in '/home/rohan/spherebot/build/remote_control_cpp' returned '0': AMENT_PREFIX_PATH=/home/rohan/spherebot/install/control_lib:/home/rohan/spherebot/install/i2c_lib:${AMENT_PREFIX_PATH} CMAKE_PREFIX_PATH=/home/rohan/spherebot/install/control_lib:/home/rohan/spherebot/install/i2c_lib:/opt/ros/jazzy/opt/gz_math_vendor:/opt/ros/jazzy/opt/gz_utils_vendor:/opt/ros/jazzy/opt/gz_cmake_vendor:/opt/ros/jazzy DEBUGINFOD_URLS=https://debuginfod.ubuntu.com LD_LIBRARY_PATH=/home/rohan/spherebot/install/control_lib/lib:/home/rohan/spherebot/install/i2c_lib/lib:${LD_LIBRARY_PATH} /usr/bin/cmake --install /home/rohan/spherebot/build/remote_control_cpp
