[1.552s] Invoking command in '/home/rohan/spherebot/src/data_logger_pkg': DEBUGINFOD_URLS=https://debuginfod.ubuntu.com PYTHONPATH=/home/rohan/spherebot/build/data_logger_pkg/prefix_override:/usr/lib/python3/dist-packages/colcon_core/task/python/colcon_distutils_commands:/home/rohan/spherebot/install/data_logger_pkg/lib/python3.12/site-packages:${PYTHONPATH} /usr/bin/python3 -W ignore:setup.py install is deprecated setup.py egg_info --egg-base ../../build/data_logger_pkg build --build-base /home/rohan/spherebot/build/data_logger_pkg/build install --record /home/rohan/spherebot/build/data_logger_pkg/install.log --single-version-externally-managed install_data
[2.023s] running egg_info
[2.048s] writing ../../build/data_logger_pkg/data_logger_pkg.egg-info/PKG-INFO
[2.049s] writing dependency_links to ../../build/data_logger_pkg/data_logger_pkg.egg-info/dependency_links.txt
[2.050s] writing entry points to ../../build/data_logger_pkg/data_logger_pkg.egg-info/entry_points.txt
[2.050s] writing requirements to ../../build/data_logger_pkg/data_logger_pkg.egg-info/requires.txt
[2.051s] writing top-level names to ../../build/data_logger_pkg/data_logger_pkg.egg-info/top_level.txt
[2.106s] reading manifest file '../../build/data_logger_pkg/data_logger_pkg.egg-info/SOURCES.txt'
[2.106s] adding license file 'LICENSE'
[2.107s] writing manifest file '../../build/data_logger_pkg/data_logger_pkg.egg-info/SOURCES.txt'
[2.107s] running build
[2.107s] running build_py
[2.107s] copying data_logger_pkg/data_logger_node.py -> /home/rohan/spherebot/build/data_logger_pkg/build/lib/data_logger_pkg
[2.108s] running install
[2.117s] running install_lib
[2.143s] copying /home/rohan/spherebot/build/data_logger_pkg/build/lib/data_logger_pkg/data_logger_node.py -> /home/rohan/spherebot/install/data_logger_pkg/lib/python3.12/site-packages/data_logger_pkg
[2.144s] byte-compiling /home/rohan/spherebot/install/data_logger_pkg/lib/python3.12/site-packages/data_logger_pkg/data_logger_node.py to data_logger_node.cpython-312.pyc
[2.145s] Sorry: IndentationError: expected an indented block after 'else' statement on line 94 (data_logger_node.py, line 97)
[2.146s] running install_data
[2.146s] running install_egg_info
[2.175s] removing '/home/rohan/spherebot/install/data_logger_pkg/lib/python3.12/site-packages/data_logger_pkg-0.0.0-py3.12.egg-info' (and everything under it)
[2.175s] Copying ../../build/data_logger_pkg/data_logger_pkg.egg-info to /home/rohan/spherebot/install/data_logger_pkg/lib/python3.12/site-packages/data_logger_pkg-0.0.0-py3.12.egg-info
[2.178s] running install_scripts
[2.455s] Installing data_logger_node script to /home/rohan/spherebot/install/data_logger_pkg/lib/data_logger_pkg
[2.457s] writing list of installed files to '/home/rohan/spherebot/build/data_logger_pkg/install.log'
[2.542s] Invoked command in '/home/rohan/spherebot/src/data_logger_pkg' returned '0': DEBUGINFOD_URLS=https://debuginfod.ubuntu.com PYTHONPATH=/home/rohan/spherebot/build/data_logger_pkg/prefix_override:/usr/lib/python3/dist-packages/colcon_core/task/python/colcon_distutils_commands:/home/rohan/spherebot/install/data_logger_pkg/lib/python3.12/site-packages:${PYTHONPATH} /usr/bin/python3 -W ignore:setup.py install is deprecated setup.py egg_info --egg-base ../../build/data_logger_pkg build --build-base /home/rohan/spherebot/build/data_logger_pkg/build install --record /home/rohan/spherebot/build/data_logger_pkg/install.log --single-version-externally-managed install_data
