[100%] Built target i2c_interface
-- Install configuration: ""
-- Up-to-date: /home/rohan/spherebot/install/i2c_lib/lib/libi2c_interface.a
-- Up-to-date: /home/rohan/spherebot/install/i2c_lib/include/
-- Up-to-date: /home/rohan/spherebot/install/i2c_lib/include//i2c_lib
-- Up-to-date: /home/rohan/spherebot/install/i2c_lib/include//i2c_lib/i2c_interface.hpp
-- Up-to-date: /home/rohan/spherebot/install/i2c_lib/share/i2c_lib/environment/library_path.sh
-- Up-to-date: /home/rohan/spherebot/install/i2c_lib/share/i2c_lib/environment/library_path.dsv
-- Up-to-date: /home/rohan/spherebot/install/i2c_lib/share/ament_index/resource_index/package_run_dependencies/i2c_lib
-- Up-to-date: /home/rohan/spherebot/install/i2c_lib/share/ament_index/resource_index/parent_prefix_path/i2c_lib
-- Up-to-date: /home/rohan/spherebot/install/i2c_lib/share/i2c_lib/environment/ament_prefix_path.sh
-- Up-to-date: /home/rohan/spherebot/install/i2c_lib/share/i2c_lib/environment/ament_prefix_path.dsv
-- Up-to-date: /home/rohan/spherebot/install/i2c_lib/share/i2c_lib/environment/path.sh
-- Up-to-date: /home/rohan/spherebot/install/i2c_lib/share/i2c_lib/environment/path.dsv
-- Up-to-date: /home/rohan/spherebot/install/i2c_lib/share/i2c_lib/local_setup.bash
-- Up-to-date: /home/rohan/spherebot/install/i2c_lib/share/i2c_lib/local_setup.sh
-- Up-to-date: /home/rohan/spherebot/install/i2c_lib/share/i2c_lib/local_setup.zsh
-- Up-to-date: /home/rohan/spherebot/install/i2c_lib/share/i2c_lib/local_setup.dsv
-- Installing: /home/rohan/spherebot/install/i2c_lib/share/i2c_lib/package.dsv
-- Up-to-date: /home/rohan/spherebot/install/i2c_lib/share/ament_index/resource_index/packages/i2c_lib
-- Up-to-date: /home/rohan/spherebot/install/i2c_lib/share/i2c_lib/cmake/export_i2c_libExport.cmake
-- Up-to-date: /home/rohan/spherebot/install/i2c_lib/share/i2c_lib/cmake/export_i2c_libExport-noconfig.cmake
-- Up-to-date: /home/rohan/spherebot/install/i2c_lib/share/i2c_lib/cmake/ament_cmake_export_targets-extras.cmake
-- Up-to-date: /home/rohan/spherebot/install/i2c_lib/share/i2c_lib/cmake/ament_cmake_export_dependencies-extras.cmake
-- Up-to-date: /home/rohan/spherebot/install/i2c_lib/share/i2c_lib/cmake/ament_cmake_export_libraries-extras.cmake
-- Up-to-date: /home/rohan/spherebot/install/i2c_lib/share/i2c_lib/cmake/i2c_libConfig.cmake
-- Up-to-date: /home/rohan/spherebot/install/i2c_lib/share/i2c_lib/cmake/i2c_libConfig-version.cmake
-- Up-to-date: /home/rohan/spherebot/install/i2c_lib/share/i2c_lib/package.xml
