-- Found ament_cmake: 2.5.2 (/opt/ros/jazzy/share/ament_cmake/cmake)
-- Found rclcpp: 28.1.3 (/opt/ros/jazzy/share/rclcpp/cmake)
-- Found rosidl_generator_c: 4.6.3 (/opt/ros/jazzy/share/rosidl_generator_c/cmake)
-- Found rosidl_generator_cpp: 4.6.3 (/opt/ros/jazzy/share/rosidl_generator_cpp/cmake)
-- Using all available rosidl_typesupport_c: rosidl_typesupport_fastrtps_c;rosidl_typesupport_introspection_c
-- Using all available rosidl_typesupport_cpp: rosidl_typesupport_fastrtps_cpp;rosidl_typesupport_introspection_cpp
-- Found rmw_implementation_cmake: 7.3.1 (/opt/ros/jazzy/share/rmw_implementation_cmake/cmake)
-- Found rmw_fastrtps_cpp: 8.4.1 (/opt/ros/jazzy/share/rmw_fastrtps_cpp/cmake)
-- Using RMW implementation 'rmw_fastrtps_cpp' as default
-- Found sensor_msgs: 5.3.5 (/opt/ros/jazzy/share/sensor_msgs/cmake)
-- Found i2c_lib: 0.0.1 (/home/rohan/spherebot/install/i2c_lib/share/i2c_lib/cmake)
-- Configuring done (1.3s)
-- Generating done (0.0s)
-- Build files have been written to: /home/rohan/spherebot/build/control_lib
[ 14%] [32mBuilding CXX object CMakeFiles/control_interfaces.dir/src/PID_controller.cpp.o[0m
[ 28%] [32m[1mLinking CXX static library libcontrol_interfaces.a[0m
[100%] Built target control_interfaces
-- Install configuration: ""
-- Installing: /home/rohan/spherebot/install/control_lib/lib/libcontrol_interfaces.a
-- Up-to-date: /home/rohan/spherebot/install/control_lib/include/
-- Up-to-date: /home/rohan/spherebot/install/control_lib/include//control_lib
-- Up-to-date: /home/rohan/spherebot/install/control_lib/include//control_lib/stanleyControl.hpp
-- Up-to-date: /home/rohan/spherebot/install/control_lib/include//control_lib/kinematic_transforms.hpp
-- Up-to-date: /home/rohan/spherebot/install/control_lib/include//control_lib/geodeticConverter.hpp
-- Up-to-date: /home/rohan/spherebot/install/control_lib/include//control_lib/auxilary_arduino.hpp
-- Up-to-date: /home/rohan/spherebot/install/control_lib/include//control_lib/motorControl.hpp
-- Installing: /home/rohan/spherebot/install/control_lib/include//control_lib/PID_controller.hpp
-- Up-to-date: /home/rohan/spherebot/install/control_lib/share/control_lib/environment/library_path.sh
-- Up-to-date: /home/rohan/spherebot/install/control_lib/share/control_lib/environment/library_path.dsv
-- Up-to-date: /home/rohan/spherebot/install/control_lib/share/ament_index/resource_index/package_run_dependencies/control_lib
-- Installing: /home/rohan/spherebot/install/control_lib/share/ament_index/resource_index/parent_prefix_path/control_lib
-- Up-to-date: /home/rohan/spherebot/install/control_lib/share/control_lib/environment/ament_prefix_path.sh
-- Up-to-date: /home/rohan/spherebot/install/control_lib/share/control_lib/environment/ament_prefix_path.dsv
-- Up-to-date: /home/rohan/spherebot/install/control_lib/share/control_lib/environment/path.sh
-- Up-to-date: /home/rohan/spherebot/install/control_lib/share/control_lib/environment/path.dsv
-- Up-to-date: /home/rohan/spherebot/install/control_lib/share/control_lib/local_setup.bash
-- Up-to-date: /home/rohan/spherebot/install/control_lib/share/control_lib/local_setup.sh
-- Up-to-date: /home/rohan/spherebot/install/control_lib/share/control_lib/local_setup.zsh
-- Up-to-date: /home/rohan/spherebot/install/control_lib/share/control_lib/local_setup.dsv
-- Installing: /home/rohan/spherebot/install/control_lib/share/control_lib/package.dsv
-- Up-to-date: /home/rohan/spherebot/install/control_lib/share/ament_index/resource_index/packages/control_lib
-- Up-to-date: /home/rohan/spherebot/install/control_lib/share/control_lib/cmake/export_control_libExport.cmake
-- Up-to-date: /home/rohan/spherebot/install/control_lib/share/control_lib/cmake/export_control_libExport-noconfig.cmake
-- Up-to-date: /home/rohan/spherebot/install/control_lib/share/control_lib/cmake/ament_cmake_export_targets-extras.cmake
-- Up-to-date: /home/rohan/spherebot/install/control_lib/share/control_lib/cmake/ament_cmake_export_libraries-extras.cmake
-- Up-to-date: /home/rohan/spherebot/install/control_lib/share/control_lib/cmake/control_libConfig.cmake
-- Up-to-date: /home/rohan/spherebot/install/control_lib/share/control_lib/cmake/control_libConfig-version.cmake
-- Up-to-date: /home/rohan/spherebot/install/control_lib/share/control_lib/package.xml
