[0.017s] Invoking command in '/home/rohan/spherebot/build/dfr_10_dof_pkg': AMENT_PREFIX_PATH=/home/rohan/spherebot/install/i2c_lib:${AMENT_PREFIX_PATH} CMAKE_PREFIX_PATH=/home/rohan/spherebot/install/i2c_lib:/opt/ros/jazzy/opt/gz_math_vendor:/opt/ros/jazzy/opt/gz_utils_vendor:/opt/ros/jazzy/opt/gz_cmake_vendor:/opt/ros/jazzy DEBUGINFOD_URLS=https://debuginfod.ubuntu.com LD_LIBRARY_PATH=/home/rohan/spherebot/install/i2c_lib/lib:${LD_LIBRARY_PATH} /usr/bin/cmake --build /home/rohan/spherebot/build/dfr_10_dof_pkg -- -j4 -l4
[0.149s] [ 10%] [32mBuilding CXX object CMakeFiles/magneometer_node.dir/src/magnetometer_data_node.cpp.o[0m
[0.149s] [ 40%] Built target environmental_node
[0.150s] [ 80%] Built target imu_data_node
[15.203s] [ 90%] [32m[1mLinking CXX executable magneometer_node[0m
[16.093s] [100%] Built target magneometer_node
[16.114s] Invoked command in '/home/rohan/spherebot/build/dfr_10_dof_pkg' returned '0': AMENT_PREFIX_PATH=/home/rohan/spherebot/install/i2c_lib:${AMENT_PREFIX_PATH} CMAKE_PREFIX_PATH=/home/rohan/spherebot/install/i2c_lib:/opt/ros/jazzy/opt/gz_math_vendor:/opt/ros/jazzy/opt/gz_utils_vendor:/opt/ros/jazzy/opt/gz_cmake_vendor:/opt/ros/jazzy DEBUGINFOD_URLS=https://debuginfod.ubuntu.com LD_LIBRARY_PATH=/home/rohan/spherebot/install/i2c_lib/lib:${LD_LIBRARY_PATH} /usr/bin/cmake --build /home/rohan/spherebot/build/dfr_10_dof_pkg -- -j4 -l4
[16.187s] Invoking command in '/home/rohan/spherebot/build/dfr_10_dof_pkg': AMENT_PREFIX_PATH=/home/rohan/spherebot/install/i2c_lib:${AMENT_PREFIX_PATH} CMAKE_PREFIX_PATH=/home/rohan/spherebot/install/i2c_lib:/opt/ros/jazzy/opt/gz_math_vendor:/opt/ros/jazzy/opt/gz_utils_vendor:/opt/ros/jazzy/opt/gz_cmake_vendor:/opt/ros/jazzy DEBUGINFOD_URLS=https://debuginfod.ubuntu.com LD_LIBRARY_PATH=/home/rohan/spherebot/install/i2c_lib/lib:${LD_LIBRARY_PATH} /usr/bin/cmake --install /home/rohan/spherebot/build/dfr_10_dof_pkg
[16.201s] -- Install configuration: ""
[16.201s] -- Up-to-date: /home/rohan/spherebot/install/dfr_10_dof_pkg/lib/dfr_10_dof_pkg/imu_data_node
[16.202s] -- Installing: /home/rohan/spherebot/install/dfr_10_dof_pkg/lib/dfr_10_dof_pkg/magneometer_node
[16.216s] -- Set non-toolchain portion of runtime path of "/home/rohan/spherebot/install/dfr_10_dof_pkg/lib/dfr_10_dof_pkg/magneometer_node" to ""
[16.216s] -- Up-to-date: /home/rohan/spherebot/install/dfr_10_dof_pkg/lib/dfr_10_dof_pkg/environmental_node
[16.217s] -- Up-to-date: /home/rohan/spherebot/install/dfr_10_dof_pkg/share/ament_index/resource_index/package_run_dependencies/dfr_10_dof_pkg
[16.217s] -- Up-to-date: /home/rohan/spherebot/install/dfr_10_dof_pkg/share/ament_index/resource_index/parent_prefix_path/dfr_10_dof_pkg
[16.217s] -- Up-to-date: /home/rohan/spherebot/install/dfr_10_dof_pkg/share/dfr_10_dof_pkg/environment/ament_prefix_path.sh
[16.217s] -- Up-to-date: /home/rohan/spherebot/install/dfr_10_dof_pkg/share/dfr_10_dof_pkg/environment/ament_prefix_path.dsv
[16.217s] -- Up-to-date: /home/rohan/spherebot/install/dfr_10_dof_pkg/share/dfr_10_dof_pkg/environment/path.sh
[16.217s] -- Up-to-date: /home/rohan/spherebot/install/dfr_10_dof_pkg/share/dfr_10_dof_pkg/environment/path.dsv
[16.217s] -- Up-to-date: /home/rohan/spherebot/install/dfr_10_dof_pkg/share/dfr_10_dof_pkg/local_setup.bash
[16.217s] -- Up-to-date: /home/rohan/spherebot/install/dfr_10_dof_pkg/share/dfr_10_dof_pkg/local_setup.sh
[16.217s] -- Up-to-date: /home/rohan/spherebot/install/dfr_10_dof_pkg/share/dfr_10_dof_pkg/local_setup.zsh
[16.218s] -- Up-to-date: /home/rohan/spherebot/install/dfr_10_dof_pkg/share/dfr_10_dof_pkg/local_setup.dsv
[16.218s] -- Installing: /home/rohan/spherebot/install/dfr_10_dof_pkg/share/dfr_10_dof_pkg/package.dsv
[16.218s] -- Up-to-date: /home/rohan/spherebot/install/dfr_10_dof_pkg/share/ament_index/resource_index/packages/dfr_10_dof_pkg
[16.218s] -- Up-to-date: /home/rohan/spherebot/install/dfr_10_dof_pkg/share/dfr_10_dof_pkg/cmake/dfr_10_dof_pkgConfig.cmake
[16.218s] -- Up-to-date: /home/rohan/spherebot/install/dfr_10_dof_pkg/share/dfr_10_dof_pkg/cmake/dfr_10_dof_pkgConfig-version.cmake
[16.218s] -- Up-to-date: /home/rohan/spherebot/install/dfr_10_dof_pkg/share/dfr_10_dof_pkg/package.xml
[16.221s] Invoked command in '/home/rohan/spherebot/build/dfr_10_dof_pkg' returned '0': AMENT_PREFIX_PATH=/home/rohan/spherebot/install/i2c_lib:${AMENT_PREFIX_PATH} CMAKE_PREFIX_PATH=/home/rohan/spherebot/install/i2c_lib:/opt/ros/jazzy/opt/gz_math_vendor:/opt/ros/jazzy/opt/gz_utils_vendor:/opt/ros/jazzy/opt/gz_cmake_vendor:/opt/ros/jazzy DEBUGINFOD_URLS=https://debuginfod.ubuntu.com LD_LIBRARY_PATH=/home/rohan/spherebot/install/i2c_lib/lib:${LD_LIBRARY_PATH} /usr/bin/cmake --install /home/rohan/spherebot/build/dfr_10_dof_pkg
