[0.024s] Invoking command in '/home/rohan/spherebot/build/remote_control_cpp': CMAKE_PREFIX_PATH=/home/rohan/spherebot/install/control_lib:/home/rohan/spherebot/install/i2c_lib:/home/rohan/spherebot/install/remote_control_cpp:/home/rohan/spherebot/install/motor_control:/home/rohan/spherebot/install/joystick_reader:/home/rohan/spherebot/install/gps_read_cpp:/home/rohan/spherebot/install/dfr_10_dof_pkg:/opt/ros/jazzy/opt/gz_math_vendor:/opt/ros/jazzy/opt/gz_utils_vendor:/opt/ros/jazzy/opt/gz_cmake_vendor:/home/rohan/spherebot/install/data_logger_pkg:/opt/ros/jazzy DEBUGINFOD_URLS=https://debuginfod.ubuntu.com /usr/bin/cmake --build /home/rohan/spherebot/build/remote_control_cpp -- -j4 -l4
[0.164s] [ 50%] [32m[1mLinking CXX executable remote_control_node[0m
[1.946s] [100%] Built target remote_control_node
[1.967s] Invoked command in '/home/rohan/spherebot/build/remote_control_cpp' returned '0': CMAKE_PREFIX_PATH=/home/rohan/spherebot/install/control_lib:/home/rohan/spherebot/install/i2c_lib:/home/rohan/spherebot/install/remote_control_cpp:/home/rohan/spherebot/install/motor_control:/home/rohan/spherebot/install/joystick_reader:/home/rohan/spherebot/install/gps_read_cpp:/home/rohan/spherebot/install/dfr_10_dof_pkg:/opt/ros/jazzy/opt/gz_math_vendor:/opt/ros/jazzy/opt/gz_utils_vendor:/opt/ros/jazzy/opt/gz_cmake_vendor:/home/rohan/spherebot/install/data_logger_pkg:/opt/ros/jazzy DEBUGINFOD_URLS=https://debuginfod.ubuntu.com /usr/bin/cmake --build /home/rohan/spherebot/build/remote_control_cpp -- -j4 -l4
[2.023s] Invoking command in '/home/rohan/spherebot/build/remote_control_cpp': CMAKE_PREFIX_PATH=/home/rohan/spherebot/install/control_lib:/home/rohan/spherebot/install/i2c_lib:/home/rohan/spherebot/install/remote_control_cpp:/home/rohan/spherebot/install/motor_control:/home/rohan/spherebot/install/joystick_reader:/home/rohan/spherebot/install/gps_read_cpp:/home/rohan/spherebot/install/dfr_10_dof_pkg:/opt/ros/jazzy/opt/gz_math_vendor:/opt/ros/jazzy/opt/gz_utils_vendor:/opt/ros/jazzy/opt/gz_cmake_vendor:/home/rohan/spherebot/install/data_logger_pkg:/opt/ros/jazzy DEBUGINFOD_URLS=https://debuginfod.ubuntu.com /usr/bin/cmake --install /home/rohan/spherebot/build/remote_control_cpp
[2.038s] -- Install configuration: ""
[2.038s] -- Installing: /home/rohan/spherebot/install/remote_control_cpp/lib/remote_control_cpp/remote_control_node
[2.063s] -- Set non-toolchain portion of runtime path of "/home/rohan/spherebot/install/remote_control_cpp/lib/remote_control_cpp/remote_control_node" to ""
[2.064s] -- Up-to-date: /home/rohan/spherebot/install/remote_control_cpp/share/remote_control_cpp//launch
[2.064s] -- Installing: /home/rohan/spherebot/install/remote_control_cpp/share/remote_control_cpp//launch/remote_control_launch.py
[2.064s] -- Up-to-date: /home/rohan/spherebot/install/remote_control_cpp/share/ament_index/resource_index/package_run_dependencies/remote_control_cpp
[2.064s] -- Up-to-date: /home/rohan/spherebot/install/remote_control_cpp/share/ament_index/resource_index/parent_prefix_path/remote_control_cpp
[2.064s] -- Up-to-date: /home/rohan/spherebot/install/remote_control_cpp/share/remote_control_cpp/environment/ament_prefix_path.sh
[2.064s] -- Up-to-date: /home/rohan/spherebot/install/remote_control_cpp/share/remote_control_cpp/environment/ament_prefix_path.dsv
[2.064s] -- Up-to-date: /home/rohan/spherebot/install/remote_control_cpp/share/remote_control_cpp/environment/path.sh
[2.064s] -- Up-to-date: /home/rohan/spherebot/install/remote_control_cpp/share/remote_control_cpp/environment/path.dsv
[2.064s] -- Up-to-date: /home/rohan/spherebot/install/remote_control_cpp/share/remote_control_cpp/local_setup.bash
[2.065s] -- Up-to-date: /home/rohan/spherebot/install/remote_control_cpp/share/remote_control_cpp/local_setup.sh
[2.065s] -- Up-to-date: /home/rohan/spherebot/install/remote_control_cpp/share/remote_control_cpp/local_setup.zsh
[2.065s] -- Up-to-date: /home/rohan/spherebot/install/remote_control_cpp/share/remote_control_cpp/local_setup.dsv
[2.065s] -- Installing: /home/rohan/spherebot/install/remote_control_cpp/share/remote_control_cpp/package.dsv
[2.065s] -- Up-to-date: /home/rohan/spherebot/install/remote_control_cpp/share/ament_index/resource_index/packages/remote_control_cpp
[2.065s] -- Up-to-date: /home/rohan/spherebot/install/remote_control_cpp/share/remote_control_cpp/cmake/remote_control_cppConfig.cmake
[2.065s] -- Up-to-date: /home/rohan/spherebot/install/remote_control_cpp/share/remote_control_cpp/cmake/remote_control_cppConfig-version.cmake
[2.065s] -- Up-to-date: /home/rohan/spherebot/install/remote_control_cpp/share/remote_control_cpp/package.xml
[2.068s] Invoked command in '/home/rohan/spherebot/build/remote_control_cpp' returned '0': CMAKE_PREFIX_PATH=/home/rohan/spherebot/install/control_lib:/home/rohan/spherebot/install/i2c_lib:/home/rohan/spherebot/install/remote_control_cpp:/home/rohan/spherebot/install/motor_control:/home/rohan/spherebot/install/joystick_reader:/home/rohan/spherebot/install/gps_read_cpp:/home/rohan/spherebot/install/dfr_10_dof_pkg:/opt/ros/jazzy/opt/gz_math_vendor:/opt/ros/jazzy/opt/gz_utils_vendor:/opt/ros/jazzy/opt/gz_cmake_vendor:/home/rohan/spherebot/install/data_logger_pkg:/opt/ros/jazzy DEBUGINFOD_URLS=https://debuginfod.ubuntu.com /usr/bin/cmake --install /home/rohan/spherebot/build/remote_control_cpp
