[0.021s] Invoking command in '/home/rohan/spherebot/build/remote_control_cpp': AMENT_PREFIX_PATH=/home/rohan/spherebot/install/control_lib:/home/rohan/spherebot/install/i2c_lib:${AMENT_PREFIX_PATH} CMAKE_PREFIX_PATH=/home/rohan/spherebot/install/control_lib:/home/rohan/spherebot/install/i2c_lib:/opt/ros/jazzy/opt/gz_math_vendor:/opt/ros/jazzy/opt/gz_utils_vendor:/opt/ros/jazzy/opt/gz_cmake_vendor:/opt/ros/jazzy DEBUGINFOD_URLS=https://debuginfod.ubuntu.com LD_LIBRARY_PATH=/home/rohan/spherebot/install/control_lib/lib:/home/rohan/spherebot/install/i2c_lib/lib:${LD_LIBRARY_PATH} /usr/bin/cmake --build /home/rohan/spherebot/build/remote_control_cpp -- -j4 -l4
[0.069s] -- Found ament_cmake: 2.5.2 (/opt/ros/jazzy/share/ament_cmake/cmake)
[0.461s] -- Found rclcpp: 28.1.3 (/opt/ros/jazzy/share/rclcpp/cmake)
[0.496s] -- Found rosidl_generator_c: 4.6.3 (/opt/ros/jazzy/share/rosidl_generator_c/cmake)
[0.509s] -- Found rosidl_generator_cpp: 4.6.3 (/opt/ros/jazzy/share/rosidl_generator_cpp/cmake)
[0.526s] -- Using all available rosidl_typesupport_c: rosidl_typesupport_fastrtps_c;rosidl_typesupport_introspection_c
[0.545s] -- Using all available rosidl_typesupport_cpp: rosidl_typesupport_fastrtps_cpp;rosidl_typesupport_introspection_cpp
[0.688s] -- Found rmw_implementation_cmake: 7.3.1 (/opt/ros/jazzy/share/rmw_implementation_cmake/cmake)
[0.689s] -- Found rmw_fastrtps_cpp: 8.4.1 (/opt/ros/jazzy/share/rmw_fastrtps_cpp/cmake)
[0.782s] -- Using RMW implementation 'rmw_fastrtps_cpp' as default
[0.863s] -- Found sensor_msgs: 5.3.5 (/opt/ros/jazzy/share/sensor_msgs/cmake)
[0.992s] -- Found i2c_lib: 0.0.1 (/home/rohan/spherebot/install/i2c_lib/share/i2c_lib/cmake)
[0.995s] -- Found control_lib: 0.0.0 (/home/rohan/spherebot/install/control_lib/share/control_lib/cmake)
[0.996s] -- Found trajectory_msgs: 5.3.5 (/opt/ros/jazzy/share/trajectory_msgs/cmake)
[1.022s] -- Found control_msgs: 5.2.0 (/opt/ros/jazzy/share/control_msgs/cmake)
[1.319s] -- Configuring done (1.3s)
[1.345s] -- Generating done (0.0s)
[1.356s] -- Build files have been written to: /home/rohan/spherebot/build/remote_control_cpp
[1.443s] [ 50%] [32mBuilding CXX object CMakeFiles/remote_control_node.dir/src/remote_control_node.cpp.o[0m
[6.970s] [01m[K/home/rohan/spherebot/src/remote_control_cpp/src/remote_control_node.cpp:[m[K In constructor ‘[01m[KRemoteControlNode::[01;32m[KRemoteControlNode[m[K()[m[K’:
[6.970s] [01m[K/home/rohan/spherebot/src/remote_control_cpp/src/remote_control_node.cpp:12:1:[m[K [01;31m[Kerror: [m[Kexpected identifier before ‘[01m[K{[m[K’ token
[6.970s]    12 | [01;31m[K{[m[K
[6.970s]       | [01;31m[K^[m[K
[6.990s] [01m[K/home/rohan/spherebot/src/remote_control_cpp/src/remote_control_node.cpp:44:5:[m[K [01;31m[Kerror: [m[Kexpected primary-expression before ‘[01m[K)[m[K’ token
[6.990s]    44 |     [01;31m[K)[m[K;
[6.990s]       |     [01;31m[K^[m[K
[14.742s] gmake[2]: *** [CMakeFiles/remote_control_node.dir/build.make:76: CMakeFiles/remote_control_node.dir/src/remote_control_node.cpp.o] Error 1
[14.742s] gmake[1]: *** [CMakeFiles/Makefile2:137: CMakeFiles/remote_control_node.dir/all] Error 2
[14.743s] gmake: *** [Makefile:146: all] Error 2
[14.749s] Invoked command in '/home/rohan/spherebot/build/remote_control_cpp' returned '2': AMENT_PREFIX_PATH=/home/rohan/spherebot/install/control_lib:/home/rohan/spherebot/install/i2c_lib:${AMENT_PREFIX_PATH} CMAKE_PREFIX_PATH=/home/rohan/spherebot/install/control_lib:/home/rohan/spherebot/install/i2c_lib:/opt/ros/jazzy/opt/gz_math_vendor:/opt/ros/jazzy/opt/gz_utils_vendor:/opt/ros/jazzy/opt/gz_cmake_vendor:/opt/ros/jazzy DEBUGINFOD_URLS=https://debuginfod.ubuntu.com LD_LIBRARY_PATH=/home/rohan/spherebot/install/control_lib/lib:/home/rohan/spherebot/install/i2c_lib/lib:${LD_LIBRARY_PATH} /usr/bin/cmake --build /home/rohan/spherebot/build/remote_control_cpp -- -j4 -l4
