[0.143s] DEBUG:colcon:Command line arguments: ['/usr/bin/colcon', 'build', '--packages-select', 'i2c_lib']
[0.144s] DEBUG:colcon:Parsed command line arguments: Namespace(log_base=None, log_level=None, verb_name='build', build_base='build', install_base='install', merge_install=False, symlink_install=False, test_result_base=None, continue_on_error=False, executor='parallel', parallel_workers=4, event_handlers=None, ignore_user_meta=False, metas=['./colcon.meta'], base_paths=['.'], packages_ignore=None, packages_ignore_regex=None, paths=None, packages_up_to=None, packages_up_to_regex=None, packages_above=None, packages_above_and_dependencies=None, packages_above_depth=None, packages_select_by_dep=None, packages_skip_by_dep=None, packages_skip_up_to=None, packages_select_build_failed=False, packages_skip_build_finished=False, packages_select_test_failures=False, packages_skip_test_passed=False, packages_select=['i2c_lib'], packages_skip=None, packages_select_regex=None, packages_skip_regex=None, packages_start=None, packages_end=None, allow_overriding=[], cmake_args=None, cmake_target=None, cmake_target_skip_unavailable=False, cmake_clean_cache=False, cmake_clean_first=False, cmake_force_configure=False, ament_cmake_args=None, catkin_cmake_args=None, catkin_skip_building_tests=False, mixin_files=None, mixin=None, verb_parser=<colcon_mixin.mixin.mixin_argument.MixinArgumentDecorator object at 0xffff8afee7e0>, verb_extension=<colcon_core.verb.build.BuildVerb object at 0xffff8b1b1940>, main=<bound method BuildVerb.main of <colcon_core.verb.build.BuildVerb object at 0xffff8b1b1940>>, mixin_verb=('build',))
[0.193s] Level 1:colcon.colcon_core.package_discovery:discover_packages(colcon_meta) check parameters
[0.193s] Level 1:colcon.colcon_core.package_discovery:discover_packages(recursive) check parameters
[0.193s] Level 1:colcon.colcon_core.package_discovery:discover_packages(ignore) check parameters
[0.194s] Level 1:colcon.colcon_core.package_discovery:discover_packages(path) check parameters
[0.194s] Level 1:colcon.colcon_core.package_discovery:discover_packages(colcon_meta) discover
[0.194s] Level 1:colcon.colcon_core.package_discovery:discover_packages(recursive) discover
[0.194s] INFO:colcon.colcon_core.package_discovery:Crawling recursively for packages in '/home/rohan/spherebot'
[0.194s] Level 1:colcon.colcon_core.package_identification:_identify(.) by extensions ['ignore', 'ignore_ament_install']
[0.194s] Level 1:colcon.colcon_core.package_identification:_identify(.) by extension 'ignore'
[0.194s] Level 1:colcon.colcon_core.package_identification:_identify(.) by extension 'ignore_ament_install'
[0.194s] Level 1:colcon.colcon_core.package_identification:_identify(.) by extensions ['colcon_pkg']
[0.194s] Level 1:colcon.colcon_core.package_identification:_identify(.) by extension 'colcon_pkg'
[0.194s] Level 1:colcon.colcon_core.package_identification:_identify(.) by extensions ['colcon_meta']
[0.194s] Level 1:colcon.colcon_core.package_identification:_identify(.) by extension 'colcon_meta'
[0.194s] Level 1:colcon.colcon_core.package_identification:_identify(.) by extensions ['ros']
[0.194s] Level 1:colcon.colcon_core.package_identification:_identify(.) by extension 'ros'
[0.232s] Level 1:colcon.colcon_core.package_identification:_identify(.) by extensions ['cmake', 'python']
[0.232s] Level 1:colcon.colcon_core.package_identification:_identify(.) by extension 'cmake'
[0.232s] Level 1:colcon.colcon_core.package_identification:_identify(.) by extension 'python'
[0.232s] Level 1:colcon.colcon_core.package_identification:_identify(.) by extensions ['python_setup_py']
[0.232s] Level 1:colcon.colcon_core.package_identification:_identify(.) by extension 'python_setup_py'
[0.232s] Level 1:colcon.colcon_core.package_identification:_identify(build) by extensions ['ignore', 'ignore_ament_install']
[0.233s] Level 1:colcon.colcon_core.package_identification:_identify(build) by extension 'ignore'
[0.233s] Level 1:colcon.colcon_core.package_identification:_identify(build) ignored
[0.233s] Level 1:colcon.colcon_core.package_identification:_identify(install) by extensions ['ignore', 'ignore_ament_install']
[0.233s] Level 1:colcon.colcon_core.package_identification:_identify(install) by extension 'ignore'
[0.233s] Level 1:colcon.colcon_core.package_identification:_identify(install) ignored
[0.233s] Level 1:colcon.colcon_core.package_identification:_identify(log) by extensions ['ignore', 'ignore_ament_install']
[0.233s] Level 1:colcon.colcon_core.package_identification:_identify(log) by extension 'ignore'
[0.233s] Level 1:colcon.colcon_core.package_identification:_identify(log) ignored
[0.233s] Level 1:colcon.colcon_core.package_identification:_identify(src) by extensions ['ignore', 'ignore_ament_install']
[0.233s] Level 1:colcon.colcon_core.package_identification:_identify(src) by extension 'ignore'
[0.233s] Level 1:colcon.colcon_core.package_identification:_identify(src) by extension 'ignore_ament_install'
[0.234s] Level 1:colcon.colcon_core.package_identification:_identify(src) by extensions ['colcon_pkg']
[0.234s] Level 1:colcon.colcon_core.package_identification:_identify(src) by extension 'colcon_pkg'
[0.234s] Level 1:colcon.colcon_core.package_identification:_identify(src) by extensions ['colcon_meta']
[0.234s] Level 1:colcon.colcon_core.package_identification:_identify(src) by extension 'colcon_meta'
[0.234s] Level 1:colcon.colcon_core.package_identification:_identify(src) by extensions ['ros']
[0.234s] Level 1:colcon.colcon_core.package_identification:_identify(src) by extension 'ros'
[0.234s] Level 1:colcon.colcon_core.package_identification:_identify(src) by extensions ['cmake', 'python']
[0.234s] Level 1:colcon.colcon_core.package_identification:_identify(src) by extension 'cmake'
[0.234s] Level 1:colcon.colcon_core.package_identification:_identify(src) by extension 'python'
[0.234s] Level 1:colcon.colcon_core.package_identification:_identify(src) by extensions ['python_setup_py']
[0.234s] Level 1:colcon.colcon_core.package_identification:_identify(src) by extension 'python_setup_py'
[0.234s] Level 1:colcon.colcon_core.package_identification:_identify(src/10_dof_lib) by extensions ['ignore', 'ignore_ament_install']
[0.234s] Level 1:colcon.colcon_core.package_identification:_identify(src/10_dof_lib) by extension 'ignore'
[0.234s] Level 1:colcon.colcon_core.package_identification:_identify(src/10_dof_lib) by extension 'ignore_ament_install'
[0.234s] Level 1:colcon.colcon_core.package_identification:_identify(src/10_dof_lib) by extensions ['colcon_pkg']
[0.234s] Level 1:colcon.colcon_core.package_identification:_identify(src/10_dof_lib) by extension 'colcon_pkg'
[0.234s] Level 1:colcon.colcon_core.package_identification:_identify(src/10_dof_lib) by extensions ['colcon_meta']
[0.234s] Level 1:colcon.colcon_core.package_identification:_identify(src/10_dof_lib) by extension 'colcon_meta'
[0.234s] Level 1:colcon.colcon_core.package_identification:_identify(src/10_dof_lib) by extensions ['ros']
[0.234s] Level 1:colcon.colcon_core.package_identification:_identify(src/10_dof_lib) by extension 'ros'
[0.238s] DEBUG:colcon.colcon_core.package_identification:Package 'src/10_dof_lib' with type 'ros.ament_cmake' and name '10_dof_lib'
[0.238s] Level 1:colcon.colcon_core.package_identification:_identify(src/autonomous_control_lqg) by extensions ['ignore', 'ignore_ament_install']
[0.238s] Level 1:colcon.colcon_core.package_identification:_identify(src/autonomous_control_lqg) by extension 'ignore'
[0.238s] Level 1:colcon.colcon_core.package_identification:_identify(src/autonomous_control_lqg) by extension 'ignore_ament_install'
[0.238s] Level 1:colcon.colcon_core.package_identification:_identify(src/autonomous_control_lqg) by extensions ['colcon_pkg']
[0.238s] Level 1:colcon.colcon_core.package_identification:_identify(src/autonomous_control_lqg) by extension 'colcon_pkg'
[0.238s] Level 1:colcon.colcon_core.package_identification:_identify(src/autonomous_control_lqg) by extensions ['colcon_meta']
[0.238s] Level 1:colcon.colcon_core.package_identification:_identify(src/autonomous_control_lqg) by extension 'colcon_meta'
[0.239s] Level 1:colcon.colcon_core.package_identification:_identify(src/autonomous_control_lqg) by extensions ['ros']
[0.239s] Level 1:colcon.colcon_core.package_identification:_identify(src/autonomous_control_lqg) by extension 'ros'
[0.239s] DEBUG:colcon.colcon_core.package_identification:Package 'src/autonomous_control_lqg' with type 'ros.ament_cmake' and name 'autonomous_control_lqg'
[0.239s] Level 1:colcon.colcon_core.package_identification:_identify(src/autonomous_control_pid) by extensions ['ignore', 'ignore_ament_install']
[0.239s] Level 1:colcon.colcon_core.package_identification:_identify(src/autonomous_control_pid) by extension 'ignore'
[0.239s] Level 1:colcon.colcon_core.package_identification:_identify(src/autonomous_control_pid) by extension 'ignore_ament_install'
[0.239s] Level 1:colcon.colcon_core.package_identification:_identify(src/autonomous_control_pid) by extensions ['colcon_pkg']
[0.239s] Level 1:colcon.colcon_core.package_identification:_identify(src/autonomous_control_pid) by extension 'colcon_pkg'
[0.240s] Level 1:colcon.colcon_core.package_identification:_identify(src/autonomous_control_pid) by extensions ['colcon_meta']
[0.240s] Level 1:colcon.colcon_core.package_identification:_identify(src/autonomous_control_pid) by extension 'colcon_meta'
[0.240s] Level 1:colcon.colcon_core.package_identification:_identify(src/autonomous_control_pid) by extensions ['ros']
[0.240s] Level 1:colcon.colcon_core.package_identification:_identify(src/autonomous_control_pid) by extension 'ros'
[0.240s] DEBUG:colcon.colcon_core.package_identification:Package 'src/autonomous_control_pid' with type 'ros.ament_cmake' and name 'autonomous_control_pid'
[0.241s] Level 1:colcon.colcon_core.package_identification:_identify(src/control_lib) by extensions ['ignore', 'ignore_ament_install']
[0.241s] Level 1:colcon.colcon_core.package_identification:_identify(src/control_lib) by extension 'ignore'
[0.241s] Level 1:colcon.colcon_core.package_identification:_identify(src/control_lib) by extension 'ignore_ament_install'
[0.241s] Level 1:colcon.colcon_core.package_identification:_identify(src/control_lib) by extensions ['colcon_pkg']
[0.241s] Level 1:colcon.colcon_core.package_identification:_identify(src/control_lib) by extension 'colcon_pkg'
[0.241s] Level 1:colcon.colcon_core.package_identification:_identify(src/control_lib) by extensions ['colcon_meta']
[0.241s] Level 1:colcon.colcon_core.package_identification:_identify(src/control_lib) by extension 'colcon_meta'
[0.241s] Level 1:colcon.colcon_core.package_identification:_identify(src/control_lib) by extensions ['ros']
[0.241s] Level 1:colcon.colcon_core.package_identification:_identify(src/control_lib) by extension 'ros'
[0.242s] DEBUG:colcon.colcon_core.package_identification:Package 'src/control_lib' with type 'ros.ament_cmake' and name 'control_lib'
[0.242s] Level 1:colcon.colcon_core.package_identification:_identify(src/custom_interfaces) by extensions ['ignore', 'ignore_ament_install']
[0.242s] Level 1:colcon.colcon_core.package_identification:_identify(src/custom_interfaces) by extension 'ignore'
[0.242s] Level 1:colcon.colcon_core.package_identification:_identify(src/custom_interfaces) by extension 'ignore_ament_install'
[0.242s] Level 1:colcon.colcon_core.package_identification:_identify(src/custom_interfaces) by extensions ['colcon_pkg']
[0.242s] Level 1:colcon.colcon_core.package_identification:_identify(src/custom_interfaces) by extension 'colcon_pkg'
[0.242s] Level 1:colcon.colcon_core.package_identification:_identify(src/custom_interfaces) by extensions ['colcon_meta']
[0.242s] Level 1:colcon.colcon_core.package_identification:_identify(src/custom_interfaces) by extension 'colcon_meta'
[0.242s] Level 1:colcon.colcon_core.package_identification:_identify(src/custom_interfaces) by extensions ['ros']
[0.242s] Level 1:colcon.colcon_core.package_identification:_identify(src/custom_interfaces) by extension 'ros'
[0.243s] DEBUG:colcon.colcon_core.package_identification:Package 'src/custom_interfaces' with type 'ros.ament_cmake' and name 'custom_interfaces'
[0.243s] Level 1:colcon.colcon_core.package_identification:_identify(src/gps_read_cpp) by extensions ['ignore', 'ignore_ament_install']
[0.243s] Level 1:colcon.colcon_core.package_identification:_identify(src/gps_read_cpp) by extension 'ignore'
[0.243s] Level 1:colcon.colcon_core.package_identification:_identify(src/gps_read_cpp) by extension 'ignore_ament_install'
[0.243s] Level 1:colcon.colcon_core.package_identification:_identify(src/gps_read_cpp) by extensions ['colcon_pkg']
[0.243s] Level 1:colcon.colcon_core.package_identification:_identify(src/gps_read_cpp) by extension 'colcon_pkg'
[0.243s] Level 1:colcon.colcon_core.package_identification:_identify(src/gps_read_cpp) by extensions ['colcon_meta']
[0.243s] Level 1:colcon.colcon_core.package_identification:_identify(src/gps_read_cpp) by extension 'colcon_meta'
[0.243s] Level 1:colcon.colcon_core.package_identification:_identify(src/gps_read_cpp) by extensions ['ros']
[0.243s] Level 1:colcon.colcon_core.package_identification:_identify(src/gps_read_cpp) by extension 'ros'
[0.244s] DEBUG:colcon.colcon_core.package_identification:Package 'src/gps_read_cpp' with type 'ros.ament_cmake' and name 'gps_read_cpp'
[0.244s] Level 1:colcon.colcon_core.package_identification:_identify(src/i2c_lib) by extensions ['ignore', 'ignore_ament_install']
[0.244s] Level 1:colcon.colcon_core.package_identification:_identify(src/i2c_lib) by extension 'ignore'
[0.244s] Level 1:colcon.colcon_core.package_identification:_identify(src/i2c_lib) by extension 'ignore_ament_install'
[0.244s] Level 1:colcon.colcon_core.package_identification:_identify(src/i2c_lib) by extensions ['colcon_pkg']
[0.244s] Level 1:colcon.colcon_core.package_identification:_identify(src/i2c_lib) by extension 'colcon_pkg'
[0.244s] Level 1:colcon.colcon_core.package_identification:_identify(src/i2c_lib) by extensions ['colcon_meta']
[0.244s] Level 1:colcon.colcon_core.package_identification:_identify(src/i2c_lib) by extension 'colcon_meta'
[0.244s] Level 1:colcon.colcon_core.package_identification:_identify(src/i2c_lib) by extensions ['ros']
[0.244s] Level 1:colcon.colcon_core.package_identification:_identify(src/i2c_lib) by extension 'ros'
[0.245s] DEBUG:colcon.colcon_core.package_identification:Package 'src/i2c_lib' with type 'ros.ament_cmake' and name 'i2c_lib'
[0.245s] Level 1:colcon.colcon_core.package_identification:_identify(src/joystick_reader) by extensions ['ignore', 'ignore_ament_install']
[0.245s] Level 1:colcon.colcon_core.package_identification:_identify(src/joystick_reader) by extension 'ignore'
[0.245s] Level 1:colcon.colcon_core.package_identification:_identify(src/joystick_reader) by extension 'ignore_ament_install'
[0.245s] Level 1:colcon.colcon_core.package_identification:_identify(src/joystick_reader) by extensions ['colcon_pkg']
[0.245s] Level 1:colcon.colcon_core.package_identification:_identify(src/joystick_reader) by extension 'colcon_pkg'
[0.245s] Level 1:colcon.colcon_core.package_identification:_identify(src/joystick_reader) by extensions ['colcon_meta']
[0.245s] Level 1:colcon.colcon_core.package_identification:_identify(src/joystick_reader) by extension 'colcon_meta'
[0.245s] Level 1:colcon.colcon_core.package_identification:_identify(src/joystick_reader) by extensions ['ros']
[0.245s] Level 1:colcon.colcon_core.package_identification:_identify(src/joystick_reader) by extension 'ros'
[0.246s] DEBUG:colcon.colcon_core.package_identification:Package 'src/joystick_reader' with type 'ros.ament_cmake' and name 'joystick_reader'
[0.246s] Level 1:colcon.colcon_core.package_identification:_identify(src/remote_control_cpp) by extensions ['ignore', 'ignore_ament_install']
[0.246s] Level 1:colcon.colcon_core.package_identification:_identify(src/remote_control_cpp) by extension 'ignore'
[0.246s] Level 1:colcon.colcon_core.package_identification:_identify(src/remote_control_cpp) by extension 'ignore_ament_install'
[0.246s] Level 1:colcon.colcon_core.package_identification:_identify(src/remote_control_cpp) by extensions ['colcon_pkg']
[0.246s] Level 1:colcon.colcon_core.package_identification:_identify(src/remote_control_cpp) by extension 'colcon_pkg'
[0.246s] Level 1:colcon.colcon_core.package_identification:_identify(src/remote_control_cpp) by extensions ['colcon_meta']
[0.246s] Level 1:colcon.colcon_core.package_identification:_identify(src/remote_control_cpp) by extension 'colcon_meta'
[0.246s] Level 1:colcon.colcon_core.package_identification:_identify(src/remote_control_cpp) by extensions ['ros']
[0.246s] Level 1:colcon.colcon_core.package_identification:_identify(src/remote_control_cpp) by extension 'ros'
[0.247s] DEBUG:colcon.colcon_core.package_identification:Package 'src/remote_control_cpp' with type 'ros.ament_cmake' and name 'remote_control_cpp'
[0.247s] Level 1:colcon.colcon_core.package_discovery:discover_packages(recursive) using defaults
[0.247s] Level 1:colcon.colcon_core.package_discovery:discover_packages(ignore) discover
[0.247s] Level 1:colcon.colcon_core.package_discovery:discover_packages(ignore) using defaults
[0.247s] Level 1:colcon.colcon_core.package_discovery:discover_packages(path) discover
[0.247s] Level 1:colcon.colcon_core.package_discovery:discover_packages(path) using defaults
[0.272s] INFO:colcon.colcon_core.package_selection:Skipping not selected package 'autonomous_control_lqg' in 'src/autonomous_control_lqg'
[0.272s] INFO:colcon.colcon_core.package_selection:Skipping not selected package 'custom_interfaces' in 'src/custom_interfaces'
[0.272s] INFO:colcon.colcon_core.package_selection:Skipping not selected package 'gps_read_cpp' in 'src/gps_read_cpp'
[0.272s] INFO:colcon.colcon_core.package_selection:Skipping not selected package 'joystick_reader' in 'src/joystick_reader'
[0.272s] INFO:colcon.colcon_core.package_selection:Skipping not selected package '10_dof_lib' in 'src/10_dof_lib'
[0.272s] INFO:colcon.colcon_core.package_selection:Skipping not selected package 'control_lib' in 'src/control_lib'
[0.272s] INFO:colcon.colcon_core.package_selection:Skipping not selected package 'autonomous_control_pid' in 'src/autonomous_control_pid'
[0.272s] INFO:colcon.colcon_core.package_selection:Skipping not selected package 'remote_control_cpp' in 'src/remote_control_cpp'
[0.273s] Level 1:colcon.colcon_core.package_discovery:discover_packages(prefix_path) check parameters
[0.273s] Level 1:colcon.colcon_core.package_discovery:discover_packages(prefix_path) discover
[0.274s] WARNING:colcon.colcon_ros.prefix_path.ament:The path '/home/rohan/spherebot/install/remote_control_cpp' in the environment variable AMENT_PREFIX_PATH doesn't exist
[0.274s] WARNING:colcon.colcon_ros.prefix_path.ament:The path '/home/rohan/spherebot/install/joystick_reader' in the environment variable AMENT_PREFIX_PATH doesn't exist
[0.274s] WARNING:colcon.colcon_ros.prefix_path.ament:The path '/home/rohan/spherebot/install/control_lib' in the environment variable AMENT_PREFIX_PATH doesn't exist
[0.274s] WARNING:colcon.colcon_ros.prefix_path.ament:The path '/home/rohan/spherebot/install/gps_read_cpp' in the environment variable AMENT_PREFIX_PATH doesn't exist
[0.274s] WARNING:colcon.colcon_ros.prefix_path.catkin:The path '/home/rohan/spherebot/install/remote_control_cpp' in the environment variable CMAKE_PREFIX_PATH doesn't exist
[0.274s] WARNING:colcon.colcon_ros.prefix_path.catkin:The path '/home/rohan/spherebot/install/joystick_reader' in the environment variable CMAKE_PREFIX_PATH doesn't exist
[0.275s] WARNING:colcon.colcon_ros.prefix_path.catkin:The path '/home/rohan/spherebot/install/control_lib' in the environment variable CMAKE_PREFIX_PATH doesn't exist
[0.275s] WARNING:colcon.colcon_ros.prefix_path.catkin:The path '/home/rohan/spherebot/install/gps_read_cpp' in the environment variable CMAKE_PREFIX_PATH doesn't exist
[0.276s] DEBUG:colcon.colcon_installed_package_information.package_discovery:Found 1 installed packages in /home/rohan/spherebot/install
[0.277s] DEBUG:colcon.colcon_installed_package_information.package_discovery:Found 285 installed packages in /opt/ros/jazzy
[0.280s] Level 1:colcon.colcon_core.package_discovery:discover_packages(prefix_path) using defaults
[0.348s] Level 5:colcon.colcon_core.verb:set package 'i2c_lib' build argument 'cmake_args' from command line to 'None'
[0.348s] Level 5:colcon.colcon_core.verb:set package 'i2c_lib' build argument 'cmake_target' from command line to 'None'
[0.349s] Level 5:colcon.colcon_core.verb:set package 'i2c_lib' build argument 'cmake_target_skip_unavailable' from command line to 'False'
[0.349s] Level 5:colcon.colcon_core.verb:set package 'i2c_lib' build argument 'cmake_clean_cache' from command line to 'False'
[0.349s] Level 5:colcon.colcon_core.verb:set package 'i2c_lib' build argument 'cmake_clean_first' from command line to 'False'
[0.349s] Level 5:colcon.colcon_core.verb:set package 'i2c_lib' build argument 'cmake_force_configure' from command line to 'False'
[0.349s] Level 5:colcon.colcon_core.verb:set package 'i2c_lib' build argument 'ament_cmake_args' from command line to 'None'
[0.349s] Level 5:colcon.colcon_core.verb:set package 'i2c_lib' build argument 'catkin_cmake_args' from command line to 'None'
[0.349s] Level 5:colcon.colcon_core.verb:set package 'i2c_lib' build argument 'catkin_skip_building_tests' from command line to 'False'
[0.349s] DEBUG:colcon.colcon_core.verb:Building package 'i2c_lib' with the following arguments: {'ament_cmake_args': None, 'build_base': '/home/rohan/spherebot/build/i2c_lib', 'catkin_cmake_args': None, 'catkin_skip_building_tests': False, 'cmake_args': None, 'cmake_clean_cache': False, 'cmake_clean_first': False, 'cmake_force_configure': False, 'cmake_target': None, 'cmake_target_skip_unavailable': False, 'install_base': '/home/rohan/spherebot/install/i2c_lib', 'merge_install': False, 'path': '/home/rohan/spherebot/src/i2c_lib', 'symlink_install': False, 'test_result_base': None}
[0.349s] INFO:colcon.colcon_core.executor:Executing jobs using 'parallel' executor
[0.352s] DEBUG:colcon.colcon_parallel_executor.executor.parallel:run_until_complete
[0.352s] INFO:colcon.colcon_ros.task.ament_cmake.build:Building ROS package in '/home/rohan/spherebot/src/i2c_lib' with build type 'ament_cmake'
[0.353s] INFO:colcon.colcon_cmake.task.cmake.build:Building CMake package in '/home/rohan/spherebot/src/i2c_lib'
[0.358s] INFO:colcon.colcon_core.plugin_system:Skipping extension 'colcon_core.shell.bat': Not used on non-Windows systems
[0.359s] INFO:colcon.colcon_core.shell:Skip shell extension 'powershell' for command environment: Not usable outside of PowerShell
[0.359s] DEBUG:colcon.colcon_core.shell:Skip shell extension 'dsv' for command environment
[0.374s] DEBUG:colcon.colcon_core.event_handler.log_command:Invoking command in '/home/rohan/spherebot/build/i2c_lib': CMAKE_PREFIX_PATH=${CMAKE_PREFIX_PATH}:/opt/ros/jazzy DEBUGINFOD_URLS=https://debuginfod.ubuntu.com /usr/bin/cmake --build /home/rohan/spherebot/build/i2c_lib -- -j4 -l4
[0.488s] DEBUG:colcon.colcon_core.event_handler.log_command:Invoked command in '/home/rohan/spherebot/build/i2c_lib' returned '0': CMAKE_PREFIX_PATH=${CMAKE_PREFIX_PATH}:/opt/ros/jazzy DEBUGINFOD_URLS=https://debuginfod.ubuntu.com /usr/bin/cmake --build /home/rohan/spherebot/build/i2c_lib -- -j4 -l4
[0.544s] DEBUG:colcon.colcon_core.event_handler.log_command:Invoking command in '/home/rohan/spherebot/build/i2c_lib': CMAKE_PREFIX_PATH=${CMAKE_PREFIX_PATH}:/opt/ros/jazzy DEBUGINFOD_URLS=https://debuginfod.ubuntu.com /usr/bin/cmake --install /home/rohan/spherebot/build/i2c_lib
[0.562s] Level 1:colcon.colcon_core.environment:create_environment_scripts_only(i2c_lib)
[0.563s] DEBUG:colcon.colcon_core.event_handler.log_command:Invoked command in '/home/rohan/spherebot/build/i2c_lib' returned '0': CMAKE_PREFIX_PATH=${CMAKE_PREFIX_PATH}:/opt/ros/jazzy DEBUGINFOD_URLS=https://debuginfod.ubuntu.com /usr/bin/cmake --install /home/rohan/spherebot/build/i2c_lib
[0.565s] Level 1:colcon.colcon_core.environment:checking '/home/rohan/spherebot/install/i2c_lib' for CMake module files
[0.566s] Level 1:colcon.colcon_core.environment:checking '/home/rohan/spherebot/install/i2c_lib' for CMake config files
[0.566s] Level 1:colcon.colcon_core.shell:create_environment_hook('i2c_lib', 'cmake_prefix_path')
[0.566s] INFO:colcon.colcon_core.shell:Creating environment hook '/home/rohan/spherebot/install/i2c_lib/share/i2c_lib/hook/cmake_prefix_path.ps1'
[0.567s] INFO:colcon.colcon_core.shell:Creating environment descriptor '/home/rohan/spherebot/install/i2c_lib/share/i2c_lib/hook/cmake_prefix_path.dsv'
[0.568s] INFO:colcon.colcon_core.shell:Creating environment hook '/home/rohan/spherebot/install/i2c_lib/share/i2c_lib/hook/cmake_prefix_path.sh'
[0.570s] Level 1:colcon.colcon_core.environment:checking '/home/rohan/spherebot/install/i2c_lib/lib'
[0.570s] Level 1:colcon.colcon_core.environment:checking '/home/rohan/spherebot/install/i2c_lib/bin'
[0.570s] Level 1:colcon.colcon_core.environment:checking '/home/rohan/spherebot/install/i2c_lib/lib/pkgconfig/i2c_lib.pc'
[0.571s] Level 1:colcon.colcon_core.environment:checking '/home/rohan/spherebot/install/i2c_lib/lib/python3.12/site-packages'
[0.571s] Level 1:colcon.colcon_core.environment:checking '/home/rohan/spherebot/install/i2c_lib/bin'
[0.572s] INFO:colcon.colcon_core.shell:Creating package script '/home/rohan/spherebot/install/i2c_lib/share/i2c_lib/package.ps1'
[0.573s] INFO:colcon.colcon_core.shell:Creating package descriptor '/home/rohan/spherebot/install/i2c_lib/share/i2c_lib/package.dsv'
[0.573s] INFO:colcon.colcon_core.shell:Creating package script '/home/rohan/spherebot/install/i2c_lib/share/i2c_lib/package.sh'
[0.574s] INFO:colcon.colcon_core.shell:Creating package script '/home/rohan/spherebot/install/i2c_lib/share/i2c_lib/package.bash'
[0.575s] INFO:colcon.colcon_core.shell:Creating package script '/home/rohan/spherebot/install/i2c_lib/share/i2c_lib/package.zsh'
[0.576s] Level 1:colcon.colcon_core.environment:create_file_with_runtime_dependencies(/home/rohan/spherebot/install/i2c_lib/share/colcon-core/packages/i2c_lib)
[0.615s] Level 1:colcon.colcon_core.environment:create_environment_scripts_only(i2c_lib)
[0.616s] Level 1:colcon.colcon_core.environment:checking '/home/rohan/spherebot/install/i2c_lib' for CMake module files
[0.616s] Level 1:colcon.colcon_core.environment:checking '/home/rohan/spherebot/install/i2c_lib' for CMake config files
[0.617s] Level 1:colcon.colcon_core.shell:create_environment_hook('i2c_lib', 'cmake_prefix_path')
[0.617s] INFO:colcon.colcon_core.shell:Creating environment hook '/home/rohan/spherebot/install/i2c_lib/share/i2c_lib/hook/cmake_prefix_path.ps1'
[0.618s] INFO:colcon.colcon_core.shell:Creating environment descriptor '/home/rohan/spherebot/install/i2c_lib/share/i2c_lib/hook/cmake_prefix_path.dsv'
[0.619s] INFO:colcon.colcon_core.shell:Creating environment hook '/home/rohan/spherebot/install/i2c_lib/share/i2c_lib/hook/cmake_prefix_path.sh'
[0.620s] Level 1:colcon.colcon_core.environment:checking '/home/rohan/spherebot/install/i2c_lib/lib'
[0.620s] Level 1:colcon.colcon_core.environment:checking '/home/rohan/spherebot/install/i2c_lib/bin'
[0.620s] Level 1:colcon.colcon_core.environment:checking '/home/rohan/spherebot/install/i2c_lib/lib/pkgconfig/i2c_lib.pc'
[0.620s] Level 1:colcon.colcon_core.environment:checking '/home/rohan/spherebot/install/i2c_lib/lib/python3.12/site-packages'
[0.621s] Level 1:colcon.colcon_core.environment:checking '/home/rohan/spherebot/install/i2c_lib/bin'
[0.621s] INFO:colcon.colcon_core.shell:Creating package script '/home/rohan/spherebot/install/i2c_lib/share/i2c_lib/package.ps1'
[0.622s] INFO:colcon.colcon_core.shell:Creating package descriptor '/home/rohan/spherebot/install/i2c_lib/share/i2c_lib/package.dsv'
[0.623s] INFO:colcon.colcon_core.shell:Creating package script '/home/rohan/spherebot/install/i2c_lib/share/i2c_lib/package.sh'
[0.623s] INFO:colcon.colcon_core.shell:Creating package script '/home/rohan/spherebot/install/i2c_lib/share/i2c_lib/package.bash'
[0.624s] INFO:colcon.colcon_core.shell:Creating package script '/home/rohan/spherebot/install/i2c_lib/share/i2c_lib/package.zsh'
[0.626s] Level 1:colcon.colcon_core.environment:create_file_with_runtime_dependencies(/home/rohan/spherebot/install/i2c_lib/share/colcon-core/packages/i2c_lib)
[0.627s] DEBUG:colcon.colcon_parallel_executor.executor.parallel:closing loop
[0.627s] DEBUG:colcon.colcon_parallel_executor.executor.parallel:loop closed
[0.628s] DEBUG:colcon.colcon_parallel_executor.executor.parallel:run_until_complete finished with '0'
[0.628s] DEBUG:colcon.colcon_core.event_reactor:joining thread
[0.636s] INFO:colcon.colcon_core.plugin_system:Skipping extension 'colcon_notification.desktop_notification.terminal_notifier': Not used on non-Darwin systems
[0.637s] INFO:colcon.colcon_core.plugin_system:Skipping extension 'colcon_notification.desktop_notification.win32': Not used on non-Windows systems
[0.637s] INFO:colcon.colcon_notification.desktop_notification:Sending desktop notification using 'notify2'
[0.638s] DEBUG:colcon.colcon_notification.desktop_notification.notify2:Failed to initialize notify2: org.freedesktop.DBus.Error.ServiceUnknown: The name org.freedesktop.Notifications was not provided by any .service files
[0.638s] DEBUG:colcon.colcon_core.event_reactor:joined thread
[0.639s] INFO:colcon.colcon_core.shell:Creating prefix script '/home/rohan/spherebot/install/local_setup.ps1'
[0.640s] INFO:colcon.colcon_core.shell:Creating prefix util module '/home/rohan/spherebot/install/_local_setup_util_ps1.py'
[0.641s] INFO:colcon.colcon_core.shell:Creating prefix chain script '/home/rohan/spherebot/install/setup.ps1'
[0.643s] INFO:colcon.colcon_core.shell:Creating prefix script '/home/rohan/spherebot/install/local_setup.sh'
[0.644s] INFO:colcon.colcon_core.shell:Creating prefix util module '/home/rohan/spherebot/install/_local_setup_util_sh.py'
[0.644s] INFO:colcon.colcon_core.shell:Creating prefix chain script '/home/rohan/spherebot/install/setup.sh'
[0.646s] INFO:colcon.colcon_core.shell:Creating prefix script '/home/rohan/spherebot/install/local_setup.bash'
[0.648s] INFO:colcon.colcon_core.shell:Creating prefix chain script '/home/rohan/spherebot/install/setup.bash'
[0.649s] INFO:colcon.colcon_core.shell:Creating prefix script '/home/rohan/spherebot/install/local_setup.zsh'
[0.651s] INFO:colcon.colcon_core.shell:Creating prefix chain script '/home/rohan/spherebot/install/setup.zsh'
