[0.022s] Invoking command in '/home/rohan/spherebot/build/autonomous_control_pid': CMAKE_PREFIX_PATH=/home/rohan/spherebot/install/control_lib:/home/rohan/spherebot/install/i2c_lib:/home/rohan/spherebot/install/remote_control_cpp:/home/rohan/spherebot/install/motor_control:/home/rohan/spherebot/install/joystick_reader:/home/rohan/spherebot/install/gps_read_cpp:/home/rohan/spherebot/install/dfr_10_dof_pkg:/home/rohan/spherebot/install/autonomous_control_pid:/opt/ros/jazzy/opt/gz_math_vendor:/opt/ros/jazzy/opt/gz_utils_vendor:/opt/ros/jazzy/opt/gz_cmake_vendor:/home/rohan/spherebot/install/data_logger_pkg:/opt/ros/jazzy DEBUGINFOD_URLS=https://debuginfod.ubuntu.com /usr/bin/cmake --build /home/rohan/spherebot/build/autonomous_control_pid -- -j4 -l4
[0.135s] [100%] Built target autonomous_control_pid_node
[0.156s] Invoked command in '/home/rohan/spherebot/build/autonomous_control_pid' returned '0': CMAKE_PREFIX_PATH=/home/rohan/spherebot/install/control_lib:/home/rohan/spherebot/install/i2c_lib:/home/rohan/spherebot/install/remote_control_cpp:/home/rohan/spherebot/install/motor_control:/home/rohan/spherebot/install/joystick_reader:/home/rohan/spherebot/install/gps_read_cpp:/home/rohan/spherebot/install/dfr_10_dof_pkg:/home/rohan/spherebot/install/autonomous_control_pid:/opt/ros/jazzy/opt/gz_math_vendor:/opt/ros/jazzy/opt/gz_utils_vendor:/opt/ros/jazzy/opt/gz_cmake_vendor:/home/rohan/spherebot/install/data_logger_pkg:/opt/ros/jazzy DEBUGINFOD_URLS=https://debuginfod.ubuntu.com /usr/bin/cmake --build /home/rohan/spherebot/build/autonomous_control_pid -- -j4 -l4
[0.213s] Invoking command in '/home/rohan/spherebot/build/autonomous_control_pid': CMAKE_PREFIX_PATH=/home/rohan/spherebot/install/control_lib:/home/rohan/spherebot/install/i2c_lib:/home/rohan/spherebot/install/remote_control_cpp:/home/rohan/spherebot/install/motor_control:/home/rohan/spherebot/install/joystick_reader:/home/rohan/spherebot/install/gps_read_cpp:/home/rohan/spherebot/install/dfr_10_dof_pkg:/home/rohan/spherebot/install/autonomous_control_pid:/opt/ros/jazzy/opt/gz_math_vendor:/opt/ros/jazzy/opt/gz_utils_vendor:/opt/ros/jazzy/opt/gz_cmake_vendor:/home/rohan/spherebot/install/data_logger_pkg:/opt/ros/jazzy DEBUGINFOD_URLS=https://debuginfod.ubuntu.com /usr/bin/cmake --install /home/rohan/spherebot/build/autonomous_control_pid
[0.227s] -- Install configuration: ""
[0.227s] -- Up-to-date: /home/rohan/spherebot/install/autonomous_control_pid/lib/autonomous_control_pid/autonomous_control_pid_node
[0.227s] -- Up-to-date: /home/rohan/spherebot/install/autonomous_control_pid/share/autonomous_control_pid//launch
[0.227s] -- Installing: /home/rohan/spherebot/install/autonomous_control_pid/share/autonomous_control_pid//launch/autonomous_control_PID_launch.py
[0.227s] -- Up-to-date: /home/rohan/spherebot/install/autonomous_control_pid/share/ament_index/resource_index/package_run_dependencies/autonomous_control_pid
[0.228s] -- Up-to-date: /home/rohan/spherebot/install/autonomous_control_pid/share/ament_index/resource_index/parent_prefix_path/autonomous_control_pid
[0.228s] -- Up-to-date: /home/rohan/spherebot/install/autonomous_control_pid/share/autonomous_control_pid/environment/ament_prefix_path.sh
[0.228s] -- Up-to-date: /home/rohan/spherebot/install/autonomous_control_pid/share/autonomous_control_pid/environment/ament_prefix_path.dsv
[0.228s] -- Up-to-date: /home/rohan/spherebot/install/autonomous_control_pid/share/autonomous_control_pid/environment/path.sh
[0.228s] -- Up-to-date: /home/rohan/spherebot/install/autonomous_control_pid/share/autonomous_control_pid/environment/path.dsv
[0.228s] -- Up-to-date: /home/rohan/spherebot/install/autonomous_control_pid/share/autonomous_control_pid/local_setup.bash
[0.228s] -- Up-to-date: /home/rohan/spherebot/install/autonomous_control_pid/share/autonomous_control_pid/local_setup.sh
[0.228s] -- Up-to-date: /home/rohan/spherebot/install/autonomous_control_pid/share/autonomous_control_pid/local_setup.zsh
[0.229s] -- Up-to-date: /home/rohan/spherebot/install/autonomous_control_pid/share/autonomous_control_pid/local_setup.dsv
[0.229s] -- Installing: /home/rohan/spherebot/install/autonomous_control_pid/share/autonomous_control_pid/package.dsv
[0.229s] -- Up-to-date: /home/rohan/spherebot/install/autonomous_control_pid/share/ament_index/resource_index/packages/autonomous_control_pid
[0.229s] -- Up-to-date: /home/rohan/spherebot/install/autonomous_control_pid/share/autonomous_control_pid/cmake/autonomous_control_pidConfig.cmake
[0.229s] -- Up-to-date: /home/rohan/spherebot/install/autonomous_control_pid/share/autonomous_control_pid/cmake/autonomous_control_pidConfig-version.cmake
[0.229s] -- Up-to-date: /home/rohan/spherebot/install/autonomous_control_pid/share/autonomous_control_pid/package.xml
[0.232s] Invoked command in '/home/rohan/spherebot/build/autonomous_control_pid' returned '0': CMAKE_PREFIX_PATH=/home/rohan/spherebot/install/control_lib:/home/rohan/spherebot/install/i2c_lib:/home/rohan/spherebot/install/remote_control_cpp:/home/rohan/spherebot/install/motor_control:/home/rohan/spherebot/install/joystick_reader:/home/rohan/spherebot/install/gps_read_cpp:/home/rohan/spherebot/install/dfr_10_dof_pkg:/home/rohan/spherebot/install/autonomous_control_pid:/opt/ros/jazzy/opt/gz_math_vendor:/opt/ros/jazzy/opt/gz_utils_vendor:/opt/ros/jazzy/opt/gz_cmake_vendor:/home/rohan/spherebot/install/data_logger_pkg:/opt/ros/jazzy DEBUGINFOD_URLS=https://debuginfod.ubuntu.com /usr/bin/cmake --install /home/rohan/spherebot/build/autonomous_control_pid
