[0.020s] Invoking command in '/home/rohan/spherebot/build/motor_control': AMENT_PREFIX_PATH=/home/rohan/spherebot/install/control_lib:/home/rohan/spherebot/install/i2c_lib:${AMENT_PREFIX_PATH} CMAKE_PREFIX_PATH=/home/rohan/spherebot/install/control_lib:/home/rohan/spherebot/install/i2c_lib:/opt/ros/jazzy/opt/gz_math_vendor:/opt/ros/jazzy/opt/gz_utils_vendor:/opt/ros/jazzy/opt/gz_cmake_vendor:/opt/ros/jazzy DEBUGINFOD_URLS=https://debuginfod.ubuntu.com LD_LIBRARY_PATH=/home/rohan/spherebot/install/control_lib/lib:/home/rohan/spherebot/install/i2c_lib/lib:${LD_LIBRARY_PATH} /usr/bin/cmake --build /home/rohan/spherebot/build/motor_control -- -j4 -l4
[0.123s] [ 33%] [32mBuilding CXX object CMakeFiles/motor_control_node.dir/src/motor_control_node.cpp.o[0m
[4.440s] In file included from [01m[K/opt/ros/jazzy/include/rclcpp/rclcpp/logging.hpp:24[m[K,
[4.440s]                  from [01m[K/opt/ros/jazzy/include/rclcpp/rclcpp/copy_all_parameter_values.hpp:27[m[K,
[4.440s]                  from [01m[K/opt/ros/jazzy/include/rclcpp/rclcpp/rclcpp.hpp:171[m[K,
[4.441s]                  from [01m[K/home/rohan/spherebot/src/motor_control/src/../include/motor_control/motor_control_node.hpp:4[m[K,
[4.441s]                  from [01m[K/home/rohan/spherebot/src/motor_control/src/motor_control_node.cpp:1[m[K:
[4.441s] [01m[K/home/rohan/spherebot/src/motor_control/src/motor_control_node.cpp:[m[K In member function ‘[01m[Kvoid MotorControlNode::[01;32m[KcontrolLoop[m[K()[m[K’:
[4.441s] [01m[K/home/rohan/spherebot/src/motor_control/src/motor_control_node.cpp:161:41:[m[K [01;35m[Kwarning: [m[Ktoo many arguments for format [[01;35m[K]8;;https://gcc.gnu.org/onlinedocs/gcc/Warning-Options.html#index-Wformat-extra-args-Wformat-extra-args]8;;[m[K]
[4.441s]   161 |         RCLCPP_INFO(this->get_logger(), [01;35m[K"Ref, Roll, Cmd  %.2f, %.2f"[m[K, phi_ref_, roll_, phi_output);
[4.441s]       |                                         [01;35m[K^~~~~~~~~~~~~~~~~~~~~~~~~~~~[m[K
[10.966s] [01m[K/home/rohan/spherebot/src/motor_control/src/motor_control_node.cpp:129:99:[m[K [01;36m[Knote: [m[Kparameter passing for argument of type ‘[01m[Kstd::pair<float, float>[m[K’ when C++17 is enabled changed to match C++14 ]8;;https://gcc.gnu.org/gcc-10/changes.html#empty_basein GCC 10.1]8;;
[10.966s]   129 |     std::pair<float, float> jointVariableVelocity = computeJointVariables(alphadot_ref_, udot_ref_[01;36m[K)[m[K;
[10.966s]       |                                                                                                   [01;36m[K^[m[K
[22.972s] [ 66%] [32m[1mLinking CXX executable motor_control_node[0m
[24.467s] [100%] Built target motor_control_node
[24.487s] Invoked command in '/home/rohan/spherebot/build/motor_control' returned '0': AMENT_PREFIX_PATH=/home/rohan/spherebot/install/control_lib:/home/rohan/spherebot/install/i2c_lib:${AMENT_PREFIX_PATH} CMAKE_PREFIX_PATH=/home/rohan/spherebot/install/control_lib:/home/rohan/spherebot/install/i2c_lib:/opt/ros/jazzy/opt/gz_math_vendor:/opt/ros/jazzy/opt/gz_utils_vendor:/opt/ros/jazzy/opt/gz_cmake_vendor:/opt/ros/jazzy DEBUGINFOD_URLS=https://debuginfod.ubuntu.com LD_LIBRARY_PATH=/home/rohan/spherebot/install/control_lib/lib:/home/rohan/spherebot/install/i2c_lib/lib:${LD_LIBRARY_PATH} /usr/bin/cmake --build /home/rohan/spherebot/build/motor_control -- -j4 -l4
[24.545s] Invoking command in '/home/rohan/spherebot/build/motor_control': AMENT_PREFIX_PATH=/home/rohan/spherebot/install/control_lib:/home/rohan/spherebot/install/i2c_lib:${AMENT_PREFIX_PATH} CMAKE_PREFIX_PATH=/home/rohan/spherebot/install/control_lib:/home/rohan/spherebot/install/i2c_lib:/opt/ros/jazzy/opt/gz_math_vendor:/opt/ros/jazzy/opt/gz_utils_vendor:/opt/ros/jazzy/opt/gz_cmake_vendor:/opt/ros/jazzy DEBUGINFOD_URLS=https://debuginfod.ubuntu.com LD_LIBRARY_PATH=/home/rohan/spherebot/install/control_lib/lib:/home/rohan/spherebot/install/i2c_lib/lib:${LD_LIBRARY_PATH} /usr/bin/cmake --install /home/rohan/spherebot/build/motor_control
[24.558s] -- Install configuration: ""
[24.559s] -- Installing: /home/rohan/spherebot/install/motor_control/lib/motor_control/motor_control_node
[24.586s] -- Set non-toolchain portion of runtime path of "/home/rohan/spherebot/install/motor_control/lib/motor_control/motor_control_node" to ""
[24.586s] -- Up-to-date: /home/rohan/spherebot/install/motor_control/share/ament_index/resource_index/package_run_dependencies/motor_control
[24.587s] -- Up-to-date: /home/rohan/spherebot/install/motor_control/share/ament_index/resource_index/parent_prefix_path/motor_control
[24.587s] -- Up-to-date: /home/rohan/spherebot/install/motor_control/share/motor_control/environment/ament_prefix_path.sh
[24.587s] -- Up-to-date: /home/rohan/spherebot/install/motor_control/share/motor_control/environment/ament_prefix_path.dsv
[24.587s] -- Up-to-date: /home/rohan/spherebot/install/motor_control/share/motor_control/environment/path.sh
[24.587s] -- Up-to-date: /home/rohan/spherebot/install/motor_control/share/motor_control/environment/path.dsv
[24.587s] -- Up-to-date: /home/rohan/spherebot/install/motor_control/share/motor_control/local_setup.bash
[24.587s] -- Up-to-date: /home/rohan/spherebot/install/motor_control/share/motor_control/local_setup.sh
[24.587s] -- Up-to-date: /home/rohan/spherebot/install/motor_control/share/motor_control/local_setup.zsh
[24.587s] -- Up-to-date: /home/rohan/spherebot/install/motor_control/share/motor_control/local_setup.dsv
[24.588s] -- Installing: /home/rohan/spherebot/install/motor_control/share/motor_control/package.dsv
[24.588s] -- Up-to-date: /home/rohan/spherebot/install/motor_control/share/ament_index/resource_index/packages/motor_control
[24.588s] -- Up-to-date: /home/rohan/spherebot/install/motor_control/share/motor_control/cmake/motor_controlConfig.cmake
[24.588s] -- Up-to-date: /home/rohan/spherebot/install/motor_control/share/motor_control/cmake/motor_controlConfig-version.cmake
[24.588s] -- Up-to-date: /home/rohan/spherebot/install/motor_control/share/motor_control/package.xml
[24.590s] Invoked command in '/home/rohan/spherebot/build/motor_control' returned '0': AMENT_PREFIX_PATH=/home/rohan/spherebot/install/control_lib:/home/rohan/spherebot/install/i2c_lib:${AMENT_PREFIX_PATH} CMAKE_PREFIX_PATH=/home/rohan/spherebot/install/control_lib:/home/rohan/spherebot/install/i2c_lib:/opt/ros/jazzy/opt/gz_math_vendor:/opt/ros/jazzy/opt/gz_utils_vendor:/opt/ros/jazzy/opt/gz_cmake_vendor:/opt/ros/jazzy DEBUGINFOD_URLS=https://debuginfod.ubuntu.com LD_LIBRARY_PATH=/home/rohan/spherebot/install/control_lib/lib:/home/rohan/spherebot/install/i2c_lib/lib:${LD_LIBRARY_PATH} /usr/bin/cmake --install /home/rohan/spherebot/build/motor_control
