[0.147s] DEBUG:colcon:Command line arguments: ['/usr/bin/colcon', 'build', '--packages-select', 'remote_control_cpp']
[0.147s] DEBUG:colcon:Parsed command line arguments: Namespace(log_base=None, log_level=None, verb_name='build', build_base='build', install_base='install', merge_install=False, symlink_install=False, test_result_base=None, continue_on_error=False, executor='parallel', parallel_workers=4, event_handlers=None, ignore_user_meta=False, metas=['./colcon.meta'], base_paths=['.'], packages_ignore=None, packages_ignore_regex=None, paths=None, packages_up_to=None, packages_up_to_regex=None, packages_above=None, packages_above_and_dependencies=None, packages_above_depth=None, packages_select_by_dep=None, packages_skip_by_dep=None, packages_skip_up_to=None, packages_select_build_failed=False, packages_skip_build_finished=False, packages_select_test_failures=False, packages_skip_test_passed=False, packages_select=['remote_control_cpp'], packages_skip=None, packages_select_regex=None, packages_skip_regex=None, packages_start=None, packages_end=None, allow_overriding=[], cmake_args=None, cmake_target=None, cmake_target_skip_unavailable=False, cmake_clean_cache=False, cmake_clean_first=False, cmake_force_configure=False, ament_cmake_args=None, catkin_cmake_args=None, catkin_skip_building_tests=False, mixin_files=None, mixin=None, verb_parser=<colcon_mixin.mixin.mixin_argument.MixinArgumentDecorator object at 0xffffa04be930>, verb_extension=<colcon_core.verb.build.BuildVerb object at 0xffffa06818b0>, main=<bound method BuildVerb.main of <colcon_core.verb.build.BuildVerb object at 0xffffa06818b0>>, mixin_verb=('build',))
[0.198s] Level 1:colcon.colcon_core.package_discovery:discover_packages(colcon_meta) check parameters
[0.198s] Level 1:colcon.colcon_core.package_discovery:discover_packages(recursive) check parameters
[0.198s] Level 1:colcon.colcon_core.package_discovery:discover_packages(ignore) check parameters
[0.198s] Level 1:colcon.colcon_core.package_discovery:discover_packages(path) check parameters
[0.198s] Level 1:colcon.colcon_core.package_discovery:discover_packages(colcon_meta) discover
[0.199s] Level 1:colcon.colcon_core.package_discovery:discover_packages(recursive) discover
[0.199s] INFO:colcon.colcon_core.package_discovery:Crawling recursively for packages in '/home/rohan/spherebot'
[0.199s] Level 1:colcon.colcon_core.package_identification:_identify(.) by extensions ['ignore', 'ignore_ament_install']
[0.199s] Level 1:colcon.colcon_core.package_identification:_identify(.) by extension 'ignore'
[0.199s] Level 1:colcon.colcon_core.package_identification:_identify(.) by extension 'ignore_ament_install'
[0.199s] Level 1:colcon.colcon_core.package_identification:_identify(.) by extensions ['colcon_pkg']
[0.199s] Level 1:colcon.colcon_core.package_identification:_identify(.) by extension 'colcon_pkg'
[0.199s] Level 1:colcon.colcon_core.package_identification:_identify(.) by extensions ['colcon_meta']
[0.199s] Level 1:colcon.colcon_core.package_identification:_identify(.) by extension 'colcon_meta'
[0.199s] Level 1:colcon.colcon_core.package_identification:_identify(.) by extensions ['ros']
[0.199s] Level 1:colcon.colcon_core.package_identification:_identify(.) by extension 'ros'
[0.252s] Level 1:colcon.colcon_core.package_identification:_identify(.) by extensions ['cmake', 'python']
[0.252s] Level 1:colcon.colcon_core.package_identification:_identify(.) by extension 'cmake'
[0.252s] Level 1:colcon.colcon_core.package_identification:_identify(.) by extension 'python'
[0.252s] Level 1:colcon.colcon_core.package_identification:_identify(.) by extensions ['python_setup_py']
[0.252s] Level 1:colcon.colcon_core.package_identification:_identify(.) by extension 'python_setup_py'
[0.253s] Level 1:colcon.colcon_core.package_identification:_identify(build) by extensions ['ignore', 'ignore_ament_install']
[0.253s] Level 1:colcon.colcon_core.package_identification:_identify(build) by extension 'ignore'
[0.253s] Level 1:colcon.colcon_core.package_identification:_identify(build) ignored
[0.254s] Level 1:colcon.colcon_core.package_identification:_identify(install) by extensions ['ignore', 'ignore_ament_install']
[0.254s] Level 1:colcon.colcon_core.package_identification:_identify(install) by extension 'ignore'
[0.254s] Level 1:colcon.colcon_core.package_identification:_identify(install) ignored
[0.254s] Level 1:colcon.colcon_core.package_identification:_identify(log) by extensions ['ignore', 'ignore_ament_install']
[0.255s] Level 1:colcon.colcon_core.package_identification:_identify(log) by extension 'ignore'
[0.255s] Level 1:colcon.colcon_core.package_identification:_identify(log) ignored
[0.255s] Level 1:colcon.colcon_core.package_identification:_identify(src) by extensions ['ignore', 'ignore_ament_install']
[0.255s] Level 1:colcon.colcon_core.package_identification:_identify(src) by extension 'ignore'
[0.255s] Level 1:colcon.colcon_core.package_identification:_identify(src) by extension 'ignore_ament_install'
[0.256s] Level 1:colcon.colcon_core.package_identification:_identify(src) by extensions ['colcon_pkg']
[0.256s] Level 1:colcon.colcon_core.package_identification:_identify(src) by extension 'colcon_pkg'
[0.256s] Level 1:colcon.colcon_core.package_identification:_identify(src) by extensions ['colcon_meta']
[0.256s] Level 1:colcon.colcon_core.package_identification:_identify(src) by extension 'colcon_meta'
[0.256s] Level 1:colcon.colcon_core.package_identification:_identify(src) by extensions ['ros']
[0.256s] Level 1:colcon.colcon_core.package_identification:_identify(src) by extension 'ros'
[0.256s] Level 1:colcon.colcon_core.package_identification:_identify(src) by extensions ['cmake', 'python']
[0.256s] Level 1:colcon.colcon_core.package_identification:_identify(src) by extension 'cmake'
[0.256s] Level 1:colcon.colcon_core.package_identification:_identify(src) by extension 'python'
[0.257s] Level 1:colcon.colcon_core.package_identification:_identify(src) by extensions ['python_setup_py']
[0.257s] Level 1:colcon.colcon_core.package_identification:_identify(src) by extension 'python_setup_py'
[0.257s] Level 1:colcon.colcon_core.package_identification:_identify(src/autonomous_control_lqg) by extensions ['ignore', 'ignore_ament_install']
[0.257s] Level 1:colcon.colcon_core.package_identification:_identify(src/autonomous_control_lqg) by extension 'ignore'
[0.257s] Level 1:colcon.colcon_core.package_identification:_identify(src/autonomous_control_lqg) by extension 'ignore_ament_install'
[0.257s] Level 1:colcon.colcon_core.package_identification:_identify(src/autonomous_control_lqg) by extensions ['colcon_pkg']
[0.257s] Level 1:colcon.colcon_core.package_identification:_identify(src/autonomous_control_lqg) by extension 'colcon_pkg'
[0.258s] Level 1:colcon.colcon_core.package_identification:_identify(src/autonomous_control_lqg) by extensions ['colcon_meta']
[0.258s] Level 1:colcon.colcon_core.package_identification:_identify(src/autonomous_control_lqg) by extension 'colcon_meta'
[0.258s] Level 1:colcon.colcon_core.package_identification:_identify(src/autonomous_control_lqg) by extensions ['ros']
[0.258s] Level 1:colcon.colcon_core.package_identification:_identify(src/autonomous_control_lqg) by extension 'ros'
[0.264s] DEBUG:colcon.colcon_core.package_identification:Package 'src/autonomous_control_lqg' with type 'ros.ament_cmake' and name 'autonomous_control_lqg'
[0.265s] Level 1:colcon.colcon_core.package_identification:_identify(src/autonomous_control_pid) by extensions ['ignore', 'ignore_ament_install']
[0.265s] Level 1:colcon.colcon_core.package_identification:_identify(src/autonomous_control_pid) by extension 'ignore'
[0.265s] Level 1:colcon.colcon_core.package_identification:_identify(src/autonomous_control_pid) by extension 'ignore_ament_install'
[0.265s] Level 1:colcon.colcon_core.package_identification:_identify(src/autonomous_control_pid) by extensions ['colcon_pkg']
[0.265s] Level 1:colcon.colcon_core.package_identification:_identify(src/autonomous_control_pid) by extension 'colcon_pkg'
[0.265s] Level 1:colcon.colcon_core.package_identification:_identify(src/autonomous_control_pid) by extensions ['colcon_meta']
[0.265s] Level 1:colcon.colcon_core.package_identification:_identify(src/autonomous_control_pid) by extension 'colcon_meta'
[0.266s] Level 1:colcon.colcon_core.package_identification:_identify(src/autonomous_control_pid) by extensions ['ros']
[0.266s] Level 1:colcon.colcon_core.package_identification:_identify(src/autonomous_control_pid) by extension 'ros'
[0.268s] DEBUG:colcon.colcon_core.package_identification:Package 'src/autonomous_control_pid' with type 'ros.ament_cmake' and name 'autonomous_control_pid'
[0.268s] Level 1:colcon.colcon_core.package_identification:_identify(src/control_lib) by extensions ['ignore', 'ignore_ament_install']
[0.269s] Level 1:colcon.colcon_core.package_identification:_identify(src/control_lib) by extension 'ignore'
[0.269s] Level 1:colcon.colcon_core.package_identification:_identify(src/control_lib) by extension 'ignore_ament_install'
[0.269s] Level 1:colcon.colcon_core.package_identification:_identify(src/control_lib) by extensions ['colcon_pkg']
[0.269s] Level 1:colcon.colcon_core.package_identification:_identify(src/control_lib) by extension 'colcon_pkg'
[0.269s] Level 1:colcon.colcon_core.package_identification:_identify(src/control_lib) by extensions ['colcon_meta']
[0.269s] Level 1:colcon.colcon_core.package_identification:_identify(src/control_lib) by extension 'colcon_meta'
[0.269s] Level 1:colcon.colcon_core.package_identification:_identify(src/control_lib) by extensions ['ros']
[0.269s] Level 1:colcon.colcon_core.package_identification:_identify(src/control_lib) by extension 'ros'
[0.271s] DEBUG:colcon.colcon_core.package_identification:Package 'src/control_lib' with type 'ros.ament_cmake' and name 'control_lib'
[0.271s] Level 1:colcon.colcon_core.package_identification:_identify(src/custom_interfaces) by extensions ['ignore', 'ignore_ament_install']
[0.272s] Level 1:colcon.colcon_core.package_identification:_identify(src/custom_interfaces) by extension 'ignore'
[0.272s] Level 1:colcon.colcon_core.package_identification:_identify(src/custom_interfaces) by extension 'ignore_ament_install'
[0.272s] Level 1:colcon.colcon_core.package_identification:_identify(src/custom_interfaces) by extensions ['colcon_pkg']
[0.272s] Level 1:colcon.colcon_core.package_identification:_identify(src/custom_interfaces) by extension 'colcon_pkg'
[0.272s] Level 1:colcon.colcon_core.package_identification:_identify(src/custom_interfaces) by extensions ['colcon_meta']
[0.272s] Level 1:colcon.colcon_core.package_identification:_identify(src/custom_interfaces) by extension 'colcon_meta'
[0.272s] Level 1:colcon.colcon_core.package_identification:_identify(src/custom_interfaces) by extensions ['ros']
[0.272s] Level 1:colcon.colcon_core.package_identification:_identify(src/custom_interfaces) by extension 'ros'
[0.274s] DEBUG:colcon.colcon_core.package_identification:Package 'src/custom_interfaces' with type 'ros.ament_cmake' and name 'custom_interfaces'
[0.274s] Level 1:colcon.colcon_core.package_identification:_identify(src/dfr_10_dof_pkg) by extensions ['ignore', 'ignore_ament_install']
[0.274s] Level 1:colcon.colcon_core.package_identification:_identify(src/dfr_10_dof_pkg) by extension 'ignore'
[0.274s] Level 1:colcon.colcon_core.package_identification:_identify(src/dfr_10_dof_pkg) by extension 'ignore_ament_install'
[0.275s] Level 1:colcon.colcon_core.package_identification:_identify(src/dfr_10_dof_pkg) by extensions ['colcon_pkg']
[0.275s] Level 1:colcon.colcon_core.package_identification:_identify(src/dfr_10_dof_pkg) by extension 'colcon_pkg'
[0.275s] Level 1:colcon.colcon_core.package_identification:_identify(src/dfr_10_dof_pkg) by extensions ['colcon_meta']
[0.275s] Level 1:colcon.colcon_core.package_identification:_identify(src/dfr_10_dof_pkg) by extension 'colcon_meta'
[0.275s] Level 1:colcon.colcon_core.package_identification:_identify(src/dfr_10_dof_pkg) by extensions ['ros']
[0.275s] Level 1:colcon.colcon_core.package_identification:_identify(src/dfr_10_dof_pkg) by extension 'ros'
[0.277s] DEBUG:colcon.colcon_core.package_identification:Package 'src/dfr_10_dof_pkg' with type 'ros.ament_cmake' and name 'dfr_10_dof_pkg'
[0.277s] Level 1:colcon.colcon_core.package_identification:_identify(src/gps_read_cpp) by extensions ['ignore', 'ignore_ament_install']
[0.277s] Level 1:colcon.colcon_core.package_identification:_identify(src/gps_read_cpp) by extension 'ignore'
[0.278s] Level 1:colcon.colcon_core.package_identification:_identify(src/gps_read_cpp) by extension 'ignore_ament_install'
[0.278s] Level 1:colcon.colcon_core.package_identification:_identify(src/gps_read_cpp) by extensions ['colcon_pkg']
[0.278s] Level 1:colcon.colcon_core.package_identification:_identify(src/gps_read_cpp) by extension 'colcon_pkg'
[0.278s] Level 1:colcon.colcon_core.package_identification:_identify(src/gps_read_cpp) by extensions ['colcon_meta']
[0.278s] Level 1:colcon.colcon_core.package_identification:_identify(src/gps_read_cpp) by extension 'colcon_meta'
[0.278s] Level 1:colcon.colcon_core.package_identification:_identify(src/gps_read_cpp) by extensions ['ros']
[0.278s] Level 1:colcon.colcon_core.package_identification:_identify(src/gps_read_cpp) by extension 'ros'
[0.280s] DEBUG:colcon.colcon_core.package_identification:Package 'src/gps_read_cpp' with type 'ros.ament_cmake' and name 'gps_read_cpp'
[0.280s] Level 1:colcon.colcon_core.package_identification:_identify(src/i2c_lib) by extensions ['ignore', 'ignore_ament_install']
[0.280s] Level 1:colcon.colcon_core.package_identification:_identify(src/i2c_lib) by extension 'ignore'
[0.280s] Level 1:colcon.colcon_core.package_identification:_identify(src/i2c_lib) by extension 'ignore_ament_install'
[0.280s] Level 1:colcon.colcon_core.package_identification:_identify(src/i2c_lib) by extensions ['colcon_pkg']
[0.281s] Level 1:colcon.colcon_core.package_identification:_identify(src/i2c_lib) by extension 'colcon_pkg'
[0.281s] Level 1:colcon.colcon_core.package_identification:_identify(src/i2c_lib) by extensions ['colcon_meta']
[0.281s] Level 1:colcon.colcon_core.package_identification:_identify(src/i2c_lib) by extension 'colcon_meta'
[0.281s] Level 1:colcon.colcon_core.package_identification:_identify(src/i2c_lib) by extensions ['ros']
[0.281s] Level 1:colcon.colcon_core.package_identification:_identify(src/i2c_lib) by extension 'ros'
[0.282s] DEBUG:colcon.colcon_core.package_identification:Package 'src/i2c_lib' with type 'ros.ament_cmake' and name 'i2c_lib'
[0.282s] Level 1:colcon.colcon_core.package_identification:_identify(src/joystick_reader) by extensions ['ignore', 'ignore_ament_install']
[0.282s] Level 1:colcon.colcon_core.package_identification:_identify(src/joystick_reader) by extension 'ignore'
[0.283s] Level 1:colcon.colcon_core.package_identification:_identify(src/joystick_reader) by extension 'ignore_ament_install'
[0.283s] Level 1:colcon.colcon_core.package_identification:_identify(src/joystick_reader) by extensions ['colcon_pkg']
[0.283s] Level 1:colcon.colcon_core.package_identification:_identify(src/joystick_reader) by extension 'colcon_pkg'
[0.283s] Level 1:colcon.colcon_core.package_identification:_identify(src/joystick_reader) by extensions ['colcon_meta']
[0.283s] Level 1:colcon.colcon_core.package_identification:_identify(src/joystick_reader) by extension 'colcon_meta'
[0.283s] Level 1:colcon.colcon_core.package_identification:_identify(src/joystick_reader) by extensions ['ros']
[0.283s] Level 1:colcon.colcon_core.package_identification:_identify(src/joystick_reader) by extension 'ros'
[0.285s] DEBUG:colcon.colcon_core.package_identification:Package 'src/joystick_reader' with type 'ros.ament_cmake' and name 'joystick_reader'
[0.285s] Level 1:colcon.colcon_core.package_identification:_identify(src/remote_control_cpp) by extensions ['ignore', 'ignore_ament_install']
[0.285s] Level 1:colcon.colcon_core.package_identification:_identify(src/remote_control_cpp) by extension 'ignore'
[0.285s] Level 1:colcon.colcon_core.package_identification:_identify(src/remote_control_cpp) by extension 'ignore_ament_install'
[0.285s] Level 1:colcon.colcon_core.package_identification:_identify(src/remote_control_cpp) by extensions ['colcon_pkg']
[0.285s] Level 1:colcon.colcon_core.package_identification:_identify(src/remote_control_cpp) by extension 'colcon_pkg'
[0.286s] Level 1:colcon.colcon_core.package_identification:_identify(src/remote_control_cpp) by extensions ['colcon_meta']
[0.286s] Level 1:colcon.colcon_core.package_identification:_identify(src/remote_control_cpp) by extension 'colcon_meta'
[0.286s] Level 1:colcon.colcon_core.package_identification:_identify(src/remote_control_cpp) by extensions ['ros']
[0.286s] Level 1:colcon.colcon_core.package_identification:_identify(src/remote_control_cpp) by extension 'ros'
[0.288s] DEBUG:colcon.colcon_core.package_identification:Package 'src/remote_control_cpp' with type 'ros.ament_cmake' and name 'remote_control_cpp'
[0.288s] Level 1:colcon.colcon_core.package_discovery:discover_packages(recursive) using defaults
[0.288s] Level 1:colcon.colcon_core.package_discovery:discover_packages(ignore) discover
[0.288s] Level 1:colcon.colcon_core.package_discovery:discover_packages(ignore) using defaults
[0.288s] Level 1:colcon.colcon_core.package_discovery:discover_packages(path) discover
[0.288s] Level 1:colcon.colcon_core.package_discovery:discover_packages(path) using defaults
[0.335s] INFO:colcon.colcon_core.package_selection:Skipping not selected package 'autonomous_control_lqg' in 'src/autonomous_control_lqg'
[0.335s] INFO:colcon.colcon_core.package_selection:Skipping not selected package 'custom_interfaces' in 'src/custom_interfaces'
[0.335s] INFO:colcon.colcon_core.package_selection:Skipping not selected package 'gps_read_cpp' in 'src/gps_read_cpp'
[0.335s] INFO:colcon.colcon_core.package_selection:Skipping not selected package 'i2c_lib' in 'src/i2c_lib'
[0.335s] INFO:colcon.colcon_core.package_selection:Skipping not selected package 'joystick_reader' in 'src/joystick_reader'
[0.335s] INFO:colcon.colcon_core.package_selection:Skipping not selected package 'control_lib' in 'src/control_lib'
[0.335s] INFO:colcon.colcon_core.package_selection:Skipping not selected package 'dfr_10_dof_pkg' in 'src/dfr_10_dof_pkg'
[0.335s] INFO:colcon.colcon_core.package_selection:Skipping not selected package 'autonomous_control_pid' in 'src/autonomous_control_pid'
[0.336s] Level 1:colcon.colcon_core.package_discovery:discover_packages(prefix_path) check parameters
[0.336s] Level 1:colcon.colcon_core.package_discovery:discover_packages(prefix_path) discover
[0.339s] DEBUG:colcon.colcon_installed_package_information.package_discovery:Found 285 installed packages in /opt/ros/jazzy
[0.342s] Level 1:colcon.colcon_core.package_discovery:discover_packages(prefix_path) using defaults
[0.400s] Level 5:colcon.colcon_core.verb:set package 'remote_control_cpp' build argument 'cmake_args' from command line to 'None'
[0.401s] Level 5:colcon.colcon_core.verb:set package 'remote_control_cpp' build argument 'cmake_target' from command line to 'None'
[0.401s] Level 5:colcon.colcon_core.verb:set package 'remote_control_cpp' build argument 'cmake_target_skip_unavailable' from command line to 'False'
[0.401s] Level 5:colcon.colcon_core.verb:set package 'remote_control_cpp' build argument 'cmake_clean_cache' from command line to 'False'
[0.401s] Level 5:colcon.colcon_core.verb:set package 'remote_control_cpp' build argument 'cmake_clean_first' from command line to 'False'
[0.401s] Level 5:colcon.colcon_core.verb:set package 'remote_control_cpp' build argument 'cmake_force_configure' from command line to 'False'
[0.401s] Level 5:colcon.colcon_core.verb:set package 'remote_control_cpp' build argument 'ament_cmake_args' from command line to 'None'
[0.401s] Level 5:colcon.colcon_core.verb:set package 'remote_control_cpp' build argument 'catkin_cmake_args' from command line to 'None'
[0.401s] Level 5:colcon.colcon_core.verb:set package 'remote_control_cpp' build argument 'catkin_skip_building_tests' from command line to 'False'
[0.401s] DEBUG:colcon.colcon_core.verb:Building package 'remote_control_cpp' with the following arguments: {'ament_cmake_args': None, 'build_base': '/home/rohan/spherebot/build/remote_control_cpp', 'catkin_cmake_args': None, 'catkin_skip_building_tests': False, 'cmake_args': None, 'cmake_clean_cache': False, 'cmake_clean_first': False, 'cmake_force_configure': False, 'cmake_target': None, 'cmake_target_skip_unavailable': False, 'install_base': '/home/rohan/spherebot/install/remote_control_cpp', 'merge_install': False, 'path': '/home/rohan/spherebot/src/remote_control_cpp', 'symlink_install': False, 'test_result_base': None}
[0.401s] INFO:colcon.colcon_core.executor:Executing jobs using 'parallel' executor
[0.403s] DEBUG:colcon.colcon_parallel_executor.executor.parallel:run_until_complete
[0.403s] INFO:colcon.colcon_ros.task.ament_cmake.build:Building ROS package in '/home/rohan/spherebot/src/remote_control_cpp' with build type 'ament_cmake'
[0.403s] INFO:colcon.colcon_cmake.task.cmake.build:Building CMake package in '/home/rohan/spherebot/src/remote_control_cpp'
[0.406s] INFO:colcon.colcon_core.plugin_system:Skipping extension 'colcon_core.shell.bat': Not used on non-Windows systems
[0.406s] INFO:colcon.colcon_core.shell:Skip shell extension 'powershell' for command environment: Not usable outside of PowerShell
[0.406s] DEBUG:colcon.colcon_core.shell:Skip shell extension 'dsv' for command environment
[0.426s] DEBUG:colcon.colcon_core.event_handler.log_command:Invoking command in '/home/rohan/spherebot/build/remote_control_cpp': AMENT_PREFIX_PATH=/home/rohan/spherebot/install/control_lib:/home/rohan/spherebot/install/i2c_lib:${AMENT_PREFIX_PATH} CMAKE_PREFIX_PATH=/home/rohan/spherebot/install/control_lib:/home/rohan/spherebot/install/i2c_lib:/opt/ros/jazzy/opt/gz_math_vendor:/opt/ros/jazzy/opt/gz_utils_vendor:/opt/ros/jazzy/opt/gz_cmake_vendor:/opt/ros/jazzy DEBUGINFOD_URLS=https://debuginfod.ubuntu.com LD_LIBRARY_PATH=/home/rohan/spherebot/install/control_lib/lib:/home/rohan/spherebot/install/i2c_lib/lib:${LD_LIBRARY_PATH} /usr/bin/cmake --build /home/rohan/spherebot/build/remote_control_cpp -- -j4 -l4
[25.031s] DEBUG:colcon.colcon_core.event_handler.log_command:Invoked command in '/home/rohan/spherebot/build/remote_control_cpp' returned '0': AMENT_PREFIX_PATH=/home/rohan/spherebot/install/control_lib:/home/rohan/spherebot/install/i2c_lib:${AMENT_PREFIX_PATH} CMAKE_PREFIX_PATH=/home/rohan/spherebot/install/control_lib:/home/rohan/spherebot/install/i2c_lib:/opt/ros/jazzy/opt/gz_math_vendor:/opt/ros/jazzy/opt/gz_utils_vendor:/opt/ros/jazzy/opt/gz_cmake_vendor:/opt/ros/jazzy DEBUGINFOD_URLS=https://debuginfod.ubuntu.com LD_LIBRARY_PATH=/home/rohan/spherebot/install/control_lib/lib:/home/rohan/spherebot/install/i2c_lib/lib:${LD_LIBRARY_PATH} /usr/bin/cmake --build /home/rohan/spherebot/build/remote_control_cpp -- -j4 -l4
[25.083s] DEBUG:colcon.colcon_core.event_handler.log_command:Invoking command in '/home/rohan/spherebot/build/remote_control_cpp': AMENT_PREFIX_PATH=/home/rohan/spherebot/install/control_lib:/home/rohan/spherebot/install/i2c_lib:${AMENT_PREFIX_PATH} CMAKE_PREFIX_PATH=/home/rohan/spherebot/install/control_lib:/home/rohan/spherebot/install/i2c_lib:/opt/ros/jazzy/opt/gz_math_vendor:/opt/ros/jazzy/opt/gz_utils_vendor:/opt/ros/jazzy/opt/gz_cmake_vendor:/opt/ros/jazzy DEBUGINFOD_URLS=https://debuginfod.ubuntu.com LD_LIBRARY_PATH=/home/rohan/spherebot/install/control_lib/lib:/home/rohan/spherebot/install/i2c_lib/lib:${LD_LIBRARY_PATH} /usr/bin/cmake --install /home/rohan/spherebot/build/remote_control_cpp
[25.129s] Level 1:colcon.colcon_core.environment:create_environment_scripts_only(remote_control_cpp)
[25.130s] DEBUG:colcon.colcon_core.event_handler.log_command:Invoked command in '/home/rohan/spherebot/build/remote_control_cpp' returned '0': AMENT_PREFIX_PATH=/home/rohan/spherebot/install/control_lib:/home/rohan/spherebot/install/i2c_lib:${AMENT_PREFIX_PATH} CMAKE_PREFIX_PATH=/home/rohan/spherebot/install/control_lib:/home/rohan/spherebot/install/i2c_lib:/opt/ros/jazzy/opt/gz_math_vendor:/opt/ros/jazzy/opt/gz_utils_vendor:/opt/ros/jazzy/opt/gz_cmake_vendor:/opt/ros/jazzy DEBUGINFOD_URLS=https://debuginfod.ubuntu.com LD_LIBRARY_PATH=/home/rohan/spherebot/install/control_lib/lib:/home/rohan/spherebot/install/i2c_lib/lib:${LD_LIBRARY_PATH} /usr/bin/cmake --install /home/rohan/spherebot/build/remote_control_cpp
[25.133s] Level 1:colcon.colcon_core.environment:checking '/home/rohan/spherebot/install/remote_control_cpp' for CMake module files
[25.133s] Level 1:colcon.colcon_core.environment:checking '/home/rohan/spherebot/install/remote_control_cpp' for CMake config files
[25.134s] Level 1:colcon.colcon_core.shell:create_environment_hook('remote_control_cpp', 'cmake_prefix_path')
[25.134s] INFO:colcon.colcon_core.shell:Creating environment hook '/home/rohan/spherebot/install/remote_control_cpp/share/remote_control_cpp/hook/cmake_prefix_path.ps1'
[25.135s] INFO:colcon.colcon_core.shell:Creating environment descriptor '/home/rohan/spherebot/install/remote_control_cpp/share/remote_control_cpp/hook/cmake_prefix_path.dsv'
[25.136s] INFO:colcon.colcon_core.shell:Creating environment hook '/home/rohan/spherebot/install/remote_control_cpp/share/remote_control_cpp/hook/cmake_prefix_path.sh'
[25.137s] Level 1:colcon.colcon_core.environment:checking '/home/rohan/spherebot/install/remote_control_cpp/lib'
[25.137s] Level 1:colcon.colcon_core.environment:checking '/home/rohan/spherebot/install/remote_control_cpp/bin'
[25.137s] Level 1:colcon.colcon_core.environment:checking '/home/rohan/spherebot/install/remote_control_cpp/lib/pkgconfig/remote_control_cpp.pc'
[25.137s] Level 1:colcon.colcon_core.environment:checking '/home/rohan/spherebot/install/remote_control_cpp/lib/python3.12/site-packages'
[25.138s] Level 1:colcon.colcon_core.environment:checking '/home/rohan/spherebot/install/remote_control_cpp/bin'
[25.138s] INFO:colcon.colcon_core.shell:Creating package script '/home/rohan/spherebot/install/remote_control_cpp/share/remote_control_cpp/package.ps1'
[25.139s] INFO:colcon.colcon_core.shell:Creating package descriptor '/home/rohan/spherebot/install/remote_control_cpp/share/remote_control_cpp/package.dsv'
[25.140s] INFO:colcon.colcon_core.shell:Creating package script '/home/rohan/spherebot/install/remote_control_cpp/share/remote_control_cpp/package.sh'
[25.140s] INFO:colcon.colcon_core.shell:Creating package script '/home/rohan/spherebot/install/remote_control_cpp/share/remote_control_cpp/package.bash'
[25.143s] INFO:colcon.colcon_core.shell:Creating package script '/home/rohan/spherebot/install/remote_control_cpp/share/remote_control_cpp/package.zsh'
[25.144s] Level 1:colcon.colcon_core.environment:create_file_with_runtime_dependencies(/home/rohan/spherebot/install/remote_control_cpp/share/colcon-core/packages/remote_control_cpp)
[25.184s] Level 1:colcon.colcon_core.environment:create_environment_scripts_only(remote_control_cpp)
[25.184s] Level 1:colcon.colcon_core.environment:checking '/home/rohan/spherebot/install/remote_control_cpp' for CMake module files
[25.185s] Level 1:colcon.colcon_core.environment:checking '/home/rohan/spherebot/install/remote_control_cpp' for CMake config files
[25.186s] Level 1:colcon.colcon_core.shell:create_environment_hook('remote_control_cpp', 'cmake_prefix_path')
[25.186s] INFO:colcon.colcon_core.shell:Creating environment hook '/home/rohan/spherebot/install/remote_control_cpp/share/remote_control_cpp/hook/cmake_prefix_path.ps1'
[25.186s] INFO:colcon.colcon_core.shell:Creating environment descriptor '/home/rohan/spherebot/install/remote_control_cpp/share/remote_control_cpp/hook/cmake_prefix_path.dsv'
[25.187s] INFO:colcon.colcon_core.shell:Creating environment hook '/home/rohan/spherebot/install/remote_control_cpp/share/remote_control_cpp/hook/cmake_prefix_path.sh'
[25.189s] Level 1:colcon.colcon_core.environment:checking '/home/rohan/spherebot/install/remote_control_cpp/lib'
[25.189s] Level 1:colcon.colcon_core.environment:checking '/home/rohan/spherebot/install/remote_control_cpp/bin'
[25.189s] Level 1:colcon.colcon_core.environment:checking '/home/rohan/spherebot/install/remote_control_cpp/lib/pkgconfig/remote_control_cpp.pc'
[25.189s] Level 1:colcon.colcon_core.environment:checking '/home/rohan/spherebot/install/remote_control_cpp/lib/python3.12/site-packages'
[25.189s] Level 1:colcon.colcon_core.environment:checking '/home/rohan/spherebot/install/remote_control_cpp/bin'
[25.190s] INFO:colcon.colcon_core.shell:Creating package script '/home/rohan/spherebot/install/remote_control_cpp/share/remote_control_cpp/package.ps1'
[25.191s] INFO:colcon.colcon_core.shell:Creating package descriptor '/home/rohan/spherebot/install/remote_control_cpp/share/remote_control_cpp/package.dsv'
[25.191s] INFO:colcon.colcon_core.shell:Creating package script '/home/rohan/spherebot/install/remote_control_cpp/share/remote_control_cpp/package.sh'
[25.192s] INFO:colcon.colcon_core.shell:Creating package script '/home/rohan/spherebot/install/remote_control_cpp/share/remote_control_cpp/package.bash'
[25.193s] INFO:colcon.colcon_core.shell:Creating package script '/home/rohan/spherebot/install/remote_control_cpp/share/remote_control_cpp/package.zsh'
[25.194s] Level 1:colcon.colcon_core.environment:create_file_with_runtime_dependencies(/home/rohan/spherebot/install/remote_control_cpp/share/colcon-core/packages/remote_control_cpp)
[25.195s] DEBUG:colcon.colcon_parallel_executor.executor.parallel:closing loop
[25.195s] DEBUG:colcon.colcon_parallel_executor.executor.parallel:loop closed
[25.196s] DEBUG:colcon.colcon_parallel_executor.executor.parallel:run_until_complete finished with '0'
[25.196s] DEBUG:colcon.colcon_core.event_reactor:joining thread
[25.204s] INFO:colcon.colcon_core.plugin_system:Skipping extension 'colcon_notification.desktop_notification.terminal_notifier': Not used on non-Darwin systems
[25.204s] INFO:colcon.colcon_core.plugin_system:Skipping extension 'colcon_notification.desktop_notification.win32': Not used on non-Windows systems
[25.204s] INFO:colcon.colcon_notification.desktop_notification:Sending desktop notification using 'notify2'
[25.205s] DEBUG:colcon.colcon_notification.desktop_notification.notify2:Failed to initialize notify2: org.freedesktop.DBus.Error.ServiceUnknown: The name org.freedesktop.Notifications was not provided by any .service files
[25.206s] DEBUG:colcon.colcon_core.event_reactor:joined thread
[25.206s] INFO:colcon.colcon_core.shell:Creating prefix script '/home/rohan/spherebot/install/local_setup.ps1'
[25.207s] INFO:colcon.colcon_core.shell:Creating prefix util module '/home/rohan/spherebot/install/_local_setup_util_ps1.py'
[25.210s] INFO:colcon.colcon_core.shell:Creating prefix chain script '/home/rohan/spherebot/install/setup.ps1'
[25.212s] INFO:colcon.colcon_core.shell:Creating prefix script '/home/rohan/spherebot/install/local_setup.sh'
[25.213s] INFO:colcon.colcon_core.shell:Creating prefix util module '/home/rohan/spherebot/install/_local_setup_util_sh.py'
[25.215s] INFO:colcon.colcon_core.shell:Creating prefix chain script '/home/rohan/spherebot/install/setup.sh'
[25.218s] INFO:colcon.colcon_core.shell:Creating prefix script '/home/rohan/spherebot/install/local_setup.bash'
[25.219s] INFO:colcon.colcon_core.shell:Creating prefix chain script '/home/rohan/spherebot/install/setup.bash'
[25.221s] INFO:colcon.colcon_core.shell:Creating prefix script '/home/rohan/spherebot/install/local_setup.zsh'
[25.222s] INFO:colcon.colcon_core.shell:Creating prefix chain script '/home/rohan/spherebot/install/setup.zsh'
