[0.020s] Invoking command in '/home/rohan/spherebot/build/remote_control_cpp': AMENT_PREFIX_PATH=/home/rohan/spherebot/install/control_lib:/home/rohan/spherebot/install/i2c_lib:${AMENT_PREFIX_PATH} CMAKE_PREFIX_PATH=/home/rohan/spherebot/install/control_lib:/home/rohan/spherebot/install/i2c_lib:/opt/ros/jazzy/opt/gz_math_vendor:/opt/ros/jazzy/opt/gz_utils_vendor:/opt/ros/jazzy/opt/gz_cmake_vendor:/opt/ros/jazzy DEBUGINFOD_URLS=https://debuginfod.ubuntu.com LD_LIBRARY_PATH=/home/rohan/spherebot/install/control_lib/lib:/home/rohan/spherebot/install/i2c_lib/lib:${LD_LIBRARY_PATH} /usr/bin/cmake --build /home/rohan/spherebot/build/remote_control_cpp -- -j4 -l4
[0.131s] [ 50%] [32mBuilding CXX object CMakeFiles/remote_control_node.dir/src/remote_control_node.cpp.o[0m
[28.102s] [100%] [32m[1mLinking CXX executable remote_control_node[0m
[30.089s] [100%] Built target remote_control_node
[30.109s] Invoked command in '/home/rohan/spherebot/build/remote_control_cpp' returned '0': AMENT_PREFIX_PATH=/home/rohan/spherebot/install/control_lib:/home/rohan/spherebot/install/i2c_lib:${AMENT_PREFIX_PATH} CMAKE_PREFIX_PATH=/home/rohan/spherebot/install/control_lib:/home/rohan/spherebot/install/i2c_lib:/opt/ros/jazzy/opt/gz_math_vendor:/opt/ros/jazzy/opt/gz_utils_vendor:/opt/ros/jazzy/opt/gz_cmake_vendor:/opt/ros/jazzy DEBUGINFOD_URLS=https://debuginfod.ubuntu.com LD_LIBRARY_PATH=/home/rohan/spherebot/install/control_lib/lib:/home/rohan/spherebot/install/i2c_lib/lib:${LD_LIBRARY_PATH} /usr/bin/cmake --build /home/rohan/spherebot/build/remote_control_cpp -- -j4 -l4
[30.164s] Invoking command in '/home/rohan/spherebot/build/remote_control_cpp': AMENT_PREFIX_PATH=/home/rohan/spherebot/install/control_lib:/home/rohan/spherebot/install/i2c_lib:${AMENT_PREFIX_PATH} CMAKE_PREFIX_PATH=/home/rohan/spherebot/install/control_lib:/home/rohan/spherebot/install/i2c_lib:/opt/ros/jazzy/opt/gz_math_vendor:/opt/ros/jazzy/opt/gz_utils_vendor:/opt/ros/jazzy/opt/gz_cmake_vendor:/opt/ros/jazzy DEBUGINFOD_URLS=https://debuginfod.ubuntu.com LD_LIBRARY_PATH=/home/rohan/spherebot/install/control_lib/lib:/home/rohan/spherebot/install/i2c_lib/lib:${LD_LIBRARY_PATH} /usr/bin/cmake --install /home/rohan/spherebot/build/remote_control_cpp
[30.178s] -- Install configuration: ""
[30.178s] -- Installing: /home/rohan/spherebot/install/remote_control_cpp/lib/remote_control_cpp/remote_control_node
[30.225s] -- Set non-toolchain portion of runtime path of "/home/rohan/spherebot/install/remote_control_cpp/lib/remote_control_cpp/remote_control_node" to ""
[30.225s] -- Up-to-date: /home/rohan/spherebot/install/remote_control_cpp/share/remote_control_cpp//launch
[30.225s] -- Up-to-date: /home/rohan/spherebot/install/remote_control_cpp/share/remote_control_cpp//launch/remote_control_launch.py
[30.226s] -- Up-to-date: /home/rohan/spherebot/install/remote_control_cpp/share/ament_index/resource_index/package_run_dependencies/remote_control_cpp
[30.226s] -- Up-to-date: /home/rohan/spherebot/install/remote_control_cpp/share/ament_index/resource_index/parent_prefix_path/remote_control_cpp
[30.226s] -- Up-to-date: /home/rohan/spherebot/install/remote_control_cpp/share/remote_control_cpp/environment/ament_prefix_path.sh
[30.226s] -- Up-to-date: /home/rohan/spherebot/install/remote_control_cpp/share/remote_control_cpp/environment/ament_prefix_path.dsv
[30.226s] -- Up-to-date: /home/rohan/spherebot/install/remote_control_cpp/share/remote_control_cpp/environment/path.sh
[30.226s] -- Up-to-date: /home/rohan/spherebot/install/remote_control_cpp/share/remote_control_cpp/environment/path.dsv
[30.226s] -- Up-to-date: /home/rohan/spherebot/install/remote_control_cpp/share/remote_control_cpp/local_setup.bash
[30.226s] -- Up-to-date: /home/rohan/spherebot/install/remote_control_cpp/share/remote_control_cpp/local_setup.sh
[30.226s] -- Up-to-date: /home/rohan/spherebot/install/remote_control_cpp/share/remote_control_cpp/local_setup.zsh
[30.227s] -- Up-to-date: /home/rohan/spherebot/install/remote_control_cpp/share/remote_control_cpp/local_setup.dsv
[30.227s] -- Installing: /home/rohan/spherebot/install/remote_control_cpp/share/remote_control_cpp/package.dsv
[30.227s] -- Up-to-date: /home/rohan/spherebot/install/remote_control_cpp/share/ament_index/resource_index/packages/remote_control_cpp
[30.227s] -- Up-to-date: /home/rohan/spherebot/install/remote_control_cpp/share/remote_control_cpp/cmake/remote_control_cppConfig.cmake
[30.227s] -- Up-to-date: /home/rohan/spherebot/install/remote_control_cpp/share/remote_control_cpp/cmake/remote_control_cppConfig-version.cmake
[30.227s] -- Up-to-date: /home/rohan/spherebot/install/remote_control_cpp/share/remote_control_cpp/package.xml
[30.229s] Invoked command in '/home/rohan/spherebot/build/remote_control_cpp' returned '0': AMENT_PREFIX_PATH=/home/rohan/spherebot/install/control_lib:/home/rohan/spherebot/install/i2c_lib:${AMENT_PREFIX_PATH} CMAKE_PREFIX_PATH=/home/rohan/spherebot/install/control_lib:/home/rohan/spherebot/install/i2c_lib:/opt/ros/jazzy/opt/gz_math_vendor:/opt/ros/jazzy/opt/gz_utils_vendor:/opt/ros/jazzy/opt/gz_cmake_vendor:/opt/ros/jazzy DEBUGINFOD_URLS=https://debuginfod.ubuntu.com LD_LIBRARY_PATH=/home/rohan/spherebot/install/control_lib/lib:/home/rohan/spherebot/install/i2c_lib/lib:${LD_LIBRARY_PATH} /usr/bin/cmake --install /home/rohan/spherebot/build/remote_control_cpp
