[0.018s] Invoking command in '/home/rohan/spherebot/build/control_lib': CMAKE_PREFIX_PATH=/home/rohan/spherebot/install/i2c_lib:/home/rohan/spherebot/install/remote_control_cpp:/home/rohan/spherebot/install/motor_control:/home/rohan/spherebot/install/joystick_reader:/home/rohan/spherebot/install/gps_read_cpp:/home/rohan/spherebot/install/dfr_10_dof_pkg:/home/rohan/spherebot/install/control_lib:/opt/ros/jazzy/opt/gz_math_vendor:/opt/ros/jazzy/opt/gz_utils_vendor:/opt/ros/jazzy/opt/gz_cmake_vendor:/home/rohan/spherebot/install/data_logger_pkg:/opt/ros/jazzy DEBUGINFOD_URLS=https://debuginfod.ubuntu.com /usr/bin/cmake --build /home/rohan/spherebot/build/control_lib -- -j4 -l4
[0.064s] -- Found ament_cmake: 2.5.2 (/opt/ros/jazzy/share/ament_cmake/cmake)
[0.421s] -- Found rclcpp: 28.1.3 (/opt/ros/jazzy/share/rclcpp/cmake)
[0.456s] -- Found rosidl_generator_c: 4.6.3 (/opt/ros/jazzy/share/rosidl_generator_c/cmake)
[0.469s] -- Found rosidl_generator_cpp: 4.6.3 (/opt/ros/jazzy/share/rosidl_generator_cpp/cmake)
[0.485s] -- Using all available rosidl_typesupport_c: rosidl_typesupport_fastrtps_c;rosidl_typesupport_introspection_c
[0.504s] -- Using all available rosidl_typesupport_cpp: rosidl_typesupport_fastrtps_cpp;rosidl_typesupport_introspection_cpp
[0.585s] -- Found rmw_implementation_cmake: 7.3.1 (/opt/ros/jazzy/share/rmw_implementation_cmake/cmake)
[0.587s] -- Found rmw_fastrtps_cpp: 8.4.1 (/opt/ros/jazzy/share/rmw_fastrtps_cpp/cmake)
[0.682s] -- Using RMW implementation 'rmw_fastrtps_cpp' as default
[0.768s] -- Found sensor_msgs: 5.3.5 (/opt/ros/jazzy/share/sensor_msgs/cmake)
[0.843s] -- Found i2c_lib: 0.0.1 (/home/rohan/spherebot/install/i2c_lib/share/i2c_lib/cmake)
[1.027s] -- Configuring done (1.0s)
[1.064s] -- Generating done (0.0s)
[1.075s] -- Build files have been written to: /home/rohan/spherebot/build/control_lib
[1.152s] [ 14%] [32mBuilding CXX object CMakeFiles/control_interfaces.dir/src/LowPassFilter.cpp.o[0m
[1.546s] [ 28%] [32m[1mLinking CXX static library libcontrol_interfaces.a[0m
[1.632s] [100%] Built target control_interfaces
[1.652s] Invoked command in '/home/rohan/spherebot/build/control_lib' returned '0': CMAKE_PREFIX_PATH=/home/rohan/spherebot/install/i2c_lib:/home/rohan/spherebot/install/remote_control_cpp:/home/rohan/spherebot/install/motor_control:/home/rohan/spherebot/install/joystick_reader:/home/rohan/spherebot/install/gps_read_cpp:/home/rohan/spherebot/install/dfr_10_dof_pkg:/home/rohan/spherebot/install/control_lib:/opt/ros/jazzy/opt/gz_math_vendor:/opt/ros/jazzy/opt/gz_utils_vendor:/opt/ros/jazzy/opt/gz_cmake_vendor:/home/rohan/spherebot/install/data_logger_pkg:/opt/ros/jazzy DEBUGINFOD_URLS=https://debuginfod.ubuntu.com /usr/bin/cmake --build /home/rohan/spherebot/build/control_lib -- -j4 -l4
[1.724s] Invoking command in '/home/rohan/spherebot/build/control_lib': CMAKE_PREFIX_PATH=/home/rohan/spherebot/install/i2c_lib:/home/rohan/spherebot/install/remote_control_cpp:/home/rohan/spherebot/install/motor_control:/home/rohan/spherebot/install/joystick_reader:/home/rohan/spherebot/install/gps_read_cpp:/home/rohan/spherebot/install/dfr_10_dof_pkg:/home/rohan/spherebot/install/control_lib:/opt/ros/jazzy/opt/gz_math_vendor:/opt/ros/jazzy/opt/gz_utils_vendor:/opt/ros/jazzy/opt/gz_cmake_vendor:/home/rohan/spherebot/install/data_logger_pkg:/opt/ros/jazzy DEBUGINFOD_URLS=https://debuginfod.ubuntu.com /usr/bin/cmake --install /home/rohan/spherebot/build/control_lib
[1.738s] -- Install configuration: ""
[1.738s] -- Installing: /home/rohan/spherebot/install/control_lib/lib/libcontrol_interfaces.a
[1.738s] -- Up-to-date: /home/rohan/spherebot/install/control_lib/include/
[1.739s] -- Up-to-date: /home/rohan/spherebot/install/control_lib/include//control_lib
[1.739s] -- Up-to-date: /home/rohan/spherebot/install/control_lib/include//control_lib/stanleyControl.hpp
[1.739s] -- Up-to-date: /home/rohan/spherebot/install/control_lib/include//control_lib/kinematic_transforms.hpp
[1.739s] -- Up-to-date: /home/rohan/spherebot/install/control_lib/include//control_lib/geodeticConverter.hpp
[1.739s] -- Up-to-date: /home/rohan/spherebot/install/control_lib/include//control_lib/auxilary_arduino.hpp
[1.740s] -- Installing: /home/rohan/spherebot/install/control_lib/include//control_lib/LowPassFilter.hpp
[1.740s] -- Up-to-date: /home/rohan/spherebot/install/control_lib/include//control_lib/PID_controller.hpp
[1.740s] -- Up-to-date: /home/rohan/spherebot/install/control_lib/share/control_lib/environment/library_path.sh
[1.740s] -- Up-to-date: /home/rohan/spherebot/install/control_lib/share/control_lib/environment/library_path.dsv
[1.740s] -- Up-to-date: /home/rohan/spherebot/install/control_lib/share/ament_index/resource_index/package_run_dependencies/control_lib
[1.740s] -- Installing: /home/rohan/spherebot/install/control_lib/share/ament_index/resource_index/parent_prefix_path/control_lib
[1.740s] -- Up-to-date: /home/rohan/spherebot/install/control_lib/share/control_lib/environment/ament_prefix_path.sh
[1.740s] -- Up-to-date: /home/rohan/spherebot/install/control_lib/share/control_lib/environment/ament_prefix_path.dsv
[1.741s] -- Up-to-date: /home/rohan/spherebot/install/control_lib/share/control_lib/environment/path.sh
[1.741s] -- Up-to-date: /home/rohan/spherebot/install/control_lib/share/control_lib/environment/path.dsv
[1.741s] -- Up-to-date: /home/rohan/spherebot/install/control_lib/share/control_lib/local_setup.bash
[1.741s] -- Up-to-date: /home/rohan/spherebot/install/control_lib/share/control_lib/local_setup.sh
[1.741s] -- Up-to-date: /home/rohan/spherebot/install/control_lib/share/control_lib/local_setup.zsh
[1.741s] -- Up-to-date: /home/rohan/spherebot/install/control_lib/share/control_lib/local_setup.dsv
[1.741s] -- Installing: /home/rohan/spherebot/install/control_lib/share/control_lib/package.dsv
[1.741s] -- Up-to-date: /home/rohan/spherebot/install/control_lib/share/ament_index/resource_index/packages/control_lib
[1.741s] -- Up-to-date: /home/rohan/spherebot/install/control_lib/share/control_lib/cmake/export_control_libExport.cmake
[1.741s] -- Up-to-date: /home/rohan/spherebot/install/control_lib/share/control_lib/cmake/export_control_libExport-noconfig.cmake
[1.742s] -- Up-to-date: /home/rohan/spherebot/install/control_lib/share/control_lib/cmake/ament_cmake_export_targets-extras.cmake
[1.742s] -- Up-to-date: /home/rohan/spherebot/install/control_lib/share/control_lib/cmake/ament_cmake_export_libraries-extras.cmake
[1.742s] -- Up-to-date: /home/rohan/spherebot/install/control_lib/share/control_lib/cmake/control_libConfig.cmake
[1.742s] -- Up-to-date: /home/rohan/spherebot/install/control_lib/share/control_lib/cmake/control_libConfig-version.cmake
[1.743s] -- Up-to-date: /home/rohan/spherebot/install/control_lib/share/control_lib/package.xml
[1.746s] Invoked command in '/home/rohan/spherebot/build/control_lib' returned '0': CMAKE_PREFIX_PATH=/home/rohan/spherebot/install/i2c_lib:/home/rohan/spherebot/install/remote_control_cpp:/home/rohan/spherebot/install/motor_control:/home/rohan/spherebot/install/joystick_reader:/home/rohan/spherebot/install/gps_read_cpp:/home/rohan/spherebot/install/dfr_10_dof_pkg:/home/rohan/spherebot/install/control_lib:/opt/ros/jazzy/opt/gz_math_vendor:/opt/ros/jazzy/opt/gz_utils_vendor:/opt/ros/jazzy/opt/gz_cmake_vendor:/home/rohan/spherebot/install/data_logger_pkg:/opt/ros/jazzy DEBUGINFOD_URLS=https://debuginfod.ubuntu.com /usr/bin/cmake --install /home/rohan/spherebot/build/control_lib
