[0.023s] Invoking command in '/home/rohan/spherebot/build/motor_control': CMAKE_PREFIX_PATH=/home/rohan/spherebot/install/control_lib:/home/rohan/spherebot/install/i2c_lib:/home/rohan/spherebot/install/remote_control_cpp:/home/rohan/spherebot/install/motor_control:/home/rohan/spherebot/install/joystick_reader:/home/rohan/spherebot/install/gps_read_cpp:/home/rohan/spherebot/install/dfr_10_dof_pkg:/opt/ros/jazzy/opt/gz_math_vendor:/opt/ros/jazzy/opt/gz_utils_vendor:/opt/ros/jazzy/opt/gz_cmake_vendor:/home/rohan/spherebot/install/data_logger_pkg:/opt/ros/jazzy DEBUGINFOD_URLS=https://debuginfod.ubuntu.com /usr/bin/cmake --build /home/rohan/spherebot/build/motor_control -- -j4 -l4
[0.141s] [ 33%] [32mBuilding CXX object CMakeFiles/motor_control_node.dir/src/motor_control_node.cpp.o[0m
[10.697s] [01m[K/home/rohan/spherebot/src/motor_control/src/motor_control_node.cpp:[m[K In member function ‘[01m[Kvoid MotorControlNode::[01;32m[KcontrolLoop[m[K()[m[K’:
[10.697s] [01m[K/home/rohan/spherebot/src/motor_control/src/motor_control_node.cpp:89:99:[m[K [01;36m[Knote: [m[Kparameter passing for argument of type ‘[01m[Kstd::pair<float, float>[m[K’ when C++17 is enabled changed to match C++14 ]8;;https://gcc.gnu.org/gcc-10/changes.html#empty_basein GCC 10.1]8;;
[10.697s]    89 |     std::pair<float, float> jointVariableVelocity = computeJointVariables(alphadot_ref_, udot_ref_[01;36m[K)[m[K;
[10.697s]       |                                                                                                   [01;36m[K^[m[K
[20.829s] [ 66%] [32m[1mLinking CXX executable motor_control_node[0m
[22.275s] [100%] Built target motor_control_node
[22.296s] Invoked command in '/home/rohan/spherebot/build/motor_control' returned '0': CMAKE_PREFIX_PATH=/home/rohan/spherebot/install/control_lib:/home/rohan/spherebot/install/i2c_lib:/home/rohan/spherebot/install/remote_control_cpp:/home/rohan/spherebot/install/motor_control:/home/rohan/spherebot/install/joystick_reader:/home/rohan/spherebot/install/gps_read_cpp:/home/rohan/spherebot/install/dfr_10_dof_pkg:/opt/ros/jazzy/opt/gz_math_vendor:/opt/ros/jazzy/opt/gz_utils_vendor:/opt/ros/jazzy/opt/gz_cmake_vendor:/home/rohan/spherebot/install/data_logger_pkg:/opt/ros/jazzy DEBUGINFOD_URLS=https://debuginfod.ubuntu.com /usr/bin/cmake --build /home/rohan/spherebot/build/motor_control -- -j4 -l4
[22.357s] Invoking command in '/home/rohan/spherebot/build/motor_control': CMAKE_PREFIX_PATH=/home/rohan/spherebot/install/control_lib:/home/rohan/spherebot/install/i2c_lib:/home/rohan/spherebot/install/remote_control_cpp:/home/rohan/spherebot/install/motor_control:/home/rohan/spherebot/install/joystick_reader:/home/rohan/spherebot/install/gps_read_cpp:/home/rohan/spherebot/install/dfr_10_dof_pkg:/opt/ros/jazzy/opt/gz_math_vendor:/opt/ros/jazzy/opt/gz_utils_vendor:/opt/ros/jazzy/opt/gz_cmake_vendor:/home/rohan/spherebot/install/data_logger_pkg:/opt/ros/jazzy DEBUGINFOD_URLS=https://debuginfod.ubuntu.com /usr/bin/cmake --install /home/rohan/spherebot/build/motor_control
[22.374s] -- Install configuration: ""
[22.374s] -- Installing: /home/rohan/spherebot/install/motor_control/lib/motor_control/motor_control_node
[22.396s] -- Set non-toolchain portion of runtime path of "/home/rohan/spherebot/install/motor_control/lib/motor_control/motor_control_node" to ""
[22.396s] -- Up-to-date: /home/rohan/spherebot/install/motor_control/share/ament_index/resource_index/package_run_dependencies/motor_control
[22.396s] -- Up-to-date: /home/rohan/spherebot/install/motor_control/share/ament_index/resource_index/parent_prefix_path/motor_control
[22.396s] -- Up-to-date: /home/rohan/spherebot/install/motor_control/share/motor_control/environment/ament_prefix_path.sh
[22.396s] -- Up-to-date: /home/rohan/spherebot/install/motor_control/share/motor_control/environment/ament_prefix_path.dsv
[22.396s] -- Up-to-date: /home/rohan/spherebot/install/motor_control/share/motor_control/environment/path.sh
[22.396s] -- Up-to-date: /home/rohan/spherebot/install/motor_control/share/motor_control/environment/path.dsv
[22.396s] -- Up-to-date: /home/rohan/spherebot/install/motor_control/share/motor_control/local_setup.bash
[22.397s] -- Up-to-date: /home/rohan/spherebot/install/motor_control/share/motor_control/local_setup.sh
[22.397s] -- Up-to-date: /home/rohan/spherebot/install/motor_control/share/motor_control/local_setup.zsh
[22.397s] -- Up-to-date: /home/rohan/spherebot/install/motor_control/share/motor_control/local_setup.dsv
[22.397s] -- Installing: /home/rohan/spherebot/install/motor_control/share/motor_control/package.dsv
[22.397s] -- Up-to-date: /home/rohan/spherebot/install/motor_control/share/ament_index/resource_index/packages/motor_control
[22.397s] -- Up-to-date: /home/rohan/spherebot/install/motor_control/share/motor_control/cmake/motor_controlConfig.cmake
[22.397s] -- Up-to-date: /home/rohan/spherebot/install/motor_control/share/motor_control/cmake/motor_controlConfig-version.cmake
[22.397s] -- Up-to-date: /home/rohan/spherebot/install/motor_control/share/motor_control/package.xml
[22.400s] Invoked command in '/home/rohan/spherebot/build/motor_control' returned '0': CMAKE_PREFIX_PATH=/home/rohan/spherebot/install/control_lib:/home/rohan/spherebot/install/i2c_lib:/home/rohan/spherebot/install/remote_control_cpp:/home/rohan/spherebot/install/motor_control:/home/rohan/spherebot/install/joystick_reader:/home/rohan/spherebot/install/gps_read_cpp:/home/rohan/spherebot/install/dfr_10_dof_pkg:/opt/ros/jazzy/opt/gz_math_vendor:/opt/ros/jazzy/opt/gz_utils_vendor:/opt/ros/jazzy/opt/gz_cmake_vendor:/home/rohan/spherebot/install/data_logger_pkg:/opt/ros/jazzy DEBUGINFOD_URLS=https://debuginfod.ubuntu.com /usr/bin/cmake --install /home/rohan/spherebot/build/motor_control
