[0.020s] Invoking command in '/home/rohan/spherebot/build/autonomous_control_pid': CMAKE_PREFIX_PATH=/home/rohan/spherebot/install/control_lib:/home/rohan/spherebot/install/i2c_lib:/home/rohan/spherebot/install/remote_control_cpp:/home/rohan/spherebot/install/motor_control:/home/rohan/spherebot/install/joystick_reader:/home/rohan/spherebot/install/gps_read_cpp:/home/rohan/spherebot/install/dfr_10_dof_pkg:/opt/ros/jazzy/opt/gz_math_vendor:/opt/ros/jazzy/opt/gz_utils_vendor:/opt/ros/jazzy/opt/gz_cmake_vendor:/home/rohan/spherebot/install/data_logger_pkg:/opt/ros/jazzy DEBUGINFOD_URLS=https://debuginfod.ubuntu.com /usr/bin/cmake /home/rohan/spherebot/src/autonomous_control_pid -DCMAKE_INSTALL_PREFIX=/home/rohan/spherebot/install/autonomous_control_pid
[0.461s] -- The C compiler identification is GNU 13.2.0
[0.574s] -- The CXX compiler identification is GNU 13.2.0
[0.610s] -- Detecting C compiler ABI info
[0.784s] -- Detecting C compiler ABI info - done
[0.800s] -- Check for working C compiler: /usr/bin/cc - skipped
[0.801s] -- Detecting C compile features
[0.802s] -- Detecting C compile features - done
[0.819s] -- Detecting CXX compiler ABI info
[1.002s] -- Detecting CXX compiler ABI info - done
[1.018s] -- Check for working CXX compiler: /usr/bin/c++ - skipped
[1.019s] -- Detecting CXX compile features
[1.019s] -- Detecting CXX compile features - done
[1.030s] -- Found ament_cmake: 2.5.2 (/opt/ros/jazzy/share/ament_cmake/cmake)
[1.268s] -- Found Python3: /usr/bin/python3 (found version "3.12.3") found components: Interpreter 
[1.494s] -- Found rclcpp: 28.1.3 (/opt/ros/jazzy/share/rclcpp/cmake)
[1.592s] -- Found rosidl_generator_c: 4.6.3 (/opt/ros/jazzy/share/rosidl_generator_c/cmake)
[1.625s] -- Found rosidl_generator_cpp: 4.6.3 (/opt/ros/jazzy/share/rosidl_generator_cpp/cmake)
[1.667s] -- Using all available rosidl_typesupport_c: rosidl_typesupport_fastrtps_c;rosidl_typesupport_introspection_c
[1.709s] -- Using all available rosidl_typesupport_cpp: rosidl_typesupport_fastrtps_cpp;rosidl_typesupport_introspection_cpp
[1.877s] -- Found rmw_implementation_cmake: 7.3.1 (/opt/ros/jazzy/share/rmw_implementation_cmake/cmake)
[1.886s] -- Found rmw_fastrtps_cpp: 8.4.1 (/opt/ros/jazzy/share/rmw_fastrtps_cpp/cmake)
[2.072s] -- Found OpenSSL: /usr/lib/aarch64-linux-gnu/libcrypto.so (found version "3.0.13")  
[2.102s] -- Found FastRTPS: /opt/ros/jazzy/include (Required is at least version "2.13") 
[2.140s] -- Using RMW implementation 'rmw_fastrtps_cpp' as default
[2.290s] -- Found sensor_msgs: 5.3.5 (/opt/ros/jazzy/share/sensor_msgs/cmake)
[2.403s] -- Found i2c_lib: 0.0.1 (/home/rohan/spherebot/install/i2c_lib/share/i2c_lib/cmake)
[2.408s] -- Found control_lib: 0.0.0 (/home/rohan/spherebot/install/control_lib/share/control_lib/cmake)
[2.414s] -- Found trajectory_msgs: 5.3.5 (/opt/ros/jazzy/share/trajectory_msgs/cmake)
[2.459s] -- Found control_msgs: 5.2.0 (/opt/ros/jazzy/share/control_msgs/cmake)
[2.763s] -- Configuring done (2.7s)
[2.787s] -- Generating done (0.0s)
[2.790s] -- Build files have been written to: /home/rohan/spherebot/build/autonomous_control_pid
[2.810s] Invoked command in '/home/rohan/spherebot/build/autonomous_control_pid' returned '0': CMAKE_PREFIX_PATH=/home/rohan/spherebot/install/control_lib:/home/rohan/spherebot/install/i2c_lib:/home/rohan/spherebot/install/remote_control_cpp:/home/rohan/spherebot/install/motor_control:/home/rohan/spherebot/install/joystick_reader:/home/rohan/spherebot/install/gps_read_cpp:/home/rohan/spherebot/install/dfr_10_dof_pkg:/opt/ros/jazzy/opt/gz_math_vendor:/opt/ros/jazzy/opt/gz_utils_vendor:/opt/ros/jazzy/opt/gz_cmake_vendor:/home/rohan/spherebot/install/data_logger_pkg:/opt/ros/jazzy DEBUGINFOD_URLS=https://debuginfod.ubuntu.com /usr/bin/cmake /home/rohan/spherebot/src/autonomous_control_pid -DCMAKE_INSTALL_PREFIX=/home/rohan/spherebot/install/autonomous_control_pid
[2.812s] Invoking command in '/home/rohan/spherebot/build/autonomous_control_pid': CMAKE_PREFIX_PATH=/home/rohan/spherebot/install/control_lib:/home/rohan/spherebot/install/i2c_lib:/home/rohan/spherebot/install/remote_control_cpp:/home/rohan/spherebot/install/motor_control:/home/rohan/spherebot/install/joystick_reader:/home/rohan/spherebot/install/gps_read_cpp:/home/rohan/spherebot/install/dfr_10_dof_pkg:/opt/ros/jazzy/opt/gz_math_vendor:/opt/ros/jazzy/opt/gz_utils_vendor:/opt/ros/jazzy/opt/gz_cmake_vendor:/home/rohan/spherebot/install/data_logger_pkg:/opt/ros/jazzy DEBUGINFOD_URLS=https://debuginfod.ubuntu.com /usr/bin/cmake --build /home/rohan/spherebot/build/autonomous_control_pid -- -j4 -l4
[2.906s] [ 50%] [32mBuilding CXX object CMakeFiles/autonomous_control_pid_node.dir/src/autonomous_control_pid_node.cpp.o[0m
[2.930s] [01m[K/home/rohan/spherebot/src/autonomous_control_pid/src/autonomous_control_pid_node.cpp:1:10:[m[K [01;31m[Kfatal error: [m[K../include/remote_control_cpp/remote_control_node.hpp: No such file or directory
[2.930s]     1 | #include [01;31m[K"../include/remote_control_cpp/remote_control_node.hpp"[m[K
[2.930s]       |          [01;31m[K^~~~~~~~~~~~~~~~~~~~~~~~~~~~~~~~~~~~~~~~~~~~~~~~~~~~~~~[m[K
[2.930s] compilation terminated.
[2.933s] gmake[2]: *** [CMakeFiles/autonomous_control_pid_node.dir/build.make:76: CMakeFiles/autonomous_control_pid_node.dir/src/autonomous_control_pid_node.cpp.o] Error 1
[2.933s] gmake[1]: *** [CMakeFiles/Makefile2:137: CMakeFiles/autonomous_control_pid_node.dir/all] Error 2
[2.933s] gmake: *** [Makefile:146: all] Error 2
[2.937s] Invoked command in '/home/rohan/spherebot/build/autonomous_control_pid' returned '2': CMAKE_PREFIX_PATH=/home/rohan/spherebot/install/control_lib:/home/rohan/spherebot/install/i2c_lib:/home/rohan/spherebot/install/remote_control_cpp:/home/rohan/spherebot/install/motor_control:/home/rohan/spherebot/install/joystick_reader:/home/rohan/spherebot/install/gps_read_cpp:/home/rohan/spherebot/install/dfr_10_dof_pkg:/opt/ros/jazzy/opt/gz_math_vendor:/opt/ros/jazzy/opt/gz_utils_vendor:/opt/ros/jazzy/opt/gz_cmake_vendor:/home/rohan/spherebot/install/data_logger_pkg:/opt/ros/jazzy DEBUGINFOD_URLS=https://debuginfod.ubuntu.com /usr/bin/cmake --build /home/rohan/spherebot/build/autonomous_control_pid -- -j4 -l4
