running egg_info
creating ../../build/data_logger_pkg/data_logger_pkg.egg-info
writing ../../build/data_logger_pkg/data_logger_pkg.egg-info/PKG-INFO
writing dependency_links to ../../build/data_logger_pkg/data_logger_pkg.egg-info/dependency_links.txt
writing entry points to ../../build/data_logger_pkg/data_logger_pkg.egg-info/entry_points.txt
writing requirements to ../../build/data_logger_pkg/data_logger_pkg.egg-info/requires.txt
writing top-level names to ../../build/data_logger_pkg/data_logger_pkg.egg-info/top_level.txt
writing manifest file '../../build/data_logger_pkg/data_logger_pkg.egg-info/SOURCES.txt'
reading manifest file '../../build/data_logger_pkg/data_logger_pkg.egg-info/SOURCES.txt'
adding license file 'LICENSE'
writing manifest file '../../build/data_logger_pkg/data_logger_pkg.egg-info/SOURCES.txt'
running build
running build_py
creating /home/rohan/spherebot/build/data_logger_pkg/build
creating /home/rohan/spherebot/build/data_logger_pkg/build/lib
creating /home/rohan/spherebot/build/data_logger_pkg/build/lib/data_logger_pkg
copying data_logger_pkg/data_logger_node.py -> /home/rohan/spherebot/build/data_logger_pkg/build/lib/data_logger_pkg
copying data_logger_pkg/__init__.py -> /home/rohan/spherebot/build/data_logger_pkg/build/lib/data_logger_pkg
running install
running install_lib
creating /home/rohan/spherebot/install/data_logger_pkg/lib/python3.12/site-packages/data_logger_pkg
copying /home/rohan/spherebot/build/data_logger_pkg/build/lib/data_logger_pkg/data_logger_node.py -> /home/rohan/spherebot/install/data_logger_pkg/lib/python3.12/site-packages/data_logger_pkg
copying /home/rohan/spherebot/build/data_logger_pkg/build/lib/data_logger_pkg/__init__.py -> /home/rohan/spherebot/install/data_logger_pkg/lib/python3.12/site-packages/data_logger_pkg
byte-compiling /home/rohan/spherebot/install/data_logger_pkg/lib/python3.12/site-packages/data_logger_pkg/data_logger_node.py to data_logger_node.cpython-312.pyc
byte-compiling /home/rohan/spherebot/install/data_logger_pkg/lib/python3.12/site-packages/data_logger_pkg/__init__.py to __init__.cpython-312.pyc
running install_data
creating /home/rohan/spherebot/install/data_logger_pkg/share/ament_index
creating /home/rohan/spherebot/install/data_logger_pkg/share/ament_index/resource_index
creating /home/rohan/spherebot/install/data_logger_pkg/share/ament_index/resource_index/packages
copying resource/data_logger_pkg -> /home/rohan/spherebot/install/data_logger_pkg/share/ament_index/resource_index/packages
copying package.xml -> /home/rohan/spherebot/install/data_logger_pkg/share/data_logger_pkg
running install_egg_info
Copying ../../build/data_logger_pkg/data_logger_pkg.egg-info to /home/rohan/spherebot/install/data_logger_pkg/lib/python3.12/site-packages/data_logger_pkg-0.0.0-py3.12.egg-info
running install_scripts
Installing data_logger_node script to /home/rohan/spherebot/install/data_logger_pkg/lib/data_logger_pkg
writing list of installed files to '/home/rohan/spherebot/build/data_logger_pkg/install.log'
