[1.544s] Invoking command in '/home/rohan/spherebot/src/data_logger_pkg': DEBUGINFOD_URLS=https://debuginfod.ubuntu.com PYTHONPATH=/home/rohan/spherebot/build/data_logger_pkg/prefix_override:/usr/lib/python3/dist-packages/colcon_core/task/python/colcon_distutils_commands:/home/rohan/spherebot/install/data_logger_pkg/lib/python3.12/site-packages:${PYTHONPATH} /usr/bin/python3 -W ignore:setup.py install is deprecated setup.py egg_info --egg-base ../../build/data_logger_pkg build --build-base /home/rohan/spherebot/build/data_logger_pkg/build install --record /home/rohan/spherebot/build/data_logger_pkg/install.log --single-version-externally-managed install_data
[2.015s] running egg_info
[2.016s] creating ../../build/data_logger_pkg/data_logger_pkg.egg-info
[2.041s] writing ../../build/data_logger_pkg/data_logger_pkg.egg-info/PKG-INFO
[2.041s] writing dependency_links to ../../build/data_logger_pkg/data_logger_pkg.egg-info/dependency_links.txt
[2.042s] writing entry points to ../../build/data_logger_pkg/data_logger_pkg.egg-info/entry_points.txt
[2.042s] writing requirements to ../../build/data_logger_pkg/data_logger_pkg.egg-info/requires.txt
[2.042s] writing top-level names to ../../build/data_logger_pkg/data_logger_pkg.egg-info/top_level.txt
[2.042s] writing manifest file '../../build/data_logger_pkg/data_logger_pkg.egg-info/SOURCES.txt'
[2.129s] reading manifest file '../../build/data_logger_pkg/data_logger_pkg.egg-info/SOURCES.txt'
[2.129s] adding license file 'LICENSE'
[2.130s] writing manifest file '../../build/data_logger_pkg/data_logger_pkg.egg-info/SOURCES.txt'
[2.131s] running build
[2.131s] running build_py
[2.132s] creating /home/rohan/spherebot/build/data_logger_pkg/build
[2.132s] creating /home/rohan/spherebot/build/data_logger_pkg/build/lib
[2.132s] creating /home/rohan/spherebot/build/data_logger_pkg/build/lib/data_logger_pkg
[2.132s] copying data_logger_pkg/data_logger_node.py -> /home/rohan/spherebot/build/data_logger_pkg/build/lib/data_logger_pkg
[2.133s] copying data_logger_pkg/__init__.py -> /home/rohan/spherebot/build/data_logger_pkg/build/lib/data_logger_pkg
[2.133s] running install
[2.154s] running install_lib
[2.190s] creating /home/rohan/spherebot/install/data_logger_pkg/lib/python3.12/site-packages/data_logger_pkg
[2.190s] copying /home/rohan/spherebot/build/data_logger_pkg/build/lib/data_logger_pkg/data_logger_node.py -> /home/rohan/spherebot/install/data_logger_pkg/lib/python3.12/site-packages/data_logger_pkg
[2.191s] copying /home/rohan/spherebot/build/data_logger_pkg/build/lib/data_logger_pkg/__init__.py -> /home/rohan/spherebot/install/data_logger_pkg/lib/python3.12/site-packages/data_logger_pkg
[2.191s] byte-compiling /home/rohan/spherebot/install/data_logger_pkg/lib/python3.12/site-packages/data_logger_pkg/data_logger_node.py to data_logger_node.cpython-312.pyc
[2.193s] byte-compiling /home/rohan/spherebot/install/data_logger_pkg/lib/python3.12/site-packages/data_logger_pkg/__init__.py to __init__.cpython-312.pyc
[2.194s] running install_data
[2.194s] creating /home/rohan/spherebot/install/data_logger_pkg/share/ament_index
[2.194s] creating /home/rohan/spherebot/install/data_logger_pkg/share/ament_index/resource_index
[2.194s] creating /home/rohan/spherebot/install/data_logger_pkg/share/ament_index/resource_index/packages
[2.194s] copying resource/data_logger_pkg -> /home/rohan/spherebot/install/data_logger_pkg/share/ament_index/resource_index/packages
[2.194s] copying package.xml -> /home/rohan/spherebot/install/data_logger_pkg/share/data_logger_pkg
[2.195s] running install_egg_info
[2.222s] Copying ../../build/data_logger_pkg/data_logger_pkg.egg-info to /home/rohan/spherebot/install/data_logger_pkg/lib/python3.12/site-packages/data_logger_pkg-0.0.0-py3.12.egg-info
[2.223s] running install_scripts
[2.460s] Installing data_logger_node script to /home/rohan/spherebot/install/data_logger_pkg/lib/data_logger_pkg
[2.460s] writing list of installed files to '/home/rohan/spherebot/build/data_logger_pkg/install.log'
[2.569s] Invoked command in '/home/rohan/spherebot/src/data_logger_pkg' returned '0': DEBUGINFOD_URLS=https://debuginfod.ubuntu.com PYTHONPATH=/home/rohan/spherebot/build/data_logger_pkg/prefix_override:/usr/lib/python3/dist-packages/colcon_core/task/python/colcon_distutils_commands:/home/rohan/spherebot/install/data_logger_pkg/lib/python3.12/site-packages:${PYTHONPATH} /usr/bin/python3 -W ignore:setup.py install is deprecated setup.py egg_info --egg-base ../../build/data_logger_pkg build --build-base /home/rohan/spherebot/build/data_logger_pkg/build install --record /home/rohan/spherebot/build/data_logger_pkg/install.log --single-version-externally-managed install_data
