[0.024s] Invoking command in '/home/rohan/spherebot/build/dfr_10_dof_pkg': CMAKE_PREFIX_PATH=/home/rohan/spherebot/install/control_lib:/home/rohan/spherebot/install/i2c_lib:/home/rohan/spherebot/install/remote_control_cpp:/home/rohan/spherebot/install/motor_control:/home/rohan/spherebot/install/joystick_reader:/home/rohan/spherebot/install/gps_read_cpp:/home/rohan/spherebot/install/dfr_10_dof_pkg:/opt/ros/jazzy/opt/gz_math_vendor:/opt/ros/jazzy/opt/gz_utils_vendor:/opt/ros/jazzy/opt/gz_cmake_vendor:/home/rohan/spherebot/install/data_logger_pkg:/opt/ros/jazzy DEBUGINFOD_URLS=https://debuginfod.ubuntu.com /usr/bin/cmake --build /home/rohan/spherebot/build/dfr_10_dof_pkg -- -j4 -l4
[0.154s] [ 30%] Built target environmental_node
[0.156s] [ 70%] Built target imu_data_node
[0.167s] [ 80%] [32mBuilding CXX object CMakeFiles/magneometer_node.dir/src/magnetometer_data_node.cpp.o[0m
[15.038s] [ 90%] [32m[1mLinking CXX executable magneometer_node[0m
[15.889s] [100%] Built target magneometer_node
[15.910s] Invoked command in '/home/rohan/spherebot/build/dfr_10_dof_pkg' returned '0': CMAKE_PREFIX_PATH=/home/rohan/spherebot/install/control_lib:/home/rohan/spherebot/install/i2c_lib:/home/rohan/spherebot/install/remote_control_cpp:/home/rohan/spherebot/install/motor_control:/home/rohan/spherebot/install/joystick_reader:/home/rohan/spherebot/install/gps_read_cpp:/home/rohan/spherebot/install/dfr_10_dof_pkg:/opt/ros/jazzy/opt/gz_math_vendor:/opt/ros/jazzy/opt/gz_utils_vendor:/opt/ros/jazzy/opt/gz_cmake_vendor:/home/rohan/spherebot/install/data_logger_pkg:/opt/ros/jazzy DEBUGINFOD_URLS=https://debuginfod.ubuntu.com /usr/bin/cmake --build /home/rohan/spherebot/build/dfr_10_dof_pkg -- -j4 -l4
[15.987s] Invoking command in '/home/rohan/spherebot/build/dfr_10_dof_pkg': CMAKE_PREFIX_PATH=/home/rohan/spherebot/install/control_lib:/home/rohan/spherebot/install/i2c_lib:/home/rohan/spherebot/install/remote_control_cpp:/home/rohan/spherebot/install/motor_control:/home/rohan/spherebot/install/joystick_reader:/home/rohan/spherebot/install/gps_read_cpp:/home/rohan/spherebot/install/dfr_10_dof_pkg:/opt/ros/jazzy/opt/gz_math_vendor:/opt/ros/jazzy/opt/gz_utils_vendor:/opt/ros/jazzy/opt/gz_cmake_vendor:/home/rohan/spherebot/install/data_logger_pkg:/opt/ros/jazzy DEBUGINFOD_URLS=https://debuginfod.ubuntu.com /usr/bin/cmake --install /home/rohan/spherebot/build/dfr_10_dof_pkg
[16.002s] -- Install configuration: ""
[16.002s] -- Up-to-date: /home/rohan/spherebot/install/dfr_10_dof_pkg/lib/dfr_10_dof_pkg/imu_data_node
[16.003s] -- Installing: /home/rohan/spherebot/install/dfr_10_dof_pkg/lib/dfr_10_dof_pkg/magneometer_node
[16.016s] -- Set non-toolchain portion of runtime path of "/home/rohan/spherebot/install/dfr_10_dof_pkg/lib/dfr_10_dof_pkg/magneometer_node" to ""
[16.018s] -- Up-to-date: /home/rohan/spherebot/install/dfr_10_dof_pkg/lib/dfr_10_dof_pkg/environmental_node
[16.018s] -- Up-to-date: /home/rohan/spherebot/install/dfr_10_dof_pkg/share/ament_index/resource_index/package_run_dependencies/dfr_10_dof_pkg
[16.018s] -- Up-to-date: /home/rohan/spherebot/install/dfr_10_dof_pkg/share/ament_index/resource_index/parent_prefix_path/dfr_10_dof_pkg
[16.018s] -- Up-to-date: /home/rohan/spherebot/install/dfr_10_dof_pkg/share/dfr_10_dof_pkg/environment/ament_prefix_path.sh
[16.019s] -- Up-to-date: /home/rohan/spherebot/install/dfr_10_dof_pkg/share/dfr_10_dof_pkg/environment/ament_prefix_path.dsv
[16.019s] -- Up-to-date: /home/rohan/spherebot/install/dfr_10_dof_pkg/share/dfr_10_dof_pkg/environment/path.sh
[16.019s] -- Up-to-date: /home/rohan/spherebot/install/dfr_10_dof_pkg/share/dfr_10_dof_pkg/environment/path.dsv
[16.019s] -- Up-to-date: /home/rohan/spherebot/install/dfr_10_dof_pkg/share/dfr_10_dof_pkg/local_setup.bash
[16.019s] -- Up-to-date: /home/rohan/spherebot/install/dfr_10_dof_pkg/share/dfr_10_dof_pkg/local_setup.sh
[16.019s] -- Up-to-date: /home/rohan/spherebot/install/dfr_10_dof_pkg/share/dfr_10_dof_pkg/local_setup.zsh
[16.019s] -- Up-to-date: /home/rohan/spherebot/install/dfr_10_dof_pkg/share/dfr_10_dof_pkg/local_setup.dsv
[16.019s] -- Installing: /home/rohan/spherebot/install/dfr_10_dof_pkg/share/dfr_10_dof_pkg/package.dsv
[16.019s] -- Up-to-date: /home/rohan/spherebot/install/dfr_10_dof_pkg/share/ament_index/resource_index/packages/dfr_10_dof_pkg
[16.020s] -- Up-to-date: /home/rohan/spherebot/install/dfr_10_dof_pkg/share/dfr_10_dof_pkg/cmake/dfr_10_dof_pkgConfig.cmake
[16.020s] -- Up-to-date: /home/rohan/spherebot/install/dfr_10_dof_pkg/share/dfr_10_dof_pkg/cmake/dfr_10_dof_pkgConfig-version.cmake
[16.020s] -- Up-to-date: /home/rohan/spherebot/install/dfr_10_dof_pkg/share/dfr_10_dof_pkg/package.xml
[16.022s] Invoked command in '/home/rohan/spherebot/build/dfr_10_dof_pkg' returned '0': CMAKE_PREFIX_PATH=/home/rohan/spherebot/install/control_lib:/home/rohan/spherebot/install/i2c_lib:/home/rohan/spherebot/install/remote_control_cpp:/home/rohan/spherebot/install/motor_control:/home/rohan/spherebot/install/joystick_reader:/home/rohan/spherebot/install/gps_read_cpp:/home/rohan/spherebot/install/dfr_10_dof_pkg:/opt/ros/jazzy/opt/gz_math_vendor:/opt/ros/jazzy/opt/gz_utils_vendor:/opt/ros/jazzy/opt/gz_cmake_vendor:/home/rohan/spherebot/install/data_logger_pkg:/opt/ros/jazzy DEBUGINFOD_URLS=https://debuginfod.ubuntu.com /usr/bin/cmake --install /home/rohan/spherebot/build/dfr_10_dof_pkg
