-- The C compiler identification is GNU 13.2.0
-- The CXX compiler identification is GNU 13.2.0
-- Detecting C compiler ABI info
-- Detecting C compiler ABI info - done
-- Check for working C compiler: /usr/bin/cc - skipped
-- Detecting C compile features
-- Detecting C compile features - done
-- Detecting CXX compiler ABI info
-- Detecting CXX compiler ABI info - done
-- Check for working CXX compiler: /usr/bin/c++ - skipped
-- Detecting CXX compile features
-- Detecting CXX compile features - done
-- Found ament_cmake: 2.5.2 (/opt/ros/jazzy/share/ament_cmake/cmake)
-- Found Python3: /usr/bin/python3 (found version "3.12.3") found components: Interpreter 
-- Found rclcpp: 28.1.3 (/opt/ros/jazzy/share/rclcpp/cmake)
-- Found rosidl_generator_c: 4.6.3 (/opt/ros/jazzy/share/rosidl_generator_c/cmake)
-- Found rosidl_generator_cpp: 4.6.3 (/opt/ros/jazzy/share/rosidl_generator_cpp/cmake)
-- Using all available rosidl_typesupport_c: rosidl_typesupport_fastrtps_c;rosidl_typesupport_introspection_c
-- Using all available rosidl_typesupport_cpp: rosidl_typesupport_fastrtps_cpp;rosidl_typesupport_introspection_cpp
-- Found rmw_implementation_cmake: 7.3.1 (/opt/ros/jazzy/share/rmw_implementation_cmake/cmake)
-- Found rmw_fastrtps_cpp: 8.4.1 (/opt/ros/jazzy/share/rmw_fastrtps_cpp/cmake)
-- Found OpenSSL: /usr/lib/aarch64-linux-gnu/libcrypto.so (found version "3.0.13")  
-- Found FastRTPS: /opt/ros/jazzy/include (Required is at least version "2.13") 
-- Using RMW implementation 'rmw_fastrtps_cpp' as default
-- Found sensor_msgs: 5.3.5 (/opt/ros/jazzy/share/sensor_msgs/cmake)
-- Configuring done (1.8s)
-- Generating done (0.0s)
-- Build files have been written to: /home/rohan/spherebot/build/joystick_reader
[ 50%] [32mBuilding CXX object CMakeFiles/joystick_reader_node.dir/src/joystick_reader_node.cpp.o[0m
[100%] [32m[1mLinking CXX executable joystick_reader_node[0m
[100%] Built target joystick_reader_node
-- Install configuration: ""
-- Installing: /home/rohan/spherebot/install/joystick_reader/lib/joystick_reader/joystick_reader_node
-- Set non-toolchain portion of runtime path of "/home/rohan/spherebot/install/joystick_reader/lib/joystick_reader/joystick_reader_node" to ""
-- Installing: /home/rohan/spherebot/install/joystick_reader/share/ament_index/resource_index/package_run_dependencies/joystick_reader
-- Installing: /home/rohan/spherebot/install/joystick_reader/share/ament_index/resource_index/parent_prefix_path/joystick_reader
-- Installing: /home/rohan/spherebot/install/joystick_reader/share/joystick_reader/environment/ament_prefix_path.sh
-- Installing: /home/rohan/spherebot/install/joystick_reader/share/joystick_reader/environment/ament_prefix_path.dsv
-- Installing: /home/rohan/spherebot/install/joystick_reader/share/joystick_reader/environment/path.sh
-- Installing: /home/rohan/spherebot/install/joystick_reader/share/joystick_reader/environment/path.dsv
-- Installing: /home/rohan/spherebot/install/joystick_reader/share/joystick_reader/local_setup.bash
-- Installing: /home/rohan/spherebot/install/joystick_reader/share/joystick_reader/local_setup.sh
-- Installing: /home/rohan/spherebot/install/joystick_reader/share/joystick_reader/local_setup.zsh
-- Installing: /home/rohan/spherebot/install/joystick_reader/share/joystick_reader/local_setup.dsv
-- Installing: /home/rohan/spherebot/install/joystick_reader/share/joystick_reader/package.dsv
-- Installing: /home/rohan/spherebot/install/joystick_reader/share/ament_index/resource_index/packages/joystick_reader
-- Installing: /home/rohan/spherebot/install/joystick_reader/share/joystick_reader/cmake/joystick_readerConfig.cmake
-- Installing: /home/rohan/spherebot/install/joystick_reader/share/joystick_reader/cmake/joystick_readerConfig-version.cmake
-- Installing: /home/rohan/spherebot/install/joystick_reader/share/joystick_reader/package.xml
