[0.013s] Invoking command in '/home/rohan/spherebot/build/joystick_reader': CMAKE_PREFIX_PATH=${CMAKE_PREFIX_PATH}:/opt/ros/jazzy DEBUGINFOD_URLS=https://debuginfod.ubuntu.com /usr/bin/cmake /home/rohan/spherebot/src/joystick_reader -DCMAKE_INSTALL_PREFIX=/home/rohan/spherebot/install/joystick_reader
[0.117s] -- The C compiler identification is GNU 13.2.0
[0.225s] -- The CXX compiler identification is GNU 13.2.0
[0.252s] -- Detecting C compiler ABI info
[0.413s] -- Detecting C compiler ABI info - done
[0.429s] -- Check for working C compiler: /usr/bin/cc - skipped
[0.429s] -- Detecting C compile features
[0.430s] -- Detecting C compile features - done
[0.445s] -- Detecting CXX compiler ABI info
[0.626s] -- Detecting CXX compiler ABI info - done
[0.644s] -- Check for working CXX compiler: /usr/bin/c++ - skipped
[0.644s] -- Detecting CXX compile features
[0.645s] -- Detecting CXX compile features - done
[0.649s] -- Found ament_cmake: 2.5.2 (/opt/ros/jazzy/share/ament_cmake/cmake)
[0.875s] -- Found Python3: /usr/bin/python3 (found version "3.12.3") found components: Interpreter 
[1.036s] -- Found rclcpp: 28.1.3 (/opt/ros/jazzy/share/rclcpp/cmake)
[1.088s] -- Found rosidl_generator_c: 4.6.3 (/opt/ros/jazzy/share/rosidl_generator_c/cmake)
[1.108s] -- Found rosidl_generator_cpp: 4.6.3 (/opt/ros/jazzy/share/rosidl_generator_cpp/cmake)
[1.131s] -- Using all available rosidl_typesupport_c: rosidl_typesupport_fastrtps_c;rosidl_typesupport_introspection_c
[1.156s] -- Using all available rosidl_typesupport_cpp: rosidl_typesupport_fastrtps_cpp;rosidl_typesupport_introspection_cpp
[1.272s] -- Found rmw_implementation_cmake: 7.3.1 (/opt/ros/jazzy/share/rmw_implementation_cmake/cmake)
[1.281s] -- Found rmw_fastrtps_cpp: 8.4.1 (/opt/ros/jazzy/share/rmw_fastrtps_cpp/cmake)
[1.453s] -- Found OpenSSL: /usr/lib/aarch64-linux-gnu/libcrypto.so (found version "3.0.13")  
[1.479s] -- Found FastRTPS: /opt/ros/jazzy/include (Required is at least version "2.13") 
[1.513s] -- Using RMW implementation 'rmw_fastrtps_cpp' as default
[1.608s] -- Found sensor_msgs: 5.3.5 (/opt/ros/jazzy/share/sensor_msgs/cmake)
[1.834s] -- Configuring done (1.8s)
[1.852s] -- Generating done (0.0s)
[1.855s] -- Build files have been written to: /home/rohan/spherebot/build/joystick_reader
[1.872s] Invoked command in '/home/rohan/spherebot/build/joystick_reader' returned '0': CMAKE_PREFIX_PATH=${CMAKE_PREFIX_PATH}:/opt/ros/jazzy DEBUGINFOD_URLS=https://debuginfod.ubuntu.com /usr/bin/cmake /home/rohan/spherebot/src/joystick_reader -DCMAKE_INSTALL_PREFIX=/home/rohan/spherebot/install/joystick_reader
[1.875s] Invoking command in '/home/rohan/spherebot/build/joystick_reader': CMAKE_PREFIX_PATH=${CMAKE_PREFIX_PATH}:/opt/ros/jazzy DEBUGINFOD_URLS=https://debuginfod.ubuntu.com /usr/bin/cmake --build /home/rohan/spherebot/build/joystick_reader -- -j4 -l4
[1.968s] [ 50%] [32mBuilding CXX object CMakeFiles/joystick_reader_node.dir/src/joystick_reader_node.cpp.o[0m
[9.894s] [100%] [32m[1mLinking CXX executable joystick_reader_node[0m
[10.300s] [100%] Built target joystick_reader_node
[10.320s] Invoked command in '/home/rohan/spherebot/build/joystick_reader' returned '0': CMAKE_PREFIX_PATH=${CMAKE_PREFIX_PATH}:/opt/ros/jazzy DEBUGINFOD_URLS=https://debuginfod.ubuntu.com /usr/bin/cmake --build /home/rohan/spherebot/build/joystick_reader -- -j4 -l4
[10.379s] Invoking command in '/home/rohan/spherebot/build/joystick_reader': CMAKE_PREFIX_PATH=${CMAKE_PREFIX_PATH}:/opt/ros/jazzy DEBUGINFOD_URLS=https://debuginfod.ubuntu.com /usr/bin/cmake --install /home/rohan/spherebot/build/joystick_reader
[10.393s] -- Install configuration: ""
[10.393s] -- Installing: /home/rohan/spherebot/install/joystick_reader/lib/joystick_reader/joystick_reader_node
[10.396s] -- Set non-toolchain portion of runtime path of "/home/rohan/spherebot/install/joystick_reader/lib/joystick_reader/joystick_reader_node" to ""
[10.396s] -- Installing: /home/rohan/spherebot/install/joystick_reader/share/ament_index/resource_index/package_run_dependencies/joystick_reader
[10.396s] -- Installing: /home/rohan/spherebot/install/joystick_reader/share/ament_index/resource_index/parent_prefix_path/joystick_reader
[10.397s] -- Installing: /home/rohan/spherebot/install/joystick_reader/share/joystick_reader/environment/ament_prefix_path.sh
[10.397s] -- Installing: /home/rohan/spherebot/install/joystick_reader/share/joystick_reader/environment/ament_prefix_path.dsv
[10.397s] -- Installing: /home/rohan/spherebot/install/joystick_reader/share/joystick_reader/environment/path.sh
[10.397s] -- Installing: /home/rohan/spherebot/install/joystick_reader/share/joystick_reader/environment/path.dsv
[10.397s] -- Installing: /home/rohan/spherebot/install/joystick_reader/share/joystick_reader/local_setup.bash
[10.398s] -- Installing: /home/rohan/spherebot/install/joystick_reader/share/joystick_reader/local_setup.sh
[10.398s] -- Installing: /home/rohan/spherebot/install/joystick_reader/share/joystick_reader/local_setup.zsh
[10.398s] -- Installing: /home/rohan/spherebot/install/joystick_reader/share/joystick_reader/local_setup.dsv
[10.398s] -- Installing: /home/rohan/spherebot/install/joystick_reader/share/joystick_reader/package.dsv
[10.399s] -- Installing: /home/rohan/spherebot/install/joystick_reader/share/ament_index/resource_index/packages/joystick_reader
[10.399s] -- Installing: /home/rohan/spherebot/install/joystick_reader/share/joystick_reader/cmake/joystick_readerConfig.cmake
[10.399s] -- Installing: /home/rohan/spherebot/install/joystick_reader/share/joystick_reader/cmake/joystick_readerConfig-version.cmake
[10.399s] -- Installing: /home/rohan/spherebot/install/joystick_reader/share/joystick_reader/package.xml
[10.402s] Invoked command in '/home/rohan/spherebot/build/joystick_reader' returned '0': CMAKE_PREFIX_PATH=${CMAKE_PREFIX_PATH}:/opt/ros/jazzy DEBUGINFOD_URLS=https://debuginfod.ubuntu.com /usr/bin/cmake --install /home/rohan/spherebot/build/joystick_reader
