[0.020s] Invoking command in '/home/rohan/spherebot/build/control_lib': CMAKE_PREFIX_PATH=/home/rohan/spherebot/install/i2c_lib:/home/rohan/spherebot/install/remote_control_cpp:/home/rohan/spherebot/install/motor_control:/home/rohan/spherebot/install/joystick_reader:/home/rohan/spherebot/install/gps_read_cpp:/home/rohan/spherebot/install/dfr_10_dof_pkg:/home/rohan/spherebot/install/control_lib:/opt/ros/jazzy/opt/gz_math_vendor:/opt/ros/jazzy/opt/gz_utils_vendor:/opt/ros/jazzy/opt/gz_cmake_vendor:/home/rohan/spherebot/install/data_logger_pkg:/opt/ros/jazzy DEBUGINFOD_URLS=https://debuginfod.ubuntu.com /usr/bin/cmake --build /home/rohan/spherebot/build/control_lib -- -j4 -l4
[0.070s] -- Found ament_cmake: 2.5.2 (/opt/ros/jazzy/share/ament_cmake/cmake)
[0.402s] -- Found rclcpp: 28.1.3 (/opt/ros/jazzy/share/rclcpp/cmake)
[0.436s] -- Found rosidl_generator_c: 4.6.3 (/opt/ros/jazzy/share/rosidl_generator_c/cmake)
[0.449s] -- Found rosidl_generator_cpp: 4.6.3 (/opt/ros/jazzy/share/rosidl_generator_cpp/cmake)
[0.465s] -- Using all available rosidl_typesupport_c: rosidl_typesupport_fastrtps_c;rosidl_typesupport_introspection_c
[0.484s] -- Using all available rosidl_typesupport_cpp: rosidl_typesupport_fastrtps_cpp;rosidl_typesupport_introspection_cpp
[0.568s] -- Found rmw_implementation_cmake: 7.3.1 (/opt/ros/jazzy/share/rmw_implementation_cmake/cmake)
[0.570s] -- Found rmw_fastrtps_cpp: 8.4.1 (/opt/ros/jazzy/share/rmw_fastrtps_cpp/cmake)
[0.663s] -- Using RMW implementation 'rmw_fastrtps_cpp' as default
[0.744s] -- Found sensor_msgs: 5.3.5 (/opt/ros/jazzy/share/sensor_msgs/cmake)
[0.815s] -- Found i2c_lib: 0.0.1 (/home/rohan/spherebot/install/i2c_lib/share/i2c_lib/cmake)
[0.974s] -- Configuring done (0.9s)
[1.011s] -- Generating done (0.0s)
[1.023s] -- Build files have been written to: /home/rohan/spherebot/build/control_lib
[1.107s] [ 12%] [32mBuilding CXX object CMakeFiles/control_interfaces.dir/src/load_path_json.cpp.o[0m
[1.240s] [01m[K/home/rohan/spherebot/src/control_lib/src/load_path_json.cpp:3:10:[m[K [01;31m[Kfatal error: [m[Knlohmann/json.hpp: No such file or directory
[1.240s]     3 | #include [01;31m[K<nlohmann/json.hpp>[m[K  // Include the nlohmann json library
[1.240s]       |          [01;31m[K^~~~~~~~~~~~~~~~~~~[m[K
[1.240s] compilation terminated.
[1.244s] gmake[2]: *** [CMakeFiles/control_interfaces.dir/build.make:160: CMakeFiles/control_interfaces.dir/src/load_path_json.cpp.o] Error 1
[1.244s] gmake[1]: *** [CMakeFiles/Makefile2:137: CMakeFiles/control_interfaces.dir/all] Error 2
[1.244s] gmake: *** [Makefile:146: all] Error 2
[1.248s] Invoked command in '/home/rohan/spherebot/build/control_lib' returned '2': CMAKE_PREFIX_PATH=/home/rohan/spherebot/install/i2c_lib:/home/rohan/spherebot/install/remote_control_cpp:/home/rohan/spherebot/install/motor_control:/home/rohan/spherebot/install/joystick_reader:/home/rohan/spherebot/install/gps_read_cpp:/home/rohan/spherebot/install/dfr_10_dof_pkg:/home/rohan/spherebot/install/control_lib:/opt/ros/jazzy/opt/gz_math_vendor:/opt/ros/jazzy/opt/gz_utils_vendor:/opt/ros/jazzy/opt/gz_cmake_vendor:/home/rohan/spherebot/install/data_logger_pkg:/opt/ros/jazzy DEBUGINFOD_URLS=https://debuginfod.ubuntu.com /usr/bin/cmake --build /home/rohan/spherebot/build/control_lib -- -j4 -l4
