[0.143s] DEBUG:colcon:Command line arguments: ['/usr/bin/colcon', 'build', '--packages-select', 'remote_control_cpp']
[0.143s] DEBUG:colcon:Parsed command line arguments: Namespace(log_base=None, log_level=None, verb_name='build', build_base='build', install_base='install', merge_install=False, symlink_install=False, test_result_base=None, continue_on_error=False, executor='parallel', parallel_workers=4, event_handlers=None, ignore_user_meta=False, metas=['./colcon.meta'], base_paths=['.'], packages_ignore=None, packages_ignore_regex=None, paths=None, packages_up_to=None, packages_up_to_regex=None, packages_above=None, packages_above_and_dependencies=None, packages_above_depth=None, packages_select_by_dep=None, packages_skip_by_dep=None, packages_skip_up_to=None, packages_select_build_failed=False, packages_skip_build_finished=False, packages_select_test_failures=False, packages_skip_test_passed=False, packages_select=['remote_control_cpp'], packages_skip=None, packages_select_regex=None, packages_skip_regex=None, packages_start=None, packages_end=None, allow_overriding=[], cmake_args=None, cmake_target=None, cmake_target_skip_unavailable=False, cmake_clean_cache=False, cmake_clean_first=False, cmake_force_configure=False, ament_cmake_args=None, catkin_cmake_args=None, catkin_skip_building_tests=False, mixin_files=None, mixin=None, verb_parser=<colcon_mixin.mixin.mixin_argument.MixinArgumentDecorator object at 0xffffbd536660>, verb_extension=<colcon_core.verb.build.BuildVerb object at 0xffffbd6a4bf0>, main=<bound method BuildVerb.main of <colcon_core.verb.build.BuildVerb object at 0xffffbd6a4bf0>>, mixin_verb=('build',))
[0.193s] Level 1:colcon.colcon_core.package_discovery:discover_packages(colcon_meta) check parameters
[0.193s] Level 1:colcon.colcon_core.package_discovery:discover_packages(recursive) check parameters
[0.193s] Level 1:colcon.colcon_core.package_discovery:discover_packages(ignore) check parameters
[0.193s] Level 1:colcon.colcon_core.package_discovery:discover_packages(path) check parameters
[0.193s] Level 1:colcon.colcon_core.package_discovery:discover_packages(colcon_meta) discover
[0.194s] Level 1:colcon.colcon_core.package_discovery:discover_packages(recursive) discover
[0.194s] INFO:colcon.colcon_core.package_discovery:Crawling recursively for packages in '/home/rohan/spherebot'
[0.194s] Level 1:colcon.colcon_core.package_identification:_identify(.) by extensions ['ignore', 'ignore_ament_install']
[0.194s] Level 1:colcon.colcon_core.package_identification:_identify(.) by extension 'ignore'
[0.194s] Level 1:colcon.colcon_core.package_identification:_identify(.) by extension 'ignore_ament_install'
[0.194s] Level 1:colcon.colcon_core.package_identification:_identify(.) by extensions ['colcon_pkg']
[0.194s] Level 1:colcon.colcon_core.package_identification:_identify(.) by extension 'colcon_pkg'
[0.194s] Level 1:colcon.colcon_core.package_identification:_identify(.) by extensions ['colcon_meta']
[0.194s] Level 1:colcon.colcon_core.package_identification:_identify(.) by extension 'colcon_meta'
[0.194s] Level 1:colcon.colcon_core.package_identification:_identify(.) by extensions ['ros']
[0.194s] Level 1:colcon.colcon_core.package_identification:_identify(.) by extension 'ros'
[0.232s] Level 1:colcon.colcon_core.package_identification:_identify(.) by extensions ['cmake', 'python']
[0.232s] Level 1:colcon.colcon_core.package_identification:_identify(.) by extension 'cmake'
[0.232s] Level 1:colcon.colcon_core.package_identification:_identify(.) by extension 'python'
[0.232s] Level 1:colcon.colcon_core.package_identification:_identify(.) by extensions ['python_setup_py']
[0.232s] Level 1:colcon.colcon_core.package_identification:_identify(.) by extension 'python_setup_py'
[0.232s] Level 1:colcon.colcon_core.package_identification:_identify(build) by extensions ['ignore', 'ignore_ament_install']
[0.233s] Level 1:colcon.colcon_core.package_identification:_identify(build) by extension 'ignore'
[0.233s] Level 1:colcon.colcon_core.package_identification:_identify(build) ignored
[0.233s] Level 1:colcon.colcon_core.package_identification:_identify(install) by extensions ['ignore', 'ignore_ament_install']
[0.233s] Level 1:colcon.colcon_core.package_identification:_identify(install) by extension 'ignore'
[0.233s] Level 1:colcon.colcon_core.package_identification:_identify(install) ignored
[0.233s] Level 1:colcon.colcon_core.package_identification:_identify(log) by extensions ['ignore', 'ignore_ament_install']
[0.233s] Level 1:colcon.colcon_core.package_identification:_identify(log) by extension 'ignore'
[0.233s] Level 1:colcon.colcon_core.package_identification:_identify(log) ignored
[0.233s] Level 1:colcon.colcon_core.package_identification:_identify(src) by extensions ['ignore', 'ignore_ament_install']
[0.233s] Level 1:colcon.colcon_core.package_identification:_identify(src) by extension 'ignore'
[0.233s] Level 1:colcon.colcon_core.package_identification:_identify(src) by extension 'ignore_ament_install'
[0.234s] Level 1:colcon.colcon_core.package_identification:_identify(src) by extensions ['colcon_pkg']
[0.234s] Level 1:colcon.colcon_core.package_identification:_identify(src) by extension 'colcon_pkg'
[0.234s] Level 1:colcon.colcon_core.package_identification:_identify(src) by extensions ['colcon_meta']
[0.234s] Level 1:colcon.colcon_core.package_identification:_identify(src) by extension 'colcon_meta'
[0.234s] Level 1:colcon.colcon_core.package_identification:_identify(src) by extensions ['ros']
[0.234s] Level 1:colcon.colcon_core.package_identification:_identify(src) by extension 'ros'
[0.234s] Level 1:colcon.colcon_core.package_identification:_identify(src) by extensions ['cmake', 'python']
[0.234s] Level 1:colcon.colcon_core.package_identification:_identify(src) by extension 'cmake'
[0.234s] Level 1:colcon.colcon_core.package_identification:_identify(src) by extension 'python'
[0.234s] Level 1:colcon.colcon_core.package_identification:_identify(src) by extensions ['python_setup_py']
[0.234s] Level 1:colcon.colcon_core.package_identification:_identify(src) by extension 'python_setup_py'
[0.234s] Level 1:colcon.colcon_core.package_identification:_identify(src/10_dof_lib) by extensions ['ignore', 'ignore_ament_install']
[0.234s] Level 1:colcon.colcon_core.package_identification:_identify(src/10_dof_lib) by extension 'ignore'
[0.234s] Level 1:colcon.colcon_core.package_identification:_identify(src/10_dof_lib) by extension 'ignore_ament_install'
[0.234s] Level 1:colcon.colcon_core.package_identification:_identify(src/10_dof_lib) by extensions ['colcon_pkg']
[0.234s] Level 1:colcon.colcon_core.package_identification:_identify(src/10_dof_lib) by extension 'colcon_pkg'
[0.234s] Level 1:colcon.colcon_core.package_identification:_identify(src/10_dof_lib) by extensions ['colcon_meta']
[0.234s] Level 1:colcon.colcon_core.package_identification:_identify(src/10_dof_lib) by extension 'colcon_meta'
[0.234s] Level 1:colcon.colcon_core.package_identification:_identify(src/10_dof_lib) by extensions ['ros']
[0.234s] Level 1:colcon.colcon_core.package_identification:_identify(src/10_dof_lib) by extension 'ros'
[0.238s] DEBUG:colcon.colcon_core.package_identification:Package 'src/10_dof_lib' with type 'ros.ament_cmake' and name '10_dof_lib'
[0.238s] Level 1:colcon.colcon_core.package_identification:_identify(src/autonomous_control_lqg) by extensions ['ignore', 'ignore_ament_install']
[0.238s] Level 1:colcon.colcon_core.package_identification:_identify(src/autonomous_control_lqg) by extension 'ignore'
[0.238s] Level 1:colcon.colcon_core.package_identification:_identify(src/autonomous_control_lqg) by extension 'ignore_ament_install'
[0.238s] Level 1:colcon.colcon_core.package_identification:_identify(src/autonomous_control_lqg) by extensions ['colcon_pkg']
[0.238s] Level 1:colcon.colcon_core.package_identification:_identify(src/autonomous_control_lqg) by extension 'colcon_pkg'
[0.238s] Level 1:colcon.colcon_core.package_identification:_identify(src/autonomous_control_lqg) by extensions ['colcon_meta']
[0.238s] Level 1:colcon.colcon_core.package_identification:_identify(src/autonomous_control_lqg) by extension 'colcon_meta'
[0.238s] Level 1:colcon.colcon_core.package_identification:_identify(src/autonomous_control_lqg) by extensions ['ros']
[0.238s] Level 1:colcon.colcon_core.package_identification:_identify(src/autonomous_control_lqg) by extension 'ros'
[0.239s] DEBUG:colcon.colcon_core.package_identification:Package 'src/autonomous_control_lqg' with type 'ros.ament_cmake' and name 'autonomous_control_lqg'
[0.239s] Level 1:colcon.colcon_core.package_identification:_identify(src/autonomous_control_pid) by extensions ['ignore', 'ignore_ament_install']
[0.239s] Level 1:colcon.colcon_core.package_identification:_identify(src/autonomous_control_pid) by extension 'ignore'
[0.239s] Level 1:colcon.colcon_core.package_identification:_identify(src/autonomous_control_pid) by extension 'ignore_ament_install'
[0.239s] Level 1:colcon.colcon_core.package_identification:_identify(src/autonomous_control_pid) by extensions ['colcon_pkg']
[0.239s] Level 1:colcon.colcon_core.package_identification:_identify(src/autonomous_control_pid) by extension 'colcon_pkg'
[0.239s] Level 1:colcon.colcon_core.package_identification:_identify(src/autonomous_control_pid) by extensions ['colcon_meta']
[0.240s] Level 1:colcon.colcon_core.package_identification:_identify(src/autonomous_control_pid) by extension 'colcon_meta'
[0.240s] Level 1:colcon.colcon_core.package_identification:_identify(src/autonomous_control_pid) by extensions ['ros']
[0.240s] Level 1:colcon.colcon_core.package_identification:_identify(src/autonomous_control_pid) by extension 'ros'
[0.240s] DEBUG:colcon.colcon_core.package_identification:Package 'src/autonomous_control_pid' with type 'ros.ament_cmake' and name 'autonomous_control_pid'
[0.241s] Level 1:colcon.colcon_core.package_identification:_identify(src/control_lib) by extensions ['ignore', 'ignore_ament_install']
[0.241s] Level 1:colcon.colcon_core.package_identification:_identify(src/control_lib) by extension 'ignore'
[0.241s] Level 1:colcon.colcon_core.package_identification:_identify(src/control_lib) by extension 'ignore_ament_install'
[0.241s] Level 1:colcon.colcon_core.package_identification:_identify(src/control_lib) by extensions ['colcon_pkg']
[0.241s] Level 1:colcon.colcon_core.package_identification:_identify(src/control_lib) by extension 'colcon_pkg'
[0.241s] Level 1:colcon.colcon_core.package_identification:_identify(src/control_lib) by extensions ['colcon_meta']
[0.241s] Level 1:colcon.colcon_core.package_identification:_identify(src/control_lib) by extension 'colcon_meta'
[0.241s] Level 1:colcon.colcon_core.package_identification:_identify(src/control_lib) by extensions ['ros']
[0.241s] Level 1:colcon.colcon_core.package_identification:_identify(src/control_lib) by extension 'ros'
[0.242s] DEBUG:colcon.colcon_core.package_identification:Package 'src/control_lib' with type 'ros.ament_cmake' and name 'control_lib'
[0.242s] Level 1:colcon.colcon_core.package_identification:_identify(src/custom_interfaces) by extensions ['ignore', 'ignore_ament_install']
[0.242s] Level 1:colcon.colcon_core.package_identification:_identify(src/custom_interfaces) by extension 'ignore'
[0.242s] Level 1:colcon.colcon_core.package_identification:_identify(src/custom_interfaces) by extension 'ignore_ament_install'
[0.242s] Level 1:colcon.colcon_core.package_identification:_identify(src/custom_interfaces) by extensions ['colcon_pkg']
[0.242s] Level 1:colcon.colcon_core.package_identification:_identify(src/custom_interfaces) by extension 'colcon_pkg'
[0.242s] Level 1:colcon.colcon_core.package_identification:_identify(src/custom_interfaces) by extensions ['colcon_meta']
[0.242s] Level 1:colcon.colcon_core.package_identification:_identify(src/custom_interfaces) by extension 'colcon_meta'
[0.242s] Level 1:colcon.colcon_core.package_identification:_identify(src/custom_interfaces) by extensions ['ros']
[0.242s] Level 1:colcon.colcon_core.package_identification:_identify(src/custom_interfaces) by extension 'ros'
[0.243s] DEBUG:colcon.colcon_core.package_identification:Package 'src/custom_interfaces' with type 'ros.ament_cmake' and name 'custom_interfaces'
[0.243s] Level 1:colcon.colcon_core.package_identification:_identify(src/gps_read_cpp) by extensions ['ignore', 'ignore_ament_install']
[0.243s] Level 1:colcon.colcon_core.package_identification:_identify(src/gps_read_cpp) by extension 'ignore'
[0.243s] Level 1:colcon.colcon_core.package_identification:_identify(src/gps_read_cpp) by extension 'ignore_ament_install'
[0.243s] Level 1:colcon.colcon_core.package_identification:_identify(src/gps_read_cpp) by extensions ['colcon_pkg']
[0.243s] Level 1:colcon.colcon_core.package_identification:_identify(src/gps_read_cpp) by extension 'colcon_pkg'
[0.243s] Level 1:colcon.colcon_core.package_identification:_identify(src/gps_read_cpp) by extensions ['colcon_meta']
[0.243s] Level 1:colcon.colcon_core.package_identification:_identify(src/gps_read_cpp) by extension 'colcon_meta'
[0.243s] Level 1:colcon.colcon_core.package_identification:_identify(src/gps_read_cpp) by extensions ['ros']
[0.243s] Level 1:colcon.colcon_core.package_identification:_identify(src/gps_read_cpp) by extension 'ros'
[0.244s] DEBUG:colcon.colcon_core.package_identification:Package 'src/gps_read_cpp' with type 'ros.ament_cmake' and name 'gps_read_cpp'
[0.244s] Level 1:colcon.colcon_core.package_identification:_identify(src/i2c_lib) by extensions ['ignore', 'ignore_ament_install']
[0.244s] Level 1:colcon.colcon_core.package_identification:_identify(src/i2c_lib) by extension 'ignore'
[0.244s] Level 1:colcon.colcon_core.package_identification:_identify(src/i2c_lib) by extension 'ignore_ament_install'
[0.244s] Level 1:colcon.colcon_core.package_identification:_identify(src/i2c_lib) by extensions ['colcon_pkg']
[0.244s] Level 1:colcon.colcon_core.package_identification:_identify(src/i2c_lib) by extension 'colcon_pkg'
[0.244s] Level 1:colcon.colcon_core.package_identification:_identify(src/i2c_lib) by extensions ['colcon_meta']
[0.244s] Level 1:colcon.colcon_core.package_identification:_identify(src/i2c_lib) by extension 'colcon_meta'
[0.244s] Level 1:colcon.colcon_core.package_identification:_identify(src/i2c_lib) by extensions ['ros']
[0.244s] Level 1:colcon.colcon_core.package_identification:_identify(src/i2c_lib) by extension 'ros'
[0.245s] DEBUG:colcon.colcon_core.package_identification:Package 'src/i2c_lib' with type 'ros.ament_cmake' and name 'i2c_lib'
[0.245s] Level 1:colcon.colcon_core.package_identification:_identify(src/joystick_reader) by extensions ['ignore', 'ignore_ament_install']
[0.245s] Level 1:colcon.colcon_core.package_identification:_identify(src/joystick_reader) by extension 'ignore'
[0.245s] Level 1:colcon.colcon_core.package_identification:_identify(src/joystick_reader) by extension 'ignore_ament_install'
[0.245s] Level 1:colcon.colcon_core.package_identification:_identify(src/joystick_reader) by extensions ['colcon_pkg']
[0.245s] Level 1:colcon.colcon_core.package_identification:_identify(src/joystick_reader) by extension 'colcon_pkg'
[0.245s] Level 1:colcon.colcon_core.package_identification:_identify(src/joystick_reader) by extensions ['colcon_meta']
[0.245s] Level 1:colcon.colcon_core.package_identification:_identify(src/joystick_reader) by extension 'colcon_meta'
[0.245s] Level 1:colcon.colcon_core.package_identification:_identify(src/joystick_reader) by extensions ['ros']
[0.245s] Level 1:colcon.colcon_core.package_identification:_identify(src/joystick_reader) by extension 'ros'
[0.246s] DEBUG:colcon.colcon_core.package_identification:Package 'src/joystick_reader' with type 'ros.ament_cmake' and name 'joystick_reader'
[0.246s] Level 1:colcon.colcon_core.package_identification:_identify(src/remote_control_cpp) by extensions ['ignore', 'ignore_ament_install']
[0.246s] Level 1:colcon.colcon_core.package_identification:_identify(src/remote_control_cpp) by extension 'ignore'
[0.247s] Level 1:colcon.colcon_core.package_identification:_identify(src/remote_control_cpp) by extension 'ignore_ament_install'
[0.247s] Level 1:colcon.colcon_core.package_identification:_identify(src/remote_control_cpp) by extensions ['colcon_pkg']
[0.247s] Level 1:colcon.colcon_core.package_identification:_identify(src/remote_control_cpp) by extension 'colcon_pkg'
[0.247s] Level 1:colcon.colcon_core.package_identification:_identify(src/remote_control_cpp) by extensions ['colcon_meta']
[0.247s] Level 1:colcon.colcon_core.package_identification:_identify(src/remote_control_cpp) by extension 'colcon_meta'
[0.247s] Level 1:colcon.colcon_core.package_identification:_identify(src/remote_control_cpp) by extensions ['ros']
[0.247s] Level 1:colcon.colcon_core.package_identification:_identify(src/remote_control_cpp) by extension 'ros'
[0.248s] DEBUG:colcon.colcon_core.package_identification:Package 'src/remote_control_cpp' with type 'ros.ament_cmake' and name 'remote_control_cpp'
[0.248s] Level 1:colcon.colcon_core.package_discovery:discover_packages(recursive) using defaults
[0.248s] Level 1:colcon.colcon_core.package_discovery:discover_packages(ignore) discover
[0.248s] Level 1:colcon.colcon_core.package_discovery:discover_packages(ignore) using defaults
[0.248s] Level 1:colcon.colcon_core.package_discovery:discover_packages(path) discover
[0.248s] Level 1:colcon.colcon_core.package_discovery:discover_packages(path) using defaults
[0.272s] INFO:colcon.colcon_core.package_selection:Skipping not selected package 'autonomous_control_lqg' in 'src/autonomous_control_lqg'
[0.272s] INFO:colcon.colcon_core.package_selection:Skipping not selected package 'custom_interfaces' in 'src/custom_interfaces'
[0.272s] INFO:colcon.colcon_core.package_selection:Skipping not selected package 'gps_read_cpp' in 'src/gps_read_cpp'
[0.272s] INFO:colcon.colcon_core.package_selection:Skipping not selected package 'i2c_lib' in 'src/i2c_lib'
[0.272s] INFO:colcon.colcon_core.package_selection:Skipping not selected package 'joystick_reader' in 'src/joystick_reader'
[0.272s] INFO:colcon.colcon_core.package_selection:Skipping not selected package '10_dof_lib' in 'src/10_dof_lib'
[0.273s] INFO:colcon.colcon_core.package_selection:Skipping not selected package 'control_lib' in 'src/control_lib'
[0.273s] INFO:colcon.colcon_core.package_selection:Skipping not selected package 'autonomous_control_pid' in 'src/autonomous_control_pid'
[0.273s] Level 1:colcon.colcon_core.package_discovery:discover_packages(prefix_path) check parameters
[0.273s] Level 1:colcon.colcon_core.package_discovery:discover_packages(prefix_path) discover
[0.275s] DEBUG:colcon.colcon_installed_package_information.package_discovery:Found 5 installed packages in /home/rohan/spherebot/install
[0.277s] DEBUG:colcon.colcon_installed_package_information.package_discovery:Found 285 installed packages in /opt/ros/jazzy
[0.280s] Level 1:colcon.colcon_core.package_discovery:discover_packages(prefix_path) using defaults
[0.339s] Level 5:colcon.colcon_core.verb:set package 'remote_control_cpp' build argument 'cmake_args' from command line to 'None'
[0.340s] Level 5:colcon.colcon_core.verb:set package 'remote_control_cpp' build argument 'cmake_target' from command line to 'None'
[0.340s] Level 5:colcon.colcon_core.verb:set package 'remote_control_cpp' build argument 'cmake_target_skip_unavailable' from command line to 'False'
[0.340s] Level 5:colcon.colcon_core.verb:set package 'remote_control_cpp' build argument 'cmake_clean_cache' from command line to 'False'
[0.340s] Level 5:colcon.colcon_core.verb:set package 'remote_control_cpp' build argument 'cmake_clean_first' from command line to 'False'
[0.340s] Level 5:colcon.colcon_core.verb:set package 'remote_control_cpp' build argument 'cmake_force_configure' from command line to 'False'
[0.340s] Level 5:colcon.colcon_core.verb:set package 'remote_control_cpp' build argument 'ament_cmake_args' from command line to 'None'
[0.340s] Level 5:colcon.colcon_core.verb:set package 'remote_control_cpp' build argument 'catkin_cmake_args' from command line to 'None'
[0.340s] Level 5:colcon.colcon_core.verb:set package 'remote_control_cpp' build argument 'catkin_skip_building_tests' from command line to 'False'
[0.340s] DEBUG:colcon.colcon_core.verb:Building package 'remote_control_cpp' with the following arguments: {'ament_cmake_args': None, 'build_base': '/home/rohan/spherebot/build/remote_control_cpp', 'catkin_cmake_args': None, 'catkin_skip_building_tests': False, 'cmake_args': None, 'cmake_clean_cache': False, 'cmake_clean_first': False, 'cmake_force_configure': False, 'cmake_target': None, 'cmake_target_skip_unavailable': False, 'install_base': '/home/rohan/spherebot/install/remote_control_cpp', 'merge_install': False, 'path': '/home/rohan/spherebot/src/remote_control_cpp', 'symlink_install': False, 'test_result_base': None}
[0.341s] INFO:colcon.colcon_core.executor:Executing jobs using 'parallel' executor
[0.343s] DEBUG:colcon.colcon_parallel_executor.executor.parallel:run_until_complete
[0.344s] INFO:colcon.colcon_ros.task.ament_cmake.build:Building ROS package in '/home/rohan/spherebot/src/remote_control_cpp' with build type 'ament_cmake'
[0.344s] INFO:colcon.colcon_cmake.task.cmake.build:Building CMake package in '/home/rohan/spherebot/src/remote_control_cpp'
[0.349s] INFO:colcon.colcon_core.plugin_system:Skipping extension 'colcon_core.shell.bat': Not used on non-Windows systems
[0.350s] INFO:colcon.colcon_core.shell:Skip shell extension 'powershell' for command environment: Not usable outside of PowerShell
[0.350s] DEBUG:colcon.colcon_core.shell:Skip shell extension 'dsv' for command environment
[0.369s] DEBUG:colcon.colcon_core.event_handler.log_command:Invoking command in '/home/rohan/spherebot/build/remote_control_cpp': CMAKE_PREFIX_PATH=/home/rohan/spherebot/install/control_lib:/home/rohan/spherebot/install/i2c_lib:/home/rohan/spherebot/install/remote_control_cpp:/home/rohan/spherebot/install/joystick_reader:/home/rohan/spherebot/install/gps_read_cpp:/opt/ros/jazzy/opt/gz_math_vendor:/opt/ros/jazzy/opt/gz_utils_vendor:/opt/ros/jazzy/opt/gz_cmake_vendor:/opt/ros/jazzy DEBUGINFOD_URLS=https://debuginfod.ubuntu.com /usr/bin/cmake --build /home/rohan/spherebot/build/remote_control_cpp -- -j4 -l4
[19.664s] DEBUG:colcon.colcon_core.event_handler.log_command:Invoked command in '/home/rohan/spherebot/build/remote_control_cpp' returned '0': CMAKE_PREFIX_PATH=/home/rohan/spherebot/install/control_lib:/home/rohan/spherebot/install/i2c_lib:/home/rohan/spherebot/install/remote_control_cpp:/home/rohan/spherebot/install/joystick_reader:/home/rohan/spherebot/install/gps_read_cpp:/opt/ros/jazzy/opt/gz_math_vendor:/opt/ros/jazzy/opt/gz_utils_vendor:/opt/ros/jazzy/opt/gz_cmake_vendor:/opt/ros/jazzy DEBUGINFOD_URLS=https://debuginfod.ubuntu.com /usr/bin/cmake --build /home/rohan/spherebot/build/remote_control_cpp -- -j4 -l4
[19.720s] DEBUG:colcon.colcon_core.event_handler.log_command:Invoking command in '/home/rohan/spherebot/build/remote_control_cpp': CMAKE_PREFIX_PATH=/home/rohan/spherebot/install/control_lib:/home/rohan/spherebot/install/i2c_lib:/home/rohan/spherebot/install/remote_control_cpp:/home/rohan/spherebot/install/joystick_reader:/home/rohan/spherebot/install/gps_read_cpp:/opt/ros/jazzy/opt/gz_math_vendor:/opt/ros/jazzy/opt/gz_utils_vendor:/opt/ros/jazzy/opt/gz_cmake_vendor:/opt/ros/jazzy DEBUGINFOD_URLS=https://debuginfod.ubuntu.com /usr/bin/cmake --install /home/rohan/spherebot/build/remote_control_cpp
[19.754s] Level 1:colcon.colcon_core.environment:create_environment_scripts_only(remote_control_cpp)
[19.755s] DEBUG:colcon.colcon_core.event_handler.log_command:Invoked command in '/home/rohan/spherebot/build/remote_control_cpp' returned '0': CMAKE_PREFIX_PATH=/home/rohan/spherebot/install/control_lib:/home/rohan/spherebot/install/i2c_lib:/home/rohan/spherebot/install/remote_control_cpp:/home/rohan/spherebot/install/joystick_reader:/home/rohan/spherebot/install/gps_read_cpp:/opt/ros/jazzy/opt/gz_math_vendor:/opt/ros/jazzy/opt/gz_utils_vendor:/opt/ros/jazzy/opt/gz_cmake_vendor:/opt/ros/jazzy DEBUGINFOD_URLS=https://debuginfod.ubuntu.com /usr/bin/cmake --install /home/rohan/spherebot/build/remote_control_cpp
[19.757s] Level 1:colcon.colcon_core.environment:checking '/home/rohan/spherebot/install/remote_control_cpp' for CMake module files
[19.758s] Level 1:colcon.colcon_core.environment:checking '/home/rohan/spherebot/install/remote_control_cpp' for CMake config files
[19.759s] Level 1:colcon.colcon_core.shell:create_environment_hook('remote_control_cpp', 'cmake_prefix_path')
[19.759s] INFO:colcon.colcon_core.shell:Creating environment hook '/home/rohan/spherebot/install/remote_control_cpp/share/remote_control_cpp/hook/cmake_prefix_path.ps1'
[19.760s] INFO:colcon.colcon_core.shell:Creating environment descriptor '/home/rohan/spherebot/install/remote_control_cpp/share/remote_control_cpp/hook/cmake_prefix_path.dsv'
[19.761s] INFO:colcon.colcon_core.shell:Creating environment hook '/home/rohan/spherebot/install/remote_control_cpp/share/remote_control_cpp/hook/cmake_prefix_path.sh'
[19.762s] Level 1:colcon.colcon_core.environment:checking '/home/rohan/spherebot/install/remote_control_cpp/lib'
[19.763s] Level 1:colcon.colcon_core.environment:checking '/home/rohan/spherebot/install/remote_control_cpp/bin'
[19.763s] Level 1:colcon.colcon_core.environment:checking '/home/rohan/spherebot/install/remote_control_cpp/lib/pkgconfig/remote_control_cpp.pc'
[19.763s] Level 1:colcon.colcon_core.environment:checking '/home/rohan/spherebot/install/remote_control_cpp/lib/python3.12/site-packages'
[19.763s] Level 1:colcon.colcon_core.environment:checking '/home/rohan/spherebot/install/remote_control_cpp/bin'
[19.764s] INFO:colcon.colcon_core.shell:Creating package script '/home/rohan/spherebot/install/remote_control_cpp/share/remote_control_cpp/package.ps1'
[19.765s] INFO:colcon.colcon_core.shell:Creating package descriptor '/home/rohan/spherebot/install/remote_control_cpp/share/remote_control_cpp/package.dsv'
[19.766s] INFO:colcon.colcon_core.shell:Creating package script '/home/rohan/spherebot/install/remote_control_cpp/share/remote_control_cpp/package.sh'
[19.767s] INFO:colcon.colcon_core.shell:Creating package script '/home/rohan/spherebot/install/remote_control_cpp/share/remote_control_cpp/package.bash'
[19.767s] INFO:colcon.colcon_core.shell:Creating package script '/home/rohan/spherebot/install/remote_control_cpp/share/remote_control_cpp/package.zsh'
[19.768s] Level 1:colcon.colcon_core.environment:create_file_with_runtime_dependencies(/home/rohan/spherebot/install/remote_control_cpp/share/colcon-core/packages/remote_control_cpp)
[19.806s] Level 1:colcon.colcon_core.environment:create_environment_scripts_only(remote_control_cpp)
[19.806s] Level 1:colcon.colcon_core.environment:checking '/home/rohan/spherebot/install/remote_control_cpp' for CMake module files
[19.807s] Level 1:colcon.colcon_core.environment:checking '/home/rohan/spherebot/install/remote_control_cpp' for CMake config files
[19.808s] Level 1:colcon.colcon_core.shell:create_environment_hook('remote_control_cpp', 'cmake_prefix_path')
[19.808s] INFO:colcon.colcon_core.shell:Creating environment hook '/home/rohan/spherebot/install/remote_control_cpp/share/remote_control_cpp/hook/cmake_prefix_path.ps1'
[19.809s] INFO:colcon.colcon_core.shell:Creating environment descriptor '/home/rohan/spherebot/install/remote_control_cpp/share/remote_control_cpp/hook/cmake_prefix_path.dsv'
[19.810s] INFO:colcon.colcon_core.shell:Creating environment hook '/home/rohan/spherebot/install/remote_control_cpp/share/remote_control_cpp/hook/cmake_prefix_path.sh'
[19.811s] Level 1:colcon.colcon_core.environment:checking '/home/rohan/spherebot/install/remote_control_cpp/lib'
[19.811s] Level 1:colcon.colcon_core.environment:checking '/home/rohan/spherebot/install/remote_control_cpp/bin'
[19.811s] Level 1:colcon.colcon_core.environment:checking '/home/rohan/spherebot/install/remote_control_cpp/lib/pkgconfig/remote_control_cpp.pc'
[19.812s] Level 1:colcon.colcon_core.environment:checking '/home/rohan/spherebot/install/remote_control_cpp/lib/python3.12/site-packages'
[19.812s] Level 1:colcon.colcon_core.environment:checking '/home/rohan/spherebot/install/remote_control_cpp/bin'
[19.812s] INFO:colcon.colcon_core.shell:Creating package script '/home/rohan/spherebot/install/remote_control_cpp/share/remote_control_cpp/package.ps1'
[19.813s] INFO:colcon.colcon_core.shell:Creating package descriptor '/home/rohan/spherebot/install/remote_control_cpp/share/remote_control_cpp/package.dsv'
[19.814s] INFO:colcon.colcon_core.shell:Creating package script '/home/rohan/spherebot/install/remote_control_cpp/share/remote_control_cpp/package.sh'
[19.815s] INFO:colcon.colcon_core.shell:Creating package script '/home/rohan/spherebot/install/remote_control_cpp/share/remote_control_cpp/package.bash'
[19.816s] INFO:colcon.colcon_core.shell:Creating package script '/home/rohan/spherebot/install/remote_control_cpp/share/remote_control_cpp/package.zsh'
[19.816s] Level 1:colcon.colcon_core.environment:create_file_with_runtime_dependencies(/home/rohan/spherebot/install/remote_control_cpp/share/colcon-core/packages/remote_control_cpp)
[19.817s] DEBUG:colcon.colcon_parallel_executor.executor.parallel:closing loop
[19.818s] DEBUG:colcon.colcon_parallel_executor.executor.parallel:loop closed
[19.819s] DEBUG:colcon.colcon_parallel_executor.executor.parallel:run_until_complete finished with '0'
[19.819s] DEBUG:colcon.colcon_core.event_reactor:joining thread
[19.827s] INFO:colcon.colcon_core.plugin_system:Skipping extension 'colcon_notification.desktop_notification.terminal_notifier': Not used on non-Darwin systems
[19.827s] INFO:colcon.colcon_core.plugin_system:Skipping extension 'colcon_notification.desktop_notification.win32': Not used on non-Windows systems
[19.827s] INFO:colcon.colcon_notification.desktop_notification:Sending desktop notification using 'notify2'
[19.828s] DEBUG:colcon.colcon_notification.desktop_notification.notify2:Failed to initialize notify2: org.freedesktop.DBus.Error.ServiceUnknown: The name org.freedesktop.Notifications was not provided by any .service files
[19.829s] DEBUG:colcon.colcon_core.event_reactor:joined thread
[19.829s] INFO:colcon.colcon_core.shell:Creating prefix script '/home/rohan/spherebot/install/local_setup.ps1'
[19.830s] INFO:colcon.colcon_core.shell:Creating prefix util module '/home/rohan/spherebot/install/_local_setup_util_ps1.py'
[19.831s] INFO:colcon.colcon_core.shell:Creating prefix chain script '/home/rohan/spherebot/install/setup.ps1'
[19.833s] INFO:colcon.colcon_core.shell:Creating prefix script '/home/rohan/spherebot/install/local_setup.sh'
[19.833s] INFO:colcon.colcon_core.shell:Creating prefix util module '/home/rohan/spherebot/install/_local_setup_util_sh.py'
[19.834s] INFO:colcon.colcon_core.shell:Creating prefix chain script '/home/rohan/spherebot/install/setup.sh'
[19.836s] INFO:colcon.colcon_core.shell:Creating prefix script '/home/rohan/spherebot/install/local_setup.bash'
[19.838s] INFO:colcon.colcon_core.shell:Creating prefix chain script '/home/rohan/spherebot/install/setup.bash'
[19.839s] INFO:colcon.colcon_core.shell:Creating prefix script '/home/rohan/spherebot/install/local_setup.zsh'
[19.841s] INFO:colcon.colcon_core.shell:Creating prefix chain script '/home/rohan/spherebot/install/setup.zsh'
